ARM GAS  /tmp/ccebSBuf.s 			page 1


   1              		.syntax unified
   2              		.cpu cortex-m3
   3              		.fpu softvfp
   4              		.eabi_attribute 20, 1
   5              		.eabi_attribute 21, 1
   6              		.eabi_attribute 23, 3
   7              		.eabi_attribute 24, 1
   8              		.eabi_attribute 25, 1
   9              		.eabi_attribute 26, 1
  10              		.eabi_attribute 30, 2
  11              		.eabi_attribute 34, 1
  12              		.eabi_attribute 18, 4
  13              		.thumb
  14              		.file	"chdynamic.c"
  15              		.section	.text.chThdAddRef,"ax",%progbits
  16              		.align	2
  17              		.p2align 4,,15
  18              		.global	chThdAddRef
  19              		.thumb
  20              		.thumb_func
  21              		.type	chThdAddRef, %function
  22              	chThdAddRef:
  23              		@ args = 0, pretend = 0, frame = 0
  24              		@ frame_needed = 0, uses_anonymous_args = 0
  25 0000 10B5     		push	{r4, lr}
  26 0002 2023     		movs	r3, #32
  27 0004 0446     		mov	r4, r0
  28              	@ 54 "../../../ChibiOS/os/kernel/src/chdynamic.c" 1
  29 0006 83F31188 		msr     BASEPRI, r3
  30              	@ 0 "" 2
  31              		.thumb
  32 000a FFF7FEFF 		bl	dbg_check_lock
  33 000e 94F82230 		ldrb	r3, [r4, #34]	@ zero_extendqisi2
  34 0012 FF2B     		cmp	r3, #255
  35 0014 09D0     		beq	.L4
  36              	.L2:
  37 0016 0133     		adds	r3, r3, #1
  38 0018 84F82230 		strb	r3, [r4, #34]
  39 001c FFF7FEFF 		bl	dbg_check_unlock
  40 0020 0023     		movs	r3, #0
  41              	@ 57 "../../../ChibiOS/os/kernel/src/chdynamic.c" 1
  42 0022 83F31188 		msr     BASEPRI, r3
  43              	@ 0 "" 2
  44              		.thumb
  45 0026 2046     		mov	r0, r4
  46 0028 10BD     		pop	{r4, pc}
  47              	.L4:
  48 002a 0348     		ldr	r0, .L5
  49 002c FFF7FEFF 		bl	chDbgPanic
  50 0030 94F82230 		ldrb	r3, [r4, #34]	@ zero_extendqisi2
  51 0034 EFE7     		b	.L2
  52              	.L6:
  53 0036 00BF     		.align	2
  54              	.L5:
  55 0038 00000000 		.word	.LC0
  56              		.size	chThdAddRef, .-chThdAddRef
  57 003c AFF30080 		.section	.text.chThdRelease,"ax",%progbits
ARM GAS  /tmp/ccebSBuf.s 			page 2


  58              		.align	2
  59              		.p2align 4,,15
  60              		.global	chThdRelease
  61              		.thumb
  62              		.thumb_func
  63              		.type	chThdRelease, %function
  64              	chThdRelease:
  65              		@ args = 0, pretend = 0, frame = 0
  66              		@ frame_needed = 0, uses_anonymous_args = 0
  67 0000 38B5     		push	{r3, r4, r5, lr}
  68 0002 0446     		mov	r4, r0
  69 0004 2023     		movs	r3, #32
  70              	@ 77 "../../../ChibiOS/os/kernel/src/chdynamic.c" 1
  71 0006 83F31188 		msr     BASEPRI, r3
  72              	@ 0 "" 2
  73              		.thumb
  74 000a FFF7FEFF 		bl	dbg_check_lock
  75 000e 94F82230 		ldrb	r3, [r4, #34]	@ zero_extendqisi2
  76 0012 BBB1     		cbz	r3, .L12
  77              	.L8:
  78 0014 013B     		subs	r3, r3, #1
  79 0016 DDB2     		uxtb	r5, r3
  80 0018 84F82250 		strb	r5, [r4, #34]
  81 001c FFF7FEFF 		bl	dbg_check_unlock
  82 0020 0023     		movs	r3, #0
  83              	@ 80 "../../../ChibiOS/os/kernel/src/chdynamic.c" 1
  84 0022 83F31188 		msr     BASEPRI, r3
  85              	@ 0 "" 2
  86              		.thumb
  87 0026 1DB9     		cbnz	r5, .L7
  88 0028 94F82030 		ldrb	r3, [r4, #32]	@ zero_extendqisi2
  89 002c 0E2B     		cmp	r3, #14
  90 002e 00D0     		beq	.L13
  91              	.L7:
  92 0030 38BD     		pop	{r3, r4, r5, pc}
  93              	.L13:
  94 0032 94F82130 		ldrb	r3, [r4, #33]	@ zero_extendqisi2
  95 0036 03F00303 		and	r3, r3, #3
  96 003a 012B     		cmp	r3, #1
  97 003c 08D0     		beq	.L10
  98 003e 022B     		cmp	r3, #2
  99 0040 10D0     		beq	.L11
 100 0042 38BD     		pop	{r3, r4, r5, pc}
 101              	.L12:
 102 0044 0D48     		ldr	r0, .L14
 103 0046 FFF7FEFF 		bl	chDbgPanic
 104 004a 94F82230 		ldrb	r3, [r4, #34]	@ zero_extendqisi2
 105 004e E1E7     		b	.L8
 106              	.L10:
 107 0050 2269     		ldr	r2, [r4, #16]
 108 0052 6369     		ldr	r3, [r4, #20]
 109 0054 2046     		mov	r0, r4
 110 0056 1A61     		str	r2, [r3, #16]
 111 0058 2269     		ldr	r2, [r4, #16]
 112 005a 5361     		str	r3, [r2, #20]
 113 005c BDE83840 		pop	{r3, r4, r5, lr}
 114 0060 FFF7FEBF 		b	chHeapFree
ARM GAS  /tmp/ccebSBuf.s 			page 3


 115              	.L11:
 116 0064 2269     		ldr	r2, [r4, #16]
 117 0066 6369     		ldr	r3, [r4, #20]
 118 0068 A06C     		ldr	r0, [r4, #72]
 119 006a 1A61     		str	r2, [r3, #16]
 120 006c 2269     		ldr	r2, [r4, #16]
 121 006e 2146     		mov	r1, r4
 122 0070 5361     		str	r3, [r2, #20]
 123 0072 BDE83840 		pop	{r3, r4, r5, lr}
 124 0076 FFF7FEBF 		b	chPoolFree
 125              	.L15:
 126 007a 00BF     		.align	2
 127              	.L14:
 128 007c 14000000 		.word	.LC1
 129              		.size	chThdRelease, .-chThdRelease
 130              		.section	.text.chThdCreateFromHeap,"ax",%progbits
 131              		.align	2
 132              		.p2align 4,,15
 133              		.global	chThdCreateFromHeap
 134              		.thumb
 135              		.thumb_func
 136              		.type	chThdCreateFromHeap, %function
 137              	chThdCreateFromHeap:
 138              		@ args = 4, pretend = 0, frame = 0
 139              		@ frame_needed = 0, uses_anonymous_args = 0
 140 0000 F0B5     		push	{r4, r5, r6, r7, lr}
 141 0002 83B0     		sub	sp, sp, #12
 142 0004 1646     		mov	r6, r2
 143 0006 1D46     		mov	r5, r3
 144 0008 0F46     		mov	r7, r1
 145 000a FFF7FEFF 		bl	chHeapAlloc
 146 000e 0446     		mov	r4, r0
 147 0010 C8B1     		cbz	r0, .L17
 148 0012 2023     		movs	r3, #32
 149              	@ 148 "../../../ChibiOS/os/kernel/src/chdynamic.c" 1
 150 0014 83F31188 		msr     BASEPRI, r3
 151              	@ 0 "" 2
 152              		.thumb
 153 0018 FFF7FEFF 		bl	dbg_check_lock
 154 001c 089B     		ldr	r3, [sp, #32]
 155 001e 3246     		mov	r2, r6
 156 0020 0093     		str	r3, [sp]
 157 0022 3946     		mov	r1, r7
 158 0024 2B46     		mov	r3, r5
 159 0026 2046     		mov	r0, r4
 160 0028 FFF7FEFF 		bl	chThdCreateI
 161 002c 0123     		movs	r3, #1
 162 002e 80F82130 		strb	r3, [r0, #33]
 163 0032 0021     		movs	r1, #0
 164 0034 0446     		mov	r4, r0
 165 0036 FFF7FEFF 		bl	chSchWakeupS
 166 003a FFF7FEFF 		bl	dbg_check_unlock
 167 003e 0023     		movs	r3, #0
 168              	@ 152 "../../../ChibiOS/os/kernel/src/chdynamic.c" 1
 169 0040 83F31188 		msr     BASEPRI, r3
 170              	@ 0 "" 2
 171              		.thumb
ARM GAS  /tmp/ccebSBuf.s 			page 4


 172 0044 2046     		mov	r0, r4
 173              	.L17:
 174 0046 03B0     		add	sp, sp, #12
 175              		@ sp needed
 176 0048 F0BD     		pop	{r4, r5, r6, r7, pc}
 177              		.size	chThdCreateFromHeap, .-chThdCreateFromHeap
 178 004a 00BFAFF3 		.section	.text.chThdCreateFromMemoryPool,"ax",%progbits
 178      0080
 179              		.align	2
 180              		.p2align 4,,15
 181              		.global	chThdCreateFromMemoryPool
 182              		.thumb
 183              		.thumb_func
 184              		.type	chThdCreateFromMemoryPool, %function
 185              	chThdCreateFromMemoryPool:
 186              		@ args = 0, pretend = 0, frame = 0
 187              		@ frame_needed = 0, uses_anonymous_args = 0
 188 0000 2DE9F041 		push	{r4, r5, r6, r7, r8, lr}
 189 0004 0446     		mov	r4, r0
 190 0006 82B0     		sub	sp, sp, #8
 191 0008 8846     		mov	r8, r1
 192 000a 1746     		mov	r7, r2
 193 000c 1E46     		mov	r6, r3
 194 000e 08B3     		cbz	r0, .L23
 195              	.L20:
 196 0010 2046     		mov	r0, r4
 197 0012 FFF7FEFF 		bl	chPoolAlloc
 198 0016 0546     		mov	r5, r0
 199 0018 C8B1     		cbz	r0, .L21
 200 001a 2023     		movs	r3, #32
 201              	@ 199 "../../../ChibiOS/os/kernel/src/chdynamic.c" 1
 202 001c 83F31188 		msr     BASEPRI, r3
 203              	@ 0 "" 2
 204              		.thumb
 205 0020 FFF7FEFF 		bl	dbg_check_lock
 206 0024 6168     		ldr	r1, [r4, #4]
 207 0026 4246     		mov	r2, r8
 208 0028 3B46     		mov	r3, r7
 209 002a 2846     		mov	r0, r5
 210 002c 0096     		str	r6, [sp]
 211 002e FFF7FEFF 		bl	chThdCreateI
 212 0032 0223     		movs	r3, #2
 213 0034 80F82130 		strb	r3, [r0, #33]
 214 0038 8464     		str	r4, [r0, #72]
 215 003a 0021     		movs	r1, #0
 216 003c 0546     		mov	r5, r0
 217 003e FFF7FEFF 		bl	chSchWakeupS
 218 0042 FFF7FEFF 		bl	dbg_check_unlock
 219 0046 0023     		movs	r3, #0
 220              	@ 204 "../../../ChibiOS/os/kernel/src/chdynamic.c" 1
 221 0048 83F31188 		msr     BASEPRI, r3
 222              	@ 0 "" 2
 223              		.thumb
 224 004c 2846     		mov	r0, r5
 225              	.L21:
 226 004e 02B0     		add	sp, sp, #8
 227              		@ sp needed
ARM GAS  /tmp/ccebSBuf.s 			page 5


 228 0050 BDE8F081 		pop	{r4, r5, r6, r7, r8, pc}
 229              	.L23:
 230 0054 0148     		ldr	r0, .L24
 231 0056 FFF7FEFF 		bl	chDbgPanic
 232 005a D9E7     		b	.L20
 233              	.L25:
 234              		.align	2
 235              	.L24:
 236 005c 28000000 		.word	.LC2
 237              		.size	chThdCreateFromMemoryPool, .-chThdCreateFromMemoryPool
 238              		.section	.rodata.str1.4,"aMS",%progbits,1
 239              		.align	2
 240              	.LC0:
 241 0000 63685468 		.ascii	"chThdAddRef(), #1\000"
 241      64416464 
 241      52656628 
 241      292C2023 
 241      3100
 242 0012 0000     		.space	2
 243              	.LC1:
 244 0014 63685468 		.ascii	"chThdRelease(), #1\000"
 244      6452656C 
 244      65617365 
 244      28292C20 
 244      233100
 245 0027 00       		.space	1
 246              	.LC2:
 247 0028 22636854 		.ascii	"\"chThdCreateFromMemoryPool\"()\000"
 247      68644372 
 247      65617465 
 247      46726F6D 
 247      4D656D6F 
 248 0046 0000     		.ident	"GCC: (GNU Tools for ARM Embedded Processors) 4.8.3 20140228 (release) [ARM/embedded-4_8-br
ARM GAS  /tmp/ccebSBuf.s 			page 6


DEFINED SYMBOLS
                            *ABS*:00000000 chdynamic.c
     /tmp/ccebSBuf.s:16     .text.chThdAddRef:00000000 $t
     /tmp/ccebSBuf.s:22     .text.chThdAddRef:00000000 chThdAddRef
     /tmp/ccebSBuf.s:55     .text.chThdAddRef:00000038 $d
     /tmp/ccebSBuf.s:58     .text.chThdRelease:00000000 $t
     /tmp/ccebSBuf.s:64     .text.chThdRelease:00000000 chThdRelease
     /tmp/ccebSBuf.s:128    .text.chThdRelease:0000007c $d
     /tmp/ccebSBuf.s:131    .text.chThdCreateFromHeap:00000000 $t
     /tmp/ccebSBuf.s:137    .text.chThdCreateFromHeap:00000000 chThdCreateFromHeap
     /tmp/ccebSBuf.s:179    .text.chThdCreateFromMemoryPool:00000000 $t
     /tmp/ccebSBuf.s:185    .text.chThdCreateFromMemoryPool:00000000 chThdCreateFromMemoryPool
     /tmp/ccebSBuf.s:236    .text.chThdCreateFromMemoryPool:0000005c $d
     /tmp/ccebSBuf.s:239    .rodata.str1.4:00000000 $d
     /tmp/ccebSBuf.s:57     .text.chThdAddRef:0000003c $t

UNDEFINED SYMBOLS
dbg_check_lock
dbg_check_unlock
chDbgPanic
chHeapFree
chPoolFree
chHeapAlloc
chThdCreateI
chSchWakeupS
chPoolAlloc
