ARM GAS  /tmp/ccsRu3ae.s 			page 1


   1              		.syntax unified
   2              		.cpu cortex-m3
   3              		.fpu softvfp
   4              		.eabi_attribute 20, 1
   5              		.eabi_attribute 21, 1
   6              		.eabi_attribute 23, 3
   7              		.eabi_attribute 24, 1
   8              		.eabi_attribute 25, 1
   9              		.eabi_attribute 26, 1
  10              		.eabi_attribute 30, 2
  11              		.eabi_attribute 34, 1
  12              		.eabi_attribute 18, 4
  13              		.thumb
  14              		.file	"chmemcore.c"
  15              		.section	.text._core_init,"ax",%progbits
  16              		.align	2
  17              		.p2align 4,,15
  18              		.global	_core_init
  19              		.thumb
  20              		.thumb_func
  21              		.type	_core_init, %function
  22              	_core_init:
  23              		@ args = 0, pretend = 0, frame = 0
  24              		@ frame_needed = 0, uses_anonymous_args = 0
  25              		@ link register save eliminated.
  26 0000 0548     		ldr	r0, .L2
  27 0002 064A     		ldr	r2, .L2+4
  28 0004 0649     		ldr	r1, .L2+8
  29 0006 074B     		ldr	r3, .L2+12
  30 0008 20F00700 		bic	r0, r0, #7
  31 000c 22F00702 		bic	r2, r2, #7
  32 0010 0860     		str	r0, [r1]
  33 0012 1A60     		str	r2, [r3]
  34 0014 7047     		bx	lr
  35              	.L3:
  36 0016 00BF     		.align	2
  37              	.L2:
  38 0018 07000000 		.word	__heap_base__+7
  39 001c 00000000 		.word	__heap_end__
  40 0020 00000000 		.word	.LANCHOR0
  41 0024 00000000 		.word	.LANCHOR1
  42              		.size	_core_init, .-_core_init
  43 0028 AFF30080 		.section	.text.chCoreAllocI,"ax",%progbits
  43      AFF30080 
  44              		.align	2
  45              		.p2align 4,,15
  46              		.global	chCoreAllocI
  47              		.thumb
  48              		.thumb_func
  49              		.type	chCoreAllocI, %function
  50              	chCoreAllocI:
  51              		@ args = 0, pretend = 0, frame = 0
  52              		@ frame_needed = 0, uses_anonymous_args = 0
  53 0000 10B5     		push	{r4, lr}
  54 0002 0446     		mov	r4, r0
  55 0004 FFF7FEFF 		bl	chDbgCheckClassI
  56 0008 074A     		ldr	r2, .L7
ARM GAS  /tmp/ccsRu3ae.s 			page 2


  57 000a 0849     		ldr	r1, .L7+4
  58 000c 1368     		ldr	r3, [r2]
  59 000e 0968     		ldr	r1, [r1]
  60 0010 E01D     		adds	r0, r4, #7
  61 0012 20F00700 		bic	r0, r0, #7
  62 0016 C91A     		subs	r1, r1, r3
  63 0018 8842     		cmp	r0, r1
  64 001a 9DBF     		ittte	ls
  65 001c C018     		addls	r0, r0, r3
  66 001e 1060     		strls	r0, [r2]
  67 0020 1846     		movls	r0, r3
  68 0022 0020     		movhi	r0, #0
  69 0024 10BD     		pop	{r4, pc}
  70              	.L8:
  71 0026 00BF     		.align	2
  72              	.L7:
  73 0028 00000000 		.word	.LANCHOR0
  74 002c 00000000 		.word	.LANCHOR1
  75              		.size	chCoreAllocI, .-chCoreAllocI
  76              		.section	.text.chCoreAlloc,"ax",%progbits
  77              		.align	2
  78              		.p2align 4,,15
  79              		.global	chCoreAlloc
  80              		.thumb
  81              		.thumb_func
  82              		.type	chCoreAlloc, %function
  83              	chCoreAlloc:
  84              		@ args = 0, pretend = 0, frame = 0
  85              		@ frame_needed = 0, uses_anonymous_args = 0
  86 0000 10B5     		push	{r4, lr}
  87 0002 2023     		movs	r3, #32
  88 0004 0446     		mov	r4, r0
  89              	@ 94 "../../../ChibiOS/os/kernel/src/chmemcore.c" 1
  90 0006 83F31188 		msr     BASEPRI, r3
  91              	@ 0 "" 2
  92              		.thumb
  93 000a FFF7FEFF 		bl	dbg_check_lock
  94 000e 2046     		mov	r0, r4
  95 0010 FFF7FEFF 		bl	chCoreAllocI
  96 0014 0446     		mov	r4, r0
  97 0016 FFF7FEFF 		bl	dbg_check_unlock
  98 001a 0023     		movs	r3, #0
  99              	@ 96 "../../../ChibiOS/os/kernel/src/chmemcore.c" 1
 100 001c 83F31188 		msr     BASEPRI, r3
 101              	@ 0 "" 2
 102              		.thumb
 103 0020 2046     		mov	r0, r4
 104 0022 10BD     		pop	{r4, pc}
 105              		.size	chCoreAlloc, .-chCoreAlloc
 106 0024 AFF30080 		.section	.text.chCoreStatus,"ax",%progbits
 106      AFF30080 
 106      AFF30080 
 107              		.align	2
 108              		.p2align 4,,15
 109              		.global	chCoreStatus
 110              		.thumb
 111              		.thumb_func
ARM GAS  /tmp/ccsRu3ae.s 			page 3


 112              		.type	chCoreStatus, %function
 113              	chCoreStatus:
 114              		@ args = 0, pretend = 0, frame = 0
 115              		@ frame_needed = 0, uses_anonymous_args = 0
 116              		@ link register save eliminated.
 117 0000 024A     		ldr	r2, .L11
 118 0002 034B     		ldr	r3, .L11+4
 119 0004 1068     		ldr	r0, [r2]
 120 0006 1B68     		ldr	r3, [r3]
 121 0008 C01A     		subs	r0, r0, r3
 122 000a 7047     		bx	lr
 123              	.L12:
 124              		.align	2
 125              	.L11:
 126 000c 00000000 		.word	.LANCHOR1
 127 0010 00000000 		.word	.LANCHOR0
 128              		.size	chCoreStatus, .-chCoreStatus
 129 0014 AFF30080 		.section	.bss.endmem,"aw",%nobits
 129      AFF30080 
 129      AFF30080 
 130              		.align	2
 131              		.set	.LANCHOR1,. + 0
 132              		.type	endmem, %object
 133              		.size	endmem, 4
 134              	endmem:
 135 0000 00000000 		.space	4
 136              		.section	.bss.nextmem,"aw",%nobits
 137              		.align	2
 138              		.set	.LANCHOR0,. + 0
 139              		.type	nextmem, %object
 140              		.size	nextmem, 4
 141              	nextmem:
 142 0000 00000000 		.space	4
 143              		.ident	"GCC: (GNU Tools for ARM Embedded Processors) 4.8.3 20140228 (release) [ARM/embedded-4_8-br
ARM GAS  /tmp/ccsRu3ae.s 			page 4


DEFINED SYMBOLS
                            *ABS*:00000000 chmemcore.c
     /tmp/ccsRu3ae.s:16     .text._core_init:00000000 $t
     /tmp/ccsRu3ae.s:22     .text._core_init:00000000 _core_init
     /tmp/ccsRu3ae.s:38     .text._core_init:00000018 $d
     /tmp/ccsRu3ae.s:44     .text.chCoreAllocI:00000000 $t
     /tmp/ccsRu3ae.s:50     .text.chCoreAllocI:00000000 chCoreAllocI
     /tmp/ccsRu3ae.s:73     .text.chCoreAllocI:00000028 $d
     /tmp/ccsRu3ae.s:77     .text.chCoreAlloc:00000000 $t
     /tmp/ccsRu3ae.s:83     .text.chCoreAlloc:00000000 chCoreAlloc
     /tmp/ccsRu3ae.s:107    .text.chCoreStatus:00000000 $t
     /tmp/ccsRu3ae.s:113    .text.chCoreStatus:00000000 chCoreStatus
     /tmp/ccsRu3ae.s:126    .text.chCoreStatus:0000000c $d
     /tmp/ccsRu3ae.s:130    .bss.endmem:00000000 $d
     /tmp/ccsRu3ae.s:134    .bss.endmem:00000000 endmem
     /tmp/ccsRu3ae.s:137    .bss.nextmem:00000000 $d
     /tmp/ccsRu3ae.s:141    .bss.nextmem:00000000 nextmem
     /tmp/ccsRu3ae.s:43     .text._core_init:00000028 $t
     /tmp/ccsRu3ae.s:129    .text.chCoreStatus:00000014 $t

UNDEFINED SYMBOLS
__heap_base__
__heap_end__
chDbgCheckClassI
dbg_check_lock
dbg_check_unlock
