ARM GAS  /tmp/cccN4xTg.s 			page 1


   1              		.syntax unified
   2              		.cpu cortex-m3
   3              		.fpu softvfp
   4              		.eabi_attribute 20, 1
   5              		.eabi_attribute 21, 1
   6              		.eabi_attribute 23, 3
   7              		.eabi_attribute 24, 1
   8              		.eabi_attribute 25, 1
   9              		.eabi_attribute 26, 1
  10              		.eabi_attribute 30, 2
  11              		.eabi_attribute 34, 1
  12              		.eabi_attribute 18, 4
  13              		.thumb
  14              		.file	"chprintf.c"
  15              		.section	.text.long_to_string_with_divisor,"ax",%progbits
  16              		.align	2
  17              		.p2align 4,,15
  18              		.thumb
  19              		.thumb_func
  20              		.type	long_to_string_with_divisor, %function
  21              	long_to_string_with_divisor:
  22              		@ args = 0, pretend = 0, frame = 0
  23              		@ frame_needed = 0, uses_anonymous_args = 0
  24              		@ link register save eliminated.
  25 0000 F0B4     		push	{r4, r5, r6, r7}
  26 0002 002B     		cmp	r3, #0
  27 0004 08BF     		it	eq
  28 0006 0B46     		moveq	r3, r1
  29 0008 00F10B07 		add	r7, r0, #11
  30 000c 00F10A05 		add	r5, r0, #10
  31              	.L5:
  32 0010 B1FBF2F6 		udiv	r6, r1, r2
  33 0014 02FB1611 		mls	r1, r2, r6, r1
  34 0018 01F13004 		add	r4, r1, #48
  35 001c 392C     		cmp	r4, #57
  36 001e C8BF     		it	gt
  37 0020 01F13704 		addgt	r4, r1, #55
  38 0024 E4B2     		uxtb	r4, r4
  39 0026 B3FBF2F3 		udiv	r3, r3, r2
  40 002a 3146     		mov	r1, r6
  41 002c 2E46     		mov	r6, r5
  42 002e 05F80149 		strb	r4, [r5], #-1
  43 0032 002B     		cmp	r3, #0
  44 0034 ECD1     		bne	.L5
  45 0036 BA1B     		subs	r2, r7, r6
  46 0038 3346     		mov	r3, r6
  47 003a 0244     		add	r2, r2, r0
  48 003c 01E0     		b	.L7
  49              	.L11:
  50 003e 13F8014F 		ldrb	r4, [r3, #1]!	@ zero_extendqisi2
  51              	.L7:
  52 0042 00F8014B 		strb	r4, [r0], #1
  53 0046 9042     		cmp	r0, r2
  54 0048 F9D1     		bne	.L11
  55 004a F0BC     		pop	{r4, r5, r6, r7}
  56 004c 7047     		bx	lr
  57              		.size	long_to_string_with_divisor, .-long_to_string_with_divisor
ARM GAS  /tmp/cccN4xTg.s 			page 2


  58              		.global	__aeabi_d2f
  59              		.global	__aeabi_fcmplt
  60              		.global	__aeabi_f2iz
  61              		.global	__aeabi_f2d
  62              		.global	__aeabi_i2d
  63              		.global	__aeabi_dsub
  64              		.global	__aeabi_dmul
  65              		.global	__aeabi_d2iz
  66 004e 00BF     		.section	.text.chvprintf,"ax",%progbits
  67              		.align	2
  68              		.p2align 4,,15
  69              		.global	chvprintf
  70              		.thumb
  71              		.thumb_func
  72              		.type	chvprintf, %function
  73              	chvprintf:
  74              		@ args = 0, pretend = 0, frame = 40
  75              		@ frame_needed = 0, uses_anonymous_args = 0
  76 0000 2DE9F04F 		push	{r4, r5, r6, r7, r8, r9, r10, fp, lr}
  77 0004 0646     		mov	r6, r0
  78 0006 8BB0     		sub	sp, sp, #44
  79 0008 0C46     		mov	r4, r1
  80 000a 1746     		mov	r7, r2
  81              	.L13:
  82 000c 2178     		ldrb	r1, [r4]	@ zero_extendqisi2
  83 000e 631C     		adds	r3, r4, #1
  84 0010 51B1     		cbz	r1, .L12
  85              	.L87:
  86 0012 2529     		cmp	r1, #37
  87 0014 0BD0     		beq	.L15
  88 0016 3268     		ldr	r2, [r6]
  89 0018 1C46     		mov	r4, r3
  90 001a 9268     		ldr	r2, [r2, #8]
  91 001c 3046     		mov	r0, r6
  92 001e 9047     		blx	r2
  93 0020 2178     		ldrb	r1, [r4]	@ zero_extendqisi2
  94 0022 631C     		adds	r3, r4, #1
  95 0024 0029     		cmp	r1, #0
  96 0026 F4D1     		bne	.L87
  97              	.L12:
  98 0028 0BB0     		add	sp, sp, #44
  99              		@ sp needed
 100 002a BDE8F08F 		pop	{r4, r5, r6, r7, r8, r9, r10, fp, pc}
 101              	.L15:
 102 002e 6278     		ldrb	r2, [r4, #1]	@ zero_extendqisi2
 103 0030 2D2A     		cmp	r2, #45
 104 0032 03BF     		ittte	eq
 105 0034 A278     		ldrbeq	r2, [r4, #2]	@ zero_extendqisi2
 106 0036 A31C     		addeq	r3, r4, #2
 107 0038 4FF0010A 		moveq	r10, #1
 108 003c 4FF0000A 		movne	r10, #0
 109 0040 2E2A     		cmp	r2, #46
 110 0042 00F04581 		beq	.L18
 111 0046 302A     		cmp	r2, #48
 112 0048 00F04281 		beq	.L18
 113 004c 4FF02008 		mov	r8, #32
 114              	.L19:
ARM GAS  /tmp/cccN4xTg.s 			page 3


 115 0050 1C46     		mov	r4, r3
 116 0052 0025     		movs	r5, #0
 117 0054 06E0     		b	.L22
 118              	.L88:
 119 0056 3B78     		ldrb	r3, [r7]	@ zero_extendqisi2
 120 0058 0437     		adds	r7, r7, #4
 121              	.L20:
 122 005a 05EB8505 		add	r5, r5, r5, lsl #2
 123 005e 2278     		ldrb	r2, [r4]	@ zero_extendqisi2
 124 0060 03EB4505 		add	r5, r3, r5, lsl #1
 125              	.L22:
 126 0064 A2F13003 		sub	r3, r2, #48
 127 0068 DBB2     		uxtb	r3, r3
 128 006a 092B     		cmp	r3, #9
 129 006c 04F10104 		add	r4, r4, #1
 130 0070 F3D9     		bls	.L20
 131 0072 2A2A     		cmp	r2, #42
 132 0074 EFD0     		beq	.L88
 133 0076 2E2A     		cmp	r2, #46
 134 0078 4FF00001 		mov	r1, #0
 135 007c 43D0     		beq	.L25
 136 007e 02F0DF03 		and	r3, r2, #223
 137 0082 4C2B     		cmp	r3, #76
 138 0084 4ED0     		beq	.L89
 139              	.L27:
 140 0086 A2F14403 		sub	r3, r2, #68
 141 008a 342B     		cmp	r3, #52
 142 008c 00F21581 		bhi	.L28
 143 0090 DFE813F0 		tbh	[pc, r3, lsl #1]
 144              	.L30:
 145 0094 0301     		.2byte	(.L29-.L30)/2
 146 0096 1301     		.2byte	(.L28-.L30)/2
 147 0098 1301     		.2byte	(.L28-.L30)/2
 148 009a 1301     		.2byte	(.L28-.L30)/2
 149 009c 1301     		.2byte	(.L28-.L30)/2
 150 009e 0301     		.2byte	(.L29-.L30)/2
 151 00a0 1301     		.2byte	(.L28-.L30)/2
 152 00a2 1301     		.2byte	(.L28-.L30)/2
 153 00a4 1301     		.2byte	(.L28-.L30)/2
 154 00a6 1301     		.2byte	(.L28-.L30)/2
 155 00a8 1301     		.2byte	(.L28-.L30)/2
 156 00aa 0101     		.2byte	(.L31-.L30)/2
 157 00ac 1301     		.2byte	(.L28-.L30)/2
 158 00ae 1301     		.2byte	(.L28-.L30)/2
 159 00b0 1301     		.2byte	(.L28-.L30)/2
 160 00b2 1301     		.2byte	(.L28-.L30)/2
 161 00b4 1301     		.2byte	(.L28-.L30)/2
 162 00b6 4E00     		.2byte	(.L62-.L30)/2
 163 00b8 1301     		.2byte	(.L28-.L30)/2
 164 00ba 1301     		.2byte	(.L28-.L30)/2
 165 00bc 8800     		.2byte	(.L33-.L30)/2
 166 00be 1301     		.2byte	(.L28-.L30)/2
 167 00c0 1301     		.2byte	(.L28-.L30)/2
 168 00c2 1301     		.2byte	(.L28-.L30)/2
 169 00c4 1301     		.2byte	(.L28-.L30)/2
 170 00c6 1301     		.2byte	(.L28-.L30)/2
 171 00c8 1301     		.2byte	(.L28-.L30)/2
ARM GAS  /tmp/cccN4xTg.s 			page 4


 172 00ca 1301     		.2byte	(.L28-.L30)/2
 173 00cc 1301     		.2byte	(.L28-.L30)/2
 174 00ce 1301     		.2byte	(.L28-.L30)/2
 175 00d0 1301     		.2byte	(.L28-.L30)/2
 176 00d2 F200     		.2byte	(.L34-.L30)/2
 177 00d4 0301     		.2byte	(.L29-.L30)/2
 178 00d6 1301     		.2byte	(.L28-.L30)/2
 179 00d8 AD00     		.2byte	(.L35-.L30)/2
 180 00da 1301     		.2byte	(.L28-.L30)/2
 181 00dc 1301     		.2byte	(.L28-.L30)/2
 182 00de 0301     		.2byte	(.L29-.L30)/2
 183 00e0 1301     		.2byte	(.L28-.L30)/2
 184 00e2 1301     		.2byte	(.L28-.L30)/2
 185 00e4 1301     		.2byte	(.L28-.L30)/2
 186 00e6 1301     		.2byte	(.L28-.L30)/2
 187 00e8 1301     		.2byte	(.L28-.L30)/2
 188 00ea 0101     		.2byte	(.L31-.L30)/2
 189 00ec 1301     		.2byte	(.L28-.L30)/2
 190 00ee 1301     		.2byte	(.L28-.L30)/2
 191 00f0 1301     		.2byte	(.L28-.L30)/2
 192 00f2 8A00     		.2byte	(.L36-.L30)/2
 193 00f4 1301     		.2byte	(.L28-.L30)/2
 194 00f6 4E00     		.2byte	(.L62-.L30)/2
 195 00f8 1301     		.2byte	(.L28-.L30)/2
 196 00fa 1301     		.2byte	(.L28-.L30)/2
 197 00fc 8800     		.2byte	(.L33-.L30)/2
 198              	.L90:
 199 00fe 3B78     		ldrb	r3, [r7]	@ zero_extendqisi2
 200 0100 0437     		adds	r7, r7, #4
 201              	.L24:
 202 0102 03EB4001 		add	r1, r3, r0, lsl #1
 203              	.L25:
 204 0106 14F8012B 		ldrb	r2, [r4], #1	@ zero_extendqisi2
 205 010a 01EB8100 		add	r0, r1, r1, lsl #2
 206 010e A2F13003 		sub	r3, r2, #48
 207 0112 DBB2     		uxtb	r3, r3
 208 0114 092B     		cmp	r3, #9
 209 0116 F4D9     		bls	.L24
 210 0118 2A2A     		cmp	r2, #42
 211 011a F0D0     		beq	.L90
 212 011c 02F0DF03 		and	r3, r2, #223
 213 0120 4C2B     		cmp	r3, #76
 214 0122 B0D1     		bne	.L27
 215              	.L89:
 216 0124 2378     		ldrb	r3, [r4]	@ zero_extendqisi2
 217 0126 002B     		cmp	r3, #0
 218 0128 ADD0     		beq	.L27
 219 012a 0134     		adds	r4, r4, #1
 220 012c 1A46     		mov	r2, r3
 221 012e AAE7     		b	.L27
 222              	.L62:
 223 0130 0A22     		movs	r2, #10
 224              	.L32:
 225 0132 0DF11009 		add	r9, sp, #16
 226 0136 3968     		ldr	r1, [r7]
 227 0138 4846     		mov	r0, r9
 228 013a 0023     		movs	r3, #0
ARM GAS  /tmp/cccN4xTg.s 			page 5


 229 013c FFF7FEFF 		bl	long_to_string_with_divisor
 230 0140 C9EB0000 		rsb	r0, r9, r0
 231 0144 0437     		adds	r7, r7, #4
 232 0146 00F1FF3B 		add	fp, r0, #-1
 233              	.L37:
 234 014a 2D1A     		subs	r5, r5, r0
 235 014c 25EAE575 		bic	r5, r5, r5, asr #31
 236 0150 BAF1000F 		cmp	r10, #0
 237 0154 0DD1     		bne	.L50
 238 0156 6D42     		negs	r5, r5
 239 0158 5DB1     		cbz	r5, .L50
 240 015a 99F80010 		ldrb	r1, [r9]	@ zero_extendqisi2
 241 015e 2D29     		cmp	r1, #45
 242 0160 00F0BB80 		beq	.L91
 243              	.L52:
 244 0164 3368     		ldr	r3, [r6]
 245 0166 3046     		mov	r0, r6
 246 0168 9B68     		ldr	r3, [r3, #8]
 247 016a 4146     		mov	r1, r8
 248 016c 9847     		blx	r3
 249 016e 0135     		adds	r5, r5, #1
 250 0170 F8D1     		bne	.L52
 251              	.L50:
 252 0172 BBF1000F 		cmp	fp, #0
 253 0176 0ADB     		blt	.L55
 254 0178 CB44     		add	fp, fp, r9
 255 017a 09F1FF39 		add	r9, r9, #-1
 256              	.L56:
 257 017e 3368     		ldr	r3, [r6]
 258 0180 19F8011F 		ldrb	r1, [r9, #1]!	@ zero_extendqisi2
 259 0184 9B68     		ldr	r3, [r3, #8]
 260 0186 3046     		mov	r0, r6
 261 0188 9847     		blx	r3
 262 018a D945     		cmp	r9, fp
 263 018c F7D1     		bne	.L56
 264              	.L55:
 265 018e 002D     		cmp	r5, #0
 266 0190 3FF43CAF 		beq	.L13
 267              	.L57:
 268 0194 3368     		ldr	r3, [r6]
 269 0196 3046     		mov	r0, r6
 270 0198 9B68     		ldr	r3, [r3, #8]
 271 019a 4146     		mov	r1, r8
 272 019c 9847     		blx	r3
 273 019e 013D     		subs	r5, r5, #1
 274 01a0 F8D1     		bne	.L57
 275 01a2 33E7     		b	.L13
 276              	.L33:
 277 01a4 1022     		movs	r2, #16
 278 01a6 C4E7     		b	.L32
 279              	.L36:
 280 01a8 D7F80090 		ldr	r9, [r7]
 281 01ac 644A     		ldr	r2, .L95+8
 282 01ae 47F6FF73 		movw	r3, #32767
 283 01b2 B9F1000F 		cmp	r9, #0
 284 01b6 08BF     		it	eq
 285 01b8 9146     		moveq	r9, r2
ARM GAS  /tmp/cccN4xTg.s 			page 6


 286 01ba 99F80000 		ldrb	r0, [r9]	@ zero_extendqisi2
 287 01be 0437     		adds	r7, r7, #4
 288 01c0 0029     		cmp	r1, #0
 289 01c2 08BF     		it	eq
 290 01c4 1946     		moveq	r1, r3
 291 01c6 0028     		cmp	r0, #0
 292 01c8 00F0B080 		beq	.L65
 293 01cc 4944     		add	r1, r1, r9
 294 01ce 4B46     		mov	r3, r9
 295 01d0 02E0     		b	.L42
 296              	.L40:
 297 01d2 8B42     		cmp	r3, r1
 298 01d4 00F08E80 		beq	.L92
 299              	.L42:
 300 01d8 5A78     		ldrb	r2, [r3, #1]	@ zero_extendqisi2
 301 01da 0133     		adds	r3, r3, #1
 302 01dc 002A     		cmp	r2, #0
 303 01de F8D1     		bne	.L40
 304 01e0 C9EB0300 		rsb	r0, r9, r3
 305 01e4 00F1FF3B 		add	fp, r0, #-1
 306 01e8 4FF02008 		mov	r8, #32
 307 01ec ADE7     		b	.L37
 308              	.L35:
 309 01ee 0737     		adds	r7, r7, #7
 310 01f0 27F00707 		bic	r7, r7, #7
 311 01f4 D7E90001 		ldrd	r0, [r7]
 312 01f8 FFF7FEFF 		bl	__aeabi_d2f
 313 01fc 0021     		movs	r1, #0
 314 01fe 0837     		adds	r7, r7, #8
 315 0200 0290     		str	r0, [sp, #8]	@ float
 316 0202 FFF7FEFF 		bl	__aeabi_fcmplt
 317 0206 0028     		cmp	r0, #0
 318 0208 40F08480 		bne	.L93
 319 020c 0DF11009 		add	r9, sp, #16
 320 0210 CB46     		mov	fp, r9
 321              	.L46:
 322 0212 0298     		ldr	r0, [sp, #8]	@ float
 323 0214 FFF7FEFF 		bl	__aeabi_f2iz
 324 0218 8446     		mov	ip, r0
 325 021a 0A22     		movs	r2, #10
 326 021c 6146     		mov	r1, ip
 327 021e 5846     		mov	r0, fp
 328 0220 0023     		movs	r3, #0
 329 0222 CDF804C0 		str	ip, [sp, #4]
 330 0226 FFF7FEFF 		bl	long_to_string_with_divisor
 331 022a 2E23     		movs	r3, #46
 332 022c 8346     		mov	fp, r0
 333 022e 0BF8013B 		strb	r3, [fp], #1
 334 0232 0298     		ldr	r0, [sp, #8]	@ float
 335 0234 FFF7FEFF 		bl	__aeabi_f2d
 336 0238 DDF804C0 		ldr	ip, [sp, #4]
 337 023c CDE90201 		strd	r0, [sp, #8]
 338 0240 6046     		mov	r0, ip
 339 0242 FFF7FEFF 		bl	__aeabi_i2d
 340 0246 0246     		mov	r2, r0
 341 0248 0B46     		mov	r3, r1
 342 024a DDE90201 		ldrd	r0, [sp, #8]
ARM GAS  /tmp/cccN4xTg.s 			page 7


 343 024e FFF7FEFF 		bl	__aeabi_dsub
 344 0252 39A3     		adr	r3, .L95
 345 0254 D3E90023 		ldrd	r2, [r3]
 346 0258 FFF7FEFF 		bl	__aeabi_dmul
 347 025c FFF7FEFF 		bl	__aeabi_d2iz
 348 0260 0A22     		movs	r2, #10
 349 0262 0146     		mov	r1, r0
 350 0264 42F21073 		movw	r3, #10000
 351 0268 5846     		mov	r0, fp
 352 026a FFF7FEFF 		bl	long_to_string_with_divisor
 353 026e C9EB0000 		rsb	r0, r9, r0
 354 0272 00F1FF3B 		add	fp, r0, #-1
 355 0276 68E7     		b	.L37
 356              	.L34:
 357 0278 3B68     		ldr	r3, [r7]
 358 027a 0DF12809 		add	r9, sp, #40
 359 027e 09F8183D 		strb	r3, [r9, #-24]!
 360 0282 0DF11100 		add	r0, sp, #17
 361 0286 C9EB0000 		rsb	r0, r9, r0
 362 028a 0437     		adds	r7, r7, #4
 363 028c 00F1FF3B 		add	fp, r0, #-1
 364 0290 4FF02008 		mov	r8, #32
 365 0294 59E7     		b	.L37
 366              	.L31:
 367 0296 0822     		movs	r2, #8
 368 0298 4BE7     		b	.L32
 369              	.L29:
 370 029a 3968     		ldr	r1, [r7]
 371 029c 0437     		adds	r7, r7, #4
 372 029e 0029     		cmp	r1, #0
 373 02a0 2FDB     		blt	.L94
 374 02a2 0DF11009 		add	r9, sp, #16
 375 02a6 4846     		mov	r0, r9
 376              	.L45:
 377 02a8 0A22     		movs	r2, #10
 378 02aa 0023     		movs	r3, #0
 379 02ac FFF7FEFF 		bl	long_to_string_with_divisor
 380 02b0 C9EB0000 		rsb	r0, r9, r0
 381 02b4 00F1FF3B 		add	fp, r0, #-1
 382 02b8 47E7     		b	.L37
 383              	.L28:
 384 02ba 0DF12809 		add	r9, sp, #40
 385 02be 09F8182D 		strb	r2, [r9, #-24]!
 386 02c2 0DF11100 		add	r0, sp, #17
 387 02c6 C9EB0000 		rsb	r0, r9, r0
 388 02ca 00F1FF3B 		add	fp, r0, #-1
 389 02ce 3CE7     		b	.L37
 390              	.L18:
 391 02d0 5A78     		ldrb	r2, [r3, #1]	@ zero_extendqisi2
 392 02d2 4FF03008 		mov	r8, #48
 393 02d6 0133     		adds	r3, r3, #1
 394 02d8 BAE6     		b	.L19
 395              	.L91:
 396 02da B8F1300F 		cmp	r8, #48
 397 02de 7FF441AF 		bne	.L52
 398 02e2 3368     		ldr	r3, [r6]
 399 02e4 3046     		mov	r0, r6
ARM GAS  /tmp/cccN4xTg.s 			page 8


 400 02e6 9B68     		ldr	r3, [r3, #8]
 401 02e8 9847     		blx	r3
 402 02ea 09F10109 		add	r9, r9, #1
 403 02ee 0BF1FF3B 		add	fp, fp, #-1
 404 02f2 37E7     		b	.L52
 405              	.L92:
 406 02f4 C9EB0100 		rsb	r0, r9, r1
 407 02f8 00F1FF3B 		add	fp, r0, #-1
 408 02fc 4FF02008 		mov	r8, #32
 409 0300 23E7     		b	.L37
 410              	.L94:
 411 0302 2D23     		movs	r3, #45
 412 0304 4942     		negs	r1, r1
 413 0306 8DF81030 		strb	r3, [sp, #16]
 414 030a 0DF11100 		add	r0, sp, #17
 415 030e 0DF11009 		add	r9, sp, #16
 416 0312 C9E7     		b	.L45
 417              	.L93:
 418 0314 029B     		ldr	r3, [sp, #8]
 419 0316 0DF1110B 		add	fp, sp, #17
 420 031a 03F10042 		add	r2, r3, #-2147483648
 421 031e 2D23     		movs	r3, #45
 422 0320 0292     		str	r2, [sp, #8]	@ float
 423 0322 8DF81030 		strb	r3, [sp, #16]
 424 0326 0DF11009 		add	r9, sp, #16
 425 032a 72E7     		b	.L46
 426              	.L65:
 427 032c 4FF0FF3B 		mov	fp, #-1
 428 0330 4FF02008 		mov	r8, #32
 429 0334 09E7     		b	.L37
 430              	.L96:
 431 0336 00BF     		.align	3
 432              	.L95:
 433 0338 00000000 		.word	0
 434 033c 006AF840 		.word	1090021888
 435 0340 00000000 		.word	.LC0
 436              		.size	chvprintf, .-chvprintf
 437 0344 AFF30080 		.section	.text.chsnprintf,"ax",%progbits
 437      AFF30080 
 437      AFF30080 
 438              		.align	2
 439              		.p2align 4,,15
 440              		.global	chsnprintf
 441              		.thumb
 442              		.thumb_func
 443              		.type	chsnprintf, %function
 444              	chsnprintf:
 445              		@ args = 4, pretend = 8, frame = 24
 446              		@ frame_needed = 0, uses_anonymous_args = 1
 447 0000 0CB4     		push	{r2, r3}
 448 0002 70B5     		push	{r4, r5, r6, lr}
 449 0004 86B0     		sub	sp, sp, #24
 450 0006 0AAC     		add	r4, sp, #40
 451 0008 54F8046B 		ldr	r6, [r4], #4
 452 000c 0546     		mov	r5, r0
 453 000e 4A1E     		subs	r2, r1, #1
 454 0010 0023     		movs	r3, #0
ARM GAS  /tmp/cccN4xTg.s 			page 9


 455 0012 0146     		mov	r1, r0
 456 0014 01A8     		add	r0, sp, #4
 457 0016 FFF7FEFF 		bl	msObjectInit
 458 001a 01A8     		add	r0, sp, #4
 459 001c 3146     		mov	r1, r6
 460 001e 2246     		mov	r2, r4
 461 0020 0094     		str	r4, [sp]
 462 0022 FFF7FEFF 		bl	chvprintf
 463 0026 0498     		ldr	r0, [sp, #16]
 464 0028 0023     		movs	r3, #0
 465 002a 2B54     		strb	r3, [r5, r0]
 466 002c 06B0     		add	sp, sp, #24
 467              		@ sp needed
 468 002e BDE87040 		pop	{r4, r5, r6, lr}
 469 0032 02B0     		add	sp, sp, #8
 470 0034 7047     		bx	lr
 471              		.size	chsnprintf, .-chsnprintf
 472 0036 00BFAFF3 		.section	.rodata.str1.4,"aMS",%progbits,1
 472      0080AFF3 
 472      0080
 473              		.align	2
 474              	.LC0:
 475 0000 286E756C 		.ascii	"(null)\000"
 475      6C2900
 476 0007 00       		.ident	"GCC: (GNU Tools for ARM Embedded Processors) 4.8.3 20140228 (release) [ARM/embedded-4_8-br
ARM GAS  /tmp/cccN4xTg.s 			page 10


DEFINED SYMBOLS
                            *ABS*:00000000 chprintf.c
     /tmp/cccN4xTg.s:16     .text.long_to_string_with_divisor:00000000 $t
     /tmp/cccN4xTg.s:21     .text.long_to_string_with_divisor:00000000 long_to_string_with_divisor
     /tmp/cccN4xTg.s:67     .text.chvprintf:00000000 $t
     /tmp/cccN4xTg.s:73     .text.chvprintf:00000000 chvprintf
     /tmp/cccN4xTg.s:145    .text.chvprintf:00000094 $d
     /tmp/cccN4xTg.s:199    .text.chvprintf:000000fe $t
     /tmp/cccN4xTg.s:433    .text.chvprintf:00000338 $d
     /tmp/cccN4xTg.s:438    .text.chsnprintf:00000000 $t
     /tmp/cccN4xTg.s:444    .text.chsnprintf:00000000 chsnprintf
     /tmp/cccN4xTg.s:473    .rodata.str1.4:00000000 $d
     /tmp/cccN4xTg.s:437    .text.chvprintf:00000344 $t

UNDEFINED SYMBOLS
__aeabi_d2f
__aeabi_fcmplt
__aeabi_f2iz
__aeabi_f2d
__aeabi_i2d
__aeabi_dsub
__aeabi_dmul
__aeabi_d2iz
msObjectInit
