ARM GAS  /tmp/ccKtkcsN.s 			page 1


   1              		.syntax unified
   2              		.cpu cortex-m3
   3              		.fpu softvfp
   4              		.eabi_attribute 20, 1
   5              		.eabi_attribute 21, 1
   6              		.eabi_attribute 23, 3
   7              		.eabi_attribute 24, 1
   8              		.eabi_attribute 25, 1
   9              		.eabi_attribute 26, 1
  10              		.eabi_attribute 30, 2
  11              		.eabi_attribute 34, 1
  12              		.eabi_attribute 18, 4
  13              		.thumb
  14              		.file	"chsys.c"
  15              		.section	.text._idle_thread,"ax",%progbits
  16              		.align	2
  17              		.p2align 4,,15
  18              		.global	_idle_thread
  19              		.thumb
  20              		.thumb_func
  21              		.type	_idle_thread, %function
  22              	_idle_thread:
  23              		@ Volatile: function does not return.
  24              		@ args = 0, pretend = 0, frame = 0
  25              		@ frame_needed = 0, uses_anonymous_args = 0
  26              		@ link register save eliminated.
  27 0000 024B     		ldr	r3, .L4
  28 0002 034A     		ldr	r2, .L4+4
  29 0004 9B69     		ldr	r3, [r3, #24]
  30 0006 9A61     		str	r2, [r3, #24]
  31              	.L2:
  32 0008 FEE7     		b	.L2
  33              	.L5:
  34 000a 00BF     		.align	2
  35              	.L4:
  36 000c 00000000 		.word	rlist
  37 0010 00000000 		.word	.LC0
  38              		.size	_idle_thread, .-_idle_thread
  39 0014 AFF30080 		.section	.text.chSysInit,"ax",%progbits
  39      AFF30080 
  39      AFF30080 
  40              		.align	2
  41              		.p2align 4,,15
  42              		.global	chSysInit
  43              		.thumb
  44              		.thumb_func
  45              		.type	chSysInit, %function
  46              	chSysInit:
  47              		@ args = 0, pretend = 0, frame = 0
  48              		@ frame_needed = 0, uses_anonymous_args = 0
  49 0000 00B5     		push	{lr}
  50 0002 83B0     		sub	sp, sp, #12
  51 0004 FFF7FEFF 		bl	_port_init
  52 0008 FFF7FEFF 		bl	_scheduler_init
  53 000c FFF7FEFF 		bl	_vt_init
  54 0010 FFF7FEFF 		bl	_core_init
  55 0014 FFF7FEFF 		bl	_heap_init
ARM GAS  /tmp/ccKtkcsN.s 			page 2


  56 0018 FFF7FEFF 		bl	_trace_init
  57 001c 4021     		movs	r1, #64
  58 001e 0F48     		ldr	r0, .L7
  59 0020 FFF7FEFF 		bl	_thread_init
  60 0024 0E4A     		ldr	r2, .L7+4
  61 0026 0121     		movs	r1, #1
  62 0028 0E4B     		ldr	r3, .L7+8
  63 002a 80F82010 		strb	r1, [r0, #32]
  64 002e C261     		str	r2, [r0, #28]
  65 0030 9861     		str	r0, [r3, #24]
  66 0032 FFF7FEFF 		bl	dbg_check_enable
  67 0036 0023     		movs	r3, #0
  68              	@ 111 "../../../ChibiOS/os/kernel/src/chsys.c" 1
  69 0038 83F31188 		msr     BASEPRI, r3                    
  70 003c 62B6     		cpsie   i
  71              	@ 0 "" 2
  72              		.thumb
  73 003e 094B     		ldr	r3, .L7+8
  74 0040 0949     		ldr	r1, .L7+12
  75 0042 9A69     		ldr	r2, [r3, #24]
  76 0044 0023     		movs	r3, #0
  77 0046 9161     		str	r1, [r2, #24]
  78 0048 0848     		ldr	r0, .L7+16
  79 004a 0093     		str	r3, [sp]
  80 004c E021     		movs	r1, #224
  81 004e 0122     		movs	r2, #1
  82 0050 074B     		ldr	r3, .L7+20
  83 0052 FFF7FEFF 		bl	chThdCreateStatic
  84 0056 03B0     		add	sp, sp, #12
  85              		@ sp needed
  86 0058 5DF804FB 		ldr	pc, [sp], #4
  87              	.L8:
  88              		.align	2
  89              	.L7:
  90 005c 00000000 		.word	.LANCHOR0
  91 0060 00000000 		.word	__main_thread_stack_base__
  92 0064 00000000 		.word	rlist
  93 0068 00000000 		.word	ch_debug
  94 006c 00000000 		.word	.LANCHOR1
  95 0070 00000000 		.word	_idle_thread
  96              		.size	chSysInit, .-chSysInit
  97 0074 AFF30080 		.section	.text.chSysTimerHandlerI,"ax",%progbits
  97      AFF30080 
  97      AFF30080 
  98              		.align	2
  99              		.p2align 4,,15
 100              		.global	chSysTimerHandlerI
 101              		.thumb
 102              		.thumb_func
 103              		.type	chSysTimerHandlerI, %function
 104              	chSysTimerHandlerI:
 105              		@ args = 0, pretend = 0, frame = 0
 106              		@ frame_needed = 0, uses_anonymous_args = 0
 107 0000 F8B5     		push	{r3, r4, r5, r6, r7, lr}
 108 0002 FFF7FEFF 		bl	chDbgCheckClassI
 109 0006 174B     		ldr	r3, .L17
 110 0008 9A69     		ldr	r2, [r3, #24]
ARM GAS  /tmp/ccKtkcsN.s 			page 3


 111 000a 92F82330 		ldrb	r3, [r2, #35]	@ zero_extendqisi2
 112 000e 13B1     		cbz	r3, .L10
 113 0010 013B     		subs	r3, r3, #1
 114 0012 82F82330 		strb	r3, [r2, #35]
 115              	.L10:
 116 0016 516A     		ldr	r1, [r2, #36]
 117 0018 134B     		ldr	r3, .L17+4
 118 001a 0131     		adds	r1, r1, #1
 119 001c 5162     		str	r1, [r2, #36]
 120 001e DA68     		ldr	r2, [r3, #12]
 121 0020 1C68     		ldr	r4, [r3]
 122 0022 0132     		adds	r2, r2, #1
 123 0024 9C42     		cmp	r4, r3
 124 0026 DA60     		str	r2, [r3, #12]
 125 0028 1AD0     		beq	.L9
 126 002a A768     		ldr	r7, [r4, #8]
 127 002c 013F     		subs	r7, r7, #1
 128 002e A760     		str	r7, [r4, #8]
 129 0030 B7B9     		cbnz	r7, .L9
 130 0032 1E46     		mov	r6, r3
 131              	.L13:
 132 0034 2268     		ldr	r2, [r4]
 133 0036 E568     		ldr	r5, [r4, #12]
 134 0038 E760     		str	r7, [r4, #12]
 135 003a 5360     		str	r3, [r2, #4]
 136 003c 1A60     		str	r2, [r3]
 137 003e FFF7FEFF 		bl	dbg_check_unlock_from_isr
 138 0042 0023     		movs	r3, #0
 139              	@ 150 "../../../ChibiOS/os/kernel/src/chsys.c" 1
 140 0044 83F31188 		msr     BASEPRI, r3
 141              	@ 0 "" 2
 142              		.thumb
 143 0048 2069     		ldr	r0, [r4, #16]
 144 004a A847     		blx	r5
 145 004c 2023     		movs	r3, #32
 146              	@ 150 "../../../ChibiOS/os/kernel/src/chsys.c" 1
 147 004e 83F31188 		msr     BASEPRI, r3
 148              	@ 0 "" 2
 149              		.thumb
 150 0052 FFF7FEFF 		bl	dbg_check_lock_from_isr
 151 0056 3468     		ldr	r4, [r6]
 152 0058 034B     		ldr	r3, .L17+4
 153 005a A268     		ldr	r2, [r4, #8]
 154 005c 002A     		cmp	r2, #0
 155 005e E9D0     		beq	.L13
 156              	.L9:
 157 0060 F8BD     		pop	{r3, r4, r5, r6, r7, pc}
 158              	.L18:
 159 0062 00BF     		.align	2
 160              	.L17:
 161 0064 00000000 		.word	rlist
 162 0068 00000000 		.word	vtlist
 163              		.size	chSysTimerHandlerI, .-chSysTimerHandlerI
 164              		.global	_idle_thread_wa
 165 006c AFF30080 		.section	.rodata.str1.4,"aMS",%progbits,1
 166              		.align	2
 167              	.LC0:
ARM GAS  /tmp/ccKtkcsN.s 			page 4


 168 0000 69646C65 		.ascii	"idle\000"
 168      00
 169 0005 000000   		.section	.bss.mainthread.4840,"aw",%nobits
 170              		.align	2
 171              		.set	.LANCHOR0,. + 0
 172              		.type	mainthread.4840, %object
 173              		.size	mainthread.4840, 76
 174              	mainthread.4840:
 175 0000 00000000 		.space	76
 175      00000000 
 175      00000000 
 175      00000000 
 175      00000000 
 176              		.section	.bss._idle_thread_wa,"aw",%nobits
 177              		.align	3
 178              		.set	.LANCHOR1,. + 0
 179              		.type	_idle_thread_wa, %object
 180              		.size	_idle_thread_wa, 224
 181              	_idle_thread_wa:
 182 0000 00000000 		.space	224
 182      00000000 
 182      00000000 
 182      00000000 
 182      00000000 
 183              		.ident	"GCC: (GNU Tools for ARM Embedded Processors) 4.8.3 20140228 (release) [ARM/embedded-4_8-br
ARM GAS  /tmp/ccKtkcsN.s 			page 5


DEFINED SYMBOLS
                            *ABS*:00000000 chsys.c
     /tmp/ccKtkcsN.s:16     .text._idle_thread:00000000 $t
     /tmp/ccKtkcsN.s:22     .text._idle_thread:00000000 _idle_thread
     /tmp/ccKtkcsN.s:36     .text._idle_thread:0000000c $d
     /tmp/ccKtkcsN.s:40     .text.chSysInit:00000000 $t
     /tmp/ccKtkcsN.s:46     .text.chSysInit:00000000 chSysInit
     /tmp/ccKtkcsN.s:90     .text.chSysInit:0000005c $d
     /tmp/ccKtkcsN.s:98     .text.chSysTimerHandlerI:00000000 $t
     /tmp/ccKtkcsN.s:104    .text.chSysTimerHandlerI:00000000 chSysTimerHandlerI
     /tmp/ccKtkcsN.s:161    .text.chSysTimerHandlerI:00000064 $d
     /tmp/ccKtkcsN.s:181    .bss._idle_thread_wa:00000000 _idle_thread_wa
     /tmp/ccKtkcsN.s:166    .rodata.str1.4:00000000 $d
     /tmp/ccKtkcsN.s:170    .bss.mainthread.4840:00000000 $d
     /tmp/ccKtkcsN.s:174    .bss.mainthread.4840:00000000 mainthread.4840
     /tmp/ccKtkcsN.s:177    .bss._idle_thread_wa:00000000 $d
     /tmp/ccKtkcsN.s:39     .text._idle_thread:00000014 $t
     /tmp/ccKtkcsN.s:97     .text.chSysInit:00000074 $t
     /tmp/ccKtkcsN.s:165    .text.chSysTimerHandlerI:0000006c $t

UNDEFINED SYMBOLS
rlist
_port_init
_scheduler_init
_vt_init
_core_init
_heap_init
_trace_init
_thread_init
dbg_check_enable
chThdCreateStatic
__main_thread_stack_base__
ch_debug
chDbgCheckClassI
dbg_check_unlock_from_isr
dbg_check_lock_from_isr
vtlist
