ARM GAS  /tmp/cclNEiUY.s 			page 1


   1              		.syntax unified
   2              		.cpu cortex-m3
   3              		.fpu softvfp
   4              		.eabi_attribute 20, 1
   5              		.eabi_attribute 21, 1
   6              		.eabi_attribute 23, 3
   7              		.eabi_attribute 24, 1
   8              		.eabi_attribute 25, 1
   9              		.eabi_attribute 26, 1
  10              		.eabi_attribute 30, 2
  11              		.eabi_attribute 34, 1
  12              		.eabi_attribute 18, 4
  13              		.thumb
  14              		.file	"Color.cpp"
  15              		.section	.text._ZN5amiro5ColorC2Ev,"ax",%progbits
  16              		.align	2
  17              		.p2align 4,,15
  18              		.global	_ZN5amiro5ColorC2Ev
  19              		.thumb
  20              		.thumb_func
  21              		.type	_ZN5amiro5ColorC2Ev, %function
  22              	_ZN5amiro5ColorC2Ev:
  23              		@ args = 0, pretend = 0, frame = 0
  24              		@ frame_needed = 0, uses_anonymous_args = 0
  25              		@ link register save eliminated.
  26 0000 0022     		movs	r2, #0
  27 0002 0270     		strb	r2, [r0]
  28 0004 4270     		strb	r2, [r0, #1]
  29 0006 8270     		strb	r2, [r0, #2]
  30 0008 7047     		bx	lr
  31              		.size	_ZN5amiro5ColorC2Ev, .-_ZN5amiro5ColorC2Ev
  32              		.global	_ZN5amiro5ColorC1Ev
  33              		.thumb_set _ZN5amiro5ColorC1Ev,_ZN5amiro5ColorC2Ev
  34 000a 00BFAFF3 		.section	.text._ZN5amiro5ColorC2ERKS0_,"ax",%progbits
  34      0080
  35              		.align	2
  36              		.p2align 4,,15
  37              		.global	_ZN5amiro5ColorC2ERKS0_
  38              		.thumb
  39              		.thumb_func
  40              		.type	_ZN5amiro5ColorC2ERKS0_, %function
  41              	_ZN5amiro5ColorC2ERKS0_:
  42              		@ args = 0, pretend = 0, frame = 0
  43              		@ frame_needed = 0, uses_anonymous_args = 0
  44              		@ link register save eliminated.
  45 0000 30B4     		push	{r4, r5}
  46 0002 0D78     		ldrb	r5, [r1]	@ zero_extendqisi2
  47 0004 4C78     		ldrb	r4, [r1, #1]	@ zero_extendqisi2
  48 0006 8A78     		ldrb	r2, [r1, #2]	@ zero_extendqisi2
  49 0008 0570     		strb	r5, [r0]
  50 000a 4470     		strb	r4, [r0, #1]
  51 000c 8270     		strb	r2, [r0, #2]
  52 000e 30BC     		pop	{r4, r5}
  53 0010 7047     		bx	lr
  54              		.size	_ZN5amiro5ColorC2ERKS0_, .-_ZN5amiro5ColorC2ERKS0_
  55              		.global	_ZN5amiro5ColorC1ERKS0_
  56              		.thumb_set _ZN5amiro5ColorC1ERKS0_,_ZN5amiro5ColorC2ERKS0_
ARM GAS  /tmp/cclNEiUY.s 			page 2


  57 0012 00BFAFF3 		.section	.text._ZN5amiro5ColorC2Eiii,"ax",%progbits
  57      0080AFF3 
  57      0080AFF3 
  57      0080
  58              		.align	2
  59              		.p2align 4,,15
  60              		.global	_ZN5amiro5ColorC2Eiii
  61              		.thumb
  62              		.thumb_func
  63              		.type	_ZN5amiro5ColorC2Eiii, %function
  64              	_ZN5amiro5ColorC2Eiii:
  65              		@ args = 0, pretend = 0, frame = 0
  66              		@ frame_needed = 0, uses_anonymous_args = 0
  67              		@ link register save eliminated.
  68 0000 10B4     		push	{r4}
  69 0002 0170     		strb	r1, [r0]
  70 0004 4270     		strb	r2, [r0, #1]
  71 0006 8370     		strb	r3, [r0, #2]
  72 0008 5DF8044B 		ldr	r4, [sp], #4
  73 000c 7047     		bx	lr
  74              		.size	_ZN5amiro5ColorC2Eiii, .-_ZN5amiro5ColorC2Eiii
  75              		.global	_ZN5amiro5ColorC1Eiii
  76              		.thumb_set _ZN5amiro5ColorC1Eiii,_ZN5amiro5ColorC2Eiii
  77 000e 00BF     		.section	.text._ZN5amiro5ColorC2ENS0_11GlobalColorE,"ax",%progbits
  78              		.align	2
  79              		.p2align 4,,15
  80              		.global	_ZN5amiro5ColorC2ENS0_11GlobalColorE
  81              		.thumb
  82              		.thumb_func
  83              		.type	_ZN5amiro5ColorC2ENS0_11GlobalColorE, %function
  84              	_ZN5amiro5ColorC2ENS0_11GlobalColorE:
  85              		@ args = 0, pretend = 0, frame = 0
  86              		@ frame_needed = 0, uses_anonymous_args = 0
  87              		@ link register save eliminated.
  88 0000 064B     		ldr	r3, .L5
  89 0002 01EB4101 		add	r1, r1, r1, lsl #1
  90 0006 5A18     		adds	r2, r3, r1
  91 0008 10B4     		push	{r4}
  92 000a 5C5C     		ldrb	r4, [r3, r1]	@ zero_extendqisi2
  93 000c 5178     		ldrb	r1, [r2, #1]	@ zero_extendqisi2
  94 000e 9278     		ldrb	r2, [r2, #2]	@ zero_extendqisi2
  95 0010 0470     		strb	r4, [r0]
  96 0012 4170     		strb	r1, [r0, #1]
  97 0014 8270     		strb	r2, [r0, #2]
  98 0016 5DF8044B 		ldr	r4, [sp], #4
  99 001a 7047     		bx	lr
 100              	.L6:
 101              		.align	2
 102              	.L5:
 103 001c 00000000 		.word	.LANCHOR0
 104              		.size	_ZN5amiro5ColorC2ENS0_11GlobalColorE, .-_ZN5amiro5ColorC2ENS0_11GlobalColorE
 105              		.global	_ZN5amiro5ColorC1ENS0_11GlobalColorE
 106              		.thumb_set _ZN5amiro5ColorC1ENS0_11GlobalColorE,_ZN5amiro5ColorC2ENS0_11GlobalColorE
 107              		.section	.text._ZN5amiro5Color15getRedGreenBlueEPiS1_S1_,"ax",%progbits
 108              		.align	2
 109              		.p2align 4,,15
 110              		.global	_ZN5amiro5Color15getRedGreenBlueEPiS1_S1_
ARM GAS  /tmp/cclNEiUY.s 			page 3


 111              		.thumb
 112              		.thumb_func
 113              		.type	_ZN5amiro5Color15getRedGreenBlueEPiS1_S1_, %function
 114              	_ZN5amiro5Color15getRedGreenBlueEPiS1_S1_:
 115              		@ args = 0, pretend = 0, frame = 0
 116              		@ frame_needed = 0, uses_anonymous_args = 0
 117              		@ link register save eliminated.
 118 0000 10B4     		push	{r4}
 119 0002 0478     		ldrb	r4, [r0]	@ zero_extendqisi2
 120 0004 0C60     		str	r4, [r1]
 121 0006 4178     		ldrb	r1, [r0, #1]	@ zero_extendqisi2
 122 0008 5DF8044B 		ldr	r4, [sp], #4
 123 000c 1160     		str	r1, [r2]
 124 000e 8278     		ldrb	r2, [r0, #2]	@ zero_extendqisi2
 125 0010 1A60     		str	r2, [r3]
 126 0012 7047     		bx	lr
 127              		.size	_ZN5amiro5Color15getRedGreenBlueEPiS1_S1_, .-_ZN5amiro5Color15getRedGreenBlueEPiS1_S1_
 128 0014 AFF30080 		.section	.text._ZN5amiro5Color6getRedEv,"ax",%progbits
 128      AFF30080 
 128      AFF30080 
 129              		.align	2
 130              		.p2align 4,,15
 131              		.global	_ZN5amiro5Color6getRedEv
 132              		.thumb
 133              		.thumb_func
 134              		.type	_ZN5amiro5Color6getRedEv, %function
 135              	_ZN5amiro5Color6getRedEv:
 136              		@ args = 0, pretend = 0, frame = 0
 137              		@ frame_needed = 0, uses_anonymous_args = 0
 138              		@ link register save eliminated.
 139 0000 0078     		ldrb	r0, [r0]	@ zero_extendqisi2
 140 0002 7047     		bx	lr
 141              		.size	_ZN5amiro5Color6getRedEv, .-_ZN5amiro5Color6getRedEv
 142 0004 AFF30080 		.section	.text._ZN5amiro5Color8getGreenEv,"ax",%progbits
 142      AFF30080 
 142      AFF30080 
 143              		.align	2
 144              		.p2align 4,,15
 145              		.global	_ZN5amiro5Color8getGreenEv
 146              		.thumb
 147              		.thumb_func
 148              		.type	_ZN5amiro5Color8getGreenEv, %function
 149              	_ZN5amiro5Color8getGreenEv:
 150              		@ args = 0, pretend = 0, frame = 0
 151              		@ frame_needed = 0, uses_anonymous_args = 0
 152              		@ link register save eliminated.
 153 0000 4078     		ldrb	r0, [r0, #1]	@ zero_extendqisi2
 154 0002 7047     		bx	lr
 155              		.size	_ZN5amiro5Color8getGreenEv, .-_ZN5amiro5Color8getGreenEv
 156 0004 AFF30080 		.section	.text._ZN5amiro5Color7getBlueEv,"ax",%progbits
 156      AFF30080 
 156      AFF30080 
 157              		.align	2
 158              		.p2align 4,,15
 159              		.global	_ZN5amiro5Color7getBlueEv
 160              		.thumb
 161              		.thumb_func
ARM GAS  /tmp/cclNEiUY.s 			page 4


 162              		.type	_ZN5amiro5Color7getBlueEv, %function
 163              	_ZN5amiro5Color7getBlueEv:
 164              		@ args = 0, pretend = 0, frame = 0
 165              		@ frame_needed = 0, uses_anonymous_args = 0
 166              		@ link register save eliminated.
 167 0000 8078     		ldrb	r0, [r0, #2]	@ zero_extendqisi2
 168 0002 7047     		bx	lr
 169              		.size	_ZN5amiro5Color7getBlueEv, .-_ZN5amiro5Color7getBlueEv
 170 0004 AFF30080 		.section	.text._ZN5amiro5Color7lighterEi,"ax",%progbits
 170      AFF30080 
 170      AFF30080 
 171              		.align	2
 172              		.p2align 4,,15
 173              		.global	_ZN5amiro5Color7lighterEi
 174              		.thumb
 175              		.thumb_func
 176              		.type	_ZN5amiro5Color7lighterEi, %function
 177              	_ZN5amiro5Color7lighterEi:
 178              		@ args = 0, pretend = 0, frame = 0
 179              		@ frame_needed = 0, uses_anonymous_args = 0
 180 0000 002A     		cmp	r2, #0
 181 0002 F8B5     		push	{r3, r4, r5, r6, r7, lr}
 182 0004 0446     		mov	r4, r0
 183 0006 0B46     		mov	r3, r1
 184 0008 25DD     		ble	.L16
 185 000a 632A     		cmp	r2, #99
 186 000c 2BDD     		ble	.L17
 187 000e 0878     		ldrb	r0, [r1]	@ zero_extendqisi2
 188 0010 9B78     		ldrb	r3, [r3, #2]	@ zero_extendqisi2
 189 0012 4978     		ldrb	r1, [r1, #1]	@ zero_extendqisi2
 190 0014 02FB00F0 		mul	r0, r2, r0
 191 0018 02FB01F1 		mul	r1, r2, r1
 192 001c 02FB03F2 		mul	r2, r2, r3
 193 0020 154B     		ldr	r3, .L18
 194 0022 C617     		asrs	r6, r0, #31
 195 0024 83FB0050 		smull	r5, r0, r3, r0
 196 0028 83FB0175 		smull	r7, r5, r3, r1
 197 002c 83FB0273 		smull	r7, r3, r3, r2
 198 0030 C917     		asrs	r1, r1, #31
 199 0032 D217     		asrs	r2, r2, #31
 200 0034 C6EB6010 		rsb	r0, r6, r0, asr #5
 201 0038 C1EB6511 		rsb	r1, r1, r5, asr #5
 202 003c C2EB6312 		rsb	r2, r2, r3, asr #5
 203 0040 80F30800 		usat	r0, #8, r0
 204 0044 81F30801 		usat	r1, #8, r1
 205 0048 82F30802 		usat	r2, #8, r2
 206 004c 2070     		strb	r0, [r4]
 207 004e 6170     		strb	r1, [r4, #1]
 208 0050 A270     		strb	r2, [r4, #2]
 209 0052 2046     		mov	r0, r4
 210 0054 F8BD     		pop	{r3, r4, r5, r6, r7, pc}
 211              	.L16:
 212 0056 5A78     		ldrb	r2, [r3, #1]	@ zero_extendqisi2
 213 0058 0978     		ldrb	r1, [r1]	@ zero_extendqisi2
 214 005a 9B78     		ldrb	r3, [r3, #2]	@ zero_extendqisi2
 215 005c 0170     		strb	r1, [r0]
 216 005e 4270     		strb	r2, [r0, #1]
ARM GAS  /tmp/cclNEiUY.s 			page 5


 217 0060 8370     		strb	r3, [r0, #2]
 218 0062 2046     		mov	r0, r4
 219 0064 F8BD     		pop	{r3, r4, r5, r6, r7, pc}
 220              	.L17:
 221 0066 42F21073 		movw	r3, #10000
 222 006a 93FBF2F2 		sdiv	r2, r3, r2
 223 006e FFF7FEFF 		bl	_ZN5amiro5Color6darkerEi
 224 0072 2046     		mov	r0, r4
 225 0074 F8BD     		pop	{r3, r4, r5, r6, r7, pc}
 226              	.L19:
 227 0076 00BF     		.align	2
 228              	.L18:
 229 0078 1F85EB51 		.word	1374389535
 230              		.size	_ZN5amiro5Color7lighterEi, .-_ZN5amiro5Color7lighterEi
 231 007c AFF30080 		.section	.text._ZN5amiro5Color6darkerEi,"ax",%progbits
 232              		.align	2
 233              		.p2align 4,,15
 234              		.global	_ZN5amiro5Color6darkerEi
 235              		.thumb
 236              		.thumb_func
 237              		.type	_ZN5amiro5Color6darkerEi, %function
 238              	_ZN5amiro5Color6darkerEi:
 239              		@ args = 0, pretend = 0, frame = 0
 240              		@ frame_needed = 0, uses_anonymous_args = 0
 241 0000 002A     		cmp	r2, #0
 242 0002 38B5     		push	{r3, r4, r5, lr}
 243 0004 0446     		mov	r4, r0
 244 0006 0B46     		mov	r3, r1
 245 0008 16DD     		ble	.L24
 246 000a 632A     		cmp	r2, #99
 247 000c 1CDD     		ble	.L25
 248 000e 4878     		ldrb	r0, [r1, #1]	@ zero_extendqisi2
 249 0010 1D78     		ldrb	r5, [r3]	@ zero_extendqisi2
 250 0012 8978     		ldrb	r1, [r1, #2]	@ zero_extendqisi2
 251 0014 6423     		movs	r3, #100
 252 0016 03FB00F0 		mul	r0, r3, r0
 253 001a 03FB01F1 		mul	r1, r3, r1
 254 001e 03FB05F3 		mul	r3, r3, r5
 255 0022 90FBF2F0 		sdiv	r0, r0, r2
 256 0026 91FBF2F1 		sdiv	r1, r1, r2
 257 002a 93FBF2F2 		sdiv	r2, r3, r2
 258 002e 6070     		strb	r0, [r4, #1]
 259 0030 A170     		strb	r1, [r4, #2]
 260 0032 2270     		strb	r2, [r4]
 261 0034 2046     		mov	r0, r4
 262 0036 38BD     		pop	{r3, r4, r5, pc}
 263              	.L24:
 264 0038 5A78     		ldrb	r2, [r3, #1]	@ zero_extendqisi2
 265 003a 0978     		ldrb	r1, [r1]	@ zero_extendqisi2
 266 003c 9B78     		ldrb	r3, [r3, #2]	@ zero_extendqisi2
 267 003e 0170     		strb	r1, [r0]
 268 0040 4270     		strb	r2, [r0, #1]
 269 0042 8370     		strb	r3, [r0, #2]
 270 0044 2046     		mov	r0, r4
 271 0046 38BD     		pop	{r3, r4, r5, pc}
 272              	.L25:
 273 0048 42F21073 		movw	r3, #10000
ARM GAS  /tmp/cclNEiUY.s 			page 6


 274 004c 93FBF2F2 		sdiv	r2, r3, r2
 275 0050 FFF7FEFF 		bl	_ZN5amiro5Color7lighterEi
 276 0054 2046     		mov	r0, r4
 277 0056 38BD     		pop	{r3, r4, r5, pc}
 278              		.size	_ZN5amiro5Color6darkerEi, .-_ZN5amiro5Color6darkerEi
 279 0058 AFF30080 		.section	.text._ZN5amiro5Color15setRedGreenBlueEiii,"ax",%progbits
 279      AFF30080 
 280              		.align	2
 281              		.p2align 4,,15
 282              		.global	_ZN5amiro5Color15setRedGreenBlueEiii
 283              		.thumb
 284              		.thumb_func
 285              		.type	_ZN5amiro5Color15setRedGreenBlueEiii, %function
 286              	_ZN5amiro5Color15setRedGreenBlueEiii:
 287              		@ args = 0, pretend = 0, frame = 0
 288              		@ frame_needed = 0, uses_anonymous_args = 0
 289              		@ link register save eliminated.
 290 0000 0170     		strb	r1, [r0]
 291 0002 4270     		strb	r2, [r0, #1]
 292 0004 8370     		strb	r3, [r0, #2]
 293 0006 7047     		bx	lr
 294              		.size	_ZN5amiro5Color15setRedGreenBlueEiii, .-_ZN5amiro5Color15setRedGreenBlueEiii
 295 0008 AFF30080 		.section	.text._ZN5amiro5ColoraSERKS0_,"ax",%progbits
 295      AFF30080 
 296              		.align	2
 297              		.p2align 4,,15
 298              		.global	_ZN5amiro5ColoraSERKS0_
 299              		.thumb
 300              		.thumb_func
 301              		.type	_ZN5amiro5ColoraSERKS0_, %function
 302              	_ZN5amiro5ColoraSERKS0_:
 303              		@ args = 0, pretend = 0, frame = 0
 304              		@ frame_needed = 0, uses_anonymous_args = 0
 305              		@ link register save eliminated.
 306 0000 8842     		cmp	r0, r1
 307 0002 10B4     		push	{r4}
 308 0004 05D0     		beq	.L28
 309 0006 0C78     		ldrb	r4, [r1]	@ zero_extendqisi2
 310 0008 4A78     		ldrb	r2, [r1, #1]	@ zero_extendqisi2
 311 000a 8B78     		ldrb	r3, [r1, #2]	@ zero_extendqisi2
 312 000c 0470     		strb	r4, [r0]
 313 000e 4270     		strb	r2, [r0, #1]
 314 0010 8370     		strb	r3, [r0, #2]
 315              	.L28:
 316 0012 5DF8044B 		ldr	r4, [sp], #4
 317 0016 7047     		bx	lr
 318              		.size	_ZN5amiro5ColoraSERKS0_, .-_ZN5amiro5ColoraSERKS0_
 319 0018 AFF30080 		.section	.text._ZN5amiro5ColoraSENS0_11GlobalColorE,"ax",%progbits
 319      AFF30080 
 320              		.align	2
 321              		.p2align 4,,15
 322              		.global	_ZN5amiro5ColoraSENS0_11GlobalColorE
 323              		.thumb
 324              		.thumb_func
 325              		.type	_ZN5amiro5ColoraSENS0_11GlobalColorE, %function
 326              	_ZN5amiro5ColoraSENS0_11GlobalColorE:
 327              		@ args = 0, pretend = 0, frame = 0
ARM GAS  /tmp/cclNEiUY.s 			page 7


 328              		@ frame_needed = 0, uses_anonymous_args = 0
 329              		@ link register save eliminated.
 330 0000 064B     		ldr	r3, .L30
 331 0002 01EB4101 		add	r1, r1, r1, lsl #1
 332 0006 5A18     		adds	r2, r3, r1
 333 0008 10B4     		push	{r4}
 334 000a 5C5C     		ldrb	r4, [r3, r1]	@ zero_extendqisi2
 335 000c 5178     		ldrb	r1, [r2, #1]	@ zero_extendqisi2
 336 000e 9278     		ldrb	r2, [r2, #2]	@ zero_extendqisi2
 337 0010 0470     		strb	r4, [r0]
 338 0012 4170     		strb	r1, [r0, #1]
 339 0014 8270     		strb	r2, [r0, #2]
 340 0016 5DF8044B 		ldr	r4, [sp], #4
 341 001a 7047     		bx	lr
 342              	.L31:
 343              		.align	2
 344              	.L30:
 345 001c 00000000 		.word	.LANCHOR0
 346              		.size	_ZN5amiro5ColoraSENS0_11GlobalColorE, .-_ZN5amiro5ColoraSENS0_11GlobalColorE
 347              		.section	.rodata._ZZN5amiro5ColorC1ENS0_11GlobalColorEE13global_colors,"a",%progbits
 348              		.align	2
 349              		.set	.LANCHOR0,. + 0
 350              		.type	_ZZN5amiro5ColorC1ENS0_11GlobalColorEE13global_colors, %object
 351              		.size	_ZZN5amiro5ColorC1ENS0_11GlobalColorEE13global_colors, 441
 352              	_ZZN5amiro5ColorC1ENS0_11GlobalColorEE13global_colors:
 353 0000 F0       		.byte	-16
 354 0001 F8       		.byte	-8
 355 0002 FF       		.byte	-1
 356 0003 FA       		.byte	-6
 357 0004 EB       		.byte	-21
 358 0005 D7       		.byte	-41
 359 0006 00       		.byte	0
 360 0007 FF       		.byte	-1
 361 0008 FF       		.byte	-1
 362 0009 7F       		.byte	127
 363 000a FF       		.byte	-1
 364 000b D4       		.byte	-44
 365 000c F0       		.byte	-16
 366 000d FF       		.byte	-1
 367 000e FF       		.byte	-1
 368 000f F5       		.byte	-11
 369 0010 F5       		.byte	-11
 370 0011 DC       		.byte	-36
 371 0012 FF       		.byte	-1
 372 0013 E4       		.byte	-28
 373 0014 C4       		.byte	-60
 374 0015 00       		.byte	0
 375 0016 00       		.byte	0
 376 0017 00       		.byte	0
 377 0018 FF       		.byte	-1
 378 0019 EB       		.byte	-21
 379 001a CD       		.byte	-51
 380 001b 00       		.byte	0
 381 001c 00       		.byte	0
 382 001d FF       		.byte	-1
 383 001e 8A       		.byte	-118
 384 001f 2B       		.byte	43
ARM GAS  /tmp/cclNEiUY.s 			page 8


 385 0020 E2       		.byte	-30
 386 0021 A5       		.byte	-91
 387 0022 2A       		.byte	42
 388 0023 2A       		.byte	42
 389 0024 DE       		.byte	-34
 390 0025 B8       		.byte	-72
 391 0026 87       		.byte	-121
 392 0027 5F       		.byte	95
 393 0028 9E       		.byte	-98
 394 0029 A0       		.byte	-96
 395 002a 7F       		.byte	127
 396 002b FF       		.byte	-1
 397 002c 00       		.byte	0
 398 002d D2       		.byte	-46
 399 002e 69       		.byte	105
 400 002f 1E       		.byte	30
 401 0030 FF       		.byte	-1
 402 0031 7F       		.byte	127
 403 0032 50       		.byte	80
 404 0033 64       		.byte	100
 405 0034 95       		.byte	-107
 406 0035 ED       		.byte	-19
 407 0036 FF       		.byte	-1
 408 0037 F8       		.byte	-8
 409 0038 DC       		.byte	-36
 410 0039 DC       		.byte	-36
 411 003a 14       		.byte	20
 412 003b 3C       		.byte	60
 413 003c 00       		.byte	0
 414 003d FF       		.byte	-1
 415 003e FF       		.byte	-1
 416 003f 00       		.byte	0
 417 0040 00       		.byte	0
 418 0041 8B       		.byte	-117
 419 0042 00       		.byte	0
 420 0043 8B       		.byte	-117
 421 0044 8B       		.byte	-117
 422 0045 B8       		.byte	-72
 423 0046 86       		.byte	-122
 424 0047 0B       		.byte	11
 425 0048 A9       		.byte	-87
 426 0049 A9       		.byte	-87
 427 004a A9       		.byte	-87
 428 004b 00       		.byte	0
 429 004c 64       		.byte	100
 430 004d 00       		.byte	0
 431 004e A9       		.byte	-87
 432 004f A9       		.byte	-87
 433 0050 A9       		.byte	-87
 434 0051 BD       		.byte	-67
 435 0052 B7       		.byte	-73
 436 0053 6B       		.byte	107
 437 0054 8B       		.byte	-117
 438 0055 00       		.byte	0
 439 0056 8B       		.byte	-117
 440 0057 55       		.byte	85
 441 0058 6B       		.byte	107
ARM GAS  /tmp/cclNEiUY.s 			page 9


 442 0059 2F       		.byte	47
 443 005a FF       		.byte	-1
 444 005b 8C       		.byte	-116
 445 005c 00       		.byte	0
 446 005d 99       		.byte	-103
 447 005e 32       		.byte	50
 448 005f CC       		.byte	-52
 449 0060 8B       		.byte	-117
 450 0061 00       		.byte	0
 451 0062 00       		.byte	0
 452 0063 E9       		.byte	-23
 453 0064 96       		.byte	-106
 454 0065 7A       		.byte	122
 455 0066 8F       		.byte	-113
 456 0067 BC       		.byte	-68
 457 0068 8F       		.byte	-113
 458 0069 48       		.byte	72
 459 006a 3D       		.byte	61
 460 006b 8B       		.byte	-117
 461 006c 2F       		.byte	47
 462 006d 4F       		.byte	79
 463 006e 4F       		.byte	79
 464 006f 2F       		.byte	47
 465 0070 4F       		.byte	79
 466 0071 4F       		.byte	79
 467 0072 00       		.byte	0
 468 0073 CE       		.byte	-50
 469 0074 D1       		.byte	-47
 470 0075 94       		.byte	-108
 471 0076 00       		.byte	0
 472 0077 D3       		.byte	-45
 473 0078 FF       		.byte	-1
 474 0079 14       		.byte	20
 475 007a 93       		.byte	-109
 476 007b 00       		.byte	0
 477 007c BF       		.byte	-65
 478 007d FF       		.byte	-1
 479 007e 69       		.byte	105
 480 007f 69       		.byte	105
 481 0080 69       		.byte	105
 482 0081 69       		.byte	105
 483 0082 69       		.byte	105
 484 0083 69       		.byte	105
 485 0084 1E       		.byte	30
 486 0085 90       		.byte	-112
 487 0086 FF       		.byte	-1
 488 0087 B2       		.byte	-78
 489 0088 22       		.byte	34
 490 0089 22       		.byte	34
 491 008a FF       		.byte	-1
 492 008b FA       		.byte	-6
 493 008c F0       		.byte	-16
 494 008d 22       		.byte	34
 495 008e 8B       		.byte	-117
 496 008f 22       		.byte	34
 497 0090 FF       		.byte	-1
 498 0091 00       		.byte	0
ARM GAS  /tmp/cclNEiUY.s 			page 10


 499 0092 FF       		.byte	-1
 500 0093 DC       		.byte	-36
 501 0094 DC       		.byte	-36
 502 0095 DC       		.byte	-36
 503 0096 F8       		.byte	-8
 504 0097 F8       		.byte	-8
 505 0098 FF       		.byte	-1
 506 0099 FF       		.byte	-1
 507 009a D7       		.byte	-41
 508 009b 00       		.byte	0
 509 009c DA       		.byte	-38
 510 009d A5       		.byte	-91
 511 009e 20       		.byte	32
 512 009f 80       		.byte	-128
 513 00a0 80       		.byte	-128
 514 00a1 80       		.byte	-128
 515 00a2 80       		.byte	-128
 516 00a3 80       		.byte	-128
 517 00a4 80       		.byte	-128
 518 00a5 00       		.byte	0
 519 00a6 80       		.byte	-128
 520 00a7 00       		.byte	0
 521 00a8 AD       		.byte	-83
 522 00a9 FF       		.byte	-1
 523 00aa 2F       		.byte	47
 524 00ab F0       		.byte	-16
 525 00ac FF       		.byte	-1
 526 00ad F0       		.byte	-16
 527 00ae FF       		.byte	-1
 528 00af 69       		.byte	105
 529 00b0 B4       		.byte	-76
 530 00b1 CD       		.byte	-51
 531 00b2 5C       		.byte	92
 532 00b3 5C       		.byte	92
 533 00b4 4B       		.byte	75
 534 00b5 00       		.byte	0
 535 00b6 82       		.byte	-126
 536 00b7 FF       		.byte	-1
 537 00b8 FF       		.byte	-1
 538 00b9 F0       		.byte	-16
 539 00ba F0       		.byte	-16
 540 00bb E6       		.byte	-26
 541 00bc 8C       		.byte	-116
 542 00bd E6       		.byte	-26
 543 00be E6       		.byte	-26
 544 00bf FA       		.byte	-6
 545 00c0 FF       		.byte	-1
 546 00c1 F0       		.byte	-16
 547 00c2 F5       		.byte	-11
 548 00c3 7C       		.byte	124
 549 00c4 FC       		.byte	-4
 550 00c5 00       		.byte	0
 551 00c6 FF       		.byte	-1
 552 00c7 FA       		.byte	-6
 553 00c8 CD       		.byte	-51
 554 00c9 AD       		.byte	-83
 555 00ca D8       		.byte	-40
ARM GAS  /tmp/cclNEiUY.s 			page 11


 556 00cb E6       		.byte	-26
 557 00cc F0       		.byte	-16
 558 00cd 80       		.byte	-128
 559 00ce 80       		.byte	-128
 560 00cf E0       		.byte	-32
 561 00d0 FF       		.byte	-1
 562 00d1 FF       		.byte	-1
 563 00d2 FA       		.byte	-6
 564 00d3 FA       		.byte	-6
 565 00d4 D2       		.byte	-46
 566 00d5 D3       		.byte	-45
 567 00d6 D3       		.byte	-45
 568 00d7 D3       		.byte	-45
 569 00d8 90       		.byte	-112
 570 00d9 EE       		.byte	-18
 571 00da 90       		.byte	-112
 572 00db D3       		.byte	-45
 573 00dc D3       		.byte	-45
 574 00dd D3       		.byte	-45
 575 00de FF       		.byte	-1
 576 00df B6       		.byte	-74
 577 00e0 C1       		.byte	-63
 578 00e1 FF       		.byte	-1
 579 00e2 A0       		.byte	-96
 580 00e3 7A       		.byte	122
 581 00e4 20       		.byte	32
 582 00e5 B2       		.byte	-78
 583 00e6 AA       		.byte	-86
 584 00e7 87       		.byte	-121
 585 00e8 CE       		.byte	-50
 586 00e9 FA       		.byte	-6
 587 00ea 77       		.byte	119
 588 00eb 88       		.byte	-120
 589 00ec 99       		.byte	-103
 590 00ed 77       		.byte	119
 591 00ee 88       		.byte	-120
 592 00ef 99       		.byte	-103
 593 00f0 B0       		.byte	-80
 594 00f1 C4       		.byte	-60
 595 00f2 DE       		.byte	-34
 596 00f3 FF       		.byte	-1
 597 00f4 FF       		.byte	-1
 598 00f5 E0       		.byte	-32
 599 00f6 00       		.byte	0
 600 00f7 FF       		.byte	-1
 601 00f8 00       		.byte	0
 602 00f9 32       		.byte	50
 603 00fa CD       		.byte	-51
 604 00fb 32       		.byte	50
 605 00fc FA       		.byte	-6
 606 00fd F0       		.byte	-16
 607 00fe E6       		.byte	-26
 608 00ff FF       		.byte	-1
 609 0100 00       		.byte	0
 610 0101 FF       		.byte	-1
 611 0102 80       		.byte	-128
 612 0103 00       		.byte	0
ARM GAS  /tmp/cclNEiUY.s 			page 12


 613 0104 00       		.byte	0
 614 0105 66       		.byte	102
 615 0106 CD       		.byte	-51
 616 0107 AA       		.byte	-86
 617 0108 00       		.byte	0
 618 0109 00       		.byte	0
 619 010a CD       		.byte	-51
 620 010b BA       		.byte	-70
 621 010c 55       		.byte	85
 622 010d D3       		.byte	-45
 623 010e 93       		.byte	-109
 624 010f 70       		.byte	112
 625 0110 DB       		.byte	-37
 626 0111 3C       		.byte	60
 627 0112 B3       		.byte	-77
 628 0113 71       		.byte	113
 629 0114 7B       		.byte	123
 630 0115 68       		.byte	104
 631 0116 EE       		.byte	-18
 632 0117 00       		.byte	0
 633 0118 FA       		.byte	-6
 634 0119 9A       		.byte	-102
 635 011a 48       		.byte	72
 636 011b D1       		.byte	-47
 637 011c CC       		.byte	-52
 638 011d C7       		.byte	-57
 639 011e 15       		.byte	21
 640 011f 85       		.byte	-123
 641 0120 19       		.byte	25
 642 0121 19       		.byte	25
 643 0122 70       		.byte	112
 644 0123 F5       		.byte	-11
 645 0124 FF       		.byte	-1
 646 0125 FA       		.byte	-6
 647 0126 FF       		.byte	-1
 648 0127 E4       		.byte	-28
 649 0128 E1       		.byte	-31
 650 0129 FF       		.byte	-1
 651 012a E4       		.byte	-28
 652 012b B5       		.byte	-75
 653 012c FF       		.byte	-1
 654 012d DE       		.byte	-34
 655 012e AD       		.byte	-83
 656 012f 00       		.byte	0
 657 0130 00       		.byte	0
 658 0131 80       		.byte	-128
 659 0132 FD       		.byte	-3
 660 0133 F5       		.byte	-11
 661 0134 E6       		.byte	-26
 662 0135 80       		.byte	-128
 663 0136 80       		.byte	-128
 664 0137 00       		.byte	0
 665 0138 6B       		.byte	107
 666 0139 8E       		.byte	-114
 667 013a 23       		.byte	35
 668 013b FF       		.byte	-1
 669 013c A5       		.byte	-91
ARM GAS  /tmp/cclNEiUY.s 			page 13


 670 013d 00       		.byte	0
 671 013e FF       		.byte	-1
 672 013f 45       		.byte	69
 673 0140 00       		.byte	0
 674 0141 DA       		.byte	-38
 675 0142 70       		.byte	112
 676 0143 D6       		.byte	-42
 677 0144 EE       		.byte	-18
 678 0145 E8       		.byte	-24
 679 0146 AA       		.byte	-86
 680 0147 98       		.byte	-104
 681 0148 FB       		.byte	-5
 682 0149 98       		.byte	-104
 683 014a AF       		.byte	-81
 684 014b EE       		.byte	-18
 685 014c EE       		.byte	-18
 686 014d DB       		.byte	-37
 687 014e 70       		.byte	112
 688 014f 93       		.byte	-109
 689 0150 FF       		.byte	-1
 690 0151 EF       		.byte	-17
 691 0152 D5       		.byte	-43
 692 0153 FF       		.byte	-1
 693 0154 DA       		.byte	-38
 694 0155 B9       		.byte	-71
 695 0156 CD       		.byte	-51
 696 0157 85       		.byte	-123
 697 0158 3F       		.byte	63
 698 0159 FF       		.byte	-1
 699 015a C0       		.byte	-64
 700 015b CB       		.byte	-53
 701 015c DD       		.byte	-35
 702 015d A0       		.byte	-96
 703 015e DD       		.byte	-35
 704 015f B0       		.byte	-80
 705 0160 E0       		.byte	-32
 706 0161 E6       		.byte	-26
 707 0162 80       		.byte	-128
 708 0163 00       		.byte	0
 709 0164 80       		.byte	-128
 710 0165 FF       		.byte	-1
 711 0166 00       		.byte	0
 712 0167 00       		.byte	0
 713 0168 BC       		.byte	-68
 714 0169 8F       		.byte	-113
 715 016a 8F       		.byte	-113
 716 016b 41       		.byte	65
 717 016c 69       		.byte	105
 718 016d E1       		.byte	-31
 719 016e 8B       		.byte	-117
 720 016f 45       		.byte	69
 721 0170 13       		.byte	19
 722 0171 FA       		.byte	-6
 723 0172 80       		.byte	-128
 724 0173 72       		.byte	114
 725 0174 F4       		.byte	-12
 726 0175 A4       		.byte	-92
ARM GAS  /tmp/cclNEiUY.s 			page 14


 727 0176 60       		.byte	96
 728 0177 2E       		.byte	46
 729 0178 8B       		.byte	-117
 730 0179 57       		.byte	87
 731 017a FF       		.byte	-1
 732 017b F5       		.byte	-11
 733 017c EE       		.byte	-18
 734 017d A0       		.byte	-96
 735 017e 52       		.byte	82
 736 017f 2D       		.byte	45
 737 0180 C0       		.byte	-64
 738 0181 C0       		.byte	-64
 739 0182 C0       		.byte	-64
 740 0183 87       		.byte	-121
 741 0184 CE       		.byte	-50
 742 0185 EB       		.byte	-21
 743 0186 6A       		.byte	106
 744 0187 5A       		.byte	90
 745 0188 CD       		.byte	-51
 746 0189 70       		.byte	112
 747 018a 80       		.byte	-128
 748 018b 90       		.byte	-112
 749 018c 70       		.byte	112
 750 018d 80       		.byte	-128
 751 018e 90       		.byte	-112
 752 018f FF       		.byte	-1
 753 0190 FA       		.byte	-6
 754 0191 FA       		.byte	-6
 755 0192 00       		.byte	0
 756 0193 FF       		.byte	-1
 757 0194 7F       		.byte	127
 758 0195 46       		.byte	70
 759 0196 82       		.byte	-126
 760 0197 B4       		.byte	-76
 761 0198 D2       		.byte	-46
 762 0199 B4       		.byte	-76
 763 019a 8C       		.byte	-116
 764 019b 00       		.byte	0
 765 019c 80       		.byte	-128
 766 019d 80       		.byte	-128
 767 019e D8       		.byte	-40
 768 019f BF       		.byte	-65
 769 01a0 D8       		.byte	-40
 770 01a1 FF       		.byte	-1
 771 01a2 63       		.byte	99
 772 01a3 47       		.byte	71
 773 01a4 40       		.byte	64
 774 01a5 E0       		.byte	-32
 775 01a6 D0       		.byte	-48
 776 01a7 EE       		.byte	-18
 777 01a8 82       		.byte	-126
 778 01a9 EE       		.byte	-18
 779 01aa F5       		.byte	-11
 780 01ab DE       		.byte	-34
 781 01ac B3       		.byte	-77
 782 01ad FF       		.byte	-1
 783 01ae FF       		.byte	-1
ARM GAS  /tmp/cclNEiUY.s 			page 15


 784 01af FF       		.byte	-1
 785 01b0 F5       		.byte	-11
 786 01b1 F5       		.byte	-11
 787 01b2 F5       		.byte	-11
 788 01b3 FF       		.byte	-1
 789 01b4 FF       		.byte	-1
 790 01b5 00       		.byte	0
 791 01b6 9A       		.byte	-102
 792 01b7 CD       		.byte	-51
 793 01b8 32       		.byte	50
 794 01b9 000000   		.ident	"GCC: (GNU Tools for ARM Embedded Processors) 4.8.3 20140228 (release) [ARM/embedded-4_8-br
ARM GAS  /tmp/cclNEiUY.s 			page 16


DEFINED SYMBOLS
                            *ABS*:00000000 Color.cpp
     /tmp/cclNEiUY.s:16     .text._ZN5amiro5ColorC2Ev:00000000 $t
     /tmp/cclNEiUY.s:22     .text._ZN5amiro5ColorC2Ev:00000000 _ZN5amiro5ColorC2Ev
     /tmp/cclNEiUY.s:22     .text._ZN5amiro5ColorC2Ev:00000000 _ZN5amiro5ColorC1Ev
     /tmp/cclNEiUY.s:35     .text._ZN5amiro5ColorC2ERKS0_:00000000 $t
     /tmp/cclNEiUY.s:41     .text._ZN5amiro5ColorC2ERKS0_:00000000 _ZN5amiro5ColorC2ERKS0_
     /tmp/cclNEiUY.s:41     .text._ZN5amiro5ColorC2ERKS0_:00000000 _ZN5amiro5ColorC1ERKS0_
     /tmp/cclNEiUY.s:58     .text._ZN5amiro5ColorC2Eiii:00000000 $t
     /tmp/cclNEiUY.s:64     .text._ZN5amiro5ColorC2Eiii:00000000 _ZN5amiro5ColorC2Eiii
     /tmp/cclNEiUY.s:64     .text._ZN5amiro5ColorC2Eiii:00000000 _ZN5amiro5ColorC1Eiii
     /tmp/cclNEiUY.s:78     .text._ZN5amiro5ColorC2ENS0_11GlobalColorE:00000000 $t
     /tmp/cclNEiUY.s:84     .text._ZN5amiro5ColorC2ENS0_11GlobalColorE:00000000 _ZN5amiro5ColorC2ENS0_11GlobalColorE
     /tmp/cclNEiUY.s:103    .text._ZN5amiro5ColorC2ENS0_11GlobalColorE:0000001c $d
     /tmp/cclNEiUY.s:84     .text._ZN5amiro5ColorC2ENS0_11GlobalColorE:00000000 _ZN5amiro5ColorC1ENS0_11GlobalColorE
     /tmp/cclNEiUY.s:108    .text._ZN5amiro5Color15getRedGreenBlueEPiS1_S1_:00000000 $t
     /tmp/cclNEiUY.s:114    .text._ZN5amiro5Color15getRedGreenBlueEPiS1_S1_:00000000 _ZN5amiro5Color15getRedGreenBlueEPiS1_S1_
     /tmp/cclNEiUY.s:129    .text._ZN5amiro5Color6getRedEv:00000000 $t
     /tmp/cclNEiUY.s:135    .text._ZN5amiro5Color6getRedEv:00000000 _ZN5amiro5Color6getRedEv
     /tmp/cclNEiUY.s:143    .text._ZN5amiro5Color8getGreenEv:00000000 $t
     /tmp/cclNEiUY.s:149    .text._ZN5amiro5Color8getGreenEv:00000000 _ZN5amiro5Color8getGreenEv
     /tmp/cclNEiUY.s:157    .text._ZN5amiro5Color7getBlueEv:00000000 $t
     /tmp/cclNEiUY.s:163    .text._ZN5amiro5Color7getBlueEv:00000000 _ZN5amiro5Color7getBlueEv
     /tmp/cclNEiUY.s:171    .text._ZN5amiro5Color7lighterEi:00000000 $t
     /tmp/cclNEiUY.s:177    .text._ZN5amiro5Color7lighterEi:00000000 _ZN5amiro5Color7lighterEi
     /tmp/cclNEiUY.s:238    .text._ZN5amiro5Color6darkerEi:00000000 _ZN5amiro5Color6darkerEi
     /tmp/cclNEiUY.s:229    .text._ZN5amiro5Color7lighterEi:00000078 $d
     /tmp/cclNEiUY.s:232    .text._ZN5amiro5Color6darkerEi:00000000 $t
     /tmp/cclNEiUY.s:280    .text._ZN5amiro5Color15setRedGreenBlueEiii:00000000 $t
     /tmp/cclNEiUY.s:286    .text._ZN5amiro5Color15setRedGreenBlueEiii:00000000 _ZN5amiro5Color15setRedGreenBlueEiii
     /tmp/cclNEiUY.s:296    .text._ZN5amiro5ColoraSERKS0_:00000000 $t
     /tmp/cclNEiUY.s:302    .text._ZN5amiro5ColoraSERKS0_:00000000 _ZN5amiro5ColoraSERKS0_
     /tmp/cclNEiUY.s:320    .text._ZN5amiro5ColoraSENS0_11GlobalColorE:00000000 $t
     /tmp/cclNEiUY.s:326    .text._ZN5amiro5ColoraSENS0_11GlobalColorE:00000000 _ZN5amiro5ColoraSENS0_11GlobalColorE
     /tmp/cclNEiUY.s:345    .text._ZN5amiro5ColoraSENS0_11GlobalColorE:0000001c $d
     /tmp/cclNEiUY.s:348    .rodata._ZZN5amiro5ColorC1ENS0_11GlobalColorEE13global_colors:00000000 $d
     /tmp/cclNEiUY.s:352    .rodata._ZZN5amiro5ColorC1ENS0_11GlobalColorEE13global_colors:00000000 _ZZN5amiro5ColorC1ENS0_11GlobalColorEE13global_colors
     /tmp/cclNEiUY.s:231    .text._ZN5amiro5Color7lighterEi:0000007c $t

NO UNDEFINED SYMBOLS
