ARM GAS  /tmp/ccTQCkCp.s 			page 1


   1              		.syntax unified
   2              		.cpu cortex-m3
   3              		.fpu softvfp
   4              		.eabi_attribute 20, 1
   5              		.eabi_attribute 21, 1
   6              		.eabi_attribute 23, 3
   7              		.eabi_attribute 24, 1
   8              		.eabi_attribute 25, 1
   9              		.eabi_attribute 26, 1
  10              		.eabi_attribute 30, 2
  11              		.eabi_attribute 34, 1
  12              		.eabi_attribute 18, 4
  13              		.thumb
  14              		.file	"ControllerAreaNetworkTx.cpp"
  15              		.section	.text._ZN5amiro23ControllerAreaNetworkTx15updateSensorValEv,"ax",%progbits
  16              		.align	2
  17              		.p2align 4,,15
  18              		.global	_ZN5amiro23ControllerAreaNetworkTx15updateSensorValEv
  19              		.thumb
  20              		.thumb_func
  21              		.type	_ZN5amiro23ControllerAreaNetworkTx15updateSensorValEv, %function
  22              	_ZN5amiro23ControllerAreaNetworkTx15updateSensorValEv:
  23              		@ args = 0, pretend = 0, frame = 0
  24              		@ frame_needed = 0, uses_anonymous_args = 0
  25              		@ link register save eliminated.
  26 0000 0020     		movs	r0, #0
  27 0002 7047     		bx	lr
  28              		.size	_ZN5amiro23ControllerAreaNetworkTx15updateSensorValEv, .-_ZN5amiro23ControllerAreaNetworkTx1
  29 0004 AFF30080 		.section	.text.startup._ZN5amiro23ControllerAreaNetworkTx4mainEv,"ax",%progbits
  29      AFF30080 
  29      AFF30080 
  30              		.align	2
  31              		.p2align 4,,15
  32              		.global	_ZN5amiro23ControllerAreaNetworkTx4mainEv
  33              		.thumb
  34              		.thumb_func
  35              		.type	_ZN5amiro23ControllerAreaNetworkTx4mainEv, %function
  36              	_ZN5amiro23ControllerAreaNetworkTx4mainEv:
  37              		@ args = 0, pretend = 0, frame = 0
  38              		@ frame_needed = 0, uses_anonymous_args = 0
  39 0000 70B5     		push	{r4, r5, r6, lr}
  40 0002 0446     		mov	r4, r0
  41 0004 3F23     		movs	r3, #63
  42 0006 00F5C270 		add	r0, r0, #388
  43 000a 0022     		movs	r2, #0
  44 000c 04F5AE75 		add	r5, r4, #348
  45 0010 C4F87C21 		str	r2, [r4, #380]
  46 0014 C4F88831 		str	r3, [r4, #392]
  47 0018 C4F88401 		str	r0, [r4, #388]
  48 001c C4F86C01 		str	r0, [r4, #364]
  49 0020 2946     		mov	r1, r5
  50 0022 0122     		movs	r2, #1
  51 0024 04F5B876 		add	r6, r4, #368
  52 0028 FFF7FEFF 		bl	_ZN10chibios_rt9EvtSource11registerOneEPNS_11EvtListenerEl
  53 002c 3046     		mov	r0, r6
  54 002e FFF7FEFF 		bl	evtStart
  55 0032 1048     		ldr	r0, .L10
ARM GAS  /tmp/ccTQCkCp.s 			page 2


  56 0034 FFF7FEFF 		bl	_ZN10chibios_rt10BaseThread7setNameEPKc
  57 0038 05E0     		b	.L6
  58              	.L7:
  59 003a 4FF0FF30 		mov	r0, #-1
  60 003e FFF7FEFF 		bl	_ZN10chibios_rt10BaseThread12waitOneEventEm
  61 0042 0228     		cmp	r0, #2
  62 0044 0DD0     		beq	.L9
  63              	.L6:
  64 0046 FFF7FEFF 		bl	_ZN10chibios_rt10BaseThread15shouldTerminateEv
  65 004a 0028     		cmp	r0, #0
  66 004c F5D0     		beq	.L7
  67 004e 3046     		mov	r0, r6
  68 0050 FFF7FEFF 		bl	evtStop
  69 0054 D4F86C01 		ldr	r0, [r4, #364]
  70 0058 2946     		mov	r1, r5
  71 005a FFF7FEFF 		bl	_ZN10chibios_rt9EvtSource10unregisterEPNS_11EvtListenerE
  72 005e 0020     		movs	r0, #0
  73 0060 70BD     		pop	{r4, r5, r6, pc}
  74              	.L9:
  75 0062 2368     		ldr	r3, [r4]
  76 0064 2046     		mov	r0, r4
  77 0066 5B69     		ldr	r3, [r3, #20]
  78 0068 9847     		blx	r3
  79 006a 2368     		ldr	r3, [r4]
  80 006c 2046     		mov	r0, r4
  81 006e 9B69     		ldr	r3, [r3, #24]
  82 0070 9847     		blx	r3
  83 0072 E8E7     		b	.L6
  84              	.L11:
  85              		.align	2
  86              	.L10:
  87 0074 00000000 		.word	.LC0
  88              		.size	_ZN5amiro23ControllerAreaNetworkTx4mainEv, .-_ZN5amiro23ControllerAreaNetworkTx4mainEv
  89 0078 AFF30080 		.section	.text._ZN10chibios_rt16BaseStaticThreadILi128EE5startEm,"axG",%progbits,_ZN10chibios_rt16
  89      AFF30080 
  90              		.align	2
  91              		.p2align 4,,15
  92              		.weak	_ZN10chibios_rt16BaseStaticThreadILi128EE5startEm
  93              		.thumb
  94              		.thumb_func
  95              		.type	_ZN10chibios_rt16BaseStaticThreadILi128EE5startEm, %function
  96              	_ZN10chibios_rt16BaseStaticThreadILi128EE5startEm:
  97              		@ args = 0, pretend = 0, frame = 0
  98              		@ frame_needed = 0, uses_anonymous_args = 0
  99 0000 30B5     		push	{r4, r5, lr}
 100 0002 0D46     		mov	r5, r1
 101 0004 83B0     		sub	sp, sp, #12
 102 0006 0446     		mov	r4, r0
 103 0008 0091     		str	r1, [sp]
 104 000a 05F10800 		add	r0, r5, #8
 105 000e 4FF4A871 		mov	r1, #336
 106 0012 054B     		ldr	r3, .L13
 107 0014 FFF7FEFF 		bl	chThdCreateStatic
 108 0018 044A     		ldr	r2, .L13+4
 109 001a 0346     		mov	r3, r0
 110 001c 6860     		str	r0, [r5, #4]
 111 001e 2046     		mov	r0, r4
ARM GAS  /tmp/ccTQCkCp.s 			page 3


 112 0020 84E80C00 		stmia	r4, {r2, r3}
 113 0024 03B0     		add	sp, sp, #12
 114              		@ sp needed
 115 0026 30BD     		pop	{r4, r5, pc}
 116              	.L14:
 117              		.align	2
 118              	.L13:
 119 0028 00000000 		.word	_ZN10chibios_rt10_thd_startEPv
 120 002c 08000000 		.word	_ZTVN10chibios_rt15ThreadReferenceE+8
 121              		.size	_ZN10chibios_rt16BaseStaticThreadILi128EE5startEm, .-_ZN10chibios_rt16BaseStaticThreadILi128
 122              		.section	.text._ZN5amiro23ControllerAreaNetworkTxC2EP9CANDriverh,"ax",%progbits
 123              		.align	2
 124              		.p2align 4,,15
 125              		.global	_ZN5amiro23ControllerAreaNetworkTxC2EP9CANDriverh
 126              		.thumb
 127              		.thumb_func
 128              		.type	_ZN5amiro23ControllerAreaNetworkTxC2EP9CANDriverh, %function
 129              	_ZN5amiro23ControllerAreaNetworkTxC2EP9CANDriverh:
 130              		@ args = 0, pretend = 0, frame = 0
 131              		@ frame_needed = 0, uses_anonymous_args = 0
 132 0000 70B5     		push	{r4, r5, r6, lr}
 133 0002 0446     		mov	r4, r0
 134 0004 0D46     		mov	r5, r1
 135 0006 1646     		mov	r6, r2
 136 0008 FFF7FEFF 		bl	_ZN10chibios_rt10BaseThreadC2Ev
 137 000c 0649     		ldr	r1, .L16
 138 000e 074B     		ldr	r3, .L16+4
 139 0010 6422     		movs	r2, #100
 140 0012 C4F85861 		str	r6, [r4, #344]
 141 0016 C4F88C51 		str	r5, [r4, #396]
 142 001a 2160     		str	r1, [r4]
 143 001c C4F89021 		str	r2, [r4, #400]
 144 0020 C4F89431 		str	r3, [r4, #404]
 145 0024 2046     		mov	r0, r4
 146 0026 70BD     		pop	{r4, r5, r6, pc}
 147              	.L17:
 148              		.align	2
 149              	.L16:
 150 0028 08000000 		.word	.LANCHOR0+8
 151 002c 01002D01 		.word	19726337
 152              		.size	_ZN5amiro23ControllerAreaNetworkTxC2EP9CANDriverh, .-_ZN5amiro23ControllerAreaNetworkTxC2EP9
 153              		.global	_ZN5amiro23ControllerAreaNetworkTxC1EP9CANDriverh
 154              		.thumb_set _ZN5amiro23ControllerAreaNetworkTxC1EP9CANDriverh,_ZN5amiro23ControllerAreaNetworkTxC2E
 155              		.section	.text._ZN5amiro23ControllerAreaNetworkTxD2Ev,"ax",%progbits
 156              		.align	2
 157              		.p2align 4,,15
 158              		.global	_ZN5amiro23ControllerAreaNetworkTxD2Ev
 159              		.thumb
 160              		.thumb_func
 161              		.type	_ZN5amiro23ControllerAreaNetworkTxD2Ev, %function
 162              	_ZN5amiro23ControllerAreaNetworkTxD2Ev:
 163              		@ args = 0, pretend = 0, frame = 0
 164              		@ frame_needed = 0, uses_anonymous_args = 0
 165              		@ link register save eliminated.
 166 0000 014B     		ldr	r3, .L19
 167 0002 0360     		str	r3, [r0]
 168 0004 7047     		bx	lr
ARM GAS  /tmp/ccTQCkCp.s 			page 4


 169              	.L20:
 170 0006 00BF     		.align	2
 171              	.L19:
 172 0008 08000000 		.word	.LANCHOR0+8
 173              		.size	_ZN5amiro23ControllerAreaNetworkTxD2Ev, .-_ZN5amiro23ControllerAreaNetworkTxD2Ev
 174              		.global	_ZN5amiro23ControllerAreaNetworkTxD1Ev
 175              		.thumb_set _ZN5amiro23ControllerAreaNetworkTxD1Ev,_ZN5amiro23ControllerAreaNetworkTxD2Ev
 176 000c AFF30080 		.section	.text._ZN5amiro23ControllerAreaNetworkTxD0Ev,"ax",%progbits
 177              		.align	2
 178              		.p2align 4,,15
 179              		.global	_ZN5amiro23ControllerAreaNetworkTxD0Ev
 180              		.thumb
 181              		.thumb_func
 182              		.type	_ZN5amiro23ControllerAreaNetworkTxD0Ev, %function
 183              	_ZN5amiro23ControllerAreaNetworkTxD0Ev:
 184              		@ args = 0, pretend = 0, frame = 0
 185              		@ frame_needed = 0, uses_anonymous_args = 0
 186 0000 10B5     		push	{r4, lr}
 187 0002 034B     		ldr	r3, .L22
 188 0004 0446     		mov	r4, r0
 189 0006 0360     		str	r3, [r0]
 190 0008 FFF7FEFF 		bl	_ZdlPv
 191 000c 2046     		mov	r0, r4
 192 000e 10BD     		pop	{r4, pc}
 193              	.L23:
 194              		.align	2
 195              	.L22:
 196 0010 08000000 		.word	.LANCHOR0+8
 197              		.size	_ZN5amiro23ControllerAreaNetworkTxD0Ev, .-_ZN5amiro23ControllerAreaNetworkTxD0Ev
 198 0014 AFF30080 		.section	.text._ZN5amiro23ControllerAreaNetworkTx13encodeBoardIdEP10CANTxFramei,"ax",%progbits
 198      AFF30080 
 198      AFF30080 
 199              		.align	2
 200              		.p2align 4,,15
 201              		.global	_ZN5amiro23ControllerAreaNetworkTx13encodeBoardIdEP10CANTxFramei
 202              		.thumb
 203              		.thumb_func
 204              		.type	_ZN5amiro23ControllerAreaNetworkTx13encodeBoardIdEP10CANTxFramei, %function
 205              	_ZN5amiro23ControllerAreaNetworkTx13encodeBoardIdEP10CANTxFramei:
 206              		@ args = 0, pretend = 0, frame = 0
 207              		@ frame_needed = 0, uses_anonymous_args = 0
 208              		@ link register save eliminated.
 209 0000 8B88     		ldrh	r3, [r1, #4]
 210 0002 02F00702 		and	r2, r2, #7
 211 0006 C3F30A00 		ubfx	r0, r3, #0, #11
 212 000a 0243     		orrs	r2, r2, r0
 213 000c 62F30A03 		bfi	r3, r2, #0, #11
 214 0010 8B80     		strh	r3, [r1, #4]	@ movhi
 215 0012 7047     		bx	lr
 216              		.size	_ZN5amiro23ControllerAreaNetworkTx13encodeBoardIdEP10CANTxFramei, .-_ZN5amiro23ControllerAre
 217 0014 AFF30080 		.section	.text._ZN5amiro23ControllerAreaNetworkTx14encodeDeviceIdEP10CANTxFramei,"ax",%progbits
 217      AFF30080 
 217      AFF30080 
 218              		.align	2
 219              		.p2align 4,,15
 220              		.global	_ZN5amiro23ControllerAreaNetworkTx14encodeDeviceIdEP10CANTxFramei
 221              		.thumb
ARM GAS  /tmp/ccTQCkCp.s 			page 5


 222              		.thumb_func
 223              		.type	_ZN5amiro23ControllerAreaNetworkTx14encodeDeviceIdEP10CANTxFramei, %function
 224              	_ZN5amiro23ControllerAreaNetworkTx14encodeDeviceIdEP10CANTxFramei:
 225              		@ args = 0, pretend = 0, frame = 0
 226              		@ frame_needed = 0, uses_anonymous_args = 0
 227              		@ link register save eliminated.
 228 0000 8B88     		ldrh	r3, [r1, #4]
 229 0002 D2B2     		uxtb	r2, r2
 230 0004 C3F30A00 		ubfx	r0, r3, #0, #11
 231 0008 40EAC202 		orr	r2, r0, r2, lsl #3
 232 000c 62F30A03 		bfi	r3, r2, #0, #11
 233 0010 8B80     		strh	r3, [r1, #4]	@ movhi
 234 0012 7047     		bx	lr
 235              		.size	_ZN5amiro23ControllerAreaNetworkTx14encodeDeviceIdEP10CANTxFramei, .-_ZN5amiro23ControllerAr
 236 0014 AFF30080 		.section	.text._ZN5amiro23ControllerAreaNetworkTx13encodeIndexIdEP10CANTxFramei,"ax",%progbits
 236      AFF30080 
 236      AFF30080 
 237              		.align	2
 238              		.p2align 4,,15
 239              		.global	_ZN5amiro23ControllerAreaNetworkTx13encodeIndexIdEP10CANTxFramei
 240              		.thumb
 241              		.thumb_func
 242              		.type	_ZN5amiro23ControllerAreaNetworkTx13encodeIndexIdEP10CANTxFramei, %function
 243              	_ZN5amiro23ControllerAreaNetworkTx13encodeIndexIdEP10CANTxFramei:
 244              		@ args = 0, pretend = 0, frame = 0
 245              		@ frame_needed = 0, uses_anonymous_args = 0
 246              		@ link register save eliminated.
 247 0000 8B88     		ldrh	r3, [r1, #4]
 248 0002 02F00702 		and	r2, r2, #7
 249 0006 C3F30A00 		ubfx	r0, r3, #0, #11
 250 000a 40EAC202 		orr	r2, r0, r2, lsl #3
 251 000e 62F30A03 		bfi	r3, r2, #0, #11
 252 0012 8B80     		strh	r3, [r1, #4]	@ movhi
 253 0014 7047     		bx	lr
 254              		.size	_ZN5amiro23ControllerAreaNetworkTx13encodeIndexIdEP10CANTxFramei, .-_ZN5amiro23ControllerAre
 255 0016 00BFAFF3 		.section	.text._ZN5amiro23ControllerAreaNetworkTx15transmitMessageEP10CANTxFrame,"ax",%progbits
 255      0080AFF3 
 255      0080
 256              		.align	2
 257              		.p2align 4,,15
 258              		.global	_ZN5amiro23ControllerAreaNetworkTx15transmitMessageEP10CANTxFrame
 259              		.thumb
 260              		.thumb_func
 261              		.type	_ZN5amiro23ControllerAreaNetworkTx15transmitMessageEP10CANTxFrame, %function
 262              	_ZN5amiro23ControllerAreaNetworkTx15transmitMessageEP10CANTxFrame:
 263              		@ args = 0, pretend = 0, frame = 0
 264              		@ frame_needed = 0, uses_anonymous_args = 0
 265 0000 70B5     		push	{r4, r5, r6, lr}
 266 0002 0C46     		mov	r4, r1
 267 0004 A288     		ldrh	r2, [r4, #4]
 268 0006 D0F85811 		ldr	r1, [r0, #344]
 269 000a 2378     		ldrb	r3, [r4]	@ zero_extendqisi2
 270 000c 0546     		mov	r5, r0
 271 000e 01F00701 		and	r1, r1, #7
 272 0012 C2F30A00 		ubfx	r0, r2, #0, #11
 273 0016 0143     		orrs	r1, r1, r0
 274 0018 03F0DF03 		and	r3, r3, #223
ARM GAS  /tmp/ccTQCkCp.s 			page 6


 275 001c 61F30A02 		bfi	r2, r1, #0, #11
 276 0020 6FF30413 		bfc	r3, #4, #1
 277 0024 A280     		strh	r2, [r4, #4]	@ movhi
 278 0026 2370     		strb	r3, [r4]
 279 0028 0220     		movs	r0, #2
 280 002a FFF7FEFF 		bl	_ZN10chibios_rt10BaseThread5sleepEm
 281 002e D5F88C01 		ldr	r0, [r5, #396]
 282 0032 2246     		mov	r2, r4
 283 0034 0321     		movs	r1, #3
 284 0036 0123     		movs	r3, #1
 285 0038 BDE87040 		pop	{r4, r5, r6, lr}
 286 003c FFF7FEBF 		b	canTransmit
 287              		.size	_ZN5amiro23ControllerAreaNetworkTx15transmitMessageEP10CANTxFrame, .-_ZN5amiro23ControllerAr
 288              		.section	.text._ZN5amiro23ControllerAreaNetworkTx18setLightBrightnessEi,"ax",%progbits
 289              		.align	2
 290              		.p2align 4,,15
 291              		.global	_ZN5amiro23ControllerAreaNetworkTx18setLightBrightnessEi
 292              		.thumb
 293              		.thumb_func
 294              		.type	_ZN5amiro23ControllerAreaNetworkTx18setLightBrightnessEi, %function
 295              	_ZN5amiro23ControllerAreaNetworkTx18setLightBrightnessEi:
 296              		@ args = 0, pretend = 0, frame = 16
 297              		@ frame_needed = 0, uses_anonymous_args = 0
 298 0000 10B5     		push	{r4, lr}
 299 0002 84B0     		sub	sp, sp, #16
 300 0004 9DF80040 		ldrb	r4, [sp]	@ zero_extendqisi2
 301 0008 0123     		movs	r3, #1
 302 000a BDF80420 		ldrh	r2, [sp, #4]
 303 000e 63F30304 		bfi	r4, r3, #0, #4
 304 0012 04AB     		add	r3, sp, #16
 305 0014 03F8104D 		strb	r4, [r3, #-16]!
 306 0018 4FF40074 		mov	r4, #512
 307 001c 8DF80810 		strb	r1, [sp, #8]
 308 0020 64F30A02 		bfi	r2, r4, #0, #11
 309 0024 6946     		mov	r1, sp
 310 0026 ADF80420 		strh	r2, [sp, #4]	@ movhi
 311 002a FFF7FEFF 		bl	_ZN5amiro23ControllerAreaNetworkTx15transmitMessageEP10CANTxFrame
 312 002e 04B0     		add	sp, sp, #16
 313              		@ sp needed
 314 0030 10BD     		pop	{r4, pc}
 315              		.size	_ZN5amiro23ControllerAreaNetworkTx18setLightBrightnessEi, .-_ZN5amiro23ControllerAreaNetwork
 316 0032 00BFAFF3 		.section	.text._ZN5amiro23ControllerAreaNetworkTx13setLightColorEiNS_5ColorE,"ax",%progbits
 316      0080AFF3 
 316      0080AFF3 
 316      0080
 317              		.align	2
 318              		.p2align 4,,15
 319              		.global	_ZN5amiro23ControllerAreaNetworkTx13setLightColorEiNS_5ColorE
 320              		.thumb
 321              		.thumb_func
 322              		.type	_ZN5amiro23ControllerAreaNetworkTx13setLightColorEiNS_5ColorE, %function
 323              	_ZN5amiro23ControllerAreaNetworkTx13setLightColorEiNS_5ColorE:
 324              		@ args = 0, pretend = 0, frame = 16
 325              		@ frame_needed = 0, uses_anonymous_args = 0
 326 0000 30B5     		push	{r4, r5, lr}
 327 0002 01F00701 		and	r1, r1, #7
 328 0006 85B0     		sub	sp, sp, #20
ARM GAS  /tmp/ccTQCkCp.s 			page 7


 329 0008 BDF80430 		ldrh	r3, [sp, #4]
 330 000c 41F03801 		orr	r1, r1, #56
 331 0010 C900     		lsls	r1, r1, #3
 332 0012 61F30A03 		bfi	r3, r1, #0, #11
 333 0016 0546     		mov	r5, r0
 334 0018 1046     		mov	r0, r2
 335 001a 1446     		mov	r4, r2
 336 001c ADF80430 		strh	r3, [sp, #4]	@ movhi
 337 0020 FFF7FEFF 		bl	_ZN5amiro5Color6getRedEv
 338 0024 8DF80800 		strb	r0, [sp, #8]
 339 0028 2046     		mov	r0, r4
 340 002a FFF7FEFF 		bl	_ZN5amiro5Color8getGreenEv
 341 002e 8DF80900 		strb	r0, [sp, #9]
 342 0032 2046     		mov	r0, r4
 343 0034 FFF7FEFF 		bl	_ZN5amiro5Color7getBlueEv
 344 0038 9DF80030 		ldrb	r3, [sp]	@ zero_extendqisi2
 345 003c 0322     		movs	r2, #3
 346 003e 62F30303 		bfi	r3, r2, #0, #4
 347 0042 04A9     		add	r1, sp, #16
 348 0044 01F8103D 		strb	r3, [r1, #-16]!
 349 0048 8DF80A00 		strb	r0, [sp, #10]
 350 004c 6946     		mov	r1, sp
 351 004e 2846     		mov	r0, r5
 352 0050 FFF7FEFF 		bl	_ZN5amiro23ControllerAreaNetworkTx15transmitMessageEP10CANTxFrame
 353 0054 05B0     		add	sp, sp, #20
 354              		@ sp needed
 355 0056 30BD     		pop	{r4, r5, pc}
 356              		.size	_ZN5amiro23ControllerAreaNetworkTx13setLightColorEiNS_5ColorE, .-_ZN5amiro23ControllerAreaNe
 357 0058 AFF30080 		.section	.text._ZN5amiro23ControllerAreaNetworkTx11setOdometryEN5types8positionE,"ax",%progbits
 357      AFF30080 
 358              		.align	2
 359              		.p2align 4,,15
 360              		.global	_ZN5amiro23ControllerAreaNetworkTx11setOdometryEN5types8positionE
 361              		.thumb
 362              		.thumb_func
 363              		.type	_ZN5amiro23ControllerAreaNetworkTx11setOdometryEN5types8positionE, %function
 364              	_ZN5amiro23ControllerAreaNetworkTx11setOdometryEN5types8positionE:
 365              		@ args = 28, pretend = 16, frame = 24
 366              		@ frame_needed = 0, uses_anonymous_args = 0
 367 0000 84B0     		sub	sp, sp, #16
 368 0002 F0B5     		push	{r4, r5, r6, r7, lr}
 369 0004 87B0     		sub	sp, sp, #28
 370 0006 0DAC     		add	r4, sp, #52
 371 0008 84E80E00 		stmia	r4, {r1, r2, r3}
 372 000c 0E9B     		ldr	r3, [sp, #56]
 373 000e 06AA     		add	r2, sp, #24
 374 0010 1B12     		asrs	r3, r3, #8
 375 0012 0193     		str	r3, [sp, #4]
 376 0014 32F8147D 		ldrh	r7, [r2, #-20]!	@ unaligned
 377 0018 BDF80C50 		ldrh	r5, [sp, #12]
 378 001c 9DF80840 		ldrb	r4, [sp, #8]	@ zero_extendqisi2
 379 0020 0B46     		mov	r3, r1
 380 0022 1299     		ldr	r1, [sp, #72]
 381 0024 1B12     		asrs	r3, r3, #8
 382 0026 92F802E0 		ldrb	lr, [r2, #2]	@ zero_extendqisi2
 383 002a 4FF0080C 		mov	ip, #8
 384 002e 9022     		movs	r2, #144
ARM GAS  /tmp/ccTQCkCp.s 			page 8


 385 0030 1E0C     		lsrs	r6, r3, #16
 386 0032 62F30A05 		bfi	r5, r2, #0, #11
 387 0036 6CF30304 		bfi	r4, ip, #0, #4
 388 003a C1F30F22 		ubfx	r2, r1, #8, #16
 389 003e 0DEB0C01 		add	r1, sp, ip
 390 0042 8DF815E0 		strb	lr, [sp, #21]
 391 0046 ADF81370 		strh	r7, [sp, #19]	@ unaligned
 392 004a 0093     		str	r3, [sp]
 393 004c ADF81030 		strh	r3, [sp, #16]	@ movhi
 394 0050 8DF81260 		strb	r6, [sp, #18]
 395 0054 ADF80C50 		strh	r5, [sp, #12]	@ movhi
 396 0058 ADF81620 		strh	r2, [sp, #22]	@ movhi
 397 005c 8DF80840 		strb	r4, [sp, #8]
 398 0060 FFF7FEFF 		bl	_ZN5amiro23ControllerAreaNetworkTx15transmitMessageEP10CANTxFrame
 399 0064 07B0     		add	sp, sp, #28
 400              		@ sp needed
 401 0066 BDE8F040 		pop	{r4, r5, r6, r7, lr}
 402 006a 04B0     		add	sp, sp, #16
 403 006c 7047     		bx	lr
 404              		.size	_ZN5amiro23ControllerAreaNetworkTx11setOdometryEN5types8positionE, .-_ZN5amiro23ControllerAr
 405 006e 00BF     		.section	.text._ZN5amiro23ControllerAreaNetworkTx14setTargetSpeedEll,"ax",%progbits
 406              		.align	2
 407              		.p2align 4,,15
 408              		.global	_ZN5amiro23ControllerAreaNetworkTx14setTargetSpeedEll
 409              		.thumb
 410              		.thumb_func
 411              		.type	_ZN5amiro23ControllerAreaNetworkTx14setTargetSpeedEll, %function
 412              	_ZN5amiro23ControllerAreaNetworkTx14setTargetSpeedEll:
 413              		@ args = 0, pretend = 0, frame = 16
 414              		@ frame_needed = 0, uses_anonymous_args = 0
 415 0000 30B5     		push	{r4, r5, lr}
 416 0002 85B0     		sub	sp, sp, #20
 417 0004 9DF80050 		ldrb	r5, [sp]	@ zero_extendqisi2
 418 0008 0823     		movs	r3, #8
 419 000a BDF80440 		ldrh	r4, [sp, #4]
 420 000e 63F30305 		bfi	r5, r3, #0, #4
 421 0012 04AB     		add	r3, sp, #16
 422 0014 03F8105D 		strb	r5, [r3, #-16]!
 423 0018 8825     		movs	r5, #136
 424 001a 0291     		str	r1, [sp, #8]
 425 001c 65F30A04 		bfi	r4, r5, #0, #11
 426 0020 6946     		mov	r1, sp
 427 0022 0392     		str	r2, [sp, #12]
 428 0024 ADF80440 		strh	r4, [sp, #4]	@ movhi
 429 0028 FFF7FEFF 		bl	_ZN5amiro23ControllerAreaNetworkTx15transmitMessageEP10CANTxFrame
 430 002c 05B0     		add	sp, sp, #20
 431              		@ sp needed
 432 002e 30BD     		pop	{r4, r5, pc}
 433              		.size	_ZN5amiro23ControllerAreaNetworkTx14setTargetSpeedEll, .-_ZN5amiro23ControllerAreaNetworkTx1
 434              		.section	.text._ZN5amiro23ControllerAreaNetworkTx14setTargetSpeedERN5types9kinematicE,"ax",%progbi
 435              		.align	2
 436              		.p2align 4,,15
 437              		.global	_ZN5amiro23ControllerAreaNetworkTx14setTargetSpeedERN5types9kinematicE
 438              		.thumb
 439              		.thumb_func
 440              		.type	_ZN5amiro23ControllerAreaNetworkTx14setTargetSpeedERN5types9kinematicE, %function
 441              	_ZN5amiro23ControllerAreaNetworkTx14setTargetSpeedERN5types9kinematicE:
ARM GAS  /tmp/ccTQCkCp.s 			page 9


 442              		@ args = 0, pretend = 0, frame = 16
 443              		@ frame_needed = 0, uses_anonymous_args = 0
 444 0000 70B5     		push	{r4, r5, r6, lr}
 445 0002 84B0     		sub	sp, sp, #16
 446 0004 9DF80040 		ldrb	r4, [sp]	@ zero_extendqisi2
 447 0008 0823     		movs	r3, #8
 448 000a BDF80420 		ldrh	r2, [sp, #4]
 449 000e 63F30304 		bfi	r4, r3, #0, #4
 450 0012 04AB     		add	r3, sp, #16
 451 0014 0D68     		ldr	r5, [r1]
 452 0016 03F8104D 		strb	r4, [r3, #-16]!
 453 001a 8026     		movs	r6, #128
 454 001c 4C69     		ldr	r4, [r1, #20]
 455 001e 66F30A02 		bfi	r2, r6, #0, #11
 456 0022 6946     		mov	r1, sp
 457 0024 0295     		str	r5, [sp, #8]
 458 0026 0394     		str	r4, [sp, #12]
 459 0028 ADF80420 		strh	r2, [sp, #4]	@ movhi
 460 002c FFF7FEFF 		bl	_ZN5amiro23ControllerAreaNetworkTx15transmitMessageEP10CANTxFrame
 461 0030 04B0     		add	sp, sp, #16
 462              		@ sp needed
 463 0032 70BD     		pop	{r4, r5, r6, pc}
 464              		.size	_ZN5amiro23ControllerAreaNetworkTx14setTargetSpeedERN5types9kinematicE, .-_ZN5amiro23Control
 465 0034 AFF30080 		.section	.text._ZN5amiro23ControllerAreaNetworkTx17setTargetPositionERN5types8positionEm,"ax",%pro
 465      AFF30080 
 465      AFF30080 
 466              		.align	2
 467              		.p2align 4,,15
 468              		.global	_ZN5amiro23ControllerAreaNetworkTx17setTargetPositionERN5types8positionEm
 469              		.thumb
 470              		.thumb_func
 471              		.type	_ZN5amiro23ControllerAreaNetworkTx17setTargetPositionERN5types8positionEm, %function
 472              	_ZN5amiro23ControllerAreaNetworkTx17setTargetPositionERN5types8positionEm:
 473              		@ args = 0, pretend = 0, frame = 16
 474              		@ frame_needed = 0, uses_anonymous_args = 0
 475 0000 70B5     		push	{r4, r5, r6, lr}
 476 0002 84B0     		sub	sp, sp, #16
 477 0004 9DF80050 		ldrb	r5, [sp]	@ zero_extendqisi2
 478 0008 0C23     		movs	r3, #12
 479 000a BDF80440 		ldrh	r4, [sp, #4]
 480 000e 63F30305 		bfi	r5, r3, #0, #4
 481 0012 04AB     		add	r3, sp, #16
 482 0014 0E68     		ldr	r6, [r1]
 483 0016 03F8105D 		strb	r5, [r3, #-16]!
 484 001a 4FF48475 		mov	r5, #264
 485 001e 6946     		mov	r1, sp
 486 0020 65F30A04 		bfi	r4, r5, #0, #11
 487 0024 0296     		str	r6, [sp, #8]
 488 0026 0392     		str	r2, [sp, #12]
 489 0028 ADF80440 		strh	r4, [sp, #4]	@ movhi
 490 002c FFF7FEFF 		bl	_ZN5amiro23ControllerAreaNetworkTx15transmitMessageEP10CANTxFrame
 491 0030 04B0     		add	sp, sp, #16
 492              		@ sp needed
 493 0032 70BD     		pop	{r4, r5, r6, pc}
 494              		.size	_ZN5amiro23ControllerAreaNetworkTx17setTargetPositionERN5types8positionEm, .-_ZN5amiro23Cont
 495              		.global	__aeabi_f2uiz
 496 0034 AFF30080 		.section	.text._ZN5amiro23ControllerAreaNetworkTx21setKinematicConstantsEff,"ax",%progbits
ARM GAS  /tmp/ccTQCkCp.s 			page 10


 496      AFF30080 
 496      AFF30080 
 497              		.align	2
 498              		.p2align 4,,15
 499              		.global	_ZN5amiro23ControllerAreaNetworkTx21setKinematicConstantsEff
 500              		.thumb
 501              		.thumb_func
 502              		.type	_ZN5amiro23ControllerAreaNetworkTx21setKinematicConstantsEff, %function
 503              	_ZN5amiro23ControllerAreaNetworkTx21setKinematicConstantsEff:
 504              		@ args = 0, pretend = 0, frame = 16
 505              		@ frame_needed = 0, uses_anonymous_args = 0
 506 0000 30B5     		push	{r4, r5, lr}
 507 0002 85B0     		sub	sp, sp, #20
 508 0004 BDF80430 		ldrh	r3, [sp, #4]
 509 0008 4FF48875 		mov	r5, #272
 510 000c 65F30A03 		bfi	r3, r5, #0, #11
 511 0010 0446     		mov	r4, r0
 512 0012 0846     		mov	r0, r1
 513 0014 1546     		mov	r5, r2
 514 0016 ADF80430 		strh	r3, [sp, #4]	@ movhi
 515 001a FFF7FEFF 		bl	__aeabi_f2uiz
 516 001e 0290     		str	r0, [sp, #8]
 517 0020 2846     		mov	r0, r5
 518 0022 FFF7FEFF 		bl	__aeabi_f2uiz
 519 0026 9DF80030 		ldrb	r3, [sp]	@ zero_extendqisi2
 520 002a 0822     		movs	r2, #8
 521 002c 62F30303 		bfi	r3, r2, #0, #4
 522 0030 04A9     		add	r1, sp, #16
 523 0032 01F8103D 		strb	r3, [r1, #-16]!
 524 0036 0390     		str	r0, [sp, #12]
 525 0038 6946     		mov	r1, sp
 526 003a 2046     		mov	r0, r4
 527 003c FFF7FEFF 		bl	_ZN5amiro23ControllerAreaNetworkTx15transmitMessageEP10CANTxFrame
 528 0040 05B0     		add	sp, sp, #20
 529              		@ sp needed
 530 0042 30BD     		pop	{r4, r5, pc}
 531              		.size	_ZN5amiro23ControllerAreaNetworkTx21setKinematicConstantsEff, .-_ZN5amiro23ControllerAreaNet
 532 0044 AFF30080 		.section	.text._ZN5amiro23ControllerAreaNetworkTx17broadcastShutdownEv,"ax",%progbits
 532      AFF30080 
 532      AFF30080 
 533              		.align	2
 534              		.p2align 4,,15
 535              		.global	_ZN5amiro23ControllerAreaNetworkTx17broadcastShutdownEv
 536              		.thumb
 537              		.thumb_func
 538              		.type	_ZN5amiro23ControllerAreaNetworkTx17broadcastShutdownEv, %function
 539              	_ZN5amiro23ControllerAreaNetworkTx17broadcastShutdownEv:
 540              		@ args = 0, pretend = 0, frame = 16
 541              		@ frame_needed = 0, uses_anonymous_args = 0
 542 0000 00B5     		push	{lr}
 543 0002 85B0     		sub	sp, sp, #20
 544 0004 9DF80020 		ldrb	r2, [sp]	@ zero_extendqisi2
 545 0008 0223     		movs	r3, #2
 546 000a 63F30302 		bfi	r2, r3, #0, #4
 547 000e 04A9     		add	r1, sp, #16
 548 0010 BDF80430 		ldrh	r3, [sp, #4]
 549 0014 01F8102D 		strb	r2, [r1, #-16]!
ARM GAS  /tmp/ccTQCkCp.s 			page 11


 550 0018 4FF48062 		mov	r2, #1024
 551 001c 62F30A03 		bfi	r3, r2, #0, #11
 552 0020 6946     		mov	r1, sp
 553 0022 4AF65522 		movw	r2, #43605
 554 0026 ADF80430 		strh	r3, [sp, #4]	@ movhi
 555 002a ADF80820 		strh	r2, [sp, #8]	@ movhi
 556 002e FFF7FEFF 		bl	_ZN5amiro23ControllerAreaNetworkTx15transmitMessageEP10CANTxFrame
 557 0032 05B0     		add	sp, sp, #20
 558              		@ sp needed
 559 0034 5DF804FB 		ldr	pc, [sp], #4
 560              		.size	_ZN5amiro23ControllerAreaNetworkTx17broadcastShutdownEv, .-_ZN5amiro23ControllerAreaNetworkT
 561 0038 AFF30080 		.section	.text._ZN5amiro23ControllerAreaNetworkTx12txQueryShellEhPct,"ax",%progbits
 561      AFF30080 
 562              		.align	2
 563              		.p2align 4,,15
 564              		.global	_ZN5amiro23ControllerAreaNetworkTx12txQueryShellEhPct
 565              		.thumb
 566              		.thumb_func
 567              		.type	_ZN5amiro23ControllerAreaNetworkTx12txQueryShellEhPct, %function
 568              	_ZN5amiro23ControllerAreaNetworkTx12txQueryShellEhPct:
 569              		@ args = 0, pretend = 0, frame = 16
 570              		@ frame_needed = 0, uses_anonymous_args = 0
 571 0000 2DE9F04F 		push	{r4, r5, r6, r7, r8, r9, r10, fp, lr}
 572 0004 01F00701 		and	r1, r1, #7
 573 0008 85B0     		sub	sp, sp, #20
 574 000a 41F07007 		orr	r7, r1, #112
 575 000e BDF80440 		ldrh	r4, [sp, #4]
 576 0012 9DF80010 		ldrb	r1, [sp]	@ zero_extendqisi2
 577 0016 FF00     		lsls	r7, r7, #3
 578 0018 0825     		movs	r5, #8
 579 001a 67F30A04 		bfi	r4, r7, #0, #11
 580 001e 65F30301 		bfi	r1, r5, #0, #4
 581 0022 AB42     		cmp	r3, r5
 582 0024 1E46     		mov	r6, r3
 583 0026 0746     		mov	r7, r0
 584 0028 9046     		mov	r8, r2
 585 002a ADF80440 		strh	r4, [sp, #4]	@ movhi
 586 002e 8DF80010 		strb	r1, [sp]
 587 0032 2FD9     		bls	.L40
 588 0034 9B46     		mov	fp, r3
 589 0036 1D46     		mov	r5, r3
 590 0038 0DF1080A 		add	r10, sp, #8
 591              	.L39:
 592 003c 731B     		subs	r3, r6, r5
 593 003e 4344     		add	r3, r3, r8
 594 0040 1868     		ldr	r0, [r3]	@ unaligned
 595 0042 5968     		ldr	r1, [r3, #4]	@ unaligned
 596 0044 5446     		mov	r4, r10
 597 0046 083D     		subs	r5, r5, #8
 598 0048 03C4     		stmia	r4!, {r0, r1}
 599 004a ADB2     		uxth	r5, r5
 600 004c 3846     		mov	r0, r7
 601 004e 6946     		mov	r1, sp
 602 0050 FFF7FEFF 		bl	_ZN5amiro23ControllerAreaNetworkTx15transmitMessageEP10CANTxFrame
 603 0054 082D     		cmp	r5, #8
 604 0056 F1D8     		bhi	.L39
 605 0058 A6F10903 		sub	r3, r6, #9
ARM GAS  /tmp/ccTQCkCp.s 			page 12


 606 005c C3F3CC03 		ubfx	r3, r3, #3, #13
 607 0060 C3EB4333 		rsb	r3, r3, r3, lsl #13
 608 0064 083E     		subs	r6, r6, #8
 609 0066 06EBC306 		add	r6, r6, r3, lsl #3
 610 006a B6B2     		uxth	r6, r6
 611 006c C6EB0B01 		rsb	r1, r6, fp
 612              	.L37:
 613 0070 4144     		add	r1, r1, r8
 614 0072 3246     		mov	r2, r6
 615 0074 5046     		mov	r0, r10
 616 0076 FFF7FEFF 		bl	memcpy
 617 007a 9DF80030 		ldrb	r3, [sp]	@ zero_extendqisi2
 618 007e 3846     		mov	r0, r7
 619 0080 66F30303 		bfi	r3, r6, #0, #4
 620 0084 6946     		mov	r1, sp
 621 0086 8DF80030 		strb	r3, [sp]
 622 008a FFF7FEFF 		bl	_ZN5amiro23ControllerAreaNetworkTx15transmitMessageEP10CANTxFrame
 623 008e 05B0     		add	sp, sp, #20
 624              		@ sp needed
 625 0090 BDE8F08F 		pop	{r4, r5, r6, r7, r8, r9, r10, fp, pc}
 626              	.L40:
 627 0094 0021     		movs	r1, #0
 628 0096 0DF1080A 		add	r10, sp, #8
 629 009a E9E7     		b	.L37
 630              		.size	_ZN5amiro23ControllerAreaNetworkTx12txQueryShellEhPct, .-_ZN5amiro23ControllerAreaNetworkTx1
 631 009c AFF30080 		.section	.text._ZN5amiro23ControllerAreaNetworkTx12txReplyShellEhPct,"ax",%progbits
 632              		.align	2
 633              		.p2align 4,,15
 634              		.global	_ZN5amiro23ControllerAreaNetworkTx12txReplyShellEhPct
 635              		.thumb
 636              		.thumb_func
 637              		.type	_ZN5amiro23ControllerAreaNetworkTx12txReplyShellEhPct, %function
 638              	_ZN5amiro23ControllerAreaNetworkTx12txReplyShellEhPct:
 639              		@ args = 0, pretend = 0, frame = 16
 640              		@ frame_needed = 0, uses_anonymous_args = 0
 641 0000 2DE9F04F 		push	{r4, r5, r6, r7, r8, r9, r10, fp, lr}
 642 0004 01F00701 		and	r1, r1, #7
 643 0008 85B0     		sub	sp, sp, #20
 644 000a 41F07807 		orr	r7, r1, #120
 645 000e BDF80440 		ldrh	r4, [sp, #4]
 646 0012 9DF80010 		ldrb	r1, [sp]	@ zero_extendqisi2
 647 0016 FF00     		lsls	r7, r7, #3
 648 0018 0825     		movs	r5, #8
 649 001a 67F30A04 		bfi	r4, r7, #0, #11
 650 001e 65F30301 		bfi	r1, r5, #0, #4
 651 0022 AB42     		cmp	r3, r5
 652 0024 1E46     		mov	r6, r3
 653 0026 0746     		mov	r7, r0
 654 0028 9046     		mov	r8, r2
 655 002a ADF80440 		strh	r4, [sp, #4]	@ movhi
 656 002e 8DF80010 		strb	r1, [sp]
 657 0032 2FD9     		bls	.L45
 658 0034 9B46     		mov	fp, r3
 659 0036 1D46     		mov	r5, r3
 660 0038 0DF1080A 		add	r10, sp, #8
 661              	.L44:
 662 003c 731B     		subs	r3, r6, r5
ARM GAS  /tmp/ccTQCkCp.s 			page 13


 663 003e 4344     		add	r3, r3, r8
 664 0040 1868     		ldr	r0, [r3]	@ unaligned
 665 0042 5968     		ldr	r1, [r3, #4]	@ unaligned
 666 0044 5446     		mov	r4, r10
 667 0046 083D     		subs	r5, r5, #8
 668 0048 03C4     		stmia	r4!, {r0, r1}
 669 004a ADB2     		uxth	r5, r5
 670 004c 3846     		mov	r0, r7
 671 004e 6946     		mov	r1, sp
 672 0050 FFF7FEFF 		bl	_ZN5amiro23ControllerAreaNetworkTx15transmitMessageEP10CANTxFrame
 673 0054 082D     		cmp	r5, #8
 674 0056 F1D8     		bhi	.L44
 675 0058 A6F10903 		sub	r3, r6, #9
 676 005c C3F3CC03 		ubfx	r3, r3, #3, #13
 677 0060 C3EB4333 		rsb	r3, r3, r3, lsl #13
 678 0064 083E     		subs	r6, r6, #8
 679 0066 06EBC306 		add	r6, r6, r3, lsl #3
 680 006a B6B2     		uxth	r6, r6
 681 006c C6EB0B01 		rsb	r1, r6, fp
 682              	.L42:
 683 0070 4144     		add	r1, r1, r8
 684 0072 3246     		mov	r2, r6
 685 0074 5046     		mov	r0, r10
 686 0076 FFF7FEFF 		bl	memcpy
 687 007a 9DF80030 		ldrb	r3, [sp]	@ zero_extendqisi2
 688 007e 3846     		mov	r0, r7
 689 0080 66F30303 		bfi	r3, r6, #0, #4
 690 0084 6946     		mov	r1, sp
 691 0086 8DF80030 		strb	r3, [sp]
 692 008a FFF7FEFF 		bl	_ZN5amiro23ControllerAreaNetworkTx15transmitMessageEP10CANTxFrame
 693 008e 05B0     		add	sp, sp, #20
 694              		@ sp needed
 695 0090 BDE8F08F 		pop	{r4, r5, r6, r7, r8, r9, r10, fp, pc}
 696              	.L45:
 697 0094 0021     		movs	r1, #0
 698 0096 0DF1080A 		add	r10, sp, #8
 699 009a E9E7     		b	.L42
 700              		.size	_ZN5amiro23ControllerAreaNetworkTx12txReplyShellEhPct, .-_ZN5amiro23ControllerAreaNetworkTx1
 701 009c AFF30080 		.section	.text.startup._GLOBAL__sub_I__ZN5amiro23ControllerAreaNetworkTxC2EP9CANDriverh,"ax",%prog
 702              		.align	2
 703              		.p2align 4,,15
 704              		.thumb
 705              		.thumb_func
 706              		.type	_GLOBAL__sub_I__ZN5amiro23ControllerAreaNetworkTxC2EP9CANDriverh, %function
 707              	_GLOBAL__sub_I__ZN5amiro23ControllerAreaNetworkTxC2EP9CANDriverh:
 708              		@ args = 0, pretend = 0, frame = 0
 709              		@ frame_needed = 0, uses_anonymous_args = 0
 710              		@ link register save eliminated.
 711 0000 024B     		ldr	r3, .L47
 712 0002 034A     		ldr	r2, .L47+4
 713 0004 1A60     		str	r2, [r3]
 714 0006 5A60     		str	r2, [r3, #4]
 715 0008 7047     		bx	lr
 716              	.L48:
 717 000a 00BF     		.align	2
 718              	.L47:
 719 000c 00000000 		.word	.LANCHOR1
ARM GAS  /tmp/ccTQCkCp.s 			page 14


 720 0010 A0860100 		.word	100000
 721              		.size	_GLOBAL__sub_I__ZN5amiro23ControllerAreaNetworkTxC2EP9CANDriverh, .-_GLOBAL__sub_I__ZN5amiro
 722 0014 AFF30080 		.section	.init_array,"aw",%init_array
 722      AFF30080 
 722      AFF30080 
 723              		.align	2
 724 0000 00000000 		.word	_GLOBAL__sub_I__ZN5amiro23ControllerAreaNetworkTxC2EP9CANDriverh(target1)
 725              		.weak	_ZTVN10chibios_rt16BaseStaticThreadILi128EEE
 726              		.section	.rodata._ZTVN10chibios_rt16BaseStaticThreadILi128EEE,"aG",%progbits,_ZTVN10chibios_rt16Ba
 727              		.align	3
 728              		.type	_ZTVN10chibios_rt16BaseStaticThreadILi128EEE, %object
 729              		.size	_ZTVN10chibios_rt16BaseStaticThreadILi128EEE, 20
 730              	_ZTVN10chibios_rt16BaseStaticThreadILi128EEE:
 731 0000 00000000 		.word	0
 732 0004 00000000 		.word	0
 733 0008 00000000 		.word	_ZN10chibios_rt15ThreadReference4stopEv
 734 000c 00000000 		.word	_ZN10chibios_rt10BaseThread4mainEv
 735 0010 00000000 		.word	_ZN10chibios_rt16BaseStaticThreadILi128EE5startEm
 736              		.global	_ZTVN5amiro23ControllerAreaNetworkTxE
 737 0014 00000000 		.section	.bss._ZN5amiro9constants12DiWheelDriveL10wheelErrorE,"aw",%nobits
 738              		.align	2
 739              		.set	.LANCHOR1,. + 0
 740              		.type	_ZN5amiro9constants12DiWheelDriveL10wheelErrorE, %object
 741              		.size	_ZN5amiro9constants12DiWheelDriveL10wheelErrorE, 8
 742              	_ZN5amiro9constants12DiWheelDriveL10wheelErrorE:
 743 0000 00000000 		.space	8
 743      00000000 
 744              		.section	.rodata._ZTVN5amiro23ControllerAreaNetworkTxE,"a",%progbits
 745              		.align	3
 746              		.set	.LANCHOR0,. + 0
 747              		.type	_ZTVN5amiro23ControllerAreaNetworkTxE, %object
 748              		.size	_ZTVN5amiro23ControllerAreaNetworkTxE, 36
 749              	_ZTVN5amiro23ControllerAreaNetworkTxE:
 750 0000 00000000 		.word	0
 751 0004 00000000 		.word	0
 752 0008 00000000 		.word	_ZN10chibios_rt15ThreadReference4stopEv
 753 000c 00000000 		.word	_ZN5amiro23ControllerAreaNetworkTx4mainEv
 754 0010 00000000 		.word	_ZN10chibios_rt16BaseStaticThreadILi128EE5startEm
 755 0014 00000000 		.word	__cxa_pure_virtual
 756 0018 00000000 		.word	__cxa_pure_virtual
 757 001c 00000000 		.word	_ZN5amiro23ControllerAreaNetworkTx15updateSensorValEv
 758 0020 00000000 		.word	__cxa_pure_virtual
 759 0024 00000000 		.section	.rodata.str1.4,"aMS",%progbits,1
 760              		.align	2
 761              	.LC0:
 762 0000 436F6E74 		.ascii	"ControllerAreaNetworkTx\000"
 762      726F6C6C 
 762      65724172 
 762      65614E65 
 762      74776F72 
 763              		.ident	"GCC: (GNU Tools for ARM Embedded Processors) 4.8.3 20140228 (release) [ARM/embedded-4_8-br
ARM GAS  /tmp/ccTQCkCp.s 			page 15


DEFINED SYMBOLS
                            *ABS*:00000000 ControllerAreaNetworkTx.cpp
     /tmp/ccTQCkCp.s:16     .text._ZN5amiro23ControllerAreaNetworkTx15updateSensorValEv:00000000 $t
     /tmp/ccTQCkCp.s:22     .text._ZN5amiro23ControllerAreaNetworkTx15updateSensorValEv:00000000 _ZN5amiro23ControllerAreaNetworkTx15updateSensorValEv
     /tmp/ccTQCkCp.s:30     .text.startup._ZN5amiro23ControllerAreaNetworkTx4mainEv:00000000 $t
     /tmp/ccTQCkCp.s:36     .text.startup._ZN5amiro23ControllerAreaNetworkTx4mainEv:00000000 _ZN5amiro23ControllerAreaNetworkTx4mainEv
     /tmp/ccTQCkCp.s:87     .text.startup._ZN5amiro23ControllerAreaNetworkTx4mainEv:00000074 $d
     /tmp/ccTQCkCp.s:90     .text._ZN10chibios_rt16BaseStaticThreadILi128EE5startEm:00000000 $t
     /tmp/ccTQCkCp.s:96     .text._ZN10chibios_rt16BaseStaticThreadILi128EE5startEm:00000000 _ZN10chibios_rt16BaseStaticThreadILi128EE5startEm
     /tmp/ccTQCkCp.s:119    .text._ZN10chibios_rt16BaseStaticThreadILi128EE5startEm:00000028 $d
     /tmp/ccTQCkCp.s:123    .text._ZN5amiro23ControllerAreaNetworkTxC2EP9CANDriverh:00000000 $t
     /tmp/ccTQCkCp.s:129    .text._ZN5amiro23ControllerAreaNetworkTxC2EP9CANDriverh:00000000 _ZN5amiro23ControllerAreaNetworkTxC2EP9CANDriverh
     /tmp/ccTQCkCp.s:150    .text._ZN5amiro23ControllerAreaNetworkTxC2EP9CANDriverh:00000028 $d
     /tmp/ccTQCkCp.s:129    .text._ZN5amiro23ControllerAreaNetworkTxC2EP9CANDriverh:00000000 _ZN5amiro23ControllerAreaNetworkTxC1EP9CANDriverh
     /tmp/ccTQCkCp.s:156    .text._ZN5amiro23ControllerAreaNetworkTxD2Ev:00000000 $t
     /tmp/ccTQCkCp.s:162    .text._ZN5amiro23ControllerAreaNetworkTxD2Ev:00000000 _ZN5amiro23ControllerAreaNetworkTxD2Ev
     /tmp/ccTQCkCp.s:172    .text._ZN5amiro23ControllerAreaNetworkTxD2Ev:00000008 $d
     /tmp/ccTQCkCp.s:162    .text._ZN5amiro23ControllerAreaNetworkTxD2Ev:00000000 _ZN5amiro23ControllerAreaNetworkTxD1Ev
     /tmp/ccTQCkCp.s:177    .text._ZN5amiro23ControllerAreaNetworkTxD0Ev:00000000 $t
     /tmp/ccTQCkCp.s:183    .text._ZN5amiro23ControllerAreaNetworkTxD0Ev:00000000 _ZN5amiro23ControllerAreaNetworkTxD0Ev
     /tmp/ccTQCkCp.s:196    .text._ZN5amiro23ControllerAreaNetworkTxD0Ev:00000010 $d
     /tmp/ccTQCkCp.s:199    .text._ZN5amiro23ControllerAreaNetworkTx13encodeBoardIdEP10CANTxFramei:00000000 $t
     /tmp/ccTQCkCp.s:205    .text._ZN5amiro23ControllerAreaNetworkTx13encodeBoardIdEP10CANTxFramei:00000000 _ZN5amiro23ControllerAreaNetworkTx13encodeBoardIdEP10CANTxFramei
     /tmp/ccTQCkCp.s:218    .text._ZN5amiro23ControllerAreaNetworkTx14encodeDeviceIdEP10CANTxFramei:00000000 $t
     /tmp/ccTQCkCp.s:224    .text._ZN5amiro23ControllerAreaNetworkTx14encodeDeviceIdEP10CANTxFramei:00000000 _ZN5amiro23ControllerAreaNetworkTx14encodeDeviceIdEP10CANTxFramei
     /tmp/ccTQCkCp.s:237    .text._ZN5amiro23ControllerAreaNetworkTx13encodeIndexIdEP10CANTxFramei:00000000 $t
     /tmp/ccTQCkCp.s:243    .text._ZN5amiro23ControllerAreaNetworkTx13encodeIndexIdEP10CANTxFramei:00000000 _ZN5amiro23ControllerAreaNetworkTx13encodeIndexIdEP10CANTxFramei
     /tmp/ccTQCkCp.s:256    .text._ZN5amiro23ControllerAreaNetworkTx15transmitMessageEP10CANTxFrame:00000000 $t
     /tmp/ccTQCkCp.s:262    .text._ZN5amiro23ControllerAreaNetworkTx15transmitMessageEP10CANTxFrame:00000000 _ZN5amiro23ControllerAreaNetworkTx15transmitMessageEP10CANTxFrame
     /tmp/ccTQCkCp.s:289    .text._ZN5amiro23ControllerAreaNetworkTx18setLightBrightnessEi:00000000 $t
     /tmp/ccTQCkCp.s:295    .text._ZN5amiro23ControllerAreaNetworkTx18setLightBrightnessEi:00000000 _ZN5amiro23ControllerAreaNetworkTx18setLightBrightnessEi
     /tmp/ccTQCkCp.s:317    .text._ZN5amiro23ControllerAreaNetworkTx13setLightColorEiNS_5ColorE:00000000 $t
     /tmp/ccTQCkCp.s:323    .text._ZN5amiro23ControllerAreaNetworkTx13setLightColorEiNS_5ColorE:00000000 _ZN5amiro23ControllerAreaNetworkTx13setLightColorEiNS_5ColorE
     /tmp/ccTQCkCp.s:358    .text._ZN5amiro23ControllerAreaNetworkTx11setOdometryEN5types8positionE:00000000 $t
     /tmp/ccTQCkCp.s:364    .text._ZN5amiro23ControllerAreaNetworkTx11setOdometryEN5types8positionE:00000000 _ZN5amiro23ControllerAreaNetworkTx11setOdometryEN5types8positionE
     /tmp/ccTQCkCp.s:406    .text._ZN5amiro23ControllerAreaNetworkTx14setTargetSpeedEll:00000000 $t
     /tmp/ccTQCkCp.s:412    .text._ZN5amiro23ControllerAreaNetworkTx14setTargetSpeedEll:00000000 _ZN5amiro23ControllerAreaNetworkTx14setTargetSpeedEll
     /tmp/ccTQCkCp.s:435    .text._ZN5amiro23ControllerAreaNetworkTx14setTargetSpeedERN5types9kinematicE:00000000 $t
     /tmp/ccTQCkCp.s:441    .text._ZN5amiro23ControllerAreaNetworkTx14setTargetSpeedERN5types9kinematicE:00000000 _ZN5amiro23ControllerAreaNetworkTx14setTargetSpeedERN5types9kinematicE
     /tmp/ccTQCkCp.s:466    .text._ZN5amiro23ControllerAreaNetworkTx17setTargetPositionERN5types8positionEm:00000000 $t
     /tmp/ccTQCkCp.s:472    .text._ZN5amiro23ControllerAreaNetworkTx17setTargetPositionERN5types8positionEm:00000000 _ZN5amiro23ControllerAreaNetworkTx17setTargetPositionERN5types8positionEm
     /tmp/ccTQCkCp.s:497    .text._ZN5amiro23ControllerAreaNetworkTx21setKinematicConstantsEff:00000000 $t
     /tmp/ccTQCkCp.s:503    .text._ZN5amiro23ControllerAreaNetworkTx21setKinematicConstantsEff:00000000 _ZN5amiro23ControllerAreaNetworkTx21setKinematicConstantsEff
     /tmp/ccTQCkCp.s:533    .text._ZN5amiro23ControllerAreaNetworkTx17broadcastShutdownEv:00000000 $t
     /tmp/ccTQCkCp.s:539    .text._ZN5amiro23ControllerAreaNetworkTx17broadcastShutdownEv:00000000 _ZN5amiro23ControllerAreaNetworkTx17broadcastShutdownEv
     /tmp/ccTQCkCp.s:562    .text._ZN5amiro23ControllerAreaNetworkTx12txQueryShellEhPct:00000000 $t
     /tmp/ccTQCkCp.s:568    .text._ZN5amiro23ControllerAreaNetworkTx12txQueryShellEhPct:00000000 _ZN5amiro23ControllerAreaNetworkTx12txQueryShellEhPct
     /tmp/ccTQCkCp.s:632    .text._ZN5amiro23ControllerAreaNetworkTx12txReplyShellEhPct:00000000 $t
     /tmp/ccTQCkCp.s:638    .text._ZN5amiro23ControllerAreaNetworkTx12txReplyShellEhPct:00000000 _ZN5amiro23ControllerAreaNetworkTx12txReplyShellEhPct
     /tmp/ccTQCkCp.s:702    .text.startup._GLOBAL__sub_I__ZN5amiro23ControllerAreaNetworkTxC2EP9CANDriverh:00000000 $t
     /tmp/ccTQCkCp.s:707    .text.startup._GLOBAL__sub_I__ZN5amiro23ControllerAreaNetworkTxC2EP9CANDriverh:00000000 _GLOBAL__sub_I__ZN5amiro23ControllerAreaNetworkTxC2EP9CANDriverh
     /tmp/ccTQCkCp.s:719    .text.startup._GLOBAL__sub_I__ZN5amiro23ControllerAreaNetworkTxC2EP9CANDriverh:0000000c $d
     /tmp/ccTQCkCp.s:723    .init_array:00000000 $d
     /tmp/ccTQCkCp.s:730    .rodata._ZTVN10chibios_rt16BaseStaticThreadILi128EEE:00000000 _ZTVN10chibios_rt16BaseStaticThreadILi128EEE
     /tmp/ccTQCkCp.s:727    .rodata._ZTVN10chibios_rt16BaseStaticThreadILi128EEE:00000000 $d
     /tmp/ccTQCkCp.s:749    .rodata._ZTVN5amiro23ControllerAreaNetworkTxE:00000000 _ZTVN5amiro23ControllerAreaNetworkTxE
     /tmp/ccTQCkCp.s:738    .bss._ZN5amiro9constants12DiWheelDriveL10wheelErrorE:00000000 $d
ARM GAS  /tmp/ccTQCkCp.s 			page 16


     /tmp/ccTQCkCp.s:742    .bss._ZN5amiro9constants12DiWheelDriveL10wheelErrorE:00000000 _ZN5amiro9constants12DiWheelDriveL10wheelErrorE
     /tmp/ccTQCkCp.s:745    .rodata._ZTVN5amiro23ControllerAreaNetworkTxE:00000000 $d
     /tmp/ccTQCkCp.s:760    .rodata.str1.4:00000000 $d
     /tmp/ccTQCkCp.s:89     .text.startup._ZN5amiro23ControllerAreaNetworkTx4mainEv:00000078 $t
     /tmp/ccTQCkCp.s:176    .text._ZN5amiro23ControllerAreaNetworkTxD2Ev:0000000c $t
     /tmp/ccTQCkCp.s:198    .text._ZN5amiro23ControllerAreaNetworkTxD0Ev:00000014 $t
     /tmp/ccTQCkCp.s:722    .text.startup._GLOBAL__sub_I__ZN5amiro23ControllerAreaNetworkTxC2EP9CANDriverh:00000014 $t

UNDEFINED SYMBOLS
_ZN10chibios_rt9EvtSource11registerOneEPNS_11EvtListenerEl
evtStart
_ZN10chibios_rt10BaseThread7setNameEPKc
_ZN10chibios_rt10BaseThread12waitOneEventEm
_ZN10chibios_rt10BaseThread15shouldTerminateEv
evtStop
_ZN10chibios_rt9EvtSource10unregisterEPNS_11EvtListenerE
chThdCreateStatic
_ZN10chibios_rt10_thd_startEPv
_ZTVN10chibios_rt15ThreadReferenceE
_ZN10chibios_rt10BaseThreadC2Ev
_ZdlPv
_ZN10chibios_rt10BaseThread5sleepEm
canTransmit
_ZN5amiro5Color6getRedEv
_ZN5amiro5Color8getGreenEv
_ZN5amiro5Color7getBlueEv
__aeabi_f2uiz
memcpy
_ZN10chibios_rt15ThreadReference4stopEv
_ZN10chibios_rt10BaseThread4mainEv
__cxa_pure_virtual
