ARM GAS  /tmp/cc1UDbj1.s 			page 1


   1              		.syntax unified
   2              		.cpu cortex-m3
   3              		.fpu softvfp
   4              		.eabi_attribute 20, 1
   5              		.eabi_attribute 21, 1
   6              		.eabi_attribute 23, 3
   7              		.eabi_attribute 24, 1
   8              		.eabi_attribute 25, 1
   9              		.eabi_attribute 26, 1
  10              		.eabi_attribute 30, 2
  11              		.eabi_attribute 34, 1
  12              		.eabi_attribute 18, 4
  13              		.thumb
  14              		.file	"lis331dlh.cpp"
  15              		.section	.text._ZN5amiro9LIS331DLHD2Ev,"ax",%progbits
  16              		.align	2
  17              		.p2align 4,,15
  18              		.global	_ZN5amiro9LIS331DLHD2Ev
  19              		.thumb
  20              		.thumb_func
  21              		.type	_ZN5amiro9LIS331DLHD2Ev, %function
  22              	_ZN5amiro9LIS331DLHD2Ev:
  23              		@ args = 0, pretend = 0, frame = 0
  24              		@ frame_needed = 0, uses_anonymous_args = 0
  25              		@ link register save eliminated.
  26 0000 014B     		ldr	r3, .L2
  27 0002 0360     		str	r3, [r0]
  28 0004 7047     		bx	lr
  29              	.L3:
  30 0006 00BF     		.align	2
  31              	.L2:
  32 0008 08000000 		.word	.LANCHOR0+8
  33              		.size	_ZN5amiro9LIS331DLHD2Ev, .-_ZN5amiro9LIS331DLHD2Ev
  34              		.global	_ZN5amiro9LIS331DLHD1Ev
  35              		.thumb_set _ZN5amiro9LIS331DLHD1Ev,_ZN5amiro9LIS331DLHD2Ev
  36 000c AFF30080 		.section	.text._ZN5amiro9LIS331DLHD0Ev,"ax",%progbits
  37              		.align	2
  38              		.p2align 4,,15
  39              		.global	_ZN5amiro9LIS331DLHD0Ev
  40              		.thumb
  41              		.thumb_func
  42              		.type	_ZN5amiro9LIS331DLHD0Ev, %function
  43              	_ZN5amiro9LIS331DLHD0Ev:
  44              		@ args = 0, pretend = 0, frame = 0
  45              		@ frame_needed = 0, uses_anonymous_args = 0
  46 0000 10B5     		push	{r4, lr}
  47 0002 034B     		ldr	r3, .L5
  48 0004 0446     		mov	r4, r0
  49 0006 0360     		str	r3, [r0]
  50 0008 FFF7FEFF 		bl	_ZdlPv
  51 000c 2046     		mov	r0, r4
  52 000e 10BD     		pop	{r4, pc}
  53              	.L6:
  54              		.align	2
  55              	.L5:
  56 0010 08000000 		.word	.LANCHOR0+8
  57              		.size	_ZN5amiro9LIS331DLHD0Ev, .-_ZN5amiro9LIS331DLHD0Ev
ARM GAS  /tmp/cc1UDbj1.s 			page 2


  58 0014 AFF30080 		.section	.text.startup._ZN5amiro9LIS331DLH4mainEv,"ax",%progbits
  58      AFF30080 
  58      AFF30080 
  59              		.align	2
  60              		.p2align 4,,15
  61              		.global	_ZN5amiro9LIS331DLH4mainEv
  62              		.thumb
  63              		.thumb_func
  64              		.type	_ZN5amiro9LIS331DLH4mainEv, %function
  65              	_ZN5amiro9LIS331DLH4mainEv:
  66              		@ args = 0, pretend = 0, frame = 8
  67              		@ frame_needed = 0, uses_anonymous_args = 0
  68 0000 30B5     		push	{r4, r5, lr}
  69 0002 0446     		mov	r4, r0
  70 0004 83B0     		sub	sp, sp, #12
  71 0006 2548     		ldr	r0, .L23
  72 0008 FFF7FEFF 		bl	_ZN10chibios_rt10BaseThread7setNameEPKc
  73 000c 3DE0     		b	.L8
  74              	.L12:
  75 000e 6846     		mov	r0, sp
  76 0010 FFF7FEFF 		bl	memset
  77 0014 E725     		movs	r5, #231
  78 0016 D4F8D801 		ldr	r0, [r4, #472]
  79 001a 6946     		mov	r1, sp
  80 001c 0823     		movs	r3, #8
  81 001e 6A46     		mov	r2, sp
  82 0020 8DF80050 		strb	r5, [sp]
  83 0024 FFF7FEFF 		bl	_ZN5amiro11HWSPIDriver8exchangeEPhPKhj
  84 0028 9DF80130 		ldrb	r3, [sp, #1]	@ zero_extendqisi2
  85 002c 04F5EE70 		add	r0, r4, #476
  86 0030 DD07     		lsls	r5, r3, #31
  87 0032 4FF00001 		mov	r1, #0
  88 0036 09D5     		bpl	.L9
  89 0038 9DF80350 		ldrb	r5, [sp, #3]	@ zero_extendqisi2
  90 003c 9DF80220 		ldrb	r2, [sp, #2]	@ zero_extendqisi2
  91 0040 42EA0522 		orr	r2, r2, r5, lsl #8
  92 0044 42F30B12 		sbfx	r2, r2, #4, #12
  93 0048 A4F8E021 		strh	r2, [r4, #480]	@ movhi
  94              	.L9:
  95 004c 9A07     		lsls	r2, r3, #30
  96 004e 09D5     		bpl	.L10
  97 0050 9DF80550 		ldrb	r5, [sp, #5]	@ zero_extendqisi2
  98 0054 9DF80420 		ldrb	r2, [sp, #4]	@ zero_extendqisi2
  99 0058 42EA0522 		orr	r2, r2, r5, lsl #8
 100 005c 42F30B12 		sbfx	r2, r2, #4, #12
 101 0060 A4F8E221 		strh	r2, [r4, #482]	@ movhi
 102              	.L10:
 103 0064 5B07     		lsls	r3, r3, #29
 104 0066 09D5     		bpl	.L11
 105 0068 9DF80720 		ldrb	r2, [sp, #7]	@ zero_extendqisi2
 106 006c 9DF80630 		ldrb	r3, [sp, #6]	@ zero_extendqisi2
 107 0070 43EA0223 		orr	r3, r3, r2, lsl #8
 108 0074 43F30B13 		sbfx	r3, r3, #4, #12
 109 0078 A4F8E431 		strh	r3, [r4, #484]	@ movhi
 110              	.L11:
 111 007c FFF7FEFF 		bl	_ZN10chibios_rt9EvtSource14broadcastFlagsEm
 112 0080 4FF0FF30 		mov	r0, #-1
ARM GAS  /tmp/cc1UDbj1.s 			page 3


 113 0084 1421     		movs	r1, #20
 114 0086 FFF7FEFF 		bl	_ZN10chibios_rt10BaseThread19waitAnyEventTimeoutEmm
 115              	.L8:
 116 008a FFF7FEFF 		bl	_ZN10chibios_rt10BaseThread15shouldTerminateEv
 117 008e FF21     		movs	r1, #255
 118 0090 0822     		movs	r2, #8
 119 0092 0028     		cmp	r0, #0
 120 0094 BBD0     		beq	.L12
 121 0096 0020     		movs	r0, #0
 122 0098 03B0     		add	sp, sp, #12
 123              		@ sp needed
 124 009a 30BD     		pop	{r4, r5, pc}
 125              	.L24:
 126              		.align	2
 127              	.L23:
 128 009c 00000000 		.word	.LC1
 129              		.size	_ZN5amiro9LIS331DLH4mainEv, .-_ZN5amiro9LIS331DLH4mainEv
 130              		.section	.text._ZN10chibios_rt16BaseStaticThreadILi256EE5startEm,"axG",%progbits,_ZN10chibios_rt16
 131              		.align	2
 132              		.p2align 4,,15
 133              		.weak	_ZN10chibios_rt16BaseStaticThreadILi256EE5startEm
 134              		.thumb
 135              		.thumb_func
 136              		.type	_ZN10chibios_rt16BaseStaticThreadILi256EE5startEm, %function
 137              	_ZN10chibios_rt16BaseStaticThreadILi256EE5startEm:
 138              		@ args = 0, pretend = 0, frame = 0
 139              		@ frame_needed = 0, uses_anonymous_args = 0
 140 0000 30B5     		push	{r4, r5, lr}
 141 0002 0D46     		mov	r5, r1
 142 0004 83B0     		sub	sp, sp, #12
 143 0006 0446     		mov	r4, r0
 144 0008 0091     		str	r1, [sp]
 145 000a 05F10800 		add	r0, r5, #8
 146 000e 4FF4E871 		mov	r1, #464
 147 0012 054B     		ldr	r3, .L26
 148 0014 FFF7FEFF 		bl	chThdCreateStatic
 149 0018 044A     		ldr	r2, .L26+4
 150 001a 0346     		mov	r3, r0
 151 001c 6860     		str	r0, [r5, #4]
 152 001e 2046     		mov	r0, r4
 153 0020 84E80C00 		stmia	r4, {r2, r3}
 154 0024 03B0     		add	sp, sp, #12
 155              		@ sp needed
 156 0026 30BD     		pop	{r4, r5, pc}
 157              	.L27:
 158              		.align	2
 159              	.L26:
 160 0028 00000000 		.word	_ZN10chibios_rt10_thd_startEPv
 161 002c 08000000 		.word	_ZTVN10chibios_rt15ThreadReferenceE+8
 162              		.size	_ZN10chibios_rt16BaseStaticThreadILi256EE5startEm, .-_ZN10chibios_rt16BaseStaticThreadILi256
 163              		.section	.text._ZL8chprintfP20BaseSequentialStreamPKcz.constprop.0,"ax",%progbits
 164              		.align	2
 165              		.p2align 4,,15
 166              		.thumb
 167              		.thumb_func
 168              		.type	_ZL8chprintfP20BaseSequentialStreamPKcz.constprop.0, %function
 169              	_ZL8chprintfP20BaseSequentialStreamPKcz.constprop.0:
ARM GAS  /tmp/cc1UDbj1.s 			page 4


 170              		@ args = 4, pretend = 12, frame = 8
 171              		@ frame_needed = 0, uses_anonymous_args = 1
 172 0000 0EB4     		push	{r1, r2, r3}
 173 0002 00B5     		push	{lr}
 174 0004 82B0     		sub	sp, sp, #8
 175 0006 03AB     		add	r3, sp, #12
 176 0008 53F8041B 		ldr	r1, [r3], #4
 177 000c 0448     		ldr	r0, .L29
 178 000e 1A46     		mov	r2, r3
 179 0010 0193     		str	r3, [sp, #4]
 180 0012 FFF7FEFF 		bl	chvprintf
 181 0016 02B0     		add	sp, sp, #8
 182              		@ sp needed
 183 0018 5DF804EB 		ldr	lr, [sp], #4
 184 001c 03B0     		add	sp, sp, #12
 185 001e 7047     		bx	lr
 186              	.L30:
 187              		.align	2
 188              	.L29:
 189 0020 081C0000 		.word	_ZN5amiro6globalE+7176
 190              		.size	_ZL8chprintfP20BaseSequentialStreamPKcz.constprop.0, .-_ZL8chprintfP20BaseSequentialStreamPK
 191 0024 AFF30080 		.section	.text._ZN5amiro9LIS331DLHC2EPNS_11HWSPIDriverE,"ax",%progbits
 191      AFF30080 
 191      AFF30080 
 192              		.align	2
 193              		.p2align 4,,15
 194              		.global	_ZN5amiro9LIS331DLHC2EPNS_11HWSPIDriverE
 195              		.thumb
 196              		.thumb_func
 197              		.type	_ZN5amiro9LIS331DLHC2EPNS_11HWSPIDriverE, %function
 198              	_ZN5amiro9LIS331DLHC2EPNS_11HWSPIDriverE:
 199              		@ args = 0, pretend = 0, frame = 0
 200              		@ frame_needed = 0, uses_anonymous_args = 0
 201 0000 38B5     		push	{r3, r4, r5, lr}
 202 0002 0446     		mov	r4, r0
 203 0004 0D46     		mov	r5, r1
 204 0006 FFF7FEFF 		bl	_ZN10chibios_rt10BaseThreadC2Ev
 205 000a 064B     		ldr	r3, .L32
 206 000c C4F8D851 		str	r5, [r4, #472]
 207 0010 2360     		str	r3, [r4]
 208 0012 04F5EE70 		add	r0, r4, #476
 209 0016 FFF7FEFF 		bl	_ZN10chibios_rt9EvtSourceC1Ev
 210 001a 0023     		movs	r3, #0
 211 001c 84F8E631 		strb	r3, [r4, #486]
 212 0020 2046     		mov	r0, r4
 213 0022 38BD     		pop	{r3, r4, r5, pc}
 214              	.L33:
 215              		.align	2
 216              	.L32:
 217 0024 08000000 		.word	.LANCHOR0+8
 218              		.size	_ZN5amiro9LIS331DLHC2EPNS_11HWSPIDriverE, .-_ZN5amiro9LIS331DLHC2EPNS_11HWSPIDriverE
 219              		.global	_ZN5amiro9LIS331DLHC1EPNS_11HWSPIDriverE
 220              		.thumb_set _ZN5amiro9LIS331DLHC1EPNS_11HWSPIDriverE,_ZN5amiro9LIS331DLHC2EPNS_11HWSPIDriverE
 221 0028 AFF30080 		.section	.text._ZN5amiro9LIS331DLH14getEventSourceEv,"ax",%progbits
 221      AFF30080 
 222              		.align	2
 223              		.p2align 4,,15
ARM GAS  /tmp/cc1UDbj1.s 			page 5


 224              		.global	_ZN5amiro9LIS331DLH14getEventSourceEv
 225              		.thumb
 226              		.thumb_func
 227              		.type	_ZN5amiro9LIS331DLH14getEventSourceEv, %function
 228              	_ZN5amiro9LIS331DLH14getEventSourceEv:
 229              		@ args = 0, pretend = 0, frame = 0
 230              		@ frame_needed = 0, uses_anonymous_args = 0
 231              		@ link register save eliminated.
 232 0000 00F5EE70 		add	r0, r0, #476
 233 0004 7047     		bx	lr
 234              		.size	_ZN5amiro9LIS331DLH14getEventSourceEv, .-_ZN5amiro9LIS331DLH14getEventSourceEv
 235 0006 00BFAFF3 		.section	.text._ZN5amiro9LIS331DLH15getAccelerationEh,"ax",%progbits
 235      0080AFF3 
 235      0080
 236              		.align	2
 237              		.p2align 4,,15
 238              		.global	_ZN5amiro9LIS331DLH15getAccelerationEh
 239              		.thumb
 240              		.thumb_func
 241              		.type	_ZN5amiro9LIS331DLH15getAccelerationEh, %function
 242              	_ZN5amiro9LIS331DLH15getAccelerationEh:
 243              		@ args = 0, pretend = 0, frame = 0
 244              		@ frame_needed = 0, uses_anonymous_args = 0
 245              		@ link register save eliminated.
 246 0000 F031     		adds	r1, r1, #240
 247 0002 30F91100 		ldrsh	r0, [r0, r1, lsl #1]
 248 0006 7047     		bx	lr
 249              		.size	_ZN5amiro9LIS331DLH15getAccelerationEh, .-_ZN5amiro9LIS331DLH15getAccelerationEh
 250 0008 AFF30080 		.section	.text._ZN5amiro9LIS331DLH20getAccelerationForceEh,"ax",%progbits
 250      AFF30080 
 251              		.align	2
 252              		.p2align 4,,15
 253              		.global	_ZN5amiro9LIS331DLH20getAccelerationForceEh
 254              		.thumb
 255              		.thumb_func
 256              		.type	_ZN5amiro9LIS331DLH20getAccelerationForceEh, %function
 257              	_ZN5amiro9LIS331DLH20getAccelerationForceEh:
 258              		@ args = 0, pretend = 0, frame = 0
 259              		@ frame_needed = 0, uses_anonymous_args = 0
 260              		@ link register save eliminated.
 261 0000 90F8E631 		ldrb	r3, [r0, #486]	@ zero_extendqisi2
 262 0004 F031     		adds	r1, r1, #240
 263 0006 102B     		cmp	r3, #16
 264 0008 0BD0     		beq	.L38
 265 000a 302B     		cmp	r3, #48
 266 000c 03D0     		beq	.L39
 267 000e 30F81100 		ldrh	r0, [r0, r1, lsl #1]
 268 0012 00B2     		sxth	r0, r0
 269 0014 7047     		bx	lr
 270              	.L39:
 271 0016 30F91100 		ldrsh	r0, [r0, r1, lsl #1]
 272 001a 8000     		lsls	r0, r0, #2
 273 001c 80B2     		uxth	r0, r0
 274 001e 00B2     		sxth	r0, r0
 275 0020 7047     		bx	lr
 276              	.L38:
 277 0022 30F91100 		ldrsh	r0, [r0, r1, lsl #1]
ARM GAS  /tmp/cc1UDbj1.s 			page 6


 278 0026 4000     		lsls	r0, r0, #1
 279 0028 80B2     		uxth	r0, r0
 280 002a 00B2     		sxth	r0, r0
 281 002c 7047     		bx	lr
 282              		.size	_ZN5amiro9LIS331DLH20getAccelerationForceEh, .-_ZN5amiro9LIS331DLH20getAccelerationForceEh
 283 002e 00BF     		.section	.text._ZN5amiro9LIS331DLH9configureEPNS0_15LIS331DLHConfigE,"ax",%progbits
 284              		.align	2
 285              		.p2align 4,,15
 286              		.global	_ZN5amiro9LIS331DLH9configureEPNS0_15LIS331DLHConfigE
 287              		.thumb
 288              		.thumb_func
 289              		.type	_ZN5amiro9LIS331DLH9configureEPNS0_15LIS331DLHConfigE, %function
 290              	_ZN5amiro9LIS331DLH9configureEPNS0_15LIS331DLHConfigE:
 291              		@ args = 0, pretend = 0, frame = 8
 292              		@ frame_needed = 0, uses_anonymous_args = 0
 293 0000 2DE9F041 		push	{r4, r5, r6, r7, r8, lr}
 294 0004 0F46     		mov	r7, r1
 295 0006 82B0     		sub	sp, sp, #8
 296 0008 0646     		mov	r6, r0
 297 000a 01F10804 		add	r4, r1, #8
 298 000e 0025     		movs	r5, #0
 299 0010 4FF0FF08 		mov	r8, #255
 300              	.L44:
 301 0014 FF21     		movs	r1, #255
 302 0016 0722     		movs	r2, #7
 303 0018 6846     		mov	r0, sp
 304 001a FFF7FEFF 		bl	memset
 305 001e EBB2     		uxtb	r3, r5
 306 0020 002B     		cmp	r3, #0
 307 0022 0CBF     		ite	eq
 308 0024 7022     		moveq	r2, #112
 309 0026 7422     		movne	r2, #116
 310 0028 0CBF     		ite	eq
 311 002a B123     		moveq	r3, #177
 312 002c B523     		movne	r3, #181
 313 002e 8DF80020 		strb	r2, [sp]
 314 0032 8DF80680 		strb	r8, [sp, #6]
 315 0036 8DF80530 		strb	r3, [sp, #5]
 316 003a 14F8033C 		ldrb	r3, [r4, #-3]	@ zero_extendqisi2
 317 003e 8DF80280 		strb	r8, [sp, #2]
 318 0042 8DF80130 		strb	r3, [sp, #1]
 319 0046 14F8023C 		ldrb	r3, [r4, #-2]	@ zero_extendqisi2
 320 004a D6F8D801 		ldr	r0, [r6, #472]
 321 004e 8DF80330 		strb	r3, [sp, #3]
 322 0052 14F8013C 		ldrb	r3, [r4, #-1]	@ zero_extendqisi2
 323 0056 6946     		mov	r1, sp
 324 0058 0522     		movs	r2, #5
 325 005a 8DF80430 		strb	r3, [sp, #4]
 326 005e FFF7FEFF 		bl	_ZN5amiro11HWSPIDriver5writeEPKhj
 327 0062 0DF10501 		add	r1, sp, #5
 328 0066 0135     		adds	r5, r5, #1
 329 0068 D6F8D801 		ldr	r0, [r6, #472]
 330 006c 0A46     		mov	r2, r1
 331 006e 0223     		movs	r3, #2
 332 0070 FFF7FEFF 		bl	_ZN5amiro11HWSPIDriver8exchangeEPhPKhj
 333 0074 022D     		cmp	r5, #2
 334 0076 04F10304 		add	r4, r4, #3
ARM GAS  /tmp/cc1UDbj1.s 			page 7


 335 007a CBD1     		bne	.L44
 336 007c 6846     		mov	r0, sp
 337 007e FF21     		movs	r1, #255
 338 0080 0722     		movs	r2, #7
 339 0082 FFF7FEFF 		bl	memset
 340 0086 97F801C0 		ldrb	ip, [r7, #1]	@ zero_extendqisi2
 341 008a 97F802E0 		ldrb	lr, [r7, #2]	@ zero_extendqisi2
 342 008e 97F80080 		ldrb	r8, [r7]	@ zero_extendqisi2
 343 0092 FD78     		ldrb	r5, [r7, #3]	@ zero_extendqisi2
 344 0094 3C79     		ldrb	r4, [r7, #4]	@ zero_extendqisi2
 345 0096 6023     		movs	r3, #96
 346 0098 D6F8D801 		ldr	r0, [r6, #472]
 347 009c 6946     		mov	r1, sp
 348 009e 0622     		movs	r2, #6
 349 00a0 8DF802C0 		strb	ip, [sp, #2]
 350 00a4 8DF803E0 		strb	lr, [sp, #3]
 351 00a8 8DF80030 		strb	r3, [sp]
 352 00ac 8DF80180 		strb	r8, [sp, #1]
 353 00b0 8DF80450 		strb	r5, [sp, #4]
 354 00b4 8DF80540 		strb	r4, [sp, #5]
 355 00b8 FFF7FEFF 		bl	_ZN5amiro11HWSPIDriver5writeEPKhj
 356 00bc 2523     		movs	r3, #37
 357 00be D6F8D801 		ldr	r0, [r6, #472]
 358 00c2 6946     		mov	r1, sp
 359 00c4 0122     		movs	r2, #1
 360 00c6 8DF80030 		strb	r3, [sp]
 361 00ca FFF7FEFF 		bl	_ZN5amiro11HWSPIDriver5writeEPKhj
 362 00ce FB78     		ldrb	r3, [r7, #3]	@ zero_extendqisi2
 363 00d0 0020     		movs	r0, #0
 364 00d2 03F03003 		and	r3, r3, #48
 365 00d6 86F8E631 		strb	r3, [r6, #486]
 366 00da 02B0     		add	sp, sp, #8
 367              		@ sp needed
 368 00dc BDE8F081 		pop	{r4, r5, r6, r7, r8, pc}
 369              		.size	_ZN5amiro9LIS331DLH9configureEPNS0_15LIS331DLHConfigE, .-_ZN5amiro9LIS331DLH9configureEPNS0_
 370              		.section	.text._ZN5amiro9LIS331DLH8getCheckEv,"ax",%progbits
 371              		.align	2
 372              		.p2align 4,,15
 373              		.global	_ZN5amiro9LIS331DLH8getCheckEv
 374              		.thumb
 375              		.thumb_func
 376              		.type	_ZN5amiro9LIS331DLH8getCheckEv, %function
 377              	_ZN5amiro9LIS331DLH8getCheckEv:
 378              		@ args = 0, pretend = 0, frame = 8
 379              		@ frame_needed = 0, uses_anonymous_args = 0
 380 0000 00B5     		push	{lr}
 381 0002 83B0     		sub	sp, sp, #12
 382 0004 02A9     		add	r1, sp, #8
 383 0006 8F23     		movs	r3, #143
 384 0008 01F8043D 		strb	r3, [r1, #-4]!
 385 000c D0F8D801 		ldr	r0, [r0, #472]
 386 0010 0A46     		mov	r2, r1
 387 0012 0223     		movs	r3, #2
 388 0014 FFF7FEFF 		bl	_ZN5amiro11HWSPIDriver8exchangeEPhPKhj
 389 0018 9DF80500 		ldrb	r0, [sp, #5]	@ zero_extendqisi2
 390 001c 3238     		subs	r0, r0, #50
 391 001e 18BF     		it	ne
ARM GAS  /tmp/cc1UDbj1.s 			page 8


 392 0020 0120     		movne	r0, #1
 393 0022 03B0     		add	sp, sp, #12
 394              		@ sp needed
 395 0024 5DF804FB 		ldr	pc, [sp], #4
 396              		.size	_ZN5amiro9LIS331DLH8getCheckEv, .-_ZN5amiro9LIS331DLH8getCheckEv
 397              		.global	__aeabi_i2d
 398              		.global	__aeabi_d2iz
 399 0028 AFF30080 		.section	.text._ZN5amiro9LIS331DLH13printSelfTestEPNS0_15LIS331DLHConfigE,"ax",%progbits
 399      AFF30080 
 400              		.align	2
 401              		.p2align 4,,15
 402              		.global	_ZN5amiro9LIS331DLH13printSelfTestEPNS0_15LIS331DLHConfigE
 403              		.thumb
 404              		.thumb_func
 405              		.type	_ZN5amiro9LIS331DLH13printSelfTestEPNS0_15LIS331DLHConfigE, %function
 406              	_ZN5amiro9LIS331DLH13printSelfTestEPNS0_15LIS331DLHConfigE:
 407              		@ args = 0, pretend = 0, frame = 40
 408              		@ frame_needed = 0, uses_anonymous_args = 0
 409 0000 2DE9F04F 		push	{r4, r5, r6, r7, r8, r9, r10, fp, lr}
 410 0004 0D46     		mov	r5, r1
 411 0006 8DB0     		sub	sp, sp, #52
 412 0008 0446     		mov	r4, r0
 413 000a 0029     		cmp	r1, #0
 414 000c 00F07881 		beq	.L74
 415 0010 0868     		ldr	r0, [r1]	@ unaligned
 416 0012 0DF11808 		add	r8, sp, #24
 417 0016 4968     		ldr	r1, [r1, #4]	@ unaligned
 418 0018 4346     		mov	r3, r8
 419 001a 03C3     		stmia	r3!, {r0, r1}
 420 001c AA7A     		ldrb	r2, [r5, #10]	@ zero_extendqisi2
 421 001e 2989     		ldrh	r1, [r5, #8]	@ unaligned
 422 0020 9A70     		strb	r2, [r3, #2]
 423 0022 1980     		strh	r1, [r3]	@ unaligned
 424 0024 0DF12409 		add	r9, sp, #36
 425              	.L49:
 426 0028 0023     		movs	r3, #0
 427 002a 4146     		mov	r1, r8
 428 002c 2046     		mov	r0, r4
 429 002e 8DF81B30 		strb	r3, [sp, #27]
 430 0032 FFF7FEFF 		bl	_ZN5amiro9LIS331DLH9configureEPNS0_15LIS331DLHConfigE
 431 0036 4FF4FA70 		mov	r0, #500
 432 003a FFF7FEFF 		bl	_ZN10chibios_rt10BaseThread5sleepEm
 433 003e BB48     		ldr	r0, .L80
 434 0040 BB49     		ldr	r1, .L80+4
 435 0042 FFF7FEFF 		bl	_ZL8chprintfP20BaseSequentialStreamPKcz.constprop.0
 436 0046 B4F9E0B1 		ldrsh	fp, [r4, #480]
 437 004a B4F9E221 		ldrsh	r2, [r4, #482]
 438 004e B4F9E431 		ldrsh	r3, [r4, #484]
 439 0052 CDF824B0 		str	fp, [sp, #36]
 440 0056 0A92     		str	r2, [sp, #40]
 441 0058 0B93     		str	r3, [sp, #44]
 442 005a 4FF0010A 		mov	r10, #1
 443              	.L54:
 444 005e 4FF4FA70 		mov	r0, #500
 445 0062 FFF7FEFF 		bl	_ZN10chibios_rt10BaseThread5sleepEm
 446 0066 0AF10107 		add	r7, r10, #1
 447 006a 0026     		movs	r6, #0
ARM GAS  /tmp/cc1UDbj1.s 			page 9


 448              	.L52:
 449 006c A319     		adds	r3, r4, r6
 450 006e B3F9E031 		ldrsh	r3, [r3, #480]
 451 0072 AE48     		ldr	r0, .L80
 452 0074 0AFB0B31 		mla	r1, r10, fp, r3
 453 0078 002B     		cmp	r3, #0
 454 007a 91FBF7F1 		sdiv	r1, r1, r7
 455 007e 49F81610 		str	r1, [r9, r6, lsl #1]
 456 0082 ACBF     		ite	ge
 457 0084 2B22     		movge	r2, #43
 458 0086 2D22     		movlt	r2, #45
 459 0088 0091     		str	r1, [sp]
 460 008a 002B     		cmp	r3, #0
 461 008c B8BF     		it	lt
 462 008e 5B42     		rsblt	r3, r3, #0
 463 0090 A849     		ldr	r1, .L80+8
 464 0092 4FEA460B 		lsl	fp, r6, #1
 465 0096 0236     		adds	r6, r6, #2
 466 0098 FFF7FEFF 		bl	_ZL8chprintfP20BaseSequentialStreamPKcz.constprop.0
 467 009c 062E     		cmp	r6, #6
 468 009e 04D0     		beq	.L51
 469 00a0 0BF1040B 		add	fp, fp, #4
 470 00a4 59F80BB0 		ldr	fp, [r9, fp]
 471 00a8 E0E7     		b	.L52
 472              	.L51:
 473 00aa A048     		ldr	r0, .L80
 474 00ac A249     		ldr	r1, .L80+12
 475 00ae FFF7FEFF 		bl	_ZL8chprintfP20BaseSequentialStreamPKcz.constprop.0
 476 00b2 0A2F     		cmp	r7, #10
 477 00b4 03D0     		beq	.L53
 478 00b6 BA46     		mov	r10, r7
 479 00b8 DDF824B0 		ldr	fp, [sp, #36]
 480 00bc CFE7     		b	.L54
 481              	.L53:
 482 00be 4146     		mov	r1, r8
 483 00c0 2046     		mov	r0, r4
 484 00c2 8DF81B70 		strb	r7, [sp, #27]
 485 00c6 FFF7FEFF 		bl	_ZN5amiro9LIS331DLH9configureEPNS0_15LIS331DLHConfigE
 486 00ca 4FF4FA70 		mov	r0, #500
 487 00ce FFF7FEFF 		bl	_ZN10chibios_rt10BaseThread5sleepEm
 488 00d2 9648     		ldr	r0, .L80
 489 00d4 9949     		ldr	r1, .L80+16
 490 00d6 FFF7FEFF 		bl	_ZL8chprintfP20BaseSequentialStreamPKcz.constprop.0
 491 00da B4F8E0B1 		ldrh	fp, [r4, #480]
 492 00de B4F8E221 		ldrh	r2, [r4, #482]
 493 00e2 B4F8E431 		ldrh	r3, [r4, #484]
 494 00e6 ADF808B0 		strh	fp, [sp, #8]	@ movhi
 495 00ea ADF80A20 		strh	r2, [sp, #10]	@ movhi
 496 00ee ADF80C30 		strh	r3, [sp, #12]	@ movhi
 497 00f2 4FF0010A 		mov	r10, #1
 498 00f6 0DF10809 		add	r9, sp, #8
 499              	.L59:
 500 00fa 4FF4FA70 		mov	r0, #500
 501 00fe FFF7FEFF 		bl	_ZN10chibios_rt10BaseThread5sleepEm
 502 0102 0AF10107 		add	r7, r10, #1
 503 0106 0026     		movs	r6, #0
 504              	.L57:
ARM GAS  /tmp/cc1UDbj1.s 			page 10


 505 0108 A319     		adds	r3, r4, r6
 506 010a B3F9E031 		ldrsh	r3, [r3, #480]
 507 010e 0FFA8BF1 		sxth	r1, fp
 508 0112 0AFB0131 		mla	r1, r10, r1, r3
 509 0116 91FBF7F1 		sdiv	r1, r1, r7
 510 011a 89B2     		uxth	r1, r1
 511 011c 002B     		cmp	r3, #0
 512 011e 08B2     		sxth	r0, r1
 513 0120 29F80610 		strh	r1, [r9, r6]	@ movhi
 514 0124 ACBF     		ite	ge
 515 0126 2B22     		movge	r2, #43
 516 0128 2D22     		movlt	r2, #45
 517 012a 0090     		str	r0, [sp]
 518 012c 002B     		cmp	r3, #0
 519 012e B8BF     		it	lt
 520 0130 5B42     		rsblt	r3, r3, #0
 521 0132 0236     		adds	r6, r6, #2
 522 0134 7D48     		ldr	r0, .L80
 523 0136 7F49     		ldr	r1, .L80+8
 524 0138 FFF7FEFF 		bl	_ZL8chprintfP20BaseSequentialStreamPKcz.constprop.0
 525 013c 062E     		cmp	r6, #6
 526 013e 02D0     		beq	.L56
 527 0140 39F806B0 		ldrh	fp, [r9, r6]
 528 0144 E0E7     		b	.L57
 529              	.L56:
 530 0146 7948     		ldr	r0, .L80
 531 0148 7B49     		ldr	r1, .L80+12
 532 014a FFF7FEFF 		bl	_ZL8chprintfP20BaseSequentialStreamPKcz.constprop.0
 533 014e 0A2F     		cmp	r7, #10
 534 0150 03D0     		beq	.L58
 535 0152 BA46     		mov	r10, r7
 536 0154 BDF808B0 		ldrh	fp, [sp, #8]
 537 0158 CFE7     		b	.L59
 538              	.L58:
 539 015a 0223     		movs	r3, #2
 540 015c 4146     		mov	r1, r8
 541 015e 2046     		mov	r0, r4
 542 0160 8DF81B30 		strb	r3, [sp, #27]
 543 0164 FFF7FEFF 		bl	_ZN5amiro9LIS331DLH9configureEPNS0_15LIS331DLHConfigE
 544 0168 4FF4FA70 		mov	r0, #500
 545 016c FFF7FEFF 		bl	_ZN10chibios_rt10BaseThread5sleepEm
 546 0170 6E48     		ldr	r0, .L80
 547 0172 7349     		ldr	r1, .L80+20
 548 0174 FFF7FEFF 		bl	_ZL8chprintfP20BaseSequentialStreamPKcz.constprop.0
 549 0178 B4F8E0A1 		ldrh	r10, [r4, #480]
 550 017c B4F8E221 		ldrh	r2, [r4, #482]
 551 0180 B4F8E431 		ldrh	r3, [r4, #484]
 552 0184 ADF810A0 		strh	r10, [sp, #16]	@ movhi
 553 0188 ADF81220 		strh	r2, [sp, #18]	@ movhi
 554 018c ADF81430 		strh	r3, [sp, #20]	@ movhi
 555 0190 4FF00109 		mov	r9, #1
 556 0194 0DF11008 		add	r8, sp, #16
 557              	.L64:
 558 0198 4FF4FA70 		mov	r0, #500
 559 019c FFF7FEFF 		bl	_ZN10chibios_rt10BaseThread5sleepEm
 560 01a0 09F10107 		add	r7, r9, #1
 561 01a4 0026     		movs	r6, #0
ARM GAS  /tmp/cc1UDbj1.s 			page 11


 562              	.L62:
 563 01a6 A319     		adds	r3, r4, r6
 564 01a8 B3F9E031 		ldrsh	r3, [r3, #480]
 565 01ac 0FFA8AF1 		sxth	r1, r10
 566 01b0 09FB0131 		mla	r1, r9, r1, r3
 567 01b4 91FBF7F1 		sdiv	r1, r1, r7
 568 01b8 89B2     		uxth	r1, r1
 569 01ba 002B     		cmp	r3, #0
 570 01bc 08B2     		sxth	r0, r1
 571 01be 28F80610 		strh	r1, [r8, r6]	@ movhi
 572 01c2 ACBF     		ite	ge
 573 01c4 2B22     		movge	r2, #43
 574 01c6 2D22     		movlt	r2, #45
 575 01c8 0090     		str	r0, [sp]
 576 01ca 002B     		cmp	r3, #0
 577 01cc B8BF     		it	lt
 578 01ce 5B42     		rsblt	r3, r3, #0
 579 01d0 0236     		adds	r6, r6, #2
 580 01d2 5648     		ldr	r0, .L80
 581 01d4 5749     		ldr	r1, .L80+8
 582 01d6 FFF7FEFF 		bl	_ZL8chprintfP20BaseSequentialStreamPKcz.constprop.0
 583 01da 062E     		cmp	r6, #6
 584 01dc 02D0     		beq	.L61
 585 01de 38F806A0 		ldrh	r10, [r8, r6]
 586 01e2 E0E7     		b	.L62
 587              	.L61:
 588 01e4 5148     		ldr	r0, .L80
 589 01e6 5449     		ldr	r1, .L80+12
 590 01e8 FFF7FEFF 		bl	_ZL8chprintfP20BaseSequentialStreamPKcz.constprop.0
 591 01ec 0A2F     		cmp	r7, #10
 592 01ee 03D0     		beq	.L63
 593 01f0 B946     		mov	r9, r7
 594 01f2 BDF810A0 		ldrh	r10, [sp, #16]
 595 01f6 CFE7     		b	.L64
 596              	.L63:
 597 01f8 4C48     		ldr	r0, .L80
 598 01fa 5249     		ldr	r1, .L80+24
 599 01fc FFF7FEFF 		bl	_ZL8chprintfP20BaseSequentialStreamPKcz.constprop.0
 600 0200 DDF82480 		ldr	r8, [sp, #36]
 601 0204 BDF90800 		ldrsh	r0, [sp, #8]
 602 0208 C0EB0800 		rsb	r0, r0, r8
 603 020c FFF7FEFF 		bl	__aeabi_i2d
 604 0210 21F00043 		bic	r3, r1, #-2147483648
 605 0214 1946     		mov	r1, r3
 606 0216 FFF7FEFF 		bl	__aeabi_d2iz
 607 021a 7838     		subs	r0, r0, #120
 608 021c B0F5D77F 		cmp	r0, #430
 609 0220 69D8     		bhi	.L75
 610              	.L65:
 611 0222 0A9F     		ldr	r7, [sp, #40]
 612 0224 BDF90A00 		ldrsh	r0, [sp, #10]
 613 0228 381A     		subs	r0, r7, r0
 614 022a FFF7FEFF 		bl	__aeabi_i2d
 615 022e 21F00043 		bic	r3, r1, #-2147483648
 616 0232 1946     		mov	r1, r3
 617 0234 FFF7FEFF 		bl	__aeabi_d2iz
 618 0238 7838     		subs	r0, r0, #120
ARM GAS  /tmp/cc1UDbj1.s 			page 12


 619 023a B0F5D77F 		cmp	r0, #430
 620 023e 55D8     		bhi	.L76
 621              	.L66:
 622 0240 0B9E     		ldr	r6, [sp, #44]
 623 0242 BDF90C00 		ldrsh	r0, [sp, #12]
 624 0246 301A     		subs	r0, r6, r0
 625 0248 FFF7FEFF 		bl	__aeabi_i2d
 626 024c 21F00043 		bic	r3, r1, #-2147483648
 627 0250 1946     		mov	r1, r3
 628 0252 FFF7FEFF 		bl	__aeabi_d2iz
 629 0256 40F26223 		movw	r3, #610
 630 025a 8C38     		subs	r0, r0, #140
 631 025c 9842     		cmp	r0, r3
 632 025e 40D8     		bhi	.L77
 633              	.L67:
 634 0260 BDF91000 		ldrsh	r0, [sp, #16]
 635 0264 C0EB0800 		rsb	r0, r0, r8
 636 0268 FFF7FEFF 		bl	__aeabi_i2d
 637 026c 21F00043 		bic	r3, r1, #-2147483648
 638 0270 1946     		mov	r1, r3
 639 0272 FFF7FEFF 		bl	__aeabi_d2iz
 640 0276 7838     		subs	r0, r0, #120
 641 0278 B0F5D77F 		cmp	r0, #430
 642 027c 2CD8     		bhi	.L78
 643              	.L68:
 644 027e BDF91200 		ldrsh	r0, [sp, #18]
 645 0282 381A     		subs	r0, r7, r0
 646 0284 FFF7FEFF 		bl	__aeabi_i2d
 647 0288 21F00043 		bic	r3, r1, #-2147483648
 648 028c 1946     		mov	r1, r3
 649 028e FFF7FEFF 		bl	__aeabi_d2iz
 650 0292 7838     		subs	r0, r0, #120
 651 0294 B0F5D77F 		cmp	r0, #430
 652 0298 19D8     		bhi	.L79
 653              	.L69:
 654 029a BDF91400 		ldrsh	r0, [sp, #20]
 655 029e 301A     		subs	r0, r6, r0
 656 02a0 FFF7FEFF 		bl	__aeabi_i2d
 657 02a4 21F00043 		bic	r3, r1, #-2147483648
 658 02a8 1946     		mov	r1, r3
 659 02aa FFF7FEFF 		bl	__aeabi_d2iz
 660 02ae 40F26223 		movw	r3, #610
 661 02b2 8C38     		subs	r0, r0, #140
 662 02b4 9842     		cmp	r0, r3
 663 02b6 03D9     		bls	.L70
 664 02b8 1C48     		ldr	r0, .L80
 665 02ba 2349     		ldr	r1, .L80+28
 666 02bc FFF7FEFF 		bl	_ZL8chprintfP20BaseSequentialStreamPKcz.constprop.0
 667              	.L70:
 668 02c0 2046     		mov	r0, r4
 669 02c2 2946     		mov	r1, r5
 670 02c4 FFF7FEFF 		bl	_ZN5amiro9LIS331DLH9configureEPNS0_15LIS331DLHConfigE
 671 02c8 0DB0     		add	sp, sp, #52
 672              		@ sp needed
 673 02ca BDE8F08F 		pop	{r4, r5, r6, r7, r8, r9, r10, fp, pc}
 674              	.L79:
 675 02ce 1748     		ldr	r0, .L80
ARM GAS  /tmp/cc1UDbj1.s 			page 13


 676 02d0 1E49     		ldr	r1, .L80+32
 677 02d2 FFF7FEFF 		bl	_ZL8chprintfP20BaseSequentialStreamPKcz.constprop.0
 678 02d6 E0E7     		b	.L69
 679              	.L78:
 680 02d8 1448     		ldr	r0, .L80
 681 02da 1D49     		ldr	r1, .L80+36
 682 02dc FFF7FEFF 		bl	_ZL8chprintfP20BaseSequentialStreamPKcz.constprop.0
 683 02e0 CDE7     		b	.L68
 684              	.L77:
 685 02e2 1248     		ldr	r0, .L80
 686 02e4 1B49     		ldr	r1, .L80+40
 687 02e6 FFF7FEFF 		bl	_ZL8chprintfP20BaseSequentialStreamPKcz.constprop.0
 688 02ea B9E7     		b	.L67
 689              	.L76:
 690 02ec 0F48     		ldr	r0, .L80
 691 02ee 1A49     		ldr	r1, .L80+44
 692 02f0 FFF7FEFF 		bl	_ZL8chprintfP20BaseSequentialStreamPKcz.constprop.0
 693 02f4 A4E7     		b	.L66
 694              	.L75:
 695 02f6 0D48     		ldr	r0, .L80
 696 02f8 1849     		ldr	r1, .L80+48
 697 02fa FFF7FEFF 		bl	_ZL8chprintfP20BaseSequentialStreamPKcz.constprop.0
 698 02fe 90E7     		b	.L65
 699              	.L74:
 700 0300 174A     		ldr	r2, .L80+52
 701 0302 09AB     		add	r3, sp, #36
 702 0304 1068     		ldr	r0, [r2]	@ unaligned
 703 0306 5168     		ldr	r1, [r2, #4]	@ unaligned
 704 0308 1689     		ldrh	r6, [r2, #8]	@ unaligned
 705 030a 03C3     		stmia	r3!, {r0, r1}
 706 030c 927A     		ldrb	r2, [r2, #10]	@ zero_extendqisi2
 707 030e 0DF11808 		add	r8, sp, #24
 708 0312 1E80     		strh	r6, [r3]	@ unaligned
 709 0314 9A70     		strb	r2, [r3, #2]
 710 0316 0DF12409 		add	r9, sp, #36
 711 031a 4346     		mov	r3, r8
 712 031c 99E80700 		ldmia	r9, {r0, r1, r2}
 713 0320 03C3     		stmia	r3!, {r0, r1}
 714 0322 110C     		lsrs	r1, r2, #16
 715 0324 23F8022B 		strh	r2, [r3], #2	@ movhi
 716 0328 1970     		strb	r1, [r3]
 717 032a 7DE6     		b	.L49
 718              	.L81:
 719              		.align	2
 720              	.L80:
 721 032c 081C0000 		.word	_ZN5amiro6globalE+7176
 722 0330 0C000000 		.word	.LC2
 723 0334 28000000 		.word	.LC3
 724 0338 34000000 		.word	.LC4
 725 033c 38000000 		.word	.LC5
 726 0340 54000000 		.word	.LC6
 727 0344 70000000 		.word	.LC7
 728 0348 24010000 		.word	.LC13
 729 034c 04010000 		.word	.LC12
 730 0350 E4000000 		.word	.LC11
 731 0354 C4000000 		.word	.LC10
 732 0358 A4000000 		.word	.LC9
ARM GAS  /tmp/cc1UDbj1.s 			page 14


 733 035c 84000000 		.word	.LC8
 734 0360 00000000 		.word	.LANCHOR1
 735              		.size	_ZN5amiro9LIS331DLH13printSelfTestEPNS0_15LIS331DLHConfigE, .-_ZN5amiro9LIS331DLH13printSelf
 736 0364 AFF30080 		.section	.text.startup._GLOBAL__sub_I__ZN5amiro9LIS331DLHC2EPNS_11HWSPIDriverE,"ax",%progbits
 736      AFF30080 
 736      AFF30080 
 737              		.align	2
 738              		.p2align 4,,15
 739              		.thumb
 740              		.thumb_func
 741              		.type	_GLOBAL__sub_I__ZN5amiro9LIS331DLHC2EPNS_11HWSPIDriverE, %function
 742              	_GLOBAL__sub_I__ZN5amiro9LIS331DLHC2EPNS_11HWSPIDriverE:
 743              		@ args = 0, pretend = 0, frame = 0
 744              		@ frame_needed = 0, uses_anonymous_args = 0
 745              		@ link register save eliminated.
 746 0000 024B     		ldr	r3, .L83
 747 0002 034A     		ldr	r2, .L83+4
 748 0004 1A60     		str	r2, [r3]
 749 0006 5A60     		str	r2, [r3, #4]
 750 0008 7047     		bx	lr
 751              	.L84:
 752 000a 00BF     		.align	2
 753              	.L83:
 754 000c 00000000 		.word	.LANCHOR2
 755 0010 A0860100 		.word	100000
 756              		.size	_GLOBAL__sub_I__ZN5amiro9LIS331DLHC2EPNS_11HWSPIDriverE, .-_GLOBAL__sub_I__ZN5amiro9LIS331DL
 757 0014 AFF30080 		.section	.init_array,"aw",%init_array
 757      AFF30080 
 757      AFF30080 
 758              		.align	2
 759 0000 00000000 		.word	_GLOBAL__sub_I__ZN5amiro9LIS331DLHC2EPNS_11HWSPIDriverE(target1)
 760              		.weak	_ZTVN10chibios_rt16BaseStaticThreadILi256EEE
 761              		.section	.rodata._ZTVN10chibios_rt16BaseStaticThreadILi256EEE,"aG",%progbits,_ZTVN10chibios_rt16Ba
 762              		.align	3
 763              		.type	_ZTVN10chibios_rt16BaseStaticThreadILi256EEE, %object
 764              		.size	_ZTVN10chibios_rt16BaseStaticThreadILi256EEE, 20
 765              	_ZTVN10chibios_rt16BaseStaticThreadILi256EEE:
 766 0000 00000000 		.word	0
 767 0004 00000000 		.word	0
 768 0008 00000000 		.word	_ZN10chibios_rt15ThreadReference4stopEv
 769 000c 00000000 		.word	_ZN10chibios_rt10BaseThread4mainEv
 770 0010 00000000 		.word	_ZN10chibios_rt16BaseStaticThreadILi256EE5startEm
 771              		.global	_ZTVN5amiro9LIS331DLHE
 772 0014 00000000 		.section	.rodata
 773              		.align	2
 774              		.set	.LANCHOR1,. + 0
 775              	.LC0:
 776 0000 27       		.byte	39
 777 0001 00       		.byte	0
 778 0002 82       		.byte	-126
 779 0003 30       		.byte	48
 780 0004 00       		.byte	0
 781 0005 00       		.byte	0
 782 0006 00       		.byte	0
 783 0007 00       		.byte	0
 784 0008 00       		.byte	0
 785 0009 00       		.byte	0
ARM GAS  /tmp/cc1UDbj1.s 			page 15


 786 000a 00       		.byte	0
 787 000b 00       		.section	.bss._ZN5amiro9constants12DiWheelDriveL10wheelErrorE,"aw",%nobits
 788              		.align	2
 789              		.set	.LANCHOR2,. + 0
 790              		.type	_ZN5amiro9constants12DiWheelDriveL10wheelErrorE, %object
 791              		.size	_ZN5amiro9constants12DiWheelDriveL10wheelErrorE, 8
 792              	_ZN5amiro9constants12DiWheelDriveL10wheelErrorE:
 793 0000 00000000 		.space	8
 793      00000000 
 794              		.section	.rodata._ZTVN5amiro9LIS331DLHE,"a",%progbits
 795              		.align	3
 796              		.set	.LANCHOR0,. + 0
 797              		.type	_ZTVN5amiro9LIS331DLHE, %object
 798              		.size	_ZTVN5amiro9LIS331DLHE, 28
 799              	_ZTVN5amiro9LIS331DLHE:
 800 0000 00000000 		.word	0
 801 0004 00000000 		.word	0
 802 0008 00000000 		.word	_ZN10chibios_rt15ThreadReference4stopEv
 803 000c 00000000 		.word	_ZN5amiro9LIS331DLH4mainEv
 804 0010 00000000 		.word	_ZN10chibios_rt16BaseStaticThreadILi256EE5startEm
 805 0014 00000000 		.word	_ZN5amiro9LIS331DLHD1Ev
 806 0018 00000000 		.word	_ZN5amiro9LIS331DLHD0Ev
 807 001c 00000000 		.section	.rodata.str1.4,"aMS",%progbits,1
 808              		.align	2
 809              	.LC1:
 810 0000 4C697333 		.ascii	"Lis331dlh\000"
 810      3331646C 
 810      6800
 811 000a 0000     		.space	2
 812              	.LC2:
 813 000c 0A414343 		.ascii	"\012ACC: Get acc std values\012\000"
 813      3A204765 
 813      74206163 
 813      63207374 
 813      64207661 
 814 0026 0000     		.space	2
 815              	.LC3:
 816 0028 25632564 		.ascii	"%c%d:%d \000"
 816      3A256420 
 816      00
 817 0031 000000   		.space	3
 818              	.LC4:
 819 0034 0A00     		.ascii	"\012\000"
 820 0036 0000     		.space	2
 821              	.LC5:
 822 0038 0A414343 		.ascii	"\012ACC: Get acc neg values\012\000"
 822      3A204765 
 822      74206163 
 822      63206E65 
 822      67207661 
 823 0052 0000     		.space	2
 824              	.LC6:
 825 0054 0A414343 		.ascii	"\012ACC: Get acc pos values\012\000"
 825      3A204765 
 825      74206163 
 825      6320706F 
 825      73207661 
ARM GAS  /tmp/cc1UDbj1.s 			page 16


 826 006e 0000     		.space	2
 827              	.LC7:
 828 0070 0A0A4143 		.ascii	"\012\012ACC: Testresult\012\000"
 828      433A2054 
 828      65737472 
 828      6573756C 
 828      740A00
 829 0083 00       		.space	1
 830              	.LC8:
 831 0084 4143433A 		.ascii	"ACC: Negative x-axis faulty\012\000"
 831      204E6567 
 831      61746976 
 831      6520782D 
 831      61786973 
 832 00a1 000000   		.space	3
 833              	.LC9:
 834 00a4 4143433A 		.ascii	"ACC: Negative y-axis faulty\012\000"
 834      204E6567 
 834      61746976 
 834      6520792D 
 834      61786973 
 835 00c1 000000   		.space	3
 836              	.LC10:
 837 00c4 4143433A 		.ascii	"ACC: Negative z-axis faulty\012\000"
 837      204E6567 
 837      61746976 
 837      65207A2D 
 837      61786973 
 838 00e1 000000   		.space	3
 839              	.LC11:
 840 00e4 4143433A 		.ascii	"ACC: Positive x-axis faulty\012\000"
 840      20506F73 
 840      69746976 
 840      6520782D 
 840      61786973 
 841 0101 000000   		.space	3
 842              	.LC12:
 843 0104 4143433A 		.ascii	"ACC: Positive y-axis faulty\012\000"
 843      20506F73 
 843      69746976 
 843      6520792D 
 843      61786973 
 844 0121 000000   		.space	3
 845              	.LC13:
 846 0124 4143433A 		.ascii	"ACC: Positive z-axis faulty\012\000"
 846      20506F73 
 846      69746976 
 846      65207A2D 
 846      61786973 
 847 0141 000000   		.ident	"GCC: (GNU Tools for ARM Embedded Processors) 4.8.3 20140228 (release) [ARM/embedded-4_8-br
ARM GAS  /tmp/cc1UDbj1.s 			page 17


DEFINED SYMBOLS
                            *ABS*:00000000 lis331dlh.cpp
     /tmp/cc1UDbj1.s:16     .text._ZN5amiro9LIS331DLHD2Ev:00000000 $t
     /tmp/cc1UDbj1.s:22     .text._ZN5amiro9LIS331DLHD2Ev:00000000 _ZN5amiro9LIS331DLHD2Ev
     /tmp/cc1UDbj1.s:32     .text._ZN5amiro9LIS331DLHD2Ev:00000008 $d
     /tmp/cc1UDbj1.s:22     .text._ZN5amiro9LIS331DLHD2Ev:00000000 _ZN5amiro9LIS331DLHD1Ev
     /tmp/cc1UDbj1.s:37     .text._ZN5amiro9LIS331DLHD0Ev:00000000 $t
     /tmp/cc1UDbj1.s:43     .text._ZN5amiro9LIS331DLHD0Ev:00000000 _ZN5amiro9LIS331DLHD0Ev
     /tmp/cc1UDbj1.s:56     .text._ZN5amiro9LIS331DLHD0Ev:00000010 $d
     /tmp/cc1UDbj1.s:59     .text.startup._ZN5amiro9LIS331DLH4mainEv:00000000 $t
     /tmp/cc1UDbj1.s:65     .text.startup._ZN5amiro9LIS331DLH4mainEv:00000000 _ZN5amiro9LIS331DLH4mainEv
     /tmp/cc1UDbj1.s:128    .text.startup._ZN5amiro9LIS331DLH4mainEv:0000009c $d
     /tmp/cc1UDbj1.s:131    .text._ZN10chibios_rt16BaseStaticThreadILi256EE5startEm:00000000 $t
     /tmp/cc1UDbj1.s:137    .text._ZN10chibios_rt16BaseStaticThreadILi256EE5startEm:00000000 _ZN10chibios_rt16BaseStaticThreadILi256EE5startEm
     /tmp/cc1UDbj1.s:160    .text._ZN10chibios_rt16BaseStaticThreadILi256EE5startEm:00000028 $d
     /tmp/cc1UDbj1.s:164    .text._ZL8chprintfP20BaseSequentialStreamPKcz.constprop.0:00000000 $t
     /tmp/cc1UDbj1.s:169    .text._ZL8chprintfP20BaseSequentialStreamPKcz.constprop.0:00000000 _ZL8chprintfP20BaseSequentialStreamPKcz.constprop.0
     /tmp/cc1UDbj1.s:189    .text._ZL8chprintfP20BaseSequentialStreamPKcz.constprop.0:00000020 $d
     /tmp/cc1UDbj1.s:192    .text._ZN5amiro9LIS331DLHC2EPNS_11HWSPIDriverE:00000000 $t
     /tmp/cc1UDbj1.s:198    .text._ZN5amiro9LIS331DLHC2EPNS_11HWSPIDriverE:00000000 _ZN5amiro9LIS331DLHC2EPNS_11HWSPIDriverE
     /tmp/cc1UDbj1.s:217    .text._ZN5amiro9LIS331DLHC2EPNS_11HWSPIDriverE:00000024 $d
     /tmp/cc1UDbj1.s:198    .text._ZN5amiro9LIS331DLHC2EPNS_11HWSPIDriverE:00000000 _ZN5amiro9LIS331DLHC1EPNS_11HWSPIDriverE
     /tmp/cc1UDbj1.s:222    .text._ZN5amiro9LIS331DLH14getEventSourceEv:00000000 $t
     /tmp/cc1UDbj1.s:228    .text._ZN5amiro9LIS331DLH14getEventSourceEv:00000000 _ZN5amiro9LIS331DLH14getEventSourceEv
     /tmp/cc1UDbj1.s:236    .text._ZN5amiro9LIS331DLH15getAccelerationEh:00000000 $t
     /tmp/cc1UDbj1.s:242    .text._ZN5amiro9LIS331DLH15getAccelerationEh:00000000 _ZN5amiro9LIS331DLH15getAccelerationEh
     /tmp/cc1UDbj1.s:251    .text._ZN5amiro9LIS331DLH20getAccelerationForceEh:00000000 $t
     /tmp/cc1UDbj1.s:257    .text._ZN5amiro9LIS331DLH20getAccelerationForceEh:00000000 _ZN5amiro9LIS331DLH20getAccelerationForceEh
     /tmp/cc1UDbj1.s:284    .text._ZN5amiro9LIS331DLH9configureEPNS0_15LIS331DLHConfigE:00000000 $t
     /tmp/cc1UDbj1.s:290    .text._ZN5amiro9LIS331DLH9configureEPNS0_15LIS331DLHConfigE:00000000 _ZN5amiro9LIS331DLH9configureEPNS0_15LIS331DLHConfigE
     /tmp/cc1UDbj1.s:371    .text._ZN5amiro9LIS331DLH8getCheckEv:00000000 $t
     /tmp/cc1UDbj1.s:377    .text._ZN5amiro9LIS331DLH8getCheckEv:00000000 _ZN5amiro9LIS331DLH8getCheckEv
     /tmp/cc1UDbj1.s:400    .text._ZN5amiro9LIS331DLH13printSelfTestEPNS0_15LIS331DLHConfigE:00000000 $t
     /tmp/cc1UDbj1.s:406    .text._ZN5amiro9LIS331DLH13printSelfTestEPNS0_15LIS331DLHConfigE:00000000 _ZN5amiro9LIS331DLH13printSelfTestEPNS0_15LIS331DLHConfigE
     /tmp/cc1UDbj1.s:721    .text._ZN5amiro9LIS331DLH13printSelfTestEPNS0_15LIS331DLHConfigE:0000032c $d
     /tmp/cc1UDbj1.s:737    .text.startup._GLOBAL__sub_I__ZN5amiro9LIS331DLHC2EPNS_11HWSPIDriverE:00000000 $t
     /tmp/cc1UDbj1.s:742    .text.startup._GLOBAL__sub_I__ZN5amiro9LIS331DLHC2EPNS_11HWSPIDriverE:00000000 _GLOBAL__sub_I__ZN5amiro9LIS331DLHC2EPNS_11HWSPIDriverE
     /tmp/cc1UDbj1.s:754    .text.startup._GLOBAL__sub_I__ZN5amiro9LIS331DLHC2EPNS_11HWSPIDriverE:0000000c $d
     /tmp/cc1UDbj1.s:758    .init_array:00000000 $d
     /tmp/cc1UDbj1.s:765    .rodata._ZTVN10chibios_rt16BaseStaticThreadILi256EEE:00000000 _ZTVN10chibios_rt16BaseStaticThreadILi256EEE
     /tmp/cc1UDbj1.s:762    .rodata._ZTVN10chibios_rt16BaseStaticThreadILi256EEE:00000000 $d
     /tmp/cc1UDbj1.s:799    .rodata._ZTVN5amiro9LIS331DLHE:00000000 _ZTVN5amiro9LIS331DLHE
     /tmp/cc1UDbj1.s:773    .rodata:00000000 $d
     /tmp/cc1UDbj1.s:788    .bss._ZN5amiro9constants12DiWheelDriveL10wheelErrorE:00000000 $d
     /tmp/cc1UDbj1.s:792    .bss._ZN5amiro9constants12DiWheelDriveL10wheelErrorE:00000000 _ZN5amiro9constants12DiWheelDriveL10wheelErrorE
     /tmp/cc1UDbj1.s:795    .rodata._ZTVN5amiro9LIS331DLHE:00000000 $d
     /tmp/cc1UDbj1.s:808    .rodata.str1.4:00000000 $d
     /tmp/cc1UDbj1.s:36     .text._ZN5amiro9LIS331DLHD2Ev:0000000c $t
     /tmp/cc1UDbj1.s:58     .text._ZN5amiro9LIS331DLHD0Ev:00000014 $t
     /tmp/cc1UDbj1.s:191    .text._ZL8chprintfP20BaseSequentialStreamPKcz.constprop.0:00000024 $t
     /tmp/cc1UDbj1.s:221    .text._ZN5amiro9LIS331DLHC2EPNS_11HWSPIDriverE:00000028 $t
     /tmp/cc1UDbj1.s:736    .text._ZN5amiro9LIS331DLH13printSelfTestEPNS0_15LIS331DLHConfigE:00000364 $t
     /tmp/cc1UDbj1.s:757    .text.startup._GLOBAL__sub_I__ZN5amiro9LIS331DLHC2EPNS_11HWSPIDriverE:00000014 $t

UNDEFINED SYMBOLS
_ZdlPv
_ZN10chibios_rt10BaseThread7setNameEPKc
ARM GAS  /tmp/cc1UDbj1.s 			page 18


memset
_ZN5amiro11HWSPIDriver8exchangeEPhPKhj
_ZN10chibios_rt9EvtSource14broadcastFlagsEm
_ZN10chibios_rt10BaseThread19waitAnyEventTimeoutEmm
_ZN10chibios_rt10BaseThread15shouldTerminateEv
chThdCreateStatic
_ZN10chibios_rt10_thd_startEPv
_ZTVN10chibios_rt15ThreadReferenceE
chvprintf
_ZN5amiro6globalE
_ZN10chibios_rt10BaseThreadC2Ev
_ZN10chibios_rt9EvtSourceC1Ev
_ZN5amiro11HWSPIDriver5writeEPKhj
__aeabi_i2d
__aeabi_d2iz
_ZN10chibios_rt10BaseThread5sleepEm
_ZN10chibios_rt15ThreadReference4stopEv
_ZN10chibios_rt10BaseThread4mainEv
