ARM GAS  /tmp/ccb8AQY7.s 			page 1


   1              		.syntax unified
   2              		.cpu cortex-m3
   3              		.fpu softvfp
   4              		.eabi_attribute 20, 1
   5              		.eabi_attribute 21, 1
   6              		.eabi_attribute 23, 3
   7              		.eabi_attribute 24, 1
   8              		.eabi_attribute 25, 1
   9              		.eabi_attribute 26, 1
  10              		.eabi_attribute 30, 2
  11              		.eabi_attribute 34, 1
  12              		.eabi_attribute 18, 4
  13              		.thumb
  14              		.file	"pwm.c"
  15              		.section	.text.pwmInit,"ax",%progbits
  16              		.align	2
  17              		.p2align 4,,15
  18              		.global	pwmInit
  19              		.thumb
  20              		.thumb_func
  21              		.type	pwmInit, %function
  22              	pwmInit:
  23              		@ args = 0, pretend = 0, frame = 0
  24              		@ frame_needed = 0, uses_anonymous_args = 0
  25              		@ link register save eliminated.
  26 0000 FFF7FEBF 		b	pwm_lld_init
  27              		.size	pwmInit, .-pwmInit
  28 0004 AFF30080 		.section	.text.pwmObjectInit,"ax",%progbits
  28      AFF30080 
  28      AFF30080 
  29              		.align	2
  30              		.p2align 4,,15
  31              		.global	pwmObjectInit
  32              		.thumb
  33              		.thumb_func
  34              		.type	pwmObjectInit, %function
  35              	pwmObjectInit:
  36              		@ args = 0, pretend = 0, frame = 0
  37              		@ frame_needed = 0, uses_anonymous_args = 0
  38              		@ link register save eliminated.
  39 0000 0122     		movs	r2, #1
  40 0002 0023     		movs	r3, #0
  41 0004 0270     		strb	r2, [r0]
  42 0006 4360     		str	r3, [r0, #4]
  43 0008 7047     		bx	lr
  44              		.size	pwmObjectInit, .-pwmObjectInit
  45 000a 00BFAFF3 		.section	.text.pwmStart,"ax",%progbits
  45      0080
  46              		.align	2
  47              		.p2align 4,,15
  48              		.global	pwmStart
  49              		.thumb
  50              		.thumb_func
  51              		.type	pwmStart, %function
  52              	pwmStart:
  53              		@ args = 0, pretend = 0, frame = 0
  54              		@ frame_needed = 0, uses_anonymous_args = 0
ARM GAS  /tmp/ccb8AQY7.s 			page 2


  55 0000 38B5     		push	{r3, r4, r5, lr}
  56 0002 0446     		mov	r4, r0
  57 0004 0D46     		mov	r5, r1
  58 0006 D0B1     		cbz	r0, .L4
  59 0008 C9B1     		cbz	r1, .L4
  60              	.L5:
  61 000a 2023     		movs	r3, #32
  62              	@ 103 "../../../ChibiOS/os/hal/src/pwm.c" 1
  63 000c 83F31188 		msr     BASEPRI, r3
  64              	@ 0 "" 2
  65              		.thumb
  66 0010 FFF7FEFF 		bl	dbg_check_lock
  67 0014 2378     		ldrb	r3, [r4]	@ zero_extendqisi2
  68 0016 013B     		subs	r3, r3, #1
  69 0018 012B     		cmp	r3, #1
  70 001a 02D9     		bls	.L6
  71 001c 0A48     		ldr	r0, .L11
  72 001e FFF7FEFF 		bl	chDbgPanic
  73              	.L6:
  74 0022 AB88     		ldrh	r3, [r5, #4]
  75 0024 2046     		mov	r0, r4
  76 0026 2381     		strh	r3, [r4, #8]	@ movhi
  77 0028 6560     		str	r5, [r4, #4]
  78 002a FFF7FEFF 		bl	pwm_lld_start
  79 002e 0223     		movs	r3, #2
  80 0030 2370     		strb	r3, [r4]
  81 0032 FFF7FEFF 		bl	dbg_check_unlock
  82 0036 0023     		movs	r3, #0
  83              	@ 110 "../../../ChibiOS/os/hal/src/pwm.c" 1
  84 0038 83F31188 		msr     BASEPRI, r3
  85              	@ 0 "" 2
  86              		.thumb
  87 003c 38BD     		pop	{r3, r4, r5, pc}
  88              	.L4:
  89 003e 0348     		ldr	r0, .L11+4
  90 0040 FFF7FEFF 		bl	chDbgPanic
  91 0044 E1E7     		b	.L5
  92              	.L12:
  93 0046 00BF     		.align	2
  94              	.L11:
  95 0048 10000000 		.word	.LC1
  96 004c 00000000 		.word	.LC0
  97              		.size	pwmStart, .-pwmStart
  98              		.section	.text.pwmStop,"ax",%progbits
  99              		.align	2
 100              		.p2align 4,,15
 101              		.global	pwmStop
 102              		.thumb
 103              		.thumb_func
 104              		.type	pwmStop, %function
 105              	pwmStop:
 106              		@ args = 0, pretend = 0, frame = 0
 107              		@ frame_needed = 0, uses_anonymous_args = 0
 108 0000 10B5     		push	{r4, lr}
 109 0002 0446     		mov	r4, r0
 110 0004 B0B1     		cbz	r0, .L16
 111              	.L14:
ARM GAS  /tmp/ccb8AQY7.s 			page 3


 112 0006 2023     		movs	r3, #32
 113              	@ 124 "../../../ChibiOS/os/hal/src/pwm.c" 1
 114 0008 83F31188 		msr     BASEPRI, r3
 115              	@ 0 "" 2
 116              		.thumb
 117 000c FFF7FEFF 		bl	dbg_check_lock
 118 0010 2378     		ldrb	r3, [r4]	@ zero_extendqisi2
 119 0012 013B     		subs	r3, r3, #1
 120 0014 012B     		cmp	r3, #1
 121 0016 02D9     		bls	.L15
 122 0018 0848     		ldr	r0, .L17
 123 001a FFF7FEFF 		bl	chDbgPanic
 124              	.L15:
 125 001e 2046     		mov	r0, r4
 126 0020 FFF7FEFF 		bl	pwm_lld_stop
 127 0024 0123     		movs	r3, #1
 128 0026 2370     		strb	r3, [r4]
 129 0028 FFF7FEFF 		bl	dbg_check_unlock
 130 002c 0023     		movs	r3, #0
 131              	@ 129 "../../../ChibiOS/os/hal/src/pwm.c" 1
 132 002e 83F31188 		msr     BASEPRI, r3
 133              	@ 0 "" 2
 134              		.thumb
 135 0032 10BD     		pop	{r4, pc}
 136              	.L16:
 137 0034 0248     		ldr	r0, .L17+4
 138 0036 FFF7FEFF 		bl	chDbgPanic
 139 003a E4E7     		b	.L14
 140              	.L18:
 141              		.align	2
 142              	.L17:
 143 003c 2C000000 		.word	.LC3
 144 0040 20000000 		.word	.LC2
 145              		.size	pwmStop, .-pwmStop
 146 0044 AFF30080 		.section	.text.pwmChangePeriod,"ax",%progbits
 146      AFF30080 
 146      AFF30080 
 147              		.align	2
 148              		.p2align 4,,15
 149              		.global	pwmChangePeriod
 150              		.thumb
 151              		.thumb_func
 152              		.type	pwmChangePeriod, %function
 153              	pwmChangePeriod:
 154              		@ args = 0, pretend = 0, frame = 0
 155              		@ frame_needed = 0, uses_anonymous_args = 0
 156 0000 38B5     		push	{r3, r4, r5, lr}
 157 0002 0446     		mov	r4, r0
 158 0004 0D46     		mov	r5, r1
 159 0006 A8B1     		cbz	r0, .L25
 160              	.L20:
 161 0008 2023     		movs	r3, #32
 162              	@ 151 "../../../ChibiOS/os/hal/src/pwm.c" 1
 163 000a 83F31188 		msr     BASEPRI, r3
 164              	@ 0 "" 2
 165              		.thumb
 166 000e FFF7FEFF 		bl	dbg_check_lock
ARM GAS  /tmp/ccb8AQY7.s 			page 4


 167 0012 2378     		ldrb	r3, [r4]	@ zero_extendqisi2
 168 0014 022B     		cmp	r3, #2
 169 0016 02D0     		beq	.L21
 170 0018 0848     		ldr	r0, .L26
 171 001a FFF7FEFF 		bl	chDbgPanic
 172              	.L21:
 173 001e 2369     		ldr	r3, [r4, #16]
 174 0020 6A1E     		subs	r2, r5, #1
 175 0022 92B2     		uxth	r2, r2
 176 0024 2581     		strh	r5, [r4, #8]	@ movhi
 177 0026 DA62     		str	r2, [r3, #44]
 178 0028 FFF7FEFF 		bl	dbg_check_unlock
 179 002c 0023     		movs	r3, #0
 180              	@ 155 "../../../ChibiOS/os/hal/src/pwm.c" 1
 181 002e 83F31188 		msr     BASEPRI, r3
 182              	@ 0 "" 2
 183              		.thumb
 184 0032 38BD     		pop	{r3, r4, r5, pc}
 185              	.L25:
 186 0034 0248     		ldr	r0, .L26+4
 187 0036 FFF7FEFF 		bl	chDbgPanic
 188 003a E5E7     		b	.L20
 189              	.L27:
 190              		.align	2
 191              	.L26:
 192 003c 50000000 		.word	.LC5
 193 0040 3C000000 		.word	.LC4
 194              		.size	pwmChangePeriod, .-pwmChangePeriod
 195              		.section	.text.pwmEnableChannel,"ax",%progbits
 196              		.align	2
 197              		.p2align 4,,15
 198              		.global	pwmEnableChannel
 199              		.thumb
 200              		.thumb_func
 201              		.type	pwmEnableChannel, %function
 202              	pwmEnableChannel:
 203              		@ args = 0, pretend = 0, frame = 0
 204              		@ frame_needed = 0, uses_anonymous_args = 0
 205 0000 70B5     		push	{r4, r5, r6, lr}
 206 0002 0446     		mov	r4, r0
 207 0004 0D46     		mov	r5, r1
 208 0006 1646     		mov	r6, r2
 209 0008 B8B1     		cbz	r0, .L29
 210 000a 0329     		cmp	r1, #3
 211 000c 15D8     		bhi	.L29
 212              	.L30:
 213 000e 2023     		movs	r3, #32
 214              	@ 179 "../../../ChibiOS/os/hal/src/pwm.c" 1
 215 0010 83F31188 		msr     BASEPRI, r3
 216              	@ 0 "" 2
 217              		.thumb
 218 0014 FFF7FEFF 		bl	dbg_check_lock
 219 0018 2378     		ldrb	r3, [r4]	@ zero_extendqisi2
 220 001a 022B     		cmp	r3, #2
 221 001c 02D0     		beq	.L31
 222 001e 0948     		ldr	r0, .L38
 223 0020 FFF7FEFF 		bl	chDbgPanic
ARM GAS  /tmp/ccb8AQY7.s 			page 5


 224              	.L31:
 225 0024 2046     		mov	r0, r4
 226 0026 2946     		mov	r1, r5
 227 0028 3246     		mov	r2, r6
 228 002a FFF7FEFF 		bl	pwm_lld_enable_channel
 229 002e FFF7FEFF 		bl	dbg_check_unlock
 230 0032 0023     		movs	r3, #0
 231              	@ 183 "../../../ChibiOS/os/hal/src/pwm.c" 1
 232 0034 83F31188 		msr     BASEPRI, r3
 233              	@ 0 "" 2
 234              		.thumb
 235 0038 70BD     		pop	{r4, r5, r6, pc}
 236              	.L29:
 237 003a 0348     		ldr	r0, .L38+4
 238 003c FFF7FEFF 		bl	chDbgPanic
 239 0040 E5E7     		b	.L30
 240              	.L39:
 241 0042 00BF     		.align	2
 242              	.L38:
 243 0044 80000000 		.word	.LC7
 244 0048 68000000 		.word	.LC6
 245              		.size	pwmEnableChannel, .-pwmEnableChannel
 246 004c AFF30080 		.section	.text.pwmDisableChannel,"ax",%progbits
 247              		.align	2
 248              		.p2align 4,,15
 249              		.global	pwmDisableChannel
 250              		.thumb
 251              		.thumb_func
 252              		.type	pwmDisableChannel, %function
 253              	pwmDisableChannel:
 254              		@ args = 0, pretend = 0, frame = 0
 255              		@ frame_needed = 0, uses_anonymous_args = 0
 256 0000 38B5     		push	{r3, r4, r5, lr}
 257 0002 0446     		mov	r4, r0
 258 0004 0D46     		mov	r5, r1
 259 0006 B0B1     		cbz	r0, .L41
 260 0008 0329     		cmp	r1, #3
 261 000a 14D8     		bhi	.L41
 262              	.L42:
 263 000c 2023     		movs	r3, #32
 264              	@ 205 "../../../ChibiOS/os/hal/src/pwm.c" 1
 265 000e 83F31188 		msr     BASEPRI, r3
 266              	@ 0 "" 2
 267              		.thumb
 268 0012 FFF7FEFF 		bl	dbg_check_lock
 269 0016 2378     		ldrb	r3, [r4]	@ zero_extendqisi2
 270 0018 022B     		cmp	r3, #2
 271 001a 02D0     		beq	.L43
 272 001c 0848     		ldr	r0, .L50
 273 001e FFF7FEFF 		bl	chDbgPanic
 274              	.L43:
 275 0022 2046     		mov	r0, r4
 276 0024 2946     		mov	r1, r5
 277 0026 FFF7FEFF 		bl	pwm_lld_disable_channel
 278 002a FFF7FEFF 		bl	dbg_check_unlock
 279 002e 0023     		movs	r3, #0
 280              	@ 209 "../../../ChibiOS/os/hal/src/pwm.c" 1
ARM GAS  /tmp/ccb8AQY7.s 			page 6


 281 0030 83F31188 		msr     BASEPRI, r3
 282              	@ 0 "" 2
 283              		.thumb
 284 0034 38BD     		pop	{r3, r4, r5, pc}
 285              	.L41:
 286 0036 0348     		ldr	r0, .L50+4
 287 0038 FFF7FEFF 		bl	chDbgPanic
 288 003c E6E7     		b	.L42
 289              	.L51:
 290 003e 00BF     		.align	2
 291              	.L50:
 292 0040 98000000 		.word	.LC8
 293 0044 68000000 		.word	.LC6
 294              		.size	pwmDisableChannel, .-pwmDisableChannel
 295 0048 AFF30080 		.section	.rodata.str1.4,"aMS",%progbits,1
 295      AFF30080 
 296              		.align	2
 297              	.LC0:
 298 0000 2270776D 		.ascii	"\"pwmStart\"()\000"
 298      53746172 
 298      74222829 
 298      00
 299 000d 000000   		.space	3
 300              	.LC1:
 301 0010 70776D53 		.ascii	"pwmStart(), #1\000"
 301      74617274 
 301      28292C20 
 301      233100
 302 001f 00       		.space	1
 303              	.LC2:
 304 0020 2270776D 		.ascii	"\"pwmStop\"()\000"
 304      53746F70 
 304      22282900 
 305              	.LC3:
 306 002c 70776D53 		.ascii	"pwmStop(), #1\000"
 306      746F7028 
 306      292C2023 
 306      3100
 307 003a 0000     		.space	2
 308              	.LC4:
 309 003c 2270776D 		.ascii	"\"pwmChangePeriod\"()\000"
 309      4368616E 
 309      67655065 
 309      72696F64 
 309      22282900 
 310              	.LC5:
 311 0050 70776D43 		.ascii	"pwmChangePeriod(), #1\000"
 311      68616E67 
 311      65506572 
 311      696F6428 
 311      292C2023 
 312 0066 0000     		.space	2
 313              	.LC6:
 314 0068 2270776D 		.ascii	"\"pwmEnableChannel\"()\000"
 314      456E6162 
 314      6C654368 
 314      616E6E65 
ARM GAS  /tmp/ccb8AQY7.s 			page 7


 314      6C222829 
 315 007d 000000   		.space	3
 316              	.LC7:
 317 0080 70776D45 		.ascii	"pwmEnableChannel(), #1\000"
 317      6E61626C 
 317      65436861 
 317      6E6E656C 
 317      28292C20 
 318 0097 00       		.space	1
 319              	.LC8:
 320 0098 70776D44 		.ascii	"pwmDisableChannel(), #1\000"
 320      69736162 
 320      6C654368 
 320      616E6E65 
 320      6C28292C 
 321              		.ident	"GCC: (GNU Tools for ARM Embedded Processors) 4.8.3 20140228 (release) [ARM/embedded-4_8-br
ARM GAS  /tmp/ccb8AQY7.s 			page 8


DEFINED SYMBOLS
                            *ABS*:00000000 pwm.c
     /tmp/ccb8AQY7.s:16     .text.pwmInit:00000000 $t
     /tmp/ccb8AQY7.s:22     .text.pwmInit:00000000 pwmInit
     /tmp/ccb8AQY7.s:29     .text.pwmObjectInit:00000000 $t
     /tmp/ccb8AQY7.s:35     .text.pwmObjectInit:00000000 pwmObjectInit
     /tmp/ccb8AQY7.s:46     .text.pwmStart:00000000 $t
     /tmp/ccb8AQY7.s:52     .text.pwmStart:00000000 pwmStart
     /tmp/ccb8AQY7.s:95     .text.pwmStart:00000048 $d
     /tmp/ccb8AQY7.s:99     .text.pwmStop:00000000 $t
     /tmp/ccb8AQY7.s:105    .text.pwmStop:00000000 pwmStop
     /tmp/ccb8AQY7.s:143    .text.pwmStop:0000003c $d
     /tmp/ccb8AQY7.s:147    .text.pwmChangePeriod:00000000 $t
     /tmp/ccb8AQY7.s:153    .text.pwmChangePeriod:00000000 pwmChangePeriod
     /tmp/ccb8AQY7.s:192    .text.pwmChangePeriod:0000003c $d
     /tmp/ccb8AQY7.s:196    .text.pwmEnableChannel:00000000 $t
     /tmp/ccb8AQY7.s:202    .text.pwmEnableChannel:00000000 pwmEnableChannel
     /tmp/ccb8AQY7.s:243    .text.pwmEnableChannel:00000044 $d
     /tmp/ccb8AQY7.s:247    .text.pwmDisableChannel:00000000 $t
     /tmp/ccb8AQY7.s:253    .text.pwmDisableChannel:00000000 pwmDisableChannel
     /tmp/ccb8AQY7.s:292    .text.pwmDisableChannel:00000040 $d
     /tmp/ccb8AQY7.s:296    .rodata.str1.4:00000000 $d
     /tmp/ccb8AQY7.s:146    .text.pwmStop:00000044 $t
     /tmp/ccb8AQY7.s:321    .text.pwmChangePeriod:00000044 $t
     /tmp/ccb8AQY7.s:246    .text.pwmEnableChannel:0000004c $t
     /tmp/ccb8AQY7.s:295    .text.pwmDisableChannel:00000048 $t

UNDEFINED SYMBOLS
pwm_lld_init
dbg_check_lock
chDbgPanic
pwm_lld_start
dbg_check_unlock
pwm_lld_stop
pwm_lld_enable_channel
pwm_lld_disable_channel
