ARM GAS  /tmp/ccjhBbPb.s 			page 1


   1              		.syntax unified
   2              		.cpu cortex-m3
   3              		.fpu softvfp
   4              		.eabi_attribute 20, 1
   5              		.eabi_attribute 21, 1
   6              		.eabi_attribute 23, 3
   7              		.eabi_attribute 24, 1
   8              		.eabi_attribute 25, 1
   9              		.eabi_attribute 26, 1
  10              		.eabi_attribute 30, 2
  11              		.eabi_attribute 34, 1
  12              		.eabi_attribute 18, 4
  13              		.thumb
  14              		.file	"pwm_lld.c"
  15              		.section	.text.VectorB0,"ax",%progbits
  16              		.align	2
  17              		.p2align 4,,15
  18              		.global	VectorB0
  19              		.thumb
  20              		.thumb_func
  21              		.type	VectorB0, %function
  22              	VectorB0:
  23              		@ args = 0, pretend = 0, frame = 0
  24              		@ frame_needed = 0, uses_anonymous_args = 0
  25 0000 38B5     		push	{r3, r4, r5, lr}
  26 0002 194D     		ldr	r5, .L27
  27 0004 FFF7FEFF 		bl	dbg_check_enter_isr
  28 0008 2B69     		ldr	r3, [r5, #16]
  29 000a 1A69     		ldr	r2, [r3, #16]
  30 000c DC68     		ldr	r4, [r3, #12]
  31 000e 1440     		ands	r4, r4, r2
  32 0010 A4B2     		uxth	r4, r4
  33 0012 E2B2     		uxtb	r2, r4
  34 0014 D243     		mvns	r2, r2
  35 0016 1A61     		str	r2, [r3, #16]
  36 0018 A307     		lsls	r3, r4, #30
  37 001a 20D4     		bmi	.L23
  38              	.L2:
  39 001c 6007     		lsls	r0, r4, #29
  40 001e 19D4     		bmi	.L24
  41              	.L3:
  42 0020 2107     		lsls	r1, r4, #28
  43 0022 12D4     		bmi	.L25
  44              	.L4:
  45 0024 E206     		lsls	r2, r4, #27
  46 0026 0BD4     		bmi	.L26
  47              	.L5:
  48 0028 E307     		lsls	r3, r4, #31
  49 002a 03D5     		bpl	.L6
  50 002c 6B68     		ldr	r3, [r5, #4]
  51 002e 0E48     		ldr	r0, .L27
  52 0030 9B68     		ldr	r3, [r3, #8]
  53 0032 9847     		blx	r3
  54              	.L6:
  55 0034 FFF7FEFF 		bl	dbg_check_leave_isr
  56 0038 BDE83840 		pop	{r3, r4, r5, lr}
  57 003c FFF7FEBF 		b	_port_irq_epilogue
ARM GAS  /tmp/ccjhBbPb.s 			page 2


  58              	.L26:
  59 0040 6B68     		ldr	r3, [r5, #4]
  60 0042 0948     		ldr	r0, .L27
  61 0044 9B6A     		ldr	r3, [r3, #40]
  62 0046 9847     		blx	r3
  63 0048 EEE7     		b	.L5
  64              	.L25:
  65 004a 6B68     		ldr	r3, [r5, #4]
  66 004c 0648     		ldr	r0, .L27
  67 004e 1B6A     		ldr	r3, [r3, #32]
  68 0050 9847     		blx	r3
  69 0052 E7E7     		b	.L4
  70              	.L24:
  71 0054 6B68     		ldr	r3, [r5, #4]
  72 0056 0448     		ldr	r0, .L27
  73 0058 9B69     		ldr	r3, [r3, #24]
  74 005a 9847     		blx	r3
  75 005c E0E7     		b	.L3
  76              	.L23:
  77 005e 6B68     		ldr	r3, [r5, #4]
  78 0060 2846     		mov	r0, r5
  79 0062 1B69     		ldr	r3, [r3, #16]
  80 0064 9847     		blx	r3
  81 0066 D9E7     		b	.L2
  82              	.L28:
  83              		.align	2
  84              	.L27:
  85 0068 00000000 		.word	.LANCHOR0
  86              		.size	VectorB0, .-VectorB0
  87 006c AFF30080 		.section	.text.pwm_lld_init,"ax",%progbits
  88              		.align	2
  89              		.p2align 4,,15
  90              		.global	pwm_lld_init
  91              		.thumb
  92              		.thumb_func
  93              		.type	pwm_lld_init, %function
  94              	pwm_lld_init:
  95              		@ args = 0, pretend = 0, frame = 0
  96              		@ frame_needed = 0, uses_anonymous_args = 0
  97 0000 10B5     		push	{r4, lr}
  98 0002 044C     		ldr	r4, .L30
  99 0004 2046     		mov	r0, r4
 100 0006 FFF7FEFF 		bl	pwmObjectInit
 101 000a 4FF08043 		mov	r3, #1073741824
 102 000e 2361     		str	r3, [r4, #16]
 103 0010 10BD     		pop	{r4, pc}
 104              	.L31:
 105 0012 00BF     		.align	2
 106              	.L30:
 107 0014 00000000 		.word	.LANCHOR0
 108              		.size	pwm_lld_init, .-pwm_lld_init
 109 0018 AFF30080 		.section	.text.pwm_lld_start,"ax",%progbits
 109      AFF30080 
 110              		.align	2
 111              		.p2align 4,,15
 112              		.global	pwm_lld_start
 113              		.thumb
ARM GAS  /tmp/ccjhBbPb.s 			page 3


 114              		.thumb_func
 115              		.type	pwm_lld_start, %function
 116              	pwm_lld_start:
 117              		@ args = 0, pretend = 0, frame = 0
 118              		@ frame_needed = 0, uses_anonymous_args = 0
 119 0000 0378     		ldrb	r3, [r0]	@ zero_extendqisi2
 120 0002 70B5     		push	{r4, r5, r6, lr}
 121 0004 012B     		cmp	r3, #1
 122 0006 0446     		mov	r4, r0
 123 0008 5ED0     		beq	.L61
 124 000a 0369     		ldr	r3, [r0, #16]
 125 000c 0022     		movs	r2, #0
 126 000e 1A60     		str	r2, [r3]
 127 0010 5A63     		str	r2, [r3, #52]
 128 0012 9A63     		str	r2, [r3, #56]
 129 0014 DA63     		str	r2, [r3, #60]
 130 0016 1A64     		str	r2, [r3, #64]
 131 0018 5A62     		str	r2, [r3, #36]
 132              	.L35:
 133 001a 6268     		ldr	r2, [r4, #4]
 134 001c E168     		ldr	r1, [r4, #12]
 135 001e 1668     		ldr	r6, [r2]
 136 0020 B1FBF6F0 		udiv	r0, r1, r6
 137 0024 451E     		subs	r5, r0, #1
 138 0026 B5F5803F 		cmp	r5, #65536
 139 002a 03D2     		bcs	.L36
 140 002c 06FB00F0 		mul	r0, r6, r0
 141 0030 8142     		cmp	r1, r0
 142 0032 04D0     		beq	.L37
 143              	.L36:
 144 0034 3248     		ldr	r0, .L65
 145 0036 FFF7FEFF 		bl	chDbgPanic
 146 003a 6268     		ldr	r2, [r4, #4]
 147 003c 2369     		ldr	r3, [r4, #16]
 148              	.L37:
 149 003e 2489     		ldrh	r4, [r4, #8]
 150 0040 D168     		ldr	r1, [r2, #12]
 151 0042 D06A     		ldr	r0, [r2, #44]
 152 0044 013C     		subs	r4, r4, #1
 153 0046 01F00F01 		and	r1, r1, #15
 154 004a A4B2     		uxth	r4, r4
 155 004c ADB2     		uxth	r5, r5
 156 004e 0129     		cmp	r1, #1
 157 0050 9D62     		str	r5, [r3, #40]
 158 0052 DC62     		str	r4, [r3, #44]
 159 0054 5860     		str	r0, [r3, #4]
 160 0056 03D0     		beq	.L38
 161 0058 0229     		cmp	r1, #2
 162 005a 0CBF     		ite	eq
 163 005c 0321     		moveq	r1, #3
 164 005e 0021     		movne	r1, #0
 165              	.L38:
 166 0060 5069     		ldr	r0, [r2, #20]
 167 0062 00F00F00 		and	r0, r0, #15
 168 0066 0128     		cmp	r0, #1
 169 0068 2BD0     		beq	.L42
 170 006a 0228     		cmp	r0, #2
ARM GAS  /tmp/ccjhBbPb.s 			page 4


 171 006c 27D0     		beq	.L62
 172              	.L41:
 173 006e D069     		ldr	r0, [r2, #28]
 174 0070 00F00F00 		and	r0, r0, #15
 175 0074 0128     		cmp	r0, #1
 176 0076 1FD0     		beq	.L45
 177 0078 0228     		cmp	r0, #2
 178 007a 1BD0     		beq	.L63
 179              	.L44:
 180 007c 506A     		ldr	r0, [r2, #36]
 181 007e 00F00F00 		and	r0, r0, #15
 182 0082 0128     		cmp	r0, #1
 183 0084 03D0     		beq	.L48
 184 0086 0228     		cmp	r0, #2
 185 0088 03D1     		bne	.L47
 186 008a 41F40051 		orr	r1, r1, #8192
 187              	.L48:
 188 008e 41F48051 		orr	r1, r1, #4096
 189              	.L47:
 190 0092 106B     		ldr	r0, [r2, #48]
 191 0094 9268     		ldr	r2, [r2, #8]
 192 0096 20F0FF00 		bic	r0, r0, #255
 193 009a 002A     		cmp	r2, #0
 194 009c 18BF     		it	ne
 195 009e 40F00100 		orrne	r0, r0, #1
 196 00a2 0125     		movs	r5, #1
 197 00a4 0024     		movs	r4, #0
 198 00a6 8522     		movs	r2, #133
 199 00a8 1962     		str	r1, [r3, #32]
 200 00aa 5D61     		str	r5, [r3, #20]
 201 00ac 1C61     		str	r4, [r3, #16]
 202 00ae D860     		str	r0, [r3, #12]
 203 00b0 1A60     		str	r2, [r3]
 204 00b2 70BD     		pop	{r4, r5, r6, pc}
 205              	.L63:
 206 00b4 41F40071 		orr	r1, r1, #512
 207              	.L45:
 208 00b8 41F48071 		orr	r1, r1, #256
 209 00bc DEE7     		b	.L44
 210              	.L62:
 211 00be 41F02001 		orr	r1, r1, #32
 212              	.L42:
 213 00c2 41F01001 		orr	r1, r1, #16
 214 00c6 D2E7     		b	.L41
 215              	.L61:
 216 00c8 0E4B     		ldr	r3, .L65+4
 217 00ca 9842     		cmp	r0, r3
 218 00cc 05D0     		beq	.L64
 219              	.L34:
 220 00ce 2369     		ldr	r3, [r4, #16]
 221 00d0 46F66802 		movw	r2, #26728
 222 00d4 9A61     		str	r2, [r3, #24]
 223 00d6 DA61     		str	r2, [r3, #28]
 224 00d8 9FE7     		b	.L35
 225              	.L64:
 226 00da 0B4B     		ldr	r3, .L65+8
 227 00dc 0022     		movs	r2, #0
ARM GAS  /tmp/ccjhBbPb.s 			page 5


 228 00de D969     		ldr	r1, [r3, #28]
 229 00e0 1C20     		movs	r0, #28
 230 00e2 41F00101 		orr	r1, r1, #1
 231 00e6 D961     		str	r1, [r3, #28]
 232 00e8 1D69     		ldr	r5, [r3, #16]
 233 00ea 7021     		movs	r1, #112
 234 00ec 45F00105 		orr	r5, r5, #1
 235 00f0 1D61     		str	r5, [r3, #16]
 236 00f2 1A61     		str	r2, [r3, #16]
 237 00f4 FFF7FEFF 		bl	nvicEnableVector
 238 00f8 044B     		ldr	r3, .L65+12
 239 00fa E360     		str	r3, [r4, #12]
 240 00fc E7E7     		b	.L34
 241              	.L66:
 242 00fe 00BF     		.align	2
 243              	.L65:
 244 0100 00000000 		.word	.LC0
 245 0104 00000000 		.word	.LANCHOR0
 246 0108 00100240 		.word	1073876992
 247 010c 00A24A04 		.word	72000000
 248              		.size	pwm_lld_start, .-pwm_lld_start
 249              		.section	.text.pwm_lld_stop,"ax",%progbits
 250              		.align	2
 251              		.p2align 4,,15
 252              		.global	pwm_lld_stop
 253              		.thumb
 254              		.thumb_func
 255              		.type	pwm_lld_stop, %function
 256              	pwm_lld_stop:
 257              		@ args = 0, pretend = 0, frame = 0
 258              		@ frame_needed = 0, uses_anonymous_args = 0
 259 0000 08B5     		push	{r3, lr}
 260 0002 0378     		ldrb	r3, [r0]	@ zero_extendqisi2
 261 0004 022B     		cmp	r3, #2
 262 0006 00D0     		beq	.L71
 263              	.L67:
 264 0008 08BD     		pop	{r3, pc}
 265              	.L71:
 266 000a 0849     		ldr	r1, .L72
 267 000c 0369     		ldr	r3, [r0, #16]
 268 000e 0022     		movs	r2, #0
 269 0010 8842     		cmp	r0, r1
 270 0012 1A60     		str	r2, [r3]
 271 0014 DA60     		str	r2, [r3, #12]
 272 0016 1A61     		str	r2, [r3, #16]
 273 0018 F6D1     		bne	.L67
 274 001a 1C20     		movs	r0, #28
 275 001c FFF7FEFF 		bl	nvicDisableVector
 276 0020 034B     		ldr	r3, .L72+4
 277 0022 DA69     		ldr	r2, [r3, #28]
 278 0024 22F00102 		bic	r2, r2, #1
 279 0028 DA61     		str	r2, [r3, #28]
 280 002a EDE7     		b	.L67
 281              	.L73:
 282              		.align	2
 283              	.L72:
 284 002c 00000000 		.word	.LANCHOR0
ARM GAS  /tmp/ccjhBbPb.s 			page 6


 285 0030 00100240 		.word	1073876992
 286              		.size	pwm_lld_stop, .-pwm_lld_stop
 287 0034 AFF30080 		.section	.text.pwm_lld_enable_channel,"ax",%progbits
 287      AFF30080 
 287      AFF30080 
 288              		.align	2
 289              		.p2align 4,,15
 290              		.global	pwm_lld_enable_channel
 291              		.thumb
 292              		.thumb_func
 293              		.type	pwm_lld_enable_channel, %function
 294              	pwm_lld_enable_channel:
 295              		@ args = 0, pretend = 0, frame = 0
 296              		@ frame_needed = 0, uses_anonymous_args = 0
 297              		@ link register save eliminated.
 298 0000 10B4     		push	{r4}
 299 0002 4468     		ldr	r4, [r0, #4]
 300 0004 0369     		ldr	r3, [r0, #16]
 301 0006 04EBC104 		add	r4, r4, r1, lsl #3
 302 000a 2069     		ldr	r0, [r4, #16]
 303 000c 01F10C04 		add	r4, r1, #12
 304 0010 03EB8404 		add	r4, r3, r4, lsl #2
 305 0014 6260     		str	r2, [r4, #4]
 306 0016 48B1     		cbz	r0, .L74
 307 0018 0222     		movs	r2, #2
 308 001a 02FA01F1 		lsl	r1, r2, r1
 309 001e DA68     		ldr	r2, [r3, #12]
 310 0020 1142     		tst	r1, r2
 311 0022 03D1     		bne	.L74
 312 0024 0A43     		orrs	r2, r2, r1
 313 0026 C943     		mvns	r1, r1
 314 0028 DA60     		str	r2, [r3, #12]
 315 002a 1961     		str	r1, [r3, #16]
 316              	.L74:
 317 002c 5DF8044B 		ldr	r4, [sp], #4
 318 0030 7047     		bx	lr
 319              		.size	pwm_lld_enable_channel, .-pwm_lld_enable_channel
 320 0032 00BFAFF3 		.section	.text.pwm_lld_disable_channel,"ax",%progbits
 320      0080AFF3 
 320      0080AFF3 
 320      0080
 321              		.align	2
 322              		.p2align 4,,15
 323              		.global	pwm_lld_disable_channel
 324              		.thumb
 325              		.thumb_func
 326              		.type	pwm_lld_disable_channel, %function
 327              	pwm_lld_disable_channel:
 328              		@ args = 0, pretend = 0, frame = 0
 329              		@ frame_needed = 0, uses_anonymous_args = 0
 330              		@ link register save eliminated.
 331 0000 0222     		movs	r2, #2
 332 0002 8A40     		lsls	r2, r2, r1
 333 0004 0369     		ldr	r3, [r0, #16]
 334 0006 0C31     		adds	r1, r1, #12
 335 0008 03EB8101 		add	r1, r3, r1, lsl #2
 336 000c 0020     		movs	r0, #0
ARM GAS  /tmp/ccjhBbPb.s 			page 7


 337 000e 4860     		str	r0, [r1, #4]
 338 0010 D968     		ldr	r1, [r3, #12]
 339 0012 21EA0202 		bic	r2, r1, r2
 340 0016 DA60     		str	r2, [r3, #12]
 341 0018 7047     		bx	lr
 342              		.size	pwm_lld_disable_channel, .-pwm_lld_disable_channel
 343              		.global	PWMD2
 344 001a 00BFAFF3 		.section	.bss.PWMD2,"aw",%nobits
 344      0080
 345              		.align	2
 346              		.set	.LANCHOR0,. + 0
 347              		.type	PWMD2, %object
 348              		.size	PWMD2, 20
 349              	PWMD2:
 350 0000 00000000 		.space	20
 350      00000000 
 350      00000000 
 350      00000000 
 350      00000000 
 351              		.section	.rodata.str1.4,"aMS",%progbits,1
 352              		.align	2
 353              	.LC0:
 354 0000 70776D5F 		.ascii	"pwm_lld_start(), #1\000"
 354      6C6C645F 
 354      73746172 
 354      7428292C 
 354      20233100 
 355              		.ident	"GCC: (GNU Tools for ARM Embedded Processors) 4.8.3 20140228 (release) [ARM/embedded-4_8-br
ARM GAS  /tmp/ccjhBbPb.s 			page 8


DEFINED SYMBOLS
                            *ABS*:00000000 pwm_lld.c
     /tmp/ccjhBbPb.s:16     .text.VectorB0:00000000 $t
     /tmp/ccjhBbPb.s:22     .text.VectorB0:00000000 VectorB0
     /tmp/ccjhBbPb.s:85     .text.VectorB0:00000068 $d
     /tmp/ccjhBbPb.s:88     .text.pwm_lld_init:00000000 $t
     /tmp/ccjhBbPb.s:94     .text.pwm_lld_init:00000000 pwm_lld_init
     /tmp/ccjhBbPb.s:107    .text.pwm_lld_init:00000014 $d
     /tmp/ccjhBbPb.s:110    .text.pwm_lld_start:00000000 $t
     /tmp/ccjhBbPb.s:116    .text.pwm_lld_start:00000000 pwm_lld_start
     /tmp/ccjhBbPb.s:244    .text.pwm_lld_start:00000100 $d
     /tmp/ccjhBbPb.s:250    .text.pwm_lld_stop:00000000 $t
     /tmp/ccjhBbPb.s:256    .text.pwm_lld_stop:00000000 pwm_lld_stop
     /tmp/ccjhBbPb.s:284    .text.pwm_lld_stop:0000002c $d
     /tmp/ccjhBbPb.s:288    .text.pwm_lld_enable_channel:00000000 $t
     /tmp/ccjhBbPb.s:294    .text.pwm_lld_enable_channel:00000000 pwm_lld_enable_channel
     /tmp/ccjhBbPb.s:321    .text.pwm_lld_disable_channel:00000000 $t
     /tmp/ccjhBbPb.s:327    .text.pwm_lld_disable_channel:00000000 pwm_lld_disable_channel
     /tmp/ccjhBbPb.s:349    .bss.PWMD2:00000000 PWMD2
     /tmp/ccjhBbPb.s:345    .bss.PWMD2:00000000 $d
     /tmp/ccjhBbPb.s:352    .rodata.str1.4:00000000 $d
     /tmp/ccjhBbPb.s:87     .text.VectorB0:0000006c $t
     /tmp/ccjhBbPb.s:109    .text.pwm_lld_init:00000018 $t
     /tmp/ccjhBbPb.s:287    .text.pwm_lld_stop:00000034 $t

UNDEFINED SYMBOLS
dbg_check_enter_isr
dbg_check_leave_isr
_port_irq_epilogue
pwmObjectInit
chDbgPanic
nvicEnableVector
nvicDisableVector
