ARM GAS  /tmp/ccdKfMeM.s 			page 1


   1              		.syntax unified
   2              		.cpu cortex-m3
   3              		.fpu softvfp
   4              		.eabi_attribute 20, 1
   5              		.eabi_attribute 21, 1
   6              		.eabi_attribute 23, 3
   7              		.eabi_attribute 24, 1
   8              		.eabi_attribute 25, 1
   9              		.eabi_attribute 26, 1
  10              		.eabi_attribute 30, 2
  11              		.eabi_attribute 34, 1
  12              		.eabi_attribute 18, 4
  13              		.thumb
  14              		.file	"vcnl4020.cpp"
  15              		.section	.text._ZN5amiro8VCNL4020D2Ev,"ax",%progbits
  16              		.align	2
  17              		.p2align 4,,15
  18              		.global	_ZN5amiro8VCNL4020D2Ev
  19              		.thumb
  20              		.thumb_func
  21              		.type	_ZN5amiro8VCNL4020D2Ev, %function
  22              	_ZN5amiro8VCNL4020D2Ev:
  23              		@ args = 0, pretend = 0, frame = 0
  24              		@ frame_needed = 0, uses_anonymous_args = 0
  25              		@ link register save eliminated.
  26 0000 014B     		ldr	r3, .L2
  27 0002 0360     		str	r3, [r0]
  28 0004 7047     		bx	lr
  29              	.L3:
  30 0006 00BF     		.align	2
  31              	.L2:
  32 0008 08000000 		.word	.LANCHOR0+8
  33              		.size	_ZN5amiro8VCNL4020D2Ev, .-_ZN5amiro8VCNL4020D2Ev
  34              		.global	_ZN5amiro8VCNL4020D1Ev
  35              		.thumb_set _ZN5amiro8VCNL4020D1Ev,_ZN5amiro8VCNL4020D2Ev
  36 000c AFF30080 		.section	.text._ZN5amiro8VCNL4020D0Ev,"ax",%progbits
  37              		.align	2
  38              		.p2align 4,,15
  39              		.global	_ZN5amiro8VCNL4020D0Ev
  40              		.thumb
  41              		.thumb_func
  42              		.type	_ZN5amiro8VCNL4020D0Ev, %function
  43              	_ZN5amiro8VCNL4020D0Ev:
  44              		@ args = 0, pretend = 0, frame = 0
  45              		@ frame_needed = 0, uses_anonymous_args = 0
  46 0000 10B5     		push	{r4, lr}
  47 0002 034B     		ldr	r3, .L5
  48 0004 0446     		mov	r4, r0
  49 0006 0360     		str	r3, [r0]
  50 0008 FFF7FEFF 		bl	_ZdlPv
  51 000c 2046     		mov	r0, r4
  52 000e 10BD     		pop	{r4, pc}
  53              	.L6:
  54              		.align	2
  55              	.L5:
  56 0010 08000000 		.word	.LANCHOR0+8
  57              		.size	_ZN5amiro8VCNL4020D0Ev, .-_ZN5amiro8VCNL4020D0Ev
ARM GAS  /tmp/ccdKfMeM.s 			page 2


  58 0014 AFF30080 		.section	.text.startup._ZN5amiro8VCNL40204mainEv,"ax",%progbits
  58      AFF30080 
  58      AFF30080 
  59              		.align	2
  60              		.p2align 4,,15
  61              		.global	_ZN5amiro8VCNL40204mainEv
  62              		.thumb
  63              		.thumb_func
  64              		.type	_ZN5amiro8VCNL40204mainEv, %function
  65              	_ZN5amiro8VCNL40204mainEv:
  66              		@ args = 0, pretend = 0, frame = 8
  67              		@ frame_needed = 0, uses_anonymous_args = 0
  68 0000 2DE9F047 		push	{r4, r5, r6, r7, r8, r9, r10, lr}
  69 0004 D0F8D851 		ldr	r5, [r0, #472]
  70 0008 82B0     		sub	sp, sp, #8
  71 000a 0446     		mov	r4, r0
  72 000c 4C48     		ldr	r0, .L20
  73 000e FFF7FEFF 		bl	_ZN10chibios_rt10BaseThread7setNameEPKc
  74 0012 2B68     		ldr	r3, [r5]
  75 0014 2846     		mov	r0, r5
  76 0016 DB69     		ldr	r3, [r3, #28]
  77 0018 9847     		blx	r3
  78 001a 01AF     		add	r7, sp, #4
  79 001c D4F8DC81 		ldr	r8, [r4, #476]
  80 0020 0022     		movs	r2, #0
  81 0022 0421     		movs	r1, #4
  82 0024 8223     		movs	r3, #130
  83 0026 C4F8FC21 		str	r2, [r4, #508]
  84 002a 8DF80430 		strb	r3, [sp, #4]
  85 002e C4F8F411 		str	r1, [r4, #500]
  86 0032 C4F8F071 		str	r7, [r4, #496]
  87 0036 98F80330 		ldrb	r3, [r8, #3]	@ zero_extendqisi2
  88 003a D4F8D801 		ldr	r0, [r4, #472]
  89 003e 8DF80530 		strb	r3, [sp, #5]
  90 0042 98F80230 		ldrb	r3, [r8, #2]	@ zero_extendqisi2
  91 0046 04F5F676 		add	r6, r4, #492
  92 004a C82B     		cmp	r3, #200
  93 004c 9ABF     		itte	ls
  94 004e 0A22     		movls	r2, #10
  95 0050 B3FBF2F3 		udivls	r3, r3, r2
  96 0054 1423     		movhi	r3, #20
  97 0056 8DF80630 		strb	r3, [sp, #6]
  98 005a 98F80130 		ldrb	r3, [r8, #1]	@ zero_extendqisi2
  99 005e 4FF0FF32 		mov	r2, #-1
 100 0062 8DF80730 		strb	r3, [sp, #7]
 101 0066 0368     		ldr	r3, [r0]
 102 0068 3146     		mov	r1, r6
 103 006a 5B69     		ldr	r3, [r3, #20]
 104 006c 9847     		blx	r3
 105 006e 8023     		movs	r3, #128
 106 0070 8DF80430 		strb	r3, [sp, #4]
 107 0074 98F80020 		ldrb	r2, [r8]	@ zero_extendqisi2
 108 0078 0223     		movs	r3, #2
 109 007a 8DF80520 		strb	r2, [sp, #5]
 110 007e C4F8F431 		str	r3, [r4, #500]
 111 0082 40B1     		cbz	r0, .L19
 112 0084 2B68     		ldr	r3, [r5]
ARM GAS  /tmp/ccdKfMeM.s 			page 3


 113 0086 2846     		mov	r0, r5
 114 0088 1B6A     		ldr	r3, [r3, #32]
 115 008a 9847     		blx	r3
 116              	.L17:
 117 008c 6FF00100 		mvn	r0, #1
 118 0090 02B0     		add	sp, sp, #8
 119              		@ sp needed
 120 0092 BDE8F087 		pop	{r4, r5, r6, r7, r8, r9, r10, pc}
 121              	.L19:
 122 0096 D4F8D801 		ldr	r0, [r4, #472]
 123 009a 3146     		mov	r1, r6
 124 009c 0368     		ldr	r3, [r0]
 125 009e 4FF0FF32 		mov	r2, #-1
 126 00a2 5B69     		ldr	r3, [r3, #20]
 127 00a4 9847     		blx	r3
 128 00a6 2B68     		ldr	r3, [r5]
 129 00a8 8046     		mov	r8, r0
 130 00aa 1B6A     		ldr	r3, [r3, #32]
 131 00ac 2846     		mov	r0, r5
 132 00ae 9847     		blx	r3
 133 00b0 B8F1000F 		cmp	r8, #0
 134 00b4 EAD1     		bne	.L17
 135 00b6 4FF0850A 		mov	r10, #133
 136 00ba 0DF10309 		add	r9, sp, #3
 137 00be 4FF00108 		mov	r8, #1
 138 00c2 35E0     		b	.L11
 139              	.L13:
 140 00c4 2B68     		ldr	r3, [r5]
 141 00c6 2846     		mov	r0, r5
 142 00c8 DB69     		ldr	r3, [r3, #28]
 143 00ca 9847     		blx	r3
 144 00cc D4F8D801 		ldr	r0, [r4, #472]
 145 00d0 8DF803A0 		strb	r10, [sp, #3]
 146 00d4 0368     		ldr	r3, [r0]
 147 00d6 0422     		movs	r2, #4
 148 00d8 C4F8F091 		str	r9, [r4, #496]
 149 00dc C4F8F871 		str	r7, [r4, #504]
 150 00e0 5B69     		ldr	r3, [r3, #20]
 151 00e2 C4F8F481 		str	r8, [r4, #500]
 152 00e6 C4F8FC21 		str	r2, [r4, #508]
 153 00ea 3146     		mov	r1, r6
 154 00ec 4FF0FF32 		mov	r2, #-1
 155 00f0 9847     		blx	r3
 156 00f2 78B9     		cbnz	r0, .L12
 157 00f4 9DF80400 		ldrb	r0, [sp, #4]	@ zero_extendqisi2
 158 00f8 9DF80520 		ldrb	r2, [sp, #5]	@ zero_extendqisi2
 159 00fc 9DF80610 		ldrb	r1, [sp, #6]	@ zero_extendqisi2
 160 0100 9DF80730 		ldrb	r3, [sp, #7]	@ zero_extendqisi2
 161 0104 42EA0022 		orr	r2, r2, r0, lsl #8
 162 0108 43EA0123 		orr	r3, r3, r1, lsl #8
 163 010c A4F8E421 		strh	r2, [r4, #484]	@ movhi
 164 0110 A4F8E631 		strh	r3, [r4, #486]	@ movhi
 165              	.L12:
 166 0114 2B68     		ldr	r3, [r5]
 167 0116 2846     		mov	r0, r5
 168 0118 1B6A     		ldr	r3, [r3, #32]
 169 011a 9847     		blx	r3
ARM GAS  /tmp/ccdKfMeM.s 			page 4


 170 011c 04F5F070 		add	r0, r4, #480
 171 0120 0021     		movs	r1, #0
 172 0122 FFF7FEFF 		bl	_ZN10chibios_rt9EvtSource14broadcastFlagsEm
 173 0126 4FF0FF30 		mov	r0, #-1
 174 012a 3F21     		movs	r1, #63
 175 012c FFF7FEFF 		bl	_ZN10chibios_rt10BaseThread19waitAnyEventTimeoutEmm
 176              	.L11:
 177 0130 FFF7FEFF 		bl	_ZN10chibios_rt10BaseThread15shouldTerminateEv
 178 0134 0028     		cmp	r0, #0
 179 0136 C5D0     		beq	.L13
 180 0138 0020     		movs	r0, #0
 181 013a 02B0     		add	sp, sp, #8
 182              		@ sp needed
 183 013c BDE8F087 		pop	{r4, r5, r6, r7, r8, r9, r10, pc}
 184              	.L21:
 185              		.align	2
 186              	.L20:
 187 0140 00000000 		.word	.LC0
 188              		.size	_ZN5amiro8VCNL40204mainEv, .-_ZN5amiro8VCNL40204mainEv
 189 0144 AFF30080 		.section	.text._ZN10chibios_rt16BaseStaticThreadILi256EE5startEm,"axG",%progbits,_ZN10chibios_rt16
 189      AFF30080 
 189      AFF30080 
 190              		.align	2
 191              		.p2align 4,,15
 192              		.weak	_ZN10chibios_rt16BaseStaticThreadILi256EE5startEm
 193              		.thumb
 194              		.thumb_func
 195              		.type	_ZN10chibios_rt16BaseStaticThreadILi256EE5startEm, %function
 196              	_ZN10chibios_rt16BaseStaticThreadILi256EE5startEm:
 197              		@ args = 0, pretend = 0, frame = 0
 198              		@ frame_needed = 0, uses_anonymous_args = 0
 199 0000 30B5     		push	{r4, r5, lr}
 200 0002 0D46     		mov	r5, r1
 201 0004 83B0     		sub	sp, sp, #12
 202 0006 0446     		mov	r4, r0
 203 0008 0091     		str	r1, [sp]
 204 000a 05F10800 		add	r0, r5, #8
 205 000e 4FF4E871 		mov	r1, #464
 206 0012 054B     		ldr	r3, .L23
 207 0014 FFF7FEFF 		bl	chThdCreateStatic
 208 0018 044A     		ldr	r2, .L23+4
 209 001a 0346     		mov	r3, r0
 210 001c 6860     		str	r0, [r5, #4]
 211 001e 2046     		mov	r0, r4
 212 0020 84E80C00 		stmia	r4, {r2, r3}
 213 0024 03B0     		add	sp, sp, #12
 214              		@ sp needed
 215 0026 30BD     		pop	{r4, r5, pc}
 216              	.L24:
 217              		.align	2
 218              	.L23:
 219 0028 00000000 		.word	_ZN10chibios_rt10_thd_startEPv
 220 002c 08000000 		.word	_ZTVN10chibios_rt15ThreadReferenceE+8
 221              		.size	_ZN10chibios_rt16BaseStaticThreadILi256EE5startEm, .-_ZN10chibios_rt16BaseStaticThreadILi256
 222              		.section	.text._ZN5amiro8VCNL4020C2EPNS_9I2CDriverEPKNS0_14VCNL4020ConfigE,"ax",%progbits
 223              		.align	2
 224              		.p2align 4,,15
ARM GAS  /tmp/ccdKfMeM.s 			page 5


 225              		.global	_ZN5amiro8VCNL4020C2EPNS_9I2CDriverEPKNS0_14VCNL4020ConfigE
 226              		.thumb
 227              		.thumb_func
 228              		.type	_ZN5amiro8VCNL4020C2EPNS_9I2CDriverEPKNS0_14VCNL4020ConfigE, %function
 229              	_ZN5amiro8VCNL4020C2EPNS_9I2CDriverEPKNS0_14VCNL4020ConfigE:
 230              		@ args = 0, pretend = 0, frame = 0
 231              		@ frame_needed = 0, uses_anonymous_args = 0
 232 0000 70B5     		push	{r4, r5, r6, lr}
 233 0002 0446     		mov	r4, r0
 234 0004 1646     		mov	r6, r2
 235 0006 0D46     		mov	r5, r1
 236 0008 FFF7FEFF 		bl	_ZN10chibios_rt10BaseThreadC2Ev
 237 000c 0A4B     		ldr	r3, .L26
 238 000e C4F8D851 		str	r5, [r4, #472]
 239 0012 2360     		str	r3, [r4]
 240 0014 C4F8DC61 		str	r6, [r4, #476]
 241 0018 04F5F070 		add	r0, r4, #480
 242 001c FFF7FEFF 		bl	_ZN10chibios_rt9EvtSourceC1Ev
 243 0020 0023     		movs	r3, #0
 244 0022 1322     		movs	r2, #19
 245 0024 A4F8EC21 		strh	r2, [r4, #492]	@ movhi
 246 0028 A4F8E431 		strh	r3, [r4, #484]	@ movhi
 247 002c A4F8E631 		strh	r3, [r4, #486]	@ movhi
 248 0030 A4F8E831 		strh	r3, [r4, #488]	@ movhi
 249 0034 2046     		mov	r0, r4
 250 0036 70BD     		pop	{r4, r5, r6, pc}
 251              	.L27:
 252              		.align	2
 253              	.L26:
 254 0038 08000000 		.word	.LANCHOR0+8
 255              		.size	_ZN5amiro8VCNL4020C2EPNS_9I2CDriverEPKNS0_14VCNL4020ConfigE, .-_ZN5amiro8VCNL4020C2EPNS_9I2C
 256              		.global	_ZN5amiro8VCNL4020C1EPNS_9I2CDriverEPKNS0_14VCNL4020ConfigE
 257              		.thumb_set _ZN5amiro8VCNL4020C1EPNS_9I2CDriverEPKNS0_14VCNL4020ConfigE,_ZN5amiro8VCNL4020C2EPNS_9I
 258 003c AFF30080 		.section	.text._ZN5amiro8VCNL402015getAmbientLightEv,"ax",%progbits
 259              		.align	2
 260              		.p2align 4,,15
 261              		.global	_ZN5amiro8VCNL402015getAmbientLightEv
 262              		.thumb
 263              		.thumb_func
 264              		.type	_ZN5amiro8VCNL402015getAmbientLightEv, %function
 265              	_ZN5amiro8VCNL402015getAmbientLightEv:
 266              		@ args = 0, pretend = 0, frame = 0
 267              		@ frame_needed = 0, uses_anonymous_args = 0
 268              		@ link register save eliminated.
 269 0000 B0F8E401 		ldrh	r0, [r0, #484]
 270 0004 7047     		bx	lr
 271              		.size	_ZN5amiro8VCNL402015getAmbientLightEv, .-_ZN5amiro8VCNL402015getAmbientLightEv
 272 0006 00BFAFF3 		.section	.text._ZN5amiro8VCNL402018setProximityOffsetEt,"ax",%progbits
 272      0080AFF3 
 272      0080
 273              		.align	2
 274              		.p2align 4,,15
 275              		.global	_ZN5amiro8VCNL402018setProximityOffsetEt
 276              		.thumb
 277              		.thumb_func
 278              		.type	_ZN5amiro8VCNL402018setProximityOffsetEt, %function
 279              	_ZN5amiro8VCNL402018setProximityOffsetEt:
ARM GAS  /tmp/ccdKfMeM.s 			page 6


 280              		@ args = 0, pretend = 0, frame = 0
 281              		@ frame_needed = 0, uses_anonymous_args = 0
 282              		@ link register save eliminated.
 283 0000 A0F8E811 		strh	r1, [r0, #488]	@ movhi
 284 0004 7047     		bx	lr
 285              		.size	_ZN5amiro8VCNL402018setProximityOffsetEt, .-_ZN5amiro8VCNL402018setProximityOffsetEt
 286 0006 00BFAFF3 		.section	.text._ZN5amiro8VCNL402018getProximityOffsetEv,"ax",%progbits
 286      0080AFF3 
 286      0080
 287              		.align	2
 288              		.p2align 4,,15
 289              		.global	_ZN5amiro8VCNL402018getProximityOffsetEv
 290              		.thumb
 291              		.thumb_func
 292              		.type	_ZN5amiro8VCNL402018getProximityOffsetEv, %function
 293              	_ZN5amiro8VCNL402018getProximityOffsetEv:
 294              		@ args = 0, pretend = 0, frame = 0
 295              		@ frame_needed = 0, uses_anonymous_args = 0
 296              		@ link register save eliminated.
 297 0000 B0F8E801 		ldrh	r0, [r0, #488]
 298 0004 7047     		bx	lr
 299              		.size	_ZN5amiro8VCNL402018getProximityOffsetEv, .-_ZN5amiro8VCNL402018getProximityOffsetEv
 300 0006 00BFAFF3 		.section	.text._ZN5amiro8VCNL402014getEventSourceEv,"ax",%progbits
 300      0080AFF3 
 300      0080
 301              		.align	2
 302              		.p2align 4,,15
 303              		.global	_ZN5amiro8VCNL402014getEventSourceEv
 304              		.thumb
 305              		.thumb_func
 306              		.type	_ZN5amiro8VCNL402014getEventSourceEv, %function
 307              	_ZN5amiro8VCNL402014getEventSourceEv:
 308              		@ args = 0, pretend = 0, frame = 0
 309              		@ frame_needed = 0, uses_anonymous_args = 0
 310              		@ link register save eliminated.
 311 0000 00F5F070 		add	r0, r0, #480
 312 0004 7047     		bx	lr
 313              		.size	_ZN5amiro8VCNL402014getEventSourceEv, .-_ZN5amiro8VCNL402014getEventSourceEv
 314 0006 00BFAFF3 		.section	.text._ZN5amiro8VCNL402012getProximityEv,"ax",%progbits
 314      0080AFF3 
 314      0080
 315              		.align	2
 316              		.p2align 4,,15
 317              		.global	_ZN5amiro8VCNL402012getProximityEv
 318              		.thumb
 319              		.thumb_func
 320              		.type	_ZN5amiro8VCNL402012getProximityEv, %function
 321              	_ZN5amiro8VCNL402012getProximityEv:
 322              		@ args = 0, pretend = 0, frame = 0
 323              		@ frame_needed = 0, uses_anonymous_args = 0
 324              		@ link register save eliminated.
 325 0000 B0F8E601 		ldrh	r0, [r0, #486]
 326 0004 7047     		bx	lr
 327              		.size	_ZN5amiro8VCNL402012getProximityEv, .-_ZN5amiro8VCNL402012getProximityEv
 328              		.global	__aeabi_i2f
 329              		.global	__aeabi_ui2f
 330              		.global	__aeabi_fdiv
ARM GAS  /tmp/ccdKfMeM.s 			page 7


 331              		.global	__aeabi_fmul
 332              		.global	__aeabi_f2uiz
 333 0006 00BFAFF3 		.section	.text._ZN5amiro8VCNL402026getProximityScaledWoOffsetEv,"ax",%progbits
 333      0080AFF3 
 333      0080
 334              		.align	2
 335              		.p2align 4,,15
 336              		.global	_ZN5amiro8VCNL402026getProximityScaledWoOffsetEv
 337              		.thumb
 338              		.thumb_func
 339              		.type	_ZN5amiro8VCNL402026getProximityScaledWoOffsetEv, %function
 340              	_ZN5amiro8VCNL402026getProximityScaledWoOffsetEv:
 341              		@ args = 0, pretend = 0, frame = 0
 342              		@ frame_needed = 0, uses_anonymous_args = 0
 343 0000 38B5     		push	{r3, r4, r5, lr}
 344 0002 B0F8E631 		ldrh	r3, [r0, #486]
 345 0006 B0F8E841 		ldrh	r4, [r0, #488]
 346 000a A342     		cmp	r3, r4
 347 000c 14D9     		bls	.L35
 348 000e 181B     		subs	r0, r3, r4
 349 0010 FFF7FEFF 		bl	__aeabi_i2f
 350 0014 0546     		mov	r5, r0
 351 0016 C4F57F40 		rsb	r0, r4, #65280
 352 001a FF30     		adds	r0, r0, #255
 353 001c FFF7FEFF 		bl	__aeabi_ui2f
 354 0020 0146     		mov	r1, r0
 355 0022 0648     		ldr	r0, .L36
 356 0024 FFF7FEFF 		bl	__aeabi_fdiv
 357 0028 0146     		mov	r1, r0
 358 002a 2846     		mov	r0, r5
 359 002c FFF7FEFF 		bl	__aeabi_fmul
 360 0030 FFF7FEFF 		bl	__aeabi_f2uiz
 361 0034 80B2     		uxth	r0, r0
 362 0036 38BD     		pop	{r3, r4, r5, pc}
 363              	.L35:
 364 0038 0020     		movs	r0, #0
 365 003a 38BD     		pop	{r3, r4, r5, pc}
 366              	.L37:
 367              		.align	2
 368              	.L36:
 369 003c 00FF7F47 		.word	1199570688
 370              		.size	_ZN5amiro8VCNL402026getProximityScaledWoOffsetEv, .-_ZN5amiro8VCNL402026getProximityScaledWo
 371              		.section	.text._ZN5amiro8VCNL40208getCheckEv,"ax",%progbits
 372              		.align	2
 373              		.p2align 4,,15
 374              		.global	_ZN5amiro8VCNL40208getCheckEv
 375              		.thumb
 376              		.thumb_func
 377              		.type	_ZN5amiro8VCNL40208getCheckEv, %function
 378              	_ZN5amiro8VCNL40208getCheckEv:
 379              		@ args = 0, pretend = 0, frame = 32
 380              		@ frame_needed = 0, uses_anonymous_args = 0
 381 0000 70B5     		push	{r4, r5, r6, lr}
 382 0002 88B0     		sub	sp, sp, #32
 383 0004 00F5F675 		add	r5, r0, #492
 384 0008 03AC     		add	r4, sp, #12
 385 000a 0646     		mov	r6, r0
ARM GAS  /tmp/ccdKfMeM.s 			page 8


 386 000c 0FCD     		ldmia	r5!, {r0, r1, r2, r3}
 387 000e 0FC4     		stmia	r4!, {r0, r1, r2, r3}
 388 0010 D6F8D801 		ldr	r0, [r6, #472]
 389 0014 8123     		movs	r3, #129
 390 0016 8DF80730 		strb	r3, [sp, #7]
 391 001a 0368     		ldr	r3, [r0]
 392 001c 0221     		movs	r1, #2
 393 001e 02AA     		add	r2, sp, #8
 394 0020 0DF10705 		add	r5, sp, #7
 395 0024 0124     		movs	r4, #1
 396 0026 0791     		str	r1, [sp, #28]
 397 0028 0692     		str	r2, [sp, #24]
 398 002a 5B69     		ldr	r3, [r3, #20]
 399 002c 0495     		str	r5, [sp, #16]
 400 002e 0594     		str	r4, [sp, #20]
 401 0030 03A9     		add	r1, sp, #12
 402 0032 4FF0FF32 		mov	r2, #-1
 403 0036 9847     		blx	r3
 404 0038 10F0FF0F 		tst	r0, #255
 405 003c 06D1     		bne	.L40
 406 003e 9DF80800 		ldrb	r0, [sp, #8]	@ zero_extendqisi2
 407 0042 2138     		subs	r0, r0, #33
 408 0044 18BF     		it	ne
 409 0046 0120     		movne	r0, #1
 410 0048 08B0     		add	sp, sp, #32
 411              		@ sp needed
 412 004a 70BD     		pop	{r4, r5, r6, pc}
 413              	.L40:
 414 004c 2046     		mov	r0, r4
 415 004e 08B0     		add	sp, sp, #32
 416              		@ sp needed
 417 0050 70BD     		pop	{r4, r5, r6, pc}
 418              		.size	_ZN5amiro8VCNL40208getCheckEv, .-_ZN5amiro8VCNL40208getCheckEv
 419 0052 00BFAFF3 		.section	.text._ZN5amiro8VCNL402015calibrateOffsetERt,"ax",%progbits
 419      0080AFF3 
 419      0080AFF3 
 419      0080
 420              		.align	2
 421              		.p2align 4,,15
 422              		.global	_ZN5amiro8VCNL402015calibrateOffsetERt
 423              		.thumb
 424              		.thumb_func
 425              		.type	_ZN5amiro8VCNL402015calibrateOffsetERt, %function
 426              	_ZN5amiro8VCNL402015calibrateOffsetERt:
 427              		@ args = 0, pretend = 0, frame = 16
 428              		@ frame_needed = 0, uses_anonymous_args = 0
 429 0000 2DE9F041 		push	{r4, r5, r6, r7, r8, lr}
 430 0004 00F5F077 		add	r7, r0, #480
 431 0008 84B0     		sub	sp, sp, #16
 432 000a 0646     		mov	r6, r0
 433 000c 8846     		mov	r8, r1
 434 000e 3846     		mov	r0, r7
 435 0010 6946     		mov	r1, sp
 436 0012 0022     		movs	r2, #0
 437 0014 FFF7FEFF 		bl	_ZN10chibios_rt9EvtSource11registerOneEPNS_11EvtListenerEl
 438 0018 B6F8E651 		ldrh	r5, [r6, #486]
 439 001c 0224     		movs	r4, #2
ARM GAS  /tmp/ccdKfMeM.s 			page 9


 440              	.L43:
 441 001e 4FF0FF30 		mov	r0, #-1
 442 0022 FFF7FEFF 		bl	_ZN10chibios_rt10BaseThread12waitOneEventEm
 443 0026 B6F8E631 		ldrh	r3, [r6, #486]
 444 002a 621E     		subs	r2, r4, #1
 445 002c 05FB0235 		mla	r5, r5, r2, r3
 446 0030 B5FBF4F5 		udiv	r5, r5, r4
 447 0034 0134     		adds	r4, r4, #1
 448 0036 152C     		cmp	r4, #21
 449 0038 F1D1     		bne	.L43
 450 003a 3846     		mov	r0, r7
 451 003c 6946     		mov	r1, sp
 452 003e FFF7FEFF 		bl	_ZN10chibios_rt9EvtSource10unregisterEPNS_11EvtListenerE
 453 0042 0020     		movs	r0, #0
 454 0044 A8F80050 		strh	r5, [r8]	@ movhi
 455 0048 04B0     		add	sp, sp, #16
 456              		@ sp needed
 457 004a BDE8F081 		pop	{r4, r5, r6, r7, r8, pc}
 458              		.size	_ZN5amiro8VCNL402015calibrateOffsetERt, .-_ZN5amiro8VCNL402015calibrateOffsetERt
 459 004e 00BF     		.section	.text._ZN5amiro8VCNL40209calibrateEv,"ax",%progbits
 460              		.align	2
 461              		.p2align 4,,15
 462              		.global	_ZN5amiro8VCNL40209calibrateEv
 463              		.thumb
 464              		.thumb_func
 465              		.type	_ZN5amiro8VCNL40209calibrateEv, %function
 466              	_ZN5amiro8VCNL40209calibrateEv:
 467              		@ args = 0, pretend = 0, frame = 8
 468              		@ frame_needed = 0, uses_anonymous_args = 0
 469 0000 10B5     		push	{r4, lr}
 470 0002 82B0     		sub	sp, sp, #8
 471 0004 0DF10601 		add	r1, sp, #6
 472 0008 0446     		mov	r4, r0
 473 000a FFF7FEFF 		bl	_ZN5amiro8VCNL402015calibrateOffsetERt
 474 000e 18B9     		cbnz	r0, .L45
 475 0010 BDF80630 		ldrh	r3, [sp, #6]
 476 0014 A4F8E831 		strh	r3, [r4, #488]	@ movhi
 477              	.L45:
 478 0018 02B0     		add	sp, sp, #8
 479              		@ sp needed
 480 001a 10BD     		pop	{r4, pc}
 481              		.size	_ZN5amiro8VCNL40209calibrateEv, .-_ZN5amiro8VCNL40209calibrateEv
 482 001c AFF30080 		.section	.text.startup._GLOBAL__sub_I__ZN5amiro8VCNL4020D2Ev,"ax",%progbits
 483              		.align	2
 484              		.p2align 4,,15
 485              		.thumb
 486              		.thumb_func
 487              		.type	_GLOBAL__sub_I__ZN5amiro8VCNL4020D2Ev, %function
 488              	_GLOBAL__sub_I__ZN5amiro8VCNL4020D2Ev:
 489              		@ args = 0, pretend = 0, frame = 0
 490              		@ frame_needed = 0, uses_anonymous_args = 0
 491              		@ link register save eliminated.
 492 0000 024B     		ldr	r3, .L47
 493 0002 034A     		ldr	r2, .L47+4
 494 0004 1A60     		str	r2, [r3]
 495 0006 5A60     		str	r2, [r3, #4]
 496 0008 7047     		bx	lr
ARM GAS  /tmp/ccdKfMeM.s 			page 10


 497              	.L48:
 498 000a 00BF     		.align	2
 499              	.L47:
 500 000c 00000000 		.word	.LANCHOR1
 501 0010 A0860100 		.word	100000
 502              		.size	_GLOBAL__sub_I__ZN5amiro8VCNL4020D2Ev, .-_GLOBAL__sub_I__ZN5amiro8VCNL4020D2Ev
 503 0014 AFF30080 		.section	.init_array,"aw",%init_array
 503      AFF30080 
 503      AFF30080 
 504              		.align	2
 505 0000 00000000 		.word	_GLOBAL__sub_I__ZN5amiro8VCNL4020D2Ev(target1)
 506              		.weak	_ZTVN10chibios_rt16BaseStaticThreadILi256EEE
 507              		.section	.rodata._ZTVN10chibios_rt16BaseStaticThreadILi256EEE,"aG",%progbits,_ZTVN10chibios_rt16Ba
 508              		.align	3
 509              		.type	_ZTVN10chibios_rt16BaseStaticThreadILi256EEE, %object
 510              		.size	_ZTVN10chibios_rt16BaseStaticThreadILi256EEE, 20
 511              	_ZTVN10chibios_rt16BaseStaticThreadILi256EEE:
 512 0000 00000000 		.word	0
 513 0004 00000000 		.word	0
 514 0008 00000000 		.word	_ZN10chibios_rt15ThreadReference4stopEv
 515 000c 00000000 		.word	_ZN10chibios_rt10BaseThread4mainEv
 516 0010 00000000 		.word	_ZN10chibios_rt16BaseStaticThreadILi256EE5startEm
 517              		.global	_ZTVN5amiro8VCNL4020E
 518 0014 00000000 		.section	.bss._ZN5amiro9constants12DiWheelDriveL10wheelErrorE,"aw",%nobits
 519              		.align	2
 520              		.set	.LANCHOR1,. + 0
 521              		.type	_ZN5amiro9constants12DiWheelDriveL10wheelErrorE, %object
 522              		.size	_ZN5amiro9constants12DiWheelDriveL10wheelErrorE, 8
 523              	_ZN5amiro9constants12DiWheelDriveL10wheelErrorE:
 524 0000 00000000 		.space	8
 524      00000000 
 525              		.section	.rodata.str1.4,"aMS",%progbits,1
 526              		.align	2
 527              	.LC0:
 528 0000 56636E6C 		.ascii	"Vcnl4020\000"
 528      34303230 
 528      00
 529 0009 000000   		.section	.rodata._ZTVN5amiro8VCNL4020E,"a",%progbits
 530              		.align	3
 531              		.set	.LANCHOR0,. + 0
 532              		.type	_ZTVN5amiro8VCNL4020E, %object
 533              		.size	_ZTVN5amiro8VCNL4020E, 28
 534              	_ZTVN5amiro8VCNL4020E:
 535 0000 00000000 		.word	0
 536 0004 00000000 		.word	0
 537 0008 00000000 		.word	_ZN10chibios_rt15ThreadReference4stopEv
 538 000c 00000000 		.word	_ZN5amiro8VCNL40204mainEv
 539 0010 00000000 		.word	_ZN10chibios_rt16BaseStaticThreadILi256EE5startEm
 540 0014 00000000 		.word	_ZN5amiro8VCNL4020D1Ev
 541 0018 00000000 		.word	_ZN5amiro8VCNL4020D0Ev
 542 001c 00000000 		.ident	"GCC: (GNU Tools for ARM Embedded Processors) 4.8.3 20140228 (release) [ARM/embedded-4_8-br
ARM GAS  /tmp/ccdKfMeM.s 			page 11


DEFINED SYMBOLS
                            *ABS*:00000000 vcnl4020.cpp
     /tmp/ccdKfMeM.s:16     .text._ZN5amiro8VCNL4020D2Ev:00000000 $t
     /tmp/ccdKfMeM.s:22     .text._ZN5amiro8VCNL4020D2Ev:00000000 _ZN5amiro8VCNL4020D2Ev
     /tmp/ccdKfMeM.s:32     .text._ZN5amiro8VCNL4020D2Ev:00000008 $d
     /tmp/ccdKfMeM.s:22     .text._ZN5amiro8VCNL4020D2Ev:00000000 _ZN5amiro8VCNL4020D1Ev
     /tmp/ccdKfMeM.s:37     .text._ZN5amiro8VCNL4020D0Ev:00000000 $t
     /tmp/ccdKfMeM.s:43     .text._ZN5amiro8VCNL4020D0Ev:00000000 _ZN5amiro8VCNL4020D0Ev
     /tmp/ccdKfMeM.s:56     .text._ZN5amiro8VCNL4020D0Ev:00000010 $d
     /tmp/ccdKfMeM.s:59     .text.startup._ZN5amiro8VCNL40204mainEv:00000000 $t
     /tmp/ccdKfMeM.s:65     .text.startup._ZN5amiro8VCNL40204mainEv:00000000 _ZN5amiro8VCNL40204mainEv
     /tmp/ccdKfMeM.s:187    .text.startup._ZN5amiro8VCNL40204mainEv:00000140 $d
     /tmp/ccdKfMeM.s:190    .text._ZN10chibios_rt16BaseStaticThreadILi256EE5startEm:00000000 $t
     /tmp/ccdKfMeM.s:196    .text._ZN10chibios_rt16BaseStaticThreadILi256EE5startEm:00000000 _ZN10chibios_rt16BaseStaticThreadILi256EE5startEm
     /tmp/ccdKfMeM.s:219    .text._ZN10chibios_rt16BaseStaticThreadILi256EE5startEm:00000028 $d
     /tmp/ccdKfMeM.s:223    .text._ZN5amiro8VCNL4020C2EPNS_9I2CDriverEPKNS0_14VCNL4020ConfigE:00000000 $t
     /tmp/ccdKfMeM.s:229    .text._ZN5amiro8VCNL4020C2EPNS_9I2CDriverEPKNS0_14VCNL4020ConfigE:00000000 _ZN5amiro8VCNL4020C2EPNS_9I2CDriverEPKNS0_14VCNL4020ConfigE
     /tmp/ccdKfMeM.s:254    .text._ZN5amiro8VCNL4020C2EPNS_9I2CDriverEPKNS0_14VCNL4020ConfigE:00000038 $d
     /tmp/ccdKfMeM.s:229    .text._ZN5amiro8VCNL4020C2EPNS_9I2CDriverEPKNS0_14VCNL4020ConfigE:00000000 _ZN5amiro8VCNL4020C1EPNS_9I2CDriverEPKNS0_14VCNL4020ConfigE
     /tmp/ccdKfMeM.s:259    .text._ZN5amiro8VCNL402015getAmbientLightEv:00000000 $t
     /tmp/ccdKfMeM.s:265    .text._ZN5amiro8VCNL402015getAmbientLightEv:00000000 _ZN5amiro8VCNL402015getAmbientLightEv
     /tmp/ccdKfMeM.s:273    .text._ZN5amiro8VCNL402018setProximityOffsetEt:00000000 $t
     /tmp/ccdKfMeM.s:279    .text._ZN5amiro8VCNL402018setProximityOffsetEt:00000000 _ZN5amiro8VCNL402018setProximityOffsetEt
     /tmp/ccdKfMeM.s:287    .text._ZN5amiro8VCNL402018getProximityOffsetEv:00000000 $t
     /tmp/ccdKfMeM.s:293    .text._ZN5amiro8VCNL402018getProximityOffsetEv:00000000 _ZN5amiro8VCNL402018getProximityOffsetEv
     /tmp/ccdKfMeM.s:301    .text._ZN5amiro8VCNL402014getEventSourceEv:00000000 $t
     /tmp/ccdKfMeM.s:307    .text._ZN5amiro8VCNL402014getEventSourceEv:00000000 _ZN5amiro8VCNL402014getEventSourceEv
     /tmp/ccdKfMeM.s:315    .text._ZN5amiro8VCNL402012getProximityEv:00000000 $t
     /tmp/ccdKfMeM.s:321    .text._ZN5amiro8VCNL402012getProximityEv:00000000 _ZN5amiro8VCNL402012getProximityEv
     /tmp/ccdKfMeM.s:334    .text._ZN5amiro8VCNL402026getProximityScaledWoOffsetEv:00000000 $t
     /tmp/ccdKfMeM.s:340    .text._ZN5amiro8VCNL402026getProximityScaledWoOffsetEv:00000000 _ZN5amiro8VCNL402026getProximityScaledWoOffsetEv
     /tmp/ccdKfMeM.s:369    .text._ZN5amiro8VCNL402026getProximityScaledWoOffsetEv:0000003c $d
     /tmp/ccdKfMeM.s:372    .text._ZN5amiro8VCNL40208getCheckEv:00000000 $t
     /tmp/ccdKfMeM.s:378    .text._ZN5amiro8VCNL40208getCheckEv:00000000 _ZN5amiro8VCNL40208getCheckEv
     /tmp/ccdKfMeM.s:420    .text._ZN5amiro8VCNL402015calibrateOffsetERt:00000000 $t
     /tmp/ccdKfMeM.s:426    .text._ZN5amiro8VCNL402015calibrateOffsetERt:00000000 _ZN5amiro8VCNL402015calibrateOffsetERt
     /tmp/ccdKfMeM.s:460    .text._ZN5amiro8VCNL40209calibrateEv:00000000 $t
     /tmp/ccdKfMeM.s:466    .text._ZN5amiro8VCNL40209calibrateEv:00000000 _ZN5amiro8VCNL40209calibrateEv
     /tmp/ccdKfMeM.s:483    .text.startup._GLOBAL__sub_I__ZN5amiro8VCNL4020D2Ev:00000000 $t
     /tmp/ccdKfMeM.s:488    .text.startup._GLOBAL__sub_I__ZN5amiro8VCNL4020D2Ev:00000000 _GLOBAL__sub_I__ZN5amiro8VCNL4020D2Ev
     /tmp/ccdKfMeM.s:500    .text.startup._GLOBAL__sub_I__ZN5amiro8VCNL4020D2Ev:0000000c $d
     /tmp/ccdKfMeM.s:504    .init_array:00000000 $d
     /tmp/ccdKfMeM.s:511    .rodata._ZTVN10chibios_rt16BaseStaticThreadILi256EEE:00000000 _ZTVN10chibios_rt16BaseStaticThreadILi256EEE
     /tmp/ccdKfMeM.s:508    .rodata._ZTVN10chibios_rt16BaseStaticThreadILi256EEE:00000000 $d
     /tmp/ccdKfMeM.s:534    .rodata._ZTVN5amiro8VCNL4020E:00000000 _ZTVN5amiro8VCNL4020E
     /tmp/ccdKfMeM.s:519    .bss._ZN5amiro9constants12DiWheelDriveL10wheelErrorE:00000000 $d
     /tmp/ccdKfMeM.s:523    .bss._ZN5amiro9constants12DiWheelDriveL10wheelErrorE:00000000 _ZN5amiro9constants12DiWheelDriveL10wheelErrorE
     /tmp/ccdKfMeM.s:526    .rodata.str1.4:00000000 $d
     /tmp/ccdKfMeM.s:530    .rodata._ZTVN5amiro8VCNL4020E:00000000 $d
     /tmp/ccdKfMeM.s:36     .text._ZN5amiro8VCNL4020D2Ev:0000000c $t
     /tmp/ccdKfMeM.s:58     .text._ZN5amiro8VCNL4020D0Ev:00000014 $t
     /tmp/ccdKfMeM.s:189    .text.startup._ZN5amiro8VCNL40204mainEv:00000144 $t
     /tmp/ccdKfMeM.s:258    .text._ZN5amiro8VCNL4020C2EPNS_9I2CDriverEPKNS0_14VCNL4020ConfigE:0000003c $t
     /tmp/ccdKfMeM.s:503    .text.startup._GLOBAL__sub_I__ZN5amiro8VCNL4020D2Ev:00000014 $t

UNDEFINED SYMBOLS
_ZdlPv
ARM GAS  /tmp/ccdKfMeM.s 			page 12


_ZN10chibios_rt10BaseThread7setNameEPKc
_ZN10chibios_rt9EvtSource14broadcastFlagsEm
_ZN10chibios_rt10BaseThread19waitAnyEventTimeoutEmm
_ZN10chibios_rt10BaseThread15shouldTerminateEv
chThdCreateStatic
_ZN10chibios_rt10_thd_startEPv
_ZTVN10chibios_rt15ThreadReferenceE
_ZN10chibios_rt10BaseThreadC2Ev
_ZN10chibios_rt9EvtSourceC1Ev
__aeabi_i2f
__aeabi_ui2f
__aeabi_fdiv
__aeabi_fmul
__aeabi_f2uiz
_ZN10chibios_rt9EvtSource11registerOneEPNS_11EvtListenerEl
_ZN10chibios_rt10BaseThread12waitOneEventEm
_ZN10chibios_rt9EvtSource10unregisterEPNS_11EvtListenerE
_ZN10chibios_rt15ThreadReference4stopEv
_ZN10chibios_rt10BaseThread4mainEv
