ARM GAS  /tmp/ccInz6qT.s 			page 1


   1              		.syntax unified
   2              		.cpu cortex-m3
   3              		.fpu softvfp
   4              		.eabi_attribute 20, 1
   5              		.eabi_attribute 21, 1
   6              		.eabi_attribute 23, 3
   7              		.eabi_attribute 24, 1
   8              		.eabi_attribute 25, 1
   9              		.eabi_attribute 26, 1
  10              		.eabi_attribute 30, 2
  11              		.eabi_attribute 34, 1
  12              		.eabi_attribute 18, 4
  13              		.thumb
  14              		.file	"chevents.c"
  15              		.section	.text.chEvtRegisterMask,"ax",%progbits
  16              		.align	2
  17              		.p2align 4,,15
  18              		.global	chEvtRegisterMask
  19              		.thumb
  20              		.thumb_func
  21              		.type	chEvtRegisterMask, %function
  22              	chEvtRegisterMask:
  23              		@ args = 0, pretend = 0, frame = 0
  24              		@ frame_needed = 0, uses_anonymous_args = 0
  25 0000 F8B5     		push	{r3, r4, r5, r6, r7, lr}
  26 0002 0546     		mov	r5, r0
  27 0004 0C46     		mov	r4, r1
  28 0006 1746     		mov	r7, r2
  29 0008 A0B1     		cbz	r0, .L2
  30 000a 99B1     		cbz	r1, .L2
  31              	.L3:
  32 000c 2023     		movs	r3, #32
  33              	@ 89 "../../../ChibiOS/os/kernel/src/chevents.c" 1
  34 000e 83F31188 		msr     BASEPRI, r3
  35              	@ 0 "" 2
  36              		.thumb
  37 0012 FFF7FEFF 		bl	dbg_check_lock
  38 0016 094A     		ldr	r2, .L8
  39 0018 2B68     		ldr	r3, [r5]
  40 001a 9269     		ldr	r2, [r2, #24]
  41 001c 0026     		movs	r6, #0
  42 001e 2360     		str	r3, [r4]
  43 0020 2C60     		str	r4, [r5]
  44 0022 6260     		str	r2, [r4, #4]
  45 0024 A760     		str	r7, [r4, #8]
  46 0026 E660     		str	r6, [r4, #12]
  47 0028 FFF7FEFF 		bl	dbg_check_unlock
  48 002c 3346     		mov	r3, r6
  49              	@ 95 "../../../ChibiOS/os/kernel/src/chevents.c" 1
  50 002e 83F31188 		msr     BASEPRI, r3
  51              	@ 0 "" 2
  52              		.thumb
  53 0032 F8BD     		pop	{r3, r4, r5, r6, r7, pc}
  54              	.L2:
  55 0034 0248     		ldr	r0, .L8+4
  56 0036 FFF7FEFF 		bl	chDbgPanic
  57 003a E7E7     		b	.L3
ARM GAS  /tmp/ccInz6qT.s 			page 2


  58              	.L9:
  59              		.align	2
  60              	.L8:
  61 003c 00000000 		.word	rlist
  62 0040 00000000 		.word	.LC0
  63              		.size	chEvtRegisterMask, .-chEvtRegisterMask
  64              		.section	.text.chEvtUnregister,"ax",%progbits
  65              		.align	2
  66              		.p2align 4,,15
  67              		.global	chEvtUnregister
  68              		.thumb
  69              		.thumb_func
  70              		.type	chEvtUnregister, %function
  71              	chEvtUnregister:
  72              		@ args = 0, pretend = 0, frame = 0
  73              		@ frame_needed = 0, uses_anonymous_args = 0
  74 0000 38B5     		push	{r3, r4, r5, lr}
  75 0002 0446     		mov	r4, r0
  76 0004 0D46     		mov	r5, r1
  77 0006 D8B1     		cbz	r0, .L11
  78 0008 D1B1     		cbz	r1, .L11
  79              	.L12:
  80 000a 2023     		movs	r3, #32
  81              	@ 117 "../../../ChibiOS/os/kernel/src/chevents.c" 1
  82 000c 83F31188 		msr     BASEPRI, r3
  83              	@ 0 "" 2
  84              		.thumb
  85 0010 FFF7FEFF 		bl	dbg_check_lock
  86 0014 2246     		mov	r2, r4
  87 0016 02E0     		b	.L13
  88              	.L16:
  89 0018 9D42     		cmp	r5, r3
  90 001a 09D0     		beq	.L20
  91 001c 1A46     		mov	r2, r3
  92              	.L13:
  93 001e 1368     		ldr	r3, [r2]
  94 0020 A342     		cmp	r3, r4
  95 0022 F9D1     		bne	.L16
  96 0024 FFF7FEFF 		bl	dbg_check_unlock
  97 0028 0023     		movs	r3, #0
  98              	@ 125 "../../../ChibiOS/os/kernel/src/chevents.c" 1
  99 002a 83F31188 		msr     BASEPRI, r3
 100              	@ 0 "" 2
 101              		.thumb
 102 002e 38BD     		pop	{r3, r4, r5, pc}
 103              	.L20:
 104 0030 2B68     		ldr	r3, [r5]
 105 0032 1360     		str	r3, [r2]
 106 0034 FFF7FEFF 		bl	dbg_check_unlock
 107 0038 0023     		movs	r3, #0
 108              	@ 125 "../../../ChibiOS/os/kernel/src/chevents.c" 1
 109 003a 83F31188 		msr     BASEPRI, r3
 110              	@ 0 "" 2
 111              		.thumb
 112 003e 38BD     		pop	{r3, r4, r5, pc}
 113              	.L11:
 114 0040 0148     		ldr	r0, .L21
ARM GAS  /tmp/ccInz6qT.s 			page 3


 115 0042 FFF7FEFF 		bl	chDbgPanic
 116 0046 E0E7     		b	.L12
 117              	.L22:
 118              		.align	2
 119              	.L21:
 120 0048 18000000 		.word	.LC1
 121              		.size	chEvtUnregister, .-chEvtUnregister
 122 004c AFF30080 		.section	.text.chEvtGetAndClearEvents,"ax",%progbits
 123              		.align	2
 124              		.p2align 4,,15
 125              		.global	chEvtGetAndClearEvents
 126              		.thumb
 127              		.thumb_func
 128              		.type	chEvtGetAndClearEvents, %function
 129              	chEvtGetAndClearEvents:
 130              		@ args = 0, pretend = 0, frame = 0
 131              		@ frame_needed = 0, uses_anonymous_args = 0
 132 0000 10B5     		push	{r4, lr}
 133 0002 2023     		movs	r3, #32
 134 0004 0446     		mov	r4, r0
 135              	@ 139 "../../../ChibiOS/os/kernel/src/chevents.c" 1
 136 0006 83F31188 		msr     BASEPRI, r3
 137              	@ 0 "" 2
 138              		.thumb
 139 000a FFF7FEFF 		bl	dbg_check_lock
 140 000e 074B     		ldr	r3, .L24
 141 0010 9B69     		ldr	r3, [r3, #24]
 142 0012 D86B     		ldr	r0, [r3, #60]
 143 0014 20EA0402 		bic	r2, r0, r4
 144 0018 DA63     		str	r2, [r3, #60]
 145 001a 0440     		ands	r4, r4, r0
 146 001c FFF7FEFF 		bl	dbg_check_unlock
 147 0020 0023     		movs	r3, #0
 148              	@ 144 "../../../ChibiOS/os/kernel/src/chevents.c" 1
 149 0022 83F31188 		msr     BASEPRI, r3
 150              	@ 0 "" 2
 151              		.thumb
 152 0026 2046     		mov	r0, r4
 153 0028 10BD     		pop	{r4, pc}
 154              	.L25:
 155 002a 00BF     		.align	2
 156              	.L24:
 157 002c 00000000 		.word	rlist
 158              		.size	chEvtGetAndClearEvents, .-chEvtGetAndClearEvents
 159              		.section	.text.chEvtAddEvents,"ax",%progbits
 160              		.align	2
 161              		.p2align 4,,15
 162              		.global	chEvtAddEvents
 163              		.thumb
 164              		.thumb_func
 165              		.type	chEvtAddEvents, %function
 166              	chEvtAddEvents:
 167              		@ args = 0, pretend = 0, frame = 0
 168              		@ frame_needed = 0, uses_anonymous_args = 0
 169 0000 10B5     		push	{r4, lr}
 170 0002 2023     		movs	r3, #32
 171 0004 0446     		mov	r4, r0
ARM GAS  /tmp/ccInz6qT.s 			page 4


 172              	@ 159 "../../../ChibiOS/os/kernel/src/chevents.c" 1
 173 0006 83F31188 		msr     BASEPRI, r3
 174              	@ 0 "" 2
 175              		.thumb
 176 000a FFF7FEFF 		bl	dbg_check_lock
 177 000e 064B     		ldr	r3, .L27
 178 0010 9B69     		ldr	r3, [r3, #24]
 179 0012 DA6B     		ldr	r2, [r3, #60]
 180 0014 1443     		orrs	r4, r4, r2
 181 0016 DC63     		str	r4, [r3, #60]
 182 0018 FFF7FEFF 		bl	dbg_check_unlock
 183 001c 0023     		movs	r3, #0
 184              	@ 163 "../../../ChibiOS/os/kernel/src/chevents.c" 1
 185 001e 83F31188 		msr     BASEPRI, r3
 186              	@ 0 "" 2
 187              		.thumb
 188 0022 2046     		mov	r0, r4
 189 0024 10BD     		pop	{r4, pc}
 190              	.L28:
 191 0026 00BF     		.align	2
 192              	.L27:
 193 0028 00000000 		.word	rlist
 194              		.size	chEvtAddEvents, .-chEvtAddEvents
 195 002c AFF30080 		.section	.text.chEvtGetAndClearFlags,"ax",%progbits
 196              		.align	2
 197              		.p2align 4,,15
 198              		.global	chEvtGetAndClearFlags
 199              		.thumb
 200              		.thumb_func
 201              		.type	chEvtGetAndClearFlags, %function
 202              	chEvtGetAndClearFlags:
 203              		@ args = 0, pretend = 0, frame = 0
 204              		@ frame_needed = 0, uses_anonymous_args = 0
 205 0000 70B5     		push	{r4, r5, r6, lr}
 206 0002 2023     		movs	r3, #32
 207 0004 0546     		mov	r5, r0
 208              	@ 212 "../../../ChibiOS/os/kernel/src/chevents.c" 1
 209 0006 83F31188 		msr     BASEPRI, r3
 210              	@ 0 "" 2
 211              		.thumb
 212 000a 0024     		movs	r4, #0
 213 000c FFF7FEFF 		bl	dbg_check_lock
 214 0010 EE68     		ldr	r6, [r5, #12]
 215 0012 EC60     		str	r4, [r5, #12]
 216 0014 FFF7FEFF 		bl	dbg_check_unlock
 217 0018 2346     		mov	r3, r4
 218              	@ 217 "../../../ChibiOS/os/kernel/src/chevents.c" 1
 219 001a 83F31188 		msr     BASEPRI, r3
 220              	@ 0 "" 2
 221              		.thumb
 222 001e 3046     		mov	r0, r6
 223 0020 70BD     		pop	{r4, r5, r6, pc}
 224              		.size	chEvtGetAndClearFlags, .-chEvtGetAndClearFlags
 225 0022 00BFAFF3 		.section	.text.chEvtSignalI,"ax",%progbits
 225      0080AFF3 
 225      0080AFF3 
 225      0080
ARM GAS  /tmp/ccInz6qT.s 			page 5


 226              		.align	2
 227              		.p2align 4,,15
 228              		.global	chEvtSignalI
 229              		.thumb
 230              		.thumb_func
 231              		.type	chEvtSignalI, %function
 232              	chEvtSignalI:
 233              		@ args = 0, pretend = 0, frame = 0
 234              		@ frame_needed = 0, uses_anonymous_args = 0
 235 0000 38B5     		push	{r3, r4, r5, lr}
 236 0002 0446     		mov	r4, r0
 237 0004 0D46     		mov	r5, r1
 238 0006 FFF7FEFF 		bl	chDbgCheckClassI
 239 000a C4B1     		cbz	r4, .L35
 240              	.L31:
 241 000c E26B     		ldr	r2, [r4, #60]
 242 000e 94F82030 		ldrb	r3, [r4, #32]	@ zero_extendqisi2
 243 0012 45EA0201 		orr	r1, r5, r2
 244 0016 082B     		cmp	r3, #8
 245 0018 E163     		str	r1, [r4, #60]
 246 001a 0CD0     		beq	.L36
 247 001c 092B     		cmp	r3, #9
 248 001e 00D0     		beq	.L37
 249              	.L30:
 250 0020 38BD     		pop	{r3, r4, r5, pc}
 251              	.L37:
 252 0022 A36A     		ldr	r3, [r4, #40]
 253 0024 1940     		ands	r1, r1, r3
 254 0026 8B42     		cmp	r3, r1
 255 0028 FAD1     		bne	.L30
 256              	.L33:
 257 002a 2046     		mov	r0, r4
 258 002c FFF7FEFF 		bl	chSchReadyI
 259 0030 0023     		movs	r3, #0
 260 0032 8362     		str	r3, [r0, #40]
 261 0034 38BD     		pop	{r3, r4, r5, pc}
 262              	.L36:
 263 0036 A36A     		ldr	r3, [r4, #40]
 264 0038 1942     		tst	r1, r3
 265 003a F6D1     		bne	.L33
 266 003c 38BD     		pop	{r3, r4, r5, pc}
 267              	.L35:
 268 003e 0248     		ldr	r0, .L38
 269 0040 FFF7FEFF 		bl	chDbgPanic
 270 0044 E2E7     		b	.L31
 271              	.L39:
 272 0046 00BF     		.align	2
 273              	.L38:
 274 0048 2C000000 		.word	.LC2
 275              		.size	chEvtSignalI, .-chEvtSignalI
 276 004c AFF30080 		.section	.text.chEvtBroadcastFlagsI,"ax",%progbits
 277              		.align	2
 278              		.p2align 4,,15
 279              		.global	chEvtBroadcastFlagsI
 280              		.thumb
 281              		.thumb_func
 282              		.type	chEvtBroadcastFlagsI, %function
ARM GAS  /tmp/ccInz6qT.s 			page 6


 283              	chEvtBroadcastFlagsI:
 284              		@ args = 0, pretend = 0, frame = 0
 285              		@ frame_needed = 0, uses_anonymous_args = 0
 286 0000 70B5     		push	{r4, r5, r6, lr}
 287 0002 0546     		mov	r5, r0
 288 0004 0E46     		mov	r6, r1
 289 0006 FFF7FEFF 		bl	chDbgCheckClassI
 290 000a 6DB1     		cbz	r5, .L45
 291              	.L41:
 292 000c 2C68     		ldr	r4, [r5]
 293 000e A542     		cmp	r5, r4
 294 0010 09D0     		beq	.L40
 295              	.L44:
 296 0012 E368     		ldr	r3, [r4, #12]
 297 0014 6068     		ldr	r0, [r4, #4]
 298 0016 3343     		orrs	r3, r3, r6
 299 0018 E360     		str	r3, [r4, #12]
 300 001a A168     		ldr	r1, [r4, #8]
 301 001c FFF7FEFF 		bl	chEvtSignalI
 302 0020 2468     		ldr	r4, [r4]
 303 0022 A542     		cmp	r5, r4
 304 0024 F5D1     		bne	.L44
 305              	.L40:
 306 0026 70BD     		pop	{r4, r5, r6, pc}
 307              	.L45:
 308 0028 0148     		ldr	r0, .L46
 309 002a FFF7FEFF 		bl	chDbgPanic
 310 002e EDE7     		b	.L41
 311              	.L47:
 312              		.align	2
 313              	.L46:
 314 0030 40000000 		.word	.LC3
 315              		.size	chEvtBroadcastFlagsI, .-chEvtBroadcastFlagsI
 316 0034 AFF30080 		.section	.text.chEvtSignal,"ax",%progbits
 316      AFF30080 
 316      AFF30080 
 317              		.align	2
 318              		.p2align 4,,15
 319              		.global	chEvtSignal
 320              		.thumb
 321              		.thumb_func
 322              		.type	chEvtSignal, %function
 323              	chEvtSignal:
 324              		@ args = 0, pretend = 0, frame = 0
 325              		@ frame_needed = 0, uses_anonymous_args = 0
 326 0000 38B5     		push	{r3, r4, r5, lr}
 327 0002 0446     		mov	r4, r0
 328 0004 0D46     		mov	r5, r1
 329 0006 80B1     		cbz	r0, .L50
 330              	.L49:
 331 0008 2023     		movs	r3, #32
 332              	@ 233 "../../../ChibiOS/os/kernel/src/chevents.c" 1
 333 000a 83F31188 		msr     BASEPRI, r3
 334              	@ 0 "" 2
 335              		.thumb
 336 000e FFF7FEFF 		bl	dbg_check_lock
 337 0012 2046     		mov	r0, r4
ARM GAS  /tmp/ccInz6qT.s 			page 7


 338 0014 2946     		mov	r1, r5
 339 0016 FFF7FEFF 		bl	chEvtSignalI
 340 001a FFF7FEFF 		bl	chSchRescheduleS
 341 001e FFF7FEFF 		bl	dbg_check_unlock
 342 0022 0023     		movs	r3, #0
 343              	@ 236 "../../../ChibiOS/os/kernel/src/chevents.c" 1
 344 0024 83F31188 		msr     BASEPRI, r3
 345              	@ 0 "" 2
 346              		.thumb
 347 0028 38BD     		pop	{r3, r4, r5, pc}
 348              	.L50:
 349 002a 0248     		ldr	r0, .L51
 350 002c FFF7FEFF 		bl	chDbgPanic
 351 0030 EAE7     		b	.L49
 352              	.L52:
 353 0032 00BF     		.align	2
 354              	.L51:
 355 0034 58000000 		.word	.LC4
 356              		.size	chEvtSignal, .-chEvtSignal
 357 0038 AFF30080 		.section	.text.chEvtBroadcastFlags,"ax",%progbits
 357      AFF30080 
 358              		.align	2
 359              		.p2align 4,,15
 360              		.global	chEvtBroadcastFlags
 361              		.thumb
 362              		.thumb_func
 363              		.type	chEvtBroadcastFlags, %function
 364              	chEvtBroadcastFlags:
 365              		@ args = 0, pretend = 0, frame = 0
 366              		@ frame_needed = 0, uses_anonymous_args = 0
 367 0000 38B5     		push	{r3, r4, r5, lr}
 368 0002 0546     		mov	r5, r0
 369 0004 0C46     		mov	r4, r1
 370 0006 2023     		movs	r3, #32
 371              	@ 280 "../../../ChibiOS/os/kernel/src/chevents.c" 1
 372 0008 83F31188 		msr     BASEPRI, r3
 373              	@ 0 "" 2
 374              		.thumb
 375 000c FFF7FEFF 		bl	dbg_check_lock
 376 0010 2846     		mov	r0, r5
 377 0012 2146     		mov	r1, r4
 378 0014 FFF7FEFF 		bl	chEvtBroadcastFlagsI
 379 0018 FFF7FEFF 		bl	chSchRescheduleS
 380 001c FFF7FEFF 		bl	dbg_check_unlock
 381 0020 0023     		movs	r3, #0
 382              	@ 283 "../../../ChibiOS/os/kernel/src/chevents.c" 1
 383 0022 83F31188 		msr     BASEPRI, r3
 384              	@ 0 "" 2
 385              		.thumb
 386 0026 38BD     		pop	{r3, r4, r5, pc}
 387              		.size	chEvtBroadcastFlags, .-chEvtBroadcastFlags
 388 0028 AFF30080 		.section	.text.chEvtGetAndClearFlagsI,"ax",%progbits
 388      AFF30080 
 389              		.align	2
 390              		.p2align 4,,15
 391              		.global	chEvtGetAndClearFlagsI
 392              		.thumb
ARM GAS  /tmp/ccInz6qT.s 			page 8


 393              		.thumb_func
 394              		.type	chEvtGetAndClearFlagsI, %function
 395              	chEvtGetAndClearFlagsI:
 396              		@ args = 0, pretend = 0, frame = 0
 397              		@ frame_needed = 0, uses_anonymous_args = 0
 398              		@ link register save eliminated.
 399 0000 0346     		mov	r3, r0
 400 0002 0022     		movs	r2, #0
 401 0004 C068     		ldr	r0, [r0, #12]
 402 0006 DA60     		str	r2, [r3, #12]
 403 0008 7047     		bx	lr
 404              		.size	chEvtGetAndClearFlagsI, .-chEvtGetAndClearFlagsI
 405 000a 00BFAFF3 		.section	.text.chEvtDispatch,"ax",%progbits
 405      0080
 406              		.align	2
 407              		.p2align 4,,15
 408              		.global	chEvtDispatch
 409              		.thumb
 410              		.thumb_func
 411              		.type	chEvtDispatch, %function
 412              	chEvtDispatch:
 413              		@ args = 0, pretend = 0, frame = 0
 414              		@ frame_needed = 0, uses_anonymous_args = 0
 415 0000 2DE9F843 		push	{r3, r4, r5, r6, r7, r8, r9, lr}
 416 0004 8146     		mov	r9, r0
 417 0006 0D46     		mov	r5, r1
 418 0008 D8B1     		cbz	r0, .L69
 419              	.L56:
 420 000a 95B1     		cbz	r5, .L55
 421 000c 0026     		movs	r6, #0
 422 000e 3446     		mov	r4, r6
 423 0010 4FF00108 		mov	r8, #1
 424              	.L61:
 425 0014 08FA04F7 		lsl	r7, r8, r4
 426 0018 2F42     		tst	r7, r5
 427 001a 06D0     		beq	.L58
 428 001c 59F80630 		ldr	r3, [r9, r6]
 429 0020 4BB1     		cbz	r3, .L70
 430              	.L59:
 431 0022 2046     		mov	r0, r4
 432 0024 25EA0705 		bic	r5, r5, r7
 433 0028 9847     		blx	r3
 434              	.L58:
 435 002a 0134     		adds	r4, r4, #1
 436 002c 0436     		adds	r6, r6, #4
 437 002e 002D     		cmp	r5, #0
 438 0030 F0D1     		bne	.L61
 439              	.L55:
 440 0032 BDE8F883 		pop	{r3, r4, r5, r6, r7, r8, r9, pc}
 441              	.L70:
 442 0036 0548     		ldr	r0, .L71
 443 0038 FFF7FEFF 		bl	chDbgPanic
 444 003c 59F80630 		ldr	r3, [r9, r6]
 445 0040 EFE7     		b	.L59
 446              	.L69:
 447 0042 0348     		ldr	r0, .L71+4
 448 0044 FFF7FEFF 		bl	chDbgPanic
ARM GAS  /tmp/ccInz6qT.s 			page 9


 449 0048 DFE7     		b	.L56
 450              	.L72:
 451 004a 00BF     		.align	2
 452              	.L71:
 453 004c 7C000000 		.word	.LC6
 454 0050 68000000 		.word	.LC5
 455              		.size	chEvtDispatch, .-chEvtDispatch
 456 0054 AFF30080 		.section	.text.chEvtWaitOne,"ax",%progbits
 456      AFF30080 
 456      AFF30080 
 457              		.align	2
 458              		.p2align 4,,15
 459              		.global	chEvtWaitOne
 460              		.thumb
 461              		.thumb_func
 462              		.type	chEvtWaitOne, %function
 463              	chEvtWaitOne:
 464              		@ args = 0, pretend = 0, frame = 0
 465              		@ frame_needed = 0, uses_anonymous_args = 0
 466 0000 38B5     		push	{r3, r4, r5, lr}
 467 0002 0F4B     		ldr	r3, .L75
 468 0004 0446     		mov	r4, r0
 469 0006 9D69     		ldr	r5, [r3, #24]
 470 0008 2023     		movs	r3, #32
 471              	@ 354 "../../../ChibiOS/os/kernel/src/chevents.c" 1
 472 000a 83F31188 		msr     BASEPRI, r3
 473              	@ 0 "" 2
 474              		.thumb
 475 000e FFF7FEFF 		bl	dbg_check_lock
 476 0012 EB6B     		ldr	r3, [r5, #60]
 477 0014 14EA0302 		ands	r2, r4, r3
 478 0018 06D1     		bne	.L74
 479 001a AC62     		str	r4, [r5, #40]
 480 001c 0820     		movs	r0, #8
 481 001e FFF7FEFF 		bl	chSchGoSleepS
 482 0022 EB6B     		ldr	r3, [r5, #60]
 483 0024 04EA0302 		and	r2, r4, r3
 484              	.L74:
 485 0028 5442     		negs	r4, r2
 486 002a 1440     		ands	r4, r4, r2
 487 002c 23EA0403 		bic	r3, r3, r4
 488 0030 EB63     		str	r3, [r5, #60]
 489 0032 FFF7FEFF 		bl	dbg_check_unlock
 490 0036 0023     		movs	r3, #0
 491              	@ 364 "../../../ChibiOS/os/kernel/src/chevents.c" 1
 492 0038 83F31188 		msr     BASEPRI, r3
 493              	@ 0 "" 2
 494              		.thumb
 495 003c 2046     		mov	r0, r4
 496 003e 38BD     		pop	{r3, r4, r5, pc}
 497              	.L76:
 498              		.align	2
 499              	.L75:
 500 0040 00000000 		.word	rlist
 501              		.size	chEvtWaitOne, .-chEvtWaitOne
 502 0044 AFF30080 		.section	.text.chEvtWaitAny,"ax",%progbits
 502      AFF30080 
ARM GAS  /tmp/ccInz6qT.s 			page 10


 502      AFF30080 
 503              		.align	2
 504              		.p2align 4,,15
 505              		.global	chEvtWaitAny
 506              		.thumb
 507              		.thumb_func
 508              		.type	chEvtWaitAny, %function
 509              	chEvtWaitAny:
 510              		@ args = 0, pretend = 0, frame = 0
 511              		@ frame_needed = 0, uses_anonymous_args = 0
 512 0000 0E4B     		ldr	r3, .L79
 513 0002 70B5     		push	{r4, r5, r6, lr}
 514 0004 9D69     		ldr	r5, [r3, #24]
 515 0006 0446     		mov	r4, r0
 516 0008 2023     		movs	r3, #32
 517              	@ 383 "../../../ChibiOS/os/kernel/src/chevents.c" 1
 518 000a 83F31188 		msr     BASEPRI, r3
 519              	@ 0 "" 2
 520              		.thumb
 521 000e FFF7FEFF 		bl	dbg_check_lock
 522 0012 EB6B     		ldr	r3, [r5, #60]
 523 0014 14EA0306 		ands	r6, r4, r3
 524 0018 06D1     		bne	.L78
 525 001a AC62     		str	r4, [r5, #40]
 526 001c 0820     		movs	r0, #8
 527 001e FFF7FEFF 		bl	chSchGoSleepS
 528 0022 EB6B     		ldr	r3, [r5, #60]
 529 0024 04EA0306 		and	r6, r4, r3
 530              	.L78:
 531 0028 23EA0603 		bic	r3, r3, r6
 532 002c EB63     		str	r3, [r5, #60]
 533 002e FFF7FEFF 		bl	dbg_check_unlock
 534 0032 0023     		movs	r3, #0
 535              	@ 392 "../../../ChibiOS/os/kernel/src/chevents.c" 1
 536 0034 83F31188 		msr     BASEPRI, r3
 537              	@ 0 "" 2
 538              		.thumb
 539 0038 3046     		mov	r0, r6
 540 003a 70BD     		pop	{r4, r5, r6, pc}
 541              	.L80:
 542              		.align	2
 543              	.L79:
 544 003c 00000000 		.word	rlist
 545              		.size	chEvtWaitAny, .-chEvtWaitAny
 546              		.section	.text.chEvtWaitAll,"ax",%progbits
 547              		.align	2
 548              		.p2align 4,,15
 549              		.global	chEvtWaitAll
 550              		.thumb
 551              		.thumb_func
 552              		.type	chEvtWaitAll, %function
 553              	chEvtWaitAll:
 554              		@ args = 0, pretend = 0, frame = 0
 555              		@ frame_needed = 0, uses_anonymous_args = 0
 556 0000 38B5     		push	{r3, r4, r5, lr}
 557 0002 0E4B     		ldr	r3, .L83
 558 0004 0446     		mov	r4, r0
ARM GAS  /tmp/ccInz6qT.s 			page 11


 559 0006 9D69     		ldr	r5, [r3, #24]
 560 0008 2023     		movs	r3, #32
 561              	@ 410 "../../../ChibiOS/os/kernel/src/chevents.c" 1
 562 000a 83F31188 		msr     BASEPRI, r3
 563              	@ 0 "" 2
 564              		.thumb
 565 000e FFF7FEFF 		bl	dbg_check_lock
 566 0012 EB6B     		ldr	r3, [r5, #60]
 567 0014 04EA0302 		and	r2, r4, r3
 568 0018 A242     		cmp	r2, r4
 569 001a 04D0     		beq	.L82
 570 001c AC62     		str	r4, [r5, #40]
 571 001e 0920     		movs	r0, #9
 572 0020 FFF7FEFF 		bl	chSchGoSleepS
 573 0024 EB6B     		ldr	r3, [r5, #60]
 574              	.L82:
 575 0026 23EA0403 		bic	r3, r3, r4
 576 002a EB63     		str	r3, [r5, #60]
 577 002c FFF7FEFF 		bl	dbg_check_unlock
 578 0030 0023     		movs	r3, #0
 579              	@ 418 "../../../ChibiOS/os/kernel/src/chevents.c" 1
 580 0032 83F31188 		msr     BASEPRI, r3
 581              	@ 0 "" 2
 582              		.thumb
 583 0036 2046     		mov	r0, r4
 584 0038 38BD     		pop	{r3, r4, r5, pc}
 585              	.L84:
 586 003a 00BF     		.align	2
 587              	.L83:
 588 003c 00000000 		.word	rlist
 589              		.size	chEvtWaitAll, .-chEvtWaitAll
 590              		.section	.text.chEvtWaitOneTimeout,"ax",%progbits
 591              		.align	2
 592              		.p2align 4,,15
 593              		.global	chEvtWaitOneTimeout
 594              		.thumb
 595              		.thumb_func
 596              		.type	chEvtWaitOneTimeout, %function
 597              	chEvtWaitOneTimeout:
 598              		@ args = 0, pretend = 0, frame = 0
 599              		@ frame_needed = 0, uses_anonymous_args = 0
 600 0000 F8B5     		push	{r3, r4, r5, r6, r7, lr}
 601 0002 194B     		ldr	r3, .L92
 602 0004 0446     		mov	r4, r0
 603 0006 9D69     		ldr	r5, [r3, #24]
 604 0008 0F46     		mov	r7, r1
 605 000a 2023     		movs	r3, #32
 606              	@ 450 "../../../ChibiOS/os/kernel/src/chevents.c" 1
 607 000c 83F31188 		msr     BASEPRI, r3
 608              	@ 0 "" 2
 609              		.thumb
 610 0010 FFF7FEFF 		bl	dbg_check_lock
 611 0014 EA6B     		ldr	r2, [r5, #60]
 612 0016 14EA0206 		ands	r6, r4, r2
 613 001a 0AD1     		bne	.L86
 614 001c AFB1     		cbz	r7, .L90
 615 001e AC62     		str	r4, [r5, #40]
ARM GAS  /tmp/ccInz6qT.s 			page 12


 616 0020 3946     		mov	r1, r7
 617 0022 0820     		movs	r0, #8
 618 0024 FFF7FEFF 		bl	chSchGoSleepTimeoutS
 619 0028 0028     		cmp	r0, #0
 620 002a 15DB     		blt	.L91
 621 002c EA6B     		ldr	r2, [r5, #60]
 622 002e 04EA0206 		and	r6, r4, r2
 623              	.L86:
 624 0032 7342     		negs	r3, r6
 625 0034 1E40     		ands	r6, r6, r3
 626 0036 22EA0602 		bic	r2, r2, r6
 627 003a EA63     		str	r2, [r5, #60]
 628 003c FFF7FEFF 		bl	dbg_check_unlock
 629 0040 0023     		movs	r3, #0
 630              	@ 467 "../../../ChibiOS/os/kernel/src/chevents.c" 1
 631 0042 83F31188 		msr     BASEPRI, r3
 632              	@ 0 "" 2
 633              		.thumb
 634 0046 3046     		mov	r0, r6
 635 0048 F8BD     		pop	{r3, r4, r5, r6, r7, pc}
 636              	.L90:
 637 004a FFF7FEFF 		bl	dbg_check_unlock
 638 004e 3B46     		mov	r3, r7
 639              	@ 454 "../../../ChibiOS/os/kernel/src/chevents.c" 1
 640 0050 83F31188 		msr     BASEPRI, r3
 641              	@ 0 "" 2
 642              		.thumb
 643 0054 0020     		movs	r0, #0
 644 0056 F8BD     		pop	{r3, r4, r5, r6, r7, pc}
 645              	.L91:
 646 0058 FFF7FEFF 		bl	dbg_check_unlock
 647 005c 3346     		mov	r3, r6
 648              	@ 459 "../../../ChibiOS/os/kernel/src/chevents.c" 1
 649 005e 83F31188 		msr     BASEPRI, r3
 650              	@ 0 "" 2
 651              		.thumb
 652 0062 0020     		movs	r0, #0
 653 0064 F8BD     		pop	{r3, r4, r5, r6, r7, pc}
 654              	.L93:
 655 0066 00BF     		.align	2
 656              	.L92:
 657 0068 00000000 		.word	rlist
 658              		.size	chEvtWaitOneTimeout, .-chEvtWaitOneTimeout
 659 006c AFF30080 		.section	.text.chEvtWaitAnyTimeout,"ax",%progbits
 660              		.align	2
 661              		.p2align 4,,15
 662              		.global	chEvtWaitAnyTimeout
 663              		.thumb
 664              		.thumb_func
 665              		.type	chEvtWaitAnyTimeout, %function
 666              	chEvtWaitAnyTimeout:
 667              		@ args = 0, pretend = 0, frame = 0
 668              		@ frame_needed = 0, uses_anonymous_args = 0
 669 0000 F8B5     		push	{r3, r4, r5, r6, r7, lr}
 670 0002 184B     		ldr	r3, .L101
 671 0004 0446     		mov	r4, r0
 672 0006 9D69     		ldr	r5, [r3, #24]
ARM GAS  /tmp/ccInz6qT.s 			page 13


 673 0008 0F46     		mov	r7, r1
 674 000a 2023     		movs	r3, #32
 675              	@ 493 "../../../ChibiOS/os/kernel/src/chevents.c" 1
 676 000c 83F31188 		msr     BASEPRI, r3
 677              	@ 0 "" 2
 678              		.thumb
 679 0010 FFF7FEFF 		bl	dbg_check_lock
 680 0014 EA6B     		ldr	r2, [r5, #60]
 681 0016 14EA0206 		ands	r6, r4, r2
 682 001a 0AD1     		bne	.L95
 683 001c 9FB1     		cbz	r7, .L99
 684 001e AC62     		str	r4, [r5, #40]
 685 0020 3946     		mov	r1, r7
 686 0022 0820     		movs	r0, #8
 687 0024 FFF7FEFF 		bl	chSchGoSleepTimeoutS
 688 0028 0028     		cmp	r0, #0
 689 002a 13DB     		blt	.L100
 690 002c EA6B     		ldr	r2, [r5, #60]
 691 002e 04EA0206 		and	r6, r4, r2
 692              	.L95:
 693 0032 22EA0602 		bic	r2, r2, r6
 694 0036 EA63     		str	r2, [r5, #60]
 695 0038 FFF7FEFF 		bl	dbg_check_unlock
 696 003c 0023     		movs	r3, #0
 697              	@ 509 "../../../ChibiOS/os/kernel/src/chevents.c" 1
 698 003e 83F31188 		msr     BASEPRI, r3
 699              	@ 0 "" 2
 700              		.thumb
 701 0042 3046     		mov	r0, r6
 702 0044 F8BD     		pop	{r3, r4, r5, r6, r7, pc}
 703              	.L99:
 704 0046 FFF7FEFF 		bl	dbg_check_unlock
 705 004a 3B46     		mov	r3, r7
 706              	@ 497 "../../../ChibiOS/os/kernel/src/chevents.c" 1
 707 004c 83F31188 		msr     BASEPRI, r3
 708              	@ 0 "" 2
 709              		.thumb
 710 0050 0020     		movs	r0, #0
 711 0052 F8BD     		pop	{r3, r4, r5, r6, r7, pc}
 712              	.L100:
 713 0054 FFF7FEFF 		bl	dbg_check_unlock
 714 0058 3346     		mov	r3, r6
 715              	@ 502 "../../../ChibiOS/os/kernel/src/chevents.c" 1
 716 005a 83F31188 		msr     BASEPRI, r3
 717              	@ 0 "" 2
 718              		.thumb
 719 005e 0020     		movs	r0, #0
 720 0060 F8BD     		pop	{r3, r4, r5, r6, r7, pc}
 721              	.L102:
 722 0062 00BF     		.align	2
 723              	.L101:
 724 0064 00000000 		.word	rlist
 725              		.size	chEvtWaitAnyTimeout, .-chEvtWaitAnyTimeout
 726 0068 AFF30080 		.section	.text.chEvtWaitAllTimeout,"ax",%progbits
 726      AFF30080 
 727              		.align	2
 728              		.p2align 4,,15
ARM GAS  /tmp/ccInz6qT.s 			page 14


 729              		.global	chEvtWaitAllTimeout
 730              		.thumb
 731              		.thumb_func
 732              		.type	chEvtWaitAllTimeout, %function
 733              	chEvtWaitAllTimeout:
 734              		@ args = 0, pretend = 0, frame = 0
 735              		@ frame_needed = 0, uses_anonymous_args = 0
 736 0000 174B     		ldr	r3, .L109
 737 0002 70B5     		push	{r4, r5, r6, lr}
 738 0004 9D69     		ldr	r5, [r3, #24]
 739 0006 0446     		mov	r4, r0
 740 0008 0E46     		mov	r6, r1
 741 000a 2023     		movs	r3, #32
 742              	@ 533 "../../../ChibiOS/os/kernel/src/chevents.c" 1
 743 000c 83F31188 		msr     BASEPRI, r3
 744              	@ 0 "" 2
 745              		.thumb
 746 0010 FFF7FEFF 		bl	dbg_check_lock
 747 0014 EA6B     		ldr	r2, [r5, #60]
 748 0016 04EA0203 		and	r3, r4, r2
 749 001a A342     		cmp	r3, r4
 750 001c 08D0     		beq	.L104
 751 001e 8EB1     		cbz	r6, .L108
 752 0020 AC62     		str	r4, [r5, #40]
 753 0022 3146     		mov	r1, r6
 754 0024 0920     		movs	r0, #9
 755 0026 FFF7FEFF 		bl	chSchGoSleepTimeoutS
 756 002a 0028     		cmp	r0, #0
 757 002c 11DB     		blt	.L107
 758 002e EA6B     		ldr	r2, [r5, #60]
 759              	.L104:
 760 0030 22EA0402 		bic	r2, r2, r4
 761 0034 EA63     		str	r2, [r5, #60]
 762 0036 FFF7FEFF 		bl	dbg_check_unlock
 763 003a 0023     		movs	r3, #0
 764              	@ 548 "../../../ChibiOS/os/kernel/src/chevents.c" 1
 765 003c 83F31188 		msr     BASEPRI, r3
 766              	@ 0 "" 2
 767              		.thumb
 768 0040 2046     		mov	r0, r4
 769 0042 70BD     		pop	{r4, r5, r6, pc}
 770              	.L108:
 771 0044 FFF7FEFF 		bl	dbg_check_unlock
 772 0048 3346     		mov	r3, r6
 773              	@ 537 "../../../ChibiOS/os/kernel/src/chevents.c" 1
 774 004a 83F31188 		msr     BASEPRI, r3
 775              	@ 0 "" 2
 776              		.thumb
 777 004e 0020     		movs	r0, #0
 778 0050 70BD     		pop	{r4, r5, r6, pc}
 779              	.L107:
 780 0052 FFF7FEFF 		bl	dbg_check_unlock
 781 0056 0023     		movs	r3, #0
 782              	@ 542 "../../../ChibiOS/os/kernel/src/chevents.c" 1
 783 0058 83F31188 		msr     BASEPRI, r3
 784              	@ 0 "" 2
 785              		.thumb
ARM GAS  /tmp/ccInz6qT.s 			page 15


 786 005c 0020     		movs	r0, #0
 787 005e 70BD     		pop	{r4, r5, r6, pc}
 788              	.L110:
 789              		.align	2
 790              	.L109:
 791 0060 00000000 		.word	rlist
 792              		.size	chEvtWaitAllTimeout, .-chEvtWaitAllTimeout
 793 0064 AFF30080 		.section	.rodata.str1.4,"aMS",%progbits,1
 793      AFF30080 
 793      AFF30080 
 794              		.align	2
 795              	.LC0:
 796 0000 22636845 		.ascii	"\"chEvtRegisterMask\"()\000"
 796      76745265 
 796      67697374 
 796      65724D61 
 796      736B2228 
 797 0016 0000     		.space	2
 798              	.LC1:
 799 0018 22636845 		.ascii	"\"chEvtUnregister\"()\000"
 799      7674556E 
 799      72656769 
 799      73746572 
 799      22282900 
 800              	.LC2:
 801 002c 22636845 		.ascii	"\"chEvtSignalI\"()\000"
 801      76745369 
 801      676E616C 
 801      49222829 
 801      00
 802 003d 000000   		.space	3
 803              	.LC3:
 804 0040 22636845 		.ascii	"\"chEvtBroadcastMaskI\"()\000"
 804      76744272 
 804      6F616463 
 804      6173744D 
 804      61736B49 
 805              	.LC4:
 806 0058 22636845 		.ascii	"\"chEvtSignal\"()\000"
 806      76745369 
 806      676E616C 
 806      22282900 
 807              	.LC5:
 808 0068 22636845 		.ascii	"\"chEvtDispatch\"()\000"
 808      76744469 
 808      73706174 
 808      63682228 
 808      2900
 809 007a 0000     		.space	2
 810              	.LC6:
 811 007c 63684576 		.ascii	"chEvtDispatch(), #1\000"
 811      74446973 
 811      70617463 
 811      6828292C 
 811      20233100 
 812              		.ident	"GCC: (GNU Tools for ARM Embedded Processors) 4.8.3 20140228 (release) [ARM/embedded-4_8-br
ARM GAS  /tmp/ccInz6qT.s 			page 16


DEFINED SYMBOLS
                            *ABS*:00000000 chevents.c
     /tmp/ccInz6qT.s:16     .text.chEvtRegisterMask:00000000 $t
     /tmp/ccInz6qT.s:22     .text.chEvtRegisterMask:00000000 chEvtRegisterMask
     /tmp/ccInz6qT.s:61     .text.chEvtRegisterMask:0000003c $d
     /tmp/ccInz6qT.s:65     .text.chEvtUnregister:00000000 $t
     /tmp/ccInz6qT.s:71     .text.chEvtUnregister:00000000 chEvtUnregister
     /tmp/ccInz6qT.s:120    .text.chEvtUnregister:00000048 $d
     /tmp/ccInz6qT.s:123    .text.chEvtGetAndClearEvents:00000000 $t
     /tmp/ccInz6qT.s:129    .text.chEvtGetAndClearEvents:00000000 chEvtGetAndClearEvents
     /tmp/ccInz6qT.s:157    .text.chEvtGetAndClearEvents:0000002c $d
     /tmp/ccInz6qT.s:160    .text.chEvtAddEvents:00000000 $t
     /tmp/ccInz6qT.s:166    .text.chEvtAddEvents:00000000 chEvtAddEvents
     /tmp/ccInz6qT.s:193    .text.chEvtAddEvents:00000028 $d
     /tmp/ccInz6qT.s:196    .text.chEvtGetAndClearFlags:00000000 $t
     /tmp/ccInz6qT.s:202    .text.chEvtGetAndClearFlags:00000000 chEvtGetAndClearFlags
     /tmp/ccInz6qT.s:226    .text.chEvtSignalI:00000000 $t
     /tmp/ccInz6qT.s:232    .text.chEvtSignalI:00000000 chEvtSignalI
     /tmp/ccInz6qT.s:274    .text.chEvtSignalI:00000048 $d
     /tmp/ccInz6qT.s:277    .text.chEvtBroadcastFlagsI:00000000 $t
     /tmp/ccInz6qT.s:283    .text.chEvtBroadcastFlagsI:00000000 chEvtBroadcastFlagsI
     /tmp/ccInz6qT.s:314    .text.chEvtBroadcastFlagsI:00000030 $d
     /tmp/ccInz6qT.s:317    .text.chEvtSignal:00000000 $t
     /tmp/ccInz6qT.s:323    .text.chEvtSignal:00000000 chEvtSignal
     /tmp/ccInz6qT.s:355    .text.chEvtSignal:00000034 $d
     /tmp/ccInz6qT.s:358    .text.chEvtBroadcastFlags:00000000 $t
     /tmp/ccInz6qT.s:364    .text.chEvtBroadcastFlags:00000000 chEvtBroadcastFlags
     /tmp/ccInz6qT.s:389    .text.chEvtGetAndClearFlagsI:00000000 $t
     /tmp/ccInz6qT.s:395    .text.chEvtGetAndClearFlagsI:00000000 chEvtGetAndClearFlagsI
     /tmp/ccInz6qT.s:406    .text.chEvtDispatch:00000000 $t
     /tmp/ccInz6qT.s:412    .text.chEvtDispatch:00000000 chEvtDispatch
     /tmp/ccInz6qT.s:453    .text.chEvtDispatch:0000004c $d
     /tmp/ccInz6qT.s:457    .text.chEvtWaitOne:00000000 $t
     /tmp/ccInz6qT.s:463    .text.chEvtWaitOne:00000000 chEvtWaitOne
     /tmp/ccInz6qT.s:500    .text.chEvtWaitOne:00000040 $d
     /tmp/ccInz6qT.s:503    .text.chEvtWaitAny:00000000 $t
     /tmp/ccInz6qT.s:509    .text.chEvtWaitAny:00000000 chEvtWaitAny
     /tmp/ccInz6qT.s:544    .text.chEvtWaitAny:0000003c $d
     /tmp/ccInz6qT.s:547    .text.chEvtWaitAll:00000000 $t
     /tmp/ccInz6qT.s:553    .text.chEvtWaitAll:00000000 chEvtWaitAll
     /tmp/ccInz6qT.s:588    .text.chEvtWaitAll:0000003c $d
     /tmp/ccInz6qT.s:591    .text.chEvtWaitOneTimeout:00000000 $t
     /tmp/ccInz6qT.s:597    .text.chEvtWaitOneTimeout:00000000 chEvtWaitOneTimeout
     /tmp/ccInz6qT.s:657    .text.chEvtWaitOneTimeout:00000068 $d
     /tmp/ccInz6qT.s:660    .text.chEvtWaitAnyTimeout:00000000 $t
     /tmp/ccInz6qT.s:666    .text.chEvtWaitAnyTimeout:00000000 chEvtWaitAnyTimeout
     /tmp/ccInz6qT.s:724    .text.chEvtWaitAnyTimeout:00000064 $d
     /tmp/ccInz6qT.s:727    .text.chEvtWaitAllTimeout:00000000 $t
     /tmp/ccInz6qT.s:733    .text.chEvtWaitAllTimeout:00000000 chEvtWaitAllTimeout
     /tmp/ccInz6qT.s:791    .text.chEvtWaitAllTimeout:00000060 $d
     /tmp/ccInz6qT.s:794    .rodata.str1.4:00000000 $d
     /tmp/ccInz6qT.s:812    .text.chEvtRegisterMask:00000044 $t
     /tmp/ccInz6qT.s:122    .text.chEvtUnregister:0000004c $t
     /tmp/ccInz6qT.s:195    .text.chEvtAddEvents:0000002c $t
     /tmp/ccInz6qT.s:276    .text.chEvtSignalI:0000004c $t
     /tmp/ccInz6qT.s:316    .text.chEvtBroadcastFlagsI:00000034 $t
     /tmp/ccInz6qT.s:357    .text.chEvtSignal:00000038 $t
ARM GAS  /tmp/ccInz6qT.s 			page 17


     /tmp/ccInz6qT.s:456    .text.chEvtDispatch:00000054 $t
     /tmp/ccInz6qT.s:502    .text.chEvtWaitOne:00000044 $t
     /tmp/ccInz6qT.s:659    .text.chEvtWaitOneTimeout:0000006c $t
     /tmp/ccInz6qT.s:726    .text.chEvtWaitAnyTimeout:00000068 $t
     /tmp/ccInz6qT.s:793    .text.chEvtWaitAllTimeout:00000064 $t

UNDEFINED SYMBOLS
dbg_check_lock
dbg_check_unlock
chDbgPanic
rlist
chDbgCheckClassI
chSchReadyI
chSchRescheduleS
chSchGoSleepS
chSchGoSleepTimeoutS
