ARM GAS  /tmp/ccwXvm6g.s 			page 1


   1              		.syntax unified
   2              		.cpu cortex-m3
   3              		.fpu softvfp
   4              		.eabi_attribute 20, 1
   5              		.eabi_attribute 21, 1
   6              		.eabi_attribute 23, 3
   7              		.eabi_attribute 24, 1
   8              		.eabi_attribute 25, 1
   9              		.eabi_attribute 26, 1
  10              		.eabi_attribute 30, 2
  11              		.eabi_attribute 34, 1
  12              		.eabi_attribute 18, 4
  13              		.thumb
  14              		.file	"chsem.c"
  15              		.section	.text.chSemInit,"ax",%progbits
  16              		.align	2
  17              		.p2align 4,,15
  18              		.global	chSemInit
  19              		.thumb
  20              		.thumb_func
  21              		.type	chSemInit, %function
  22              	chSemInit:
  23              		@ args = 0, pretend = 0, frame = 0
  24              		@ frame_needed = 0, uses_anonymous_args = 0
  25 0000 38B5     		push	{r3, r4, r5, lr}
  26 0002 0446     		mov	r4, r0
  27 0004 0D46     		mov	r5, r1
  28 0006 28B1     		cbz	r0, .L2
  29 0008 0029     		cmp	r1, #0
  30 000a 03DB     		blt	.L2
  31 000c 6460     		str	r4, [r4, #4]
  32 000e 2460     		str	r4, [r4]
  33 0010 A560     		str	r5, [r4, #8]
  34 0012 38BD     		pop	{r3, r4, r5, pc}
  35              	.L2:
  36 0014 0348     		ldr	r0, .L8
  37 0016 FFF7FEFF 		bl	chDbgPanic
  38 001a 6460     		str	r4, [r4, #4]
  39 001c 2460     		str	r4, [r4]
  40 001e A560     		str	r5, [r4, #8]
  41 0020 38BD     		pop	{r3, r4, r5, pc}
  42              	.L9:
  43 0022 00BF     		.align	2
  44              	.L8:
  45 0024 00000000 		.word	.LC0
  46              		.size	chSemInit, .-chSemInit
  47 0028 AFF30080 		.section	.text.chSemResetI,"ax",%progbits
  47      AFF30080 
  48              		.align	2
  49              		.p2align 4,,15
  50              		.global	chSemResetI
  51              		.thumb
  52              		.thumb_func
  53              		.type	chSemResetI, %function
  54              	chSemResetI:
  55              		@ args = 0, pretend = 0, frame = 0
  56              		@ frame_needed = 0, uses_anonymous_args = 0
ARM GAS  /tmp/ccwXvm6g.s 			page 2


  57 0000 70B5     		push	{r4, r5, r6, lr}
  58 0002 0446     		mov	r4, r0
  59 0004 0E46     		mov	r6, r1
  60 0006 FFF7FEFF 		bl	chDbgCheckClassI
  61 000a FCB1     		cbz	r4, .L11
  62 000c 002E     		cmp	r6, #0
  63 000e 1DDB     		blt	.L11
  64              	.L12:
  65 0010 A568     		ldr	r5, [r4, #8]
  66 0012 2368     		ldr	r3, [r4]
  67 0014 002D     		cmp	r5, #0
  68 0016 16DB     		blt	.L13
  69 0018 A342     		cmp	r3, r4
  70 001a 03D0     		beq	.L15
  71              	.L14:
  72 001c 0D48     		ldr	r0, .L25
  73 001e FFF7FEFF 		bl	chDbgPanic
  74 0022 A568     		ldr	r5, [r4, #8]
  75              	.L15:
  76 0024 0135     		adds	r5, r5, #1
  77 0026 002D     		cmp	r5, #0
  78 0028 A660     		str	r6, [r4, #8]
  79 002a 0BDC     		bgt	.L10
  80 002c 6FF00106 		mvn	r6, #1
  81              	.L18:
  82 0030 6068     		ldr	r0, [r4, #4]
  83 0032 0135     		adds	r5, r5, #1
  84 0034 4368     		ldr	r3, [r0, #4]
  85 0036 6360     		str	r3, [r4, #4]
  86 0038 1C60     		str	r4, [r3]
  87 003a FFF7FEFF 		bl	chSchReadyI
  88 003e 012D     		cmp	r5, #1
  89 0040 8662     		str	r6, [r0, #40]
  90 0042 F5D1     		bne	.L18
  91              	.L10:
  92 0044 70BD     		pop	{r4, r5, r6, pc}
  93              	.L13:
  94 0046 A342     		cmp	r3, r4
  95 0048 ECD1     		bne	.L15
  96 004a E7E7     		b	.L14
  97              	.L11:
  98 004c 0248     		ldr	r0, .L25+4
  99 004e FFF7FEFF 		bl	chDbgPanic
 100 0052 DDE7     		b	.L12
 101              	.L26:
 102              		.align	2
 103              	.L25:
 104 0054 20000000 		.word	.LC2
 105 0058 10000000 		.word	.LC1
 106              		.size	chSemResetI, .-chSemResetI
 107 005c AFF30080 		.section	.text.chSemReset,"ax",%progbits
 108              		.align	2
 109              		.p2align 4,,15
 110              		.global	chSemReset
 111              		.thumb
 112              		.thumb_func
 113              		.type	chSemReset, %function
ARM GAS  /tmp/ccwXvm6g.s 			page 3


 114              	chSemReset:
 115              		@ args = 0, pretend = 0, frame = 0
 116              		@ frame_needed = 0, uses_anonymous_args = 0
 117 0000 38B5     		push	{r3, r4, r5, lr}
 118 0002 0546     		mov	r5, r0
 119 0004 0C46     		mov	r4, r1
 120 0006 2023     		movs	r3, #32
 121              	@ 111 "../../../ChibiOS/os/kernel/src/chsem.c" 1
 122 0008 83F31188 		msr     BASEPRI, r3
 123              	@ 0 "" 2
 124              		.thumb
 125 000c FFF7FEFF 		bl	dbg_check_lock
 126 0010 2846     		mov	r0, r5
 127 0012 2146     		mov	r1, r4
 128 0014 FFF7FEFF 		bl	chSemResetI
 129 0018 FFF7FEFF 		bl	chSchRescheduleS
 130 001c FFF7FEFF 		bl	dbg_check_unlock
 131 0020 0023     		movs	r3, #0
 132              	@ 114 "../../../ChibiOS/os/kernel/src/chsem.c" 1
 133 0022 83F31188 		msr     BASEPRI, r3
 134              	@ 0 "" 2
 135              		.thumb
 136 0026 38BD     		pop	{r3, r4, r5, pc}
 137              		.size	chSemReset, .-chSemReset
 138 0028 AFF30080 		.section	.text.chSemWaitS,"ax",%progbits
 138      AFF30080 
 139              		.align	2
 140              		.p2align 4,,15
 141              		.global	chSemWaitS
 142              		.thumb
 143              		.thumb_func
 144              		.type	chSemWaitS, %function
 145              	chSemWaitS:
 146              		@ args = 0, pretend = 0, frame = 0
 147              		@ frame_needed = 0, uses_anonymous_args = 0
 148 0000 38B5     		push	{r3, r4, r5, lr}
 149 0002 0446     		mov	r4, r0
 150 0004 FFF7FEFF 		bl	chDbgCheckClassS
 151 0008 1CB3     		cbz	r4, .L36
 152              	.L29:
 153 000a A368     		ldr	r3, [r4, #8]
 154 000c 2268     		ldr	r2, [r4]
 155 000e 002B     		cmp	r3, #0
 156 0010 0BDB     		blt	.L30
 157 0012 A242     		cmp	r2, r4
 158 0014 03D0     		beq	.L32
 159              	.L31:
 160 0016 1148     		ldr	r0, .L38
 161 0018 FFF7FEFF 		bl	chDbgPanic
 162 001c A368     		ldr	r3, [r4, #8]
 163              	.L32:
 164 001e 013B     		subs	r3, r3, #1
 165 0020 002B     		cmp	r3, #0
 166 0022 A360     		str	r3, [r4, #8]
 167 0024 07DB     		blt	.L37
 168              	.L34:
 169 0026 0020     		movs	r0, #0
ARM GAS  /tmp/ccwXvm6g.s 			page 4


 170 0028 38BD     		pop	{r3, r4, r5, pc}
 171              	.L30:
 172 002a A242     		cmp	r2, r4
 173 002c F3D0     		beq	.L31
 174 002e 013B     		subs	r3, r3, #1
 175 0030 002B     		cmp	r3, #0
 176 0032 A360     		str	r3, [r4, #8]
 177 0034 F7DA     		bge	.L34
 178              	.L37:
 179 0036 0A4D     		ldr	r5, .L38+4
 180 0038 0320     		movs	r0, #3
 181 003a AB69     		ldr	r3, [r5, #24]
 182 003c 9C62     		str	r4, [r3, #40]
 183 003e 6268     		ldr	r2, [r4, #4]
 184 0040 1C60     		str	r4, [r3]
 185 0042 5A60     		str	r2, [r3, #4]
 186 0044 6360     		str	r3, [r4, #4]
 187 0046 1360     		str	r3, [r2]
 188 0048 FFF7FEFF 		bl	chSchGoSleepS
 189 004c AB69     		ldr	r3, [r5, #24]
 190 004e 986A     		ldr	r0, [r3, #40]
 191 0050 38BD     		pop	{r3, r4, r5, pc}
 192              	.L36:
 193 0052 0448     		ldr	r0, .L38+8
 194 0054 FFF7FEFF 		bl	chDbgPanic
 195 0058 D7E7     		b	.L29
 196              	.L39:
 197 005a 00BF     		.align	2
 198              	.L38:
 199 005c 44000000 		.word	.LC4
 200 0060 00000000 		.word	rlist
 201 0064 34000000 		.word	.LC3
 202              		.size	chSemWaitS, .-chSemWaitS
 203 0068 AFF30080 		.section	.text.chSemWait,"ax",%progbits
 203      AFF30080 
 204              		.align	2
 205              		.p2align 4,,15
 206              		.global	chSemWait
 207              		.thumb
 208              		.thumb_func
 209              		.type	chSemWait, %function
 210              	chSemWait:
 211              		@ args = 0, pretend = 0, frame = 0
 212              		@ frame_needed = 0, uses_anonymous_args = 0
 213 0000 10B5     		push	{r4, lr}
 214 0002 2023     		movs	r3, #32
 215 0004 0446     		mov	r4, r0
 216              	@ 167 "../../../ChibiOS/os/kernel/src/chsem.c" 1
 217 0006 83F31188 		msr     BASEPRI, r3
 218              	@ 0 "" 2
 219              		.thumb
 220 000a FFF7FEFF 		bl	dbg_check_lock
 221 000e 2046     		mov	r0, r4
 222 0010 FFF7FEFF 		bl	chSemWaitS
 223 0014 0446     		mov	r4, r0
 224 0016 FFF7FEFF 		bl	dbg_check_unlock
 225 001a 0023     		movs	r3, #0
ARM GAS  /tmp/ccwXvm6g.s 			page 5


 226              	@ 169 "../../../ChibiOS/os/kernel/src/chsem.c" 1
 227 001c 83F31188 		msr     BASEPRI, r3
 228              	@ 0 "" 2
 229              		.thumb
 230 0020 2046     		mov	r0, r4
 231 0022 10BD     		pop	{r4, pc}
 232              		.size	chSemWait, .-chSemWait
 233 0024 AFF30080 		.section	.text.chSemWaitTimeoutS,"ax",%progbits
 233      AFF30080 
 233      AFF30080 
 234              		.align	2
 235              		.p2align 4,,15
 236              		.global	chSemWaitTimeoutS
 237              		.thumb
 238              		.thumb_func
 239              		.type	chSemWaitTimeoutS, %function
 240              	chSemWaitTimeoutS:
 241              		@ args = 0, pretend = 0, frame = 0
 242              		@ frame_needed = 0, uses_anonymous_args = 0
 243 0000 38B5     		push	{r3, r4, r5, lr}
 244 0002 0446     		mov	r4, r0
 245 0004 0D46     		mov	r5, r1
 246 0006 FFF7FEFF 		bl	chDbgCheckClassS
 247 000a 24B3     		cbz	r4, .L50
 248              	.L42:
 249 000c A368     		ldr	r3, [r4, #8]
 250 000e 2268     		ldr	r2, [r4]
 251 0010 002B     		cmp	r3, #0
 252 0012 0BDB     		blt	.L43
 253 0014 A242     		cmp	r2, r4
 254 0016 03D0     		beq	.L45
 255              	.L44:
 256 0018 1348     		ldr	r0, .L53
 257 001a FFF7FEFF 		bl	chDbgPanic
 258 001e A368     		ldr	r3, [r4, #8]
 259              	.L45:
 260 0020 5A1E     		subs	r2, r3, #1
 261 0022 002A     		cmp	r2, #0
 262 0024 A260     		str	r2, [r4, #8]
 263 0026 07DB     		blt	.L51
 264              	.L48:
 265 0028 0020     		movs	r0, #0
 266 002a 38BD     		pop	{r3, r4, r5, pc}
 267              	.L43:
 268 002c A242     		cmp	r2, r4
 269 002e F3D0     		beq	.L44
 270 0030 5A1E     		subs	r2, r3, #1
 271 0032 002A     		cmp	r2, #0
 272 0034 A260     		str	r2, [r4, #8]
 273 0036 F7DA     		bge	.L48
 274              	.L51:
 275 0038 8DB1     		cbz	r5, .L52
 276 003a 0C4B     		ldr	r3, .L53+4
 277 003c 2946     		mov	r1, r5
 278 003e 9B69     		ldr	r3, [r3, #24]
 279 0040 0320     		movs	r0, #3
 280 0042 9C62     		str	r4, [r3, #40]
ARM GAS  /tmp/ccwXvm6g.s 			page 6


 281 0044 6268     		ldr	r2, [r4, #4]
 282 0046 1C60     		str	r4, [r3]
 283 0048 5A60     		str	r2, [r3, #4]
 284 004a 6360     		str	r3, [r4, #4]
 285 004c 1360     		str	r3, [r2]
 286 004e BDE83840 		pop	{r3, r4, r5, lr}
 287 0052 FFF7FEBF 		b	chSchGoSleepTimeoutS
 288              	.L50:
 289 0056 0648     		ldr	r0, .L53+8
 290 0058 FFF7FEFF 		bl	chDbgPanic
 291 005c D6E7     		b	.L42
 292              	.L52:
 293 005e A360     		str	r3, [r4, #8]
 294 0060 4FF0FF30 		mov	r0, #-1
 295 0064 38BD     		pop	{r3, r4, r5, pc}
 296              	.L54:
 297 0066 00BF     		.align	2
 298              	.L53:
 299 0068 70000000 		.word	.LC6
 300 006c 00000000 		.word	rlist
 301 0070 58000000 		.word	.LC5
 302              		.size	chSemWaitTimeoutS, .-chSemWaitTimeoutS
 303 0074 AFF30080 		.section	.text.chSemWaitTimeout,"ax",%progbits
 303      AFF30080 
 303      AFF30080 
 304              		.align	2
 305              		.p2align 4,,15
 306              		.global	chSemWaitTimeout
 307              		.thumb
 308              		.thumb_func
 309              		.type	chSemWaitTimeout, %function
 310              	chSemWaitTimeout:
 311              		@ args = 0, pretend = 0, frame = 0
 312              		@ frame_needed = 0, uses_anonymous_args = 0
 313 0000 38B5     		push	{r3, r4, r5, lr}
 314 0002 0546     		mov	r5, r0
 315 0004 0C46     		mov	r4, r1
 316 0006 2023     		movs	r3, #32
 317              	@ 225 "../../../ChibiOS/os/kernel/src/chsem.c" 1
 318 0008 83F31188 		msr     BASEPRI, r3
 319              	@ 0 "" 2
 320              		.thumb
 321 000c FFF7FEFF 		bl	dbg_check_lock
 322 0010 2146     		mov	r1, r4
 323 0012 2846     		mov	r0, r5
 324 0014 FFF7FEFF 		bl	chSemWaitTimeoutS
 325 0018 0446     		mov	r4, r0
 326 001a FFF7FEFF 		bl	dbg_check_unlock
 327 001e 0023     		movs	r3, #0
 328              	@ 227 "../../../ChibiOS/os/kernel/src/chsem.c" 1
 329 0020 83F31188 		msr     BASEPRI, r3
 330              	@ 0 "" 2
 331              		.thumb
 332 0024 2046     		mov	r0, r4
 333 0026 38BD     		pop	{r3, r4, r5, pc}
 334              		.size	chSemWaitTimeout, .-chSemWaitTimeout
 335 0028 AFF30080 		.section	.text.chSemSignal,"ax",%progbits
ARM GAS  /tmp/ccwXvm6g.s 			page 7


 335      AFF30080 
 336              		.align	2
 337              		.p2align 4,,15
 338              		.global	chSemSignal
 339              		.thumb
 340              		.thumb_func
 341              		.type	chSemSignal, %function
 342              	chSemSignal:
 343              		@ args = 0, pretend = 0, frame = 0
 344              		@ frame_needed = 0, uses_anonymous_args = 0
 345 0000 10B5     		push	{r4, lr}
 346 0002 0446     		mov	r4, r0
 347 0004 40B3     		cbz	r0, .L62
 348              	.L57:
 349 0006 A368     		ldr	r3, [r4, #8]
 350 0008 002B     		cmp	r3, #0
 351 000a 2368     		ldr	r3, [r4]
 352 000c 14DB     		blt	.L58
 353 000e A342     		cmp	r3, r4
 354 0010 02D0     		beq	.L60
 355              	.L59:
 356 0012 1348     		ldr	r0, .L64
 357 0014 FFF7FEFF 		bl	chDbgPanic
 358              	.L60:
 359 0018 2023     		movs	r3, #32
 360              	@ 286 "../../../ChibiOS/os/kernel/src/chsem.c" 1
 361 001a 83F31188 		msr     BASEPRI, r3
 362              	@ 0 "" 2
 363              		.thumb
 364 001e FFF7FEFF 		bl	dbg_check_lock
 365 0022 A368     		ldr	r3, [r4, #8]
 366 0024 0133     		adds	r3, r3, #1
 367 0026 002B     		cmp	r3, #0
 368 0028 A360     		str	r3, [r4, #8]
 369 002a 08DD     		ble	.L63
 370 002c FFF7FEFF 		bl	dbg_check_unlock
 371 0030 0023     		movs	r3, #0
 372              	@ 289 "../../../ChibiOS/os/kernel/src/chsem.c" 1
 373 0032 83F31188 		msr     BASEPRI, r3
 374              	@ 0 "" 2
 375              		.thumb
 376 0036 10BD     		pop	{r4, pc}
 377              	.L58:
 378 0038 A342     		cmp	r3, r4
 379 003a EDD1     		bne	.L60
 380 003c E9E7     		b	.L59
 381              	.L63:
 382 003e 2068     		ldr	r0, [r4]
 383 0040 0021     		movs	r1, #0
 384 0042 0368     		ldr	r3, [r0]
 385 0044 2360     		str	r3, [r4]
 386 0046 5C60     		str	r4, [r3, #4]
 387 0048 FFF7FEFF 		bl	chSchWakeupS
 388 004c FFF7FEFF 		bl	dbg_check_unlock
 389 0050 0023     		movs	r3, #0
 390              	@ 289 "../../../ChibiOS/os/kernel/src/chsem.c" 1
 391 0052 83F31188 		msr     BASEPRI, r3
ARM GAS  /tmp/ccwXvm6g.s 			page 8


 392              	@ 0 "" 2
 393              		.thumb
 394 0056 10BD     		pop	{r4, pc}
 395              	.L62:
 396 0058 0248     		ldr	r0, .L64+4
 397 005a FFF7FEFF 		bl	chDbgPanic
 398 005e D2E7     		b	.L57
 399              	.L65:
 400              		.align	2
 401              	.L64:
 402 0060 98000000 		.word	.LC8
 403 0064 88000000 		.word	.LC7
 404              		.size	chSemSignal, .-chSemSignal
 405 0068 AFF30080 		.section	.text.chSemSignalI,"ax",%progbits
 405      AFF30080 
 406              		.align	2
 407              		.p2align 4,,15
 408              		.global	chSemSignalI
 409              		.thumb
 410              		.thumb_func
 411              		.type	chSemSignalI, %function
 412              	chSemSignalI:
 413              		@ args = 0, pretend = 0, frame = 0
 414              		@ frame_needed = 0, uses_anonymous_args = 0
 415 0000 10B5     		push	{r4, lr}
 416 0002 0446     		mov	r4, r0
 417 0004 FFF7FEFF 		bl	chDbgCheckClassI
 418 0008 FCB1     		cbz	r4, .L73
 419              	.L67:
 420 000a A368     		ldr	r3, [r4, #8]
 421 000c 2268     		ldr	r2, [r4]
 422 000e 002B     		cmp	r3, #0
 423 0010 0ADB     		blt	.L68
 424 0012 A242     		cmp	r2, r4
 425 0014 03D0     		beq	.L70
 426              	.L69:
 427 0016 0F48     		ldr	r0, .L75
 428 0018 FFF7FEFF 		bl	chDbgPanic
 429 001c A368     		ldr	r3, [r4, #8]
 430              	.L70:
 431 001e 0133     		adds	r3, r3, #1
 432 0020 002B     		cmp	r3, #0
 433 0022 A360     		str	r3, [r4, #8]
 434 0024 06DD     		ble	.L74
 435              	.L66:
 436 0026 10BD     		pop	{r4, pc}
 437              	.L68:
 438 0028 A242     		cmp	r2, r4
 439 002a F4D0     		beq	.L69
 440 002c 0133     		adds	r3, r3, #1
 441 002e 002B     		cmp	r3, #0
 442 0030 A360     		str	r3, [r4, #8]
 443 0032 F8DC     		bgt	.L66
 444              	.L74:
 445 0034 2368     		ldr	r3, [r4]
 446 0036 0021     		movs	r1, #0
 447 0038 1A68     		ldr	r2, [r3]
ARM GAS  /tmp/ccwXvm6g.s 			page 9


 448 003a 1846     		mov	r0, r3
 449 003c 2260     		str	r2, [r4]
 450 003e 5460     		str	r4, [r2, #4]
 451 0040 9962     		str	r1, [r3, #40]
 452 0042 BDE81040 		pop	{r4, lr}
 453 0046 FFF7FEBF 		b	chSchReadyI
 454              	.L73:
 455 004a 0348     		ldr	r0, .L75+4
 456 004c FFF7FEFF 		bl	chDbgPanic
 457 0050 DBE7     		b	.L67
 458              	.L76:
 459 0052 00BF     		.align	2
 460              	.L75:
 461 0054 C0000000 		.word	.LC10
 462 0058 AC000000 		.word	.LC9
 463              		.size	chSemSignalI, .-chSemSignalI
 464 005c AFF30080 		.section	.text.chSemAddCounterI,"ax",%progbits
 465              		.align	2
 466              		.p2align 4,,15
 467              		.global	chSemAddCounterI
 468              		.thumb
 469              		.thumb_func
 470              		.type	chSemAddCounterI, %function
 471              	chSemAddCounterI:
 472              		@ args = 0, pretend = 0, frame = 0
 473              		@ frame_needed = 0, uses_anonymous_args = 0
 474 0000 70B5     		push	{r4, r5, r6, lr}
 475 0002 0546     		mov	r5, r0
 476 0004 0C46     		mov	r4, r1
 477 0006 FFF7FEFF 		bl	chDbgCheckClassI
 478 000a 15B3     		cbz	r5, .L78
 479 000c 002C     		cmp	r4, #0
 480 000e 20DD     		ble	.L78
 481              	.L79:
 482 0010 AB68     		ldr	r3, [r5, #8]
 483 0012 002B     		cmp	r3, #0
 484 0014 2B68     		ldr	r3, [r5]
 485 0016 19DB     		blt	.L80
 486 0018 AB42     		cmp	r3, r5
 487 001a 02D0     		beq	.L82
 488              	.L81:
 489 001c 0F48     		ldr	r0, .L93
 490 001e FFF7FEFF 		bl	chDbgPanic
 491              	.L82:
 492 0022 002C     		cmp	r4, #0
 493 0024 11DD     		ble	.L77
 494 0026 0026     		movs	r6, #0
 495 0028 01E0     		b	.L86
 496              	.L84:
 497 002a 013C     		subs	r4, r4, #1
 498 002c 0DD0     		beq	.L77
 499              	.L86:
 500 002e AB68     		ldr	r3, [r5, #8]
 501 0030 0133     		adds	r3, r3, #1
 502 0032 002B     		cmp	r3, #0
 503 0034 AB60     		str	r3, [r5, #8]
 504 0036 F8DC     		bgt	.L84
ARM GAS  /tmp/ccwXvm6g.s 			page 10


 505 0038 2868     		ldr	r0, [r5]
 506 003a 0368     		ldr	r3, [r0]
 507 003c 2B60     		str	r3, [r5]
 508 003e 5D60     		str	r5, [r3, #4]
 509 0040 FFF7FEFF 		bl	chSchReadyI
 510 0044 013C     		subs	r4, r4, #1
 511 0046 8662     		str	r6, [r0, #40]
 512 0048 F1D1     		bne	.L86
 513              	.L77:
 514 004a 70BD     		pop	{r4, r5, r6, pc}
 515              	.L80:
 516 004c AB42     		cmp	r3, r5
 517 004e E8D1     		bne	.L82
 518 0050 E4E7     		b	.L81
 519              	.L78:
 520 0052 0348     		ldr	r0, .L93+4
 521 0054 FFF7FEFF 		bl	chDbgPanic
 522 0058 DAE7     		b	.L79
 523              	.L94:
 524 005a 00BF     		.align	2
 525              	.L93:
 526 005c EC000000 		.word	.LC12
 527 0060 D4000000 		.word	.LC11
 528              		.size	chSemAddCounterI, .-chSemAddCounterI
 529 0064 AFF30080 		.section	.text.chSemSignalWait,"ax",%progbits
 529      AFF30080 
 529      AFF30080 
 530              		.align	2
 531              		.p2align 4,,15
 532              		.global	chSemSignalWait
 533              		.thumb
 534              		.thumb_func
 535              		.type	chSemSignalWait, %function
 536              	chSemSignalWait:
 537              		@ args = 0, pretend = 0, frame = 0
 538              		@ frame_needed = 0, uses_anonymous_args = 0
 539 0000 38B5     		push	{r3, r4, r5, lr}
 540 0002 0546     		mov	r5, r0
 541 0004 0C46     		mov	r4, r1
 542 0006 0028     		cmp	r0, #0
 543 0008 35D0     		beq	.L96
 544 000a 0029     		cmp	r1, #0
 545 000c 33D0     		beq	.L96
 546              	.L97:
 547 000e AB68     		ldr	r3, [r5, #8]
 548 0010 002B     		cmp	r3, #0
 549 0012 2B68     		ldr	r3, [r5]
 550 0014 26DB     		blt	.L98
 551 0016 AB42     		cmp	r3, r5
 552 0018 02D0     		beq	.L100
 553              	.L99:
 554 001a 2448     		ldr	r0, .L114
 555 001c FFF7FEFF 		bl	chDbgPanic
 556              	.L100:
 557 0020 A368     		ldr	r3, [r4, #8]
 558 0022 002B     		cmp	r3, #0
 559 0024 2368     		ldr	r3, [r4]
ARM GAS  /tmp/ccwXvm6g.s 			page 11


 560 0026 23DB     		blt	.L101
 561              	.L113:
 562 0028 A342     		cmp	r3, r4
 563 002a 02D0     		beq	.L103
 564              	.L102:
 565 002c 2048     		ldr	r0, .L114+4
 566 002e FFF7FEFF 		bl	chDbgPanic
 567              	.L103:
 568 0032 2023     		movs	r3, #32
 569              	@ 379 "../../../ChibiOS/os/kernel/src/chsem.c" 1
 570 0034 83F31188 		msr     BASEPRI, r3
 571              	@ 0 "" 2
 572              		.thumb
 573 0038 FFF7FEFF 		bl	dbg_check_lock
 574 003c AB68     		ldr	r3, [r5, #8]
 575 003e 0133     		adds	r3, r3, #1
 576 0040 002B     		cmp	r3, #0
 577 0042 AB60     		str	r3, [r5, #8]
 578 0044 28DD     		ble	.L111
 579              	.L104:
 580 0046 A368     		ldr	r3, [r4, #8]
 581 0048 013B     		subs	r3, r3, #1
 582 004a 002B     		cmp	r3, #0
 583 004c A360     		str	r3, [r4, #8]
 584 004e 16DB     		blt	.L112
 585 0050 FFF7FEFF 		bl	chSchRescheduleS
 586 0054 0024     		movs	r4, #0
 587              	.L106:
 588 0056 FFF7FEFF 		bl	dbg_check_unlock
 589 005a 0023     		movs	r3, #0
 590              	@ 393 "../../../ChibiOS/os/kernel/src/chsem.c" 1
 591 005c 83F31188 		msr     BASEPRI, r3
 592              	@ 0 "" 2
 593              		.thumb
 594 0060 2046     		mov	r0, r4
 595 0062 38BD     		pop	{r3, r4, r5, pc}
 596              	.L98:
 597 0064 AB42     		cmp	r3, r5
 598 0066 D8D0     		beq	.L99
 599 0068 A368     		ldr	r3, [r4, #8]
 600 006a 002B     		cmp	r3, #0
 601 006c 2368     		ldr	r3, [r4]
 602 006e DBDA     		bge	.L113
 603              	.L101:
 604 0070 A342     		cmp	r3, r4
 605 0072 DED1     		bne	.L103
 606 0074 DAE7     		b	.L102
 607              	.L96:
 608 0076 0F48     		ldr	r0, .L114+8
 609 0078 FFF7FEFF 		bl	chDbgPanic
 610 007c C7E7     		b	.L97
 611              	.L112:
 612 007e 0E4A     		ldr	r2, .L114+12
 613 0080 6368     		ldr	r3, [r4, #4]
 614 0082 9569     		ldr	r5, [r2, #24]
 615 0084 0320     		movs	r0, #3
 616 0086 2C60     		str	r4, [r5]
ARM GAS  /tmp/ccwXvm6g.s 			page 12


 617 0088 6B60     		str	r3, [r5, #4]
 618 008a 6560     		str	r5, [r4, #4]
 619 008c 1D60     		str	r5, [r3]
 620 008e AC62     		str	r4, [r5, #40]
 621 0090 FFF7FEFF 		bl	chSchGoSleepS
 622 0094 AC6A     		ldr	r4, [r5, #40]
 623 0096 DEE7     		b	.L106
 624              	.L111:
 625 0098 2868     		ldr	r0, [r5]
 626 009a 0368     		ldr	r3, [r0]
 627 009c 2B60     		str	r3, [r5]
 628 009e 5D60     		str	r5, [r3, #4]
 629 00a0 FFF7FEFF 		bl	chSchReadyI
 630 00a4 0023     		movs	r3, #0
 631 00a6 8362     		str	r3, [r0, #40]
 632 00a8 CDE7     		b	.L104
 633              	.L115:
 634 00aa 00BF     		.align	2
 635              	.L114:
 636 00ac 18010000 		.word	.LC14
 637 00b0 30010000 		.word	.LC15
 638 00b4 04010000 		.word	.LC13
 639 00b8 00000000 		.word	rlist
 640              		.size	chSemSignalWait, .-chSemSignalWait
 641 00bc AFF30080 		.section	.rodata.str1.4,"aMS",%progbits,1
 642              		.align	2
 643              	.LC0:
 644 0000 22636853 		.ascii	"\"chSemInit\"()\000"
 644      656D496E 
 644      69742228 
 644      2900
 645 000e 0000     		.space	2
 646              	.LC1:
 647 0010 22636853 		.ascii	"\"chSemResetI\"()\000"
 647      656D5265 
 647      73657449 
 647      22282900 
 648              	.LC2:
 649 0020 63685365 		.ascii	"chSemResetI(), #1\000"
 649      6D526573 
 649      65744928 
 649      292C2023 
 649      3100
 650 0032 0000     		.space	2
 651              	.LC3:
 652 0034 22636853 		.ascii	"\"chSemWaitS\"()\000"
 652      656D5761 
 652      69745322 
 652      282900
 653 0043 00       		.space	1
 654              	.LC4:
 655 0044 63685365 		.ascii	"chSemWaitS(), #1\000"
 655      6D576169 
 655      74532829 
 655      2C202331 
 655      00
 656 0055 000000   		.space	3
ARM GAS  /tmp/ccwXvm6g.s 			page 13


 657              	.LC5:
 658 0058 22636853 		.ascii	"\"chSemWaitTimeoutS\"()\000"
 658      656D5761 
 658      69745469 
 658      6D656F75 
 658      74532228 
 659 006e 0000     		.space	2
 660              	.LC6:
 661 0070 63685365 		.ascii	"chSemWaitTimeoutS(), #1\000"
 661      6D576169 
 661      7454696D 
 661      656F7574 
 661      5328292C 
 662              	.LC7:
 663 0088 22636853 		.ascii	"\"chSemSignal\"()\000"
 663      656D5369 
 663      676E616C 
 663      22282900 
 664              	.LC8:
 665 0098 63685365 		.ascii	"chSemSignal(), #1\000"
 665      6D536967 
 665      6E616C28 
 665      292C2023 
 665      3100
 666 00aa 0000     		.space	2
 667              	.LC9:
 668 00ac 22636853 		.ascii	"\"chSemSignalI\"()\000"
 668      656D5369 
 668      676E616C 
 668      49222829 
 668      00
 669 00bd 000000   		.space	3
 670              	.LC10:
 671 00c0 63685365 		.ascii	"chSemSignalI(), #1\000"
 671      6D536967 
 671      6E616C49 
 671      28292C20 
 671      233100
 672 00d3 00       		.space	1
 673              	.LC11:
 674 00d4 22636853 		.ascii	"\"chSemAddCounterI\"()\000"
 674      656D4164 
 674      64436F75 
 674      6E746572 
 674      49222829 
 675 00e9 000000   		.space	3
 676              	.LC12:
 677 00ec 63685365 		.ascii	"chSemAddCounterI(), #1\000"
 677      6D416464 
 677      436F756E 
 677      74657249 
 677      28292C20 
 678 0103 00       		.space	1
 679              	.LC13:
 680 0104 22636853 		.ascii	"\"chSemSignalWait\"()\000"
 680      656D5369 
 680      676E616C 
ARM GAS  /tmp/ccwXvm6g.s 			page 14


 680      57616974 
 680      22282900 
 681              	.LC14:
 682 0118 63685365 		.ascii	"chSemSignalWait(), #1\000"
 682      6D536967 
 682      6E616C57 
 682      61697428 
 682      292C2023 
 683 012e 0000     		.space	2
 684              	.LC15:
 685 0130 63685365 		.ascii	"chSemSignalWait(), #2\000"
 685      6D536967 
 685      6E616C57 
 685      61697428 
 685      292C2023 
 686 0146 0000     		.ident	"GCC: (GNU Tools for ARM Embedded Processors) 4.8.3 20140228 (release) [ARM/embedded-4_8-br
ARM GAS  /tmp/ccwXvm6g.s 			page 15


DEFINED SYMBOLS
                            *ABS*:00000000 chsem.c
     /tmp/ccwXvm6g.s:16     .text.chSemInit:00000000 $t
     /tmp/ccwXvm6g.s:22     .text.chSemInit:00000000 chSemInit
     /tmp/ccwXvm6g.s:45     .text.chSemInit:00000024 $d
     /tmp/ccwXvm6g.s:48     .text.chSemResetI:00000000 $t
     /tmp/ccwXvm6g.s:54     .text.chSemResetI:00000000 chSemResetI
     /tmp/ccwXvm6g.s:104    .text.chSemResetI:00000054 $d
     /tmp/ccwXvm6g.s:108    .text.chSemReset:00000000 $t
     /tmp/ccwXvm6g.s:114    .text.chSemReset:00000000 chSemReset
     /tmp/ccwXvm6g.s:139    .text.chSemWaitS:00000000 $t
     /tmp/ccwXvm6g.s:145    .text.chSemWaitS:00000000 chSemWaitS
     /tmp/ccwXvm6g.s:199    .text.chSemWaitS:0000005c $d
     /tmp/ccwXvm6g.s:204    .text.chSemWait:00000000 $t
     /tmp/ccwXvm6g.s:210    .text.chSemWait:00000000 chSemWait
     /tmp/ccwXvm6g.s:234    .text.chSemWaitTimeoutS:00000000 $t
     /tmp/ccwXvm6g.s:240    .text.chSemWaitTimeoutS:00000000 chSemWaitTimeoutS
     /tmp/ccwXvm6g.s:299    .text.chSemWaitTimeoutS:00000068 $d
     /tmp/ccwXvm6g.s:304    .text.chSemWaitTimeout:00000000 $t
     /tmp/ccwXvm6g.s:310    .text.chSemWaitTimeout:00000000 chSemWaitTimeout
     /tmp/ccwXvm6g.s:336    .text.chSemSignal:00000000 $t
     /tmp/ccwXvm6g.s:342    .text.chSemSignal:00000000 chSemSignal
     /tmp/ccwXvm6g.s:402    .text.chSemSignal:00000060 $d
     /tmp/ccwXvm6g.s:406    .text.chSemSignalI:00000000 $t
     /tmp/ccwXvm6g.s:412    .text.chSemSignalI:00000000 chSemSignalI
     /tmp/ccwXvm6g.s:461    .text.chSemSignalI:00000054 $d
     /tmp/ccwXvm6g.s:465    .text.chSemAddCounterI:00000000 $t
     /tmp/ccwXvm6g.s:471    .text.chSemAddCounterI:00000000 chSemAddCounterI
     /tmp/ccwXvm6g.s:526    .text.chSemAddCounterI:0000005c $d
     /tmp/ccwXvm6g.s:530    .text.chSemSignalWait:00000000 $t
     /tmp/ccwXvm6g.s:536    .text.chSemSignalWait:00000000 chSemSignalWait
     /tmp/ccwXvm6g.s:636    .text.chSemSignalWait:000000ac $d
     /tmp/ccwXvm6g.s:642    .rodata.str1.4:00000000 $d
     /tmp/ccwXvm6g.s:47     .text.chSemInit:00000028 $t
     /tmp/ccwXvm6g.s:107    .text.chSemResetI:0000005c $t
     /tmp/ccwXvm6g.s:203    .text.chSemWaitS:00000068 $t
     /tmp/ccwXvm6g.s:303    .text.chSemWaitTimeoutS:00000074 $t
     /tmp/ccwXvm6g.s:405    .text.chSemSignal:00000068 $t
     /tmp/ccwXvm6g.s:464    .text.chSemSignalI:0000005c $t
     /tmp/ccwXvm6g.s:529    .text.chSemAddCounterI:00000064 $t
     /tmp/ccwXvm6g.s:641    .text.chSemSignalWait:000000bc $t

UNDEFINED SYMBOLS
chDbgPanic
chDbgCheckClassI
chSchReadyI
dbg_check_lock
chSchRescheduleS
dbg_check_unlock
chDbgCheckClassS
chSchGoSleepS
rlist
chSchGoSleepTimeoutS
chSchWakeupS
