ARM GAS  /tmp/ccxdpbj8.s 			page 1


   1              		.syntax unified
   2              		.cpu cortex-m3
   3              		.fpu softvfp
   4              		.eabi_attribute 20, 1
   5              		.eabi_attribute 21, 1
   6              		.eabi_attribute 23, 3
   7              		.eabi_attribute 24, 1
   8              		.eabi_attribute 25, 1
   9              		.eabi_attribute 26, 1
  10              		.eabi_attribute 30, 2
  11              		.eabi_attribute 34, 1
  12              		.eabi_attribute 18, 4
  13              		.thumb
  14              		.file	"chvt.c"
  15              		.section	.text._vt_init,"ax",%progbits
  16              		.align	2
  17              		.p2align 4,,15
  18              		.global	_vt_init
  19              		.thumb
  20              		.thumb_func
  21              		.type	_vt_init, %function
  22              	_vt_init:
  23              		@ args = 0, pretend = 0, frame = 0
  24              		@ frame_needed = 0, uses_anonymous_args = 0
  25              		@ link register save eliminated.
  26 0000 044B     		ldr	r3, .L2
  27 0002 4FF0FF31 		mov	r1, #-1
  28 0006 0022     		movs	r2, #0
  29 0008 5B60     		str	r3, [r3, #4]
  30 000a 1B60     		str	r3, [r3]
  31 000c 9960     		str	r1, [r3, #8]
  32 000e DA60     		str	r2, [r3, #12]
  33 0010 7047     		bx	lr
  34              	.L3:
  35 0012 00BF     		.align	2
  36              	.L2:
  37 0014 00000000 		.word	.LANCHOR0
  38              		.size	_vt_init, .-_vt_init
  39 0018 AFF30080 		.section	.text.chVTSetI,"ax",%progbits
  39      AFF30080 
  40              		.align	2
  41              		.p2align 4,,15
  42              		.global	chVTSetI
  43              		.thumb
  44              		.thumb_func
  45              		.type	chVTSetI, %function
  46              	chVTSetI:
  47              		@ args = 0, pretend = 0, frame = 0
  48              		@ frame_needed = 0, uses_anonymous_args = 0
  49 0000 F8B5     		push	{r3, r4, r5, r6, r7, lr}
  50 0002 0546     		mov	r5, r0
  51 0004 0C46     		mov	r4, r1
  52 0006 1646     		mov	r6, r2
  53 0008 1F46     		mov	r7, r3
  54 000a FFF7FEFF 		bl	chDbgCheckClassI
  55 000e CDB1     		cbz	r5, .L5
  56 0010 C6B1     		cbz	r6, .L5
ARM GAS  /tmp/ccxdpbj8.s 			page 2


  57 0012 BCB1     		cbz	r4, .L5
  58              	.L6:
  59 0014 0D49     		ldr	r1, .L17
  60 0016 2F61     		str	r7, [r5, #16]
  61 0018 0B68     		ldr	r3, [r1]
  62 001a EE60     		str	r6, [r5, #12]
  63 001c 9A68     		ldr	r2, [r3, #8]
  64 001e 9442     		cmp	r4, r2
  65 0020 04D9     		bls	.L7
  66              	.L8:
  67 0022 1B68     		ldr	r3, [r3]
  68 0024 A41A     		subs	r4, r4, r2
  69 0026 9A68     		ldr	r2, [r3, #8]
  70 0028 A242     		cmp	r2, r4
  71 002a FAD3     		bcc	.L8
  72              	.L7:
  73 002c 5A68     		ldr	r2, [r3, #4]
  74 002e 8B42     		cmp	r3, r1
  75 0030 2B60     		str	r3, [r5]
  76 0032 6A60     		str	r2, [r5, #4]
  77 0034 5D60     		str	r5, [r3, #4]
  78 0036 1560     		str	r5, [r2]
  79 0038 AC60     		str	r4, [r5, #8]
  80 003a 02D0     		beq	.L4
  81 003c 9A68     		ldr	r2, [r3, #8]
  82 003e 141B     		subs	r4, r2, r4
  83 0040 9C60     		str	r4, [r3, #8]
  84              	.L4:
  85 0042 F8BD     		pop	{r3, r4, r5, r6, r7, pc}
  86              	.L5:
  87 0044 0248     		ldr	r0, .L17+4
  88 0046 FFF7FEFF 		bl	chDbgPanic
  89 004a E3E7     		b	.L6
  90              	.L18:
  91              		.align	2
  92              	.L17:
  93 004c 00000000 		.word	.LANCHOR0
  94 0050 00000000 		.word	.LC0
  95              		.size	chVTSetI, .-chVTSetI
  96 0054 AFF30080 		.section	.text.chVTResetI,"ax",%progbits
  96      AFF30080 
  96      AFF30080 
  97              		.align	2
  98              		.p2align 4,,15
  99              		.global	chVTResetI
 100              		.thumb
 101              		.thumb_func
 102              		.type	chVTResetI, %function
 103              	chVTResetI:
 104              		@ args = 0, pretend = 0, frame = 0
 105              		@ frame_needed = 0, uses_anonymous_args = 0
 106 0000 10B5     		push	{r4, lr}
 107 0002 0446     		mov	r4, r0
 108 0004 FFF7FEFF 		bl	chDbgCheckClassI
 109 0008 84B1     		cbz	r4, .L23
 110              	.L20:
 111 000a E368     		ldr	r3, [r4, #12]
ARM GAS  /tmp/ccxdpbj8.s 			page 3


 112 000c 93B1     		cbz	r3, .L24
 113              	.L21:
 114 000e 2368     		ldr	r3, [r4]
 115 0010 0A4A     		ldr	r2, .L25
 116 0012 9342     		cmp	r3, r2
 117 0014 03D0     		beq	.L22
 118 0016 9968     		ldr	r1, [r3, #8]
 119 0018 A268     		ldr	r2, [r4, #8]
 120 001a 0A44     		add	r2, r2, r1
 121 001c 9A60     		str	r2, [r3, #8]
 122              	.L22:
 123 001e 6268     		ldr	r2, [r4, #4]
 124 0020 0021     		movs	r1, #0
 125 0022 1360     		str	r3, [r2]
 126 0024 2368     		ldr	r3, [r4]
 127 0026 5A60     		str	r2, [r3, #4]
 128 0028 E160     		str	r1, [r4, #12]
 129 002a 10BD     		pop	{r4, pc}
 130              	.L23:
 131 002c 0448     		ldr	r0, .L25+4
 132 002e FFF7FEFF 		bl	chDbgPanic
 133 0032 EAE7     		b	.L20
 134              	.L24:
 135 0034 0348     		ldr	r0, .L25+8
 136 0036 FFF7FEFF 		bl	chDbgPanic
 137 003a E8E7     		b	.L21
 138              	.L26:
 139              		.align	2
 140              	.L25:
 141 003c 00000000 		.word	.LANCHOR0
 142 0040 10000000 		.word	.LC1
 143 0044 20000000 		.word	.LC2
 144              		.size	chVTResetI, .-chVTResetI
 145              		.global	vtlist
 146 0048 AFF30080 		.section	.bss.vtlist,"aw",%nobits
 146      AFF30080 
 147              		.align	2
 148              		.set	.LANCHOR0,. + 0
 149              		.type	vtlist, %object
 150              		.size	vtlist, 16
 151              	vtlist:
 152 0000 00000000 		.space	16
 152      00000000 
 152      00000000 
 152      00000000 
 153              		.section	.rodata.str1.4,"aMS",%progbits,1
 154              		.align	2
 155              	.LC0:
 156 0000 22636856 		.ascii	"\"chVTSetI\"()\000"
 156      54536574 
 156      49222829 
 156      00
 157 000d 000000   		.space	3
 158              	.LC1:
 159 0010 22636856 		.ascii	"\"chVTResetI\"()\000"
 159      54526573 
 159      65744922 
ARM GAS  /tmp/ccxdpbj8.s 			page 4


 159      282900
 160 001f 00       		.space	1
 161              	.LC2:
 162 0020 63685654 		.ascii	"chVTResetI(), #1\000"
 162      52657365 
 162      74492829 
 162      2C202331 
 162      00
 163 0031 000000   		.ident	"GCC: (GNU Tools for ARM Embedded Processors) 4.8.3 20140228 (release) [ARM/embedded-4_8-br
ARM GAS  /tmp/ccxdpbj8.s 			page 5


DEFINED SYMBOLS
                            *ABS*:00000000 chvt.c
     /tmp/ccxdpbj8.s:16     .text._vt_init:00000000 $t
     /tmp/ccxdpbj8.s:22     .text._vt_init:00000000 _vt_init
     /tmp/ccxdpbj8.s:37     .text._vt_init:00000014 $d
     /tmp/ccxdpbj8.s:40     .text.chVTSetI:00000000 $t
     /tmp/ccxdpbj8.s:46     .text.chVTSetI:00000000 chVTSetI
     /tmp/ccxdpbj8.s:93     .text.chVTSetI:0000004c $d
     /tmp/ccxdpbj8.s:97     .text.chVTResetI:00000000 $t
     /tmp/ccxdpbj8.s:103    .text.chVTResetI:00000000 chVTResetI
     /tmp/ccxdpbj8.s:141    .text.chVTResetI:0000003c $d
     /tmp/ccxdpbj8.s:151    .bss.vtlist:00000000 vtlist
     /tmp/ccxdpbj8.s:147    .bss.vtlist:00000000 $d
     /tmp/ccxdpbj8.s:154    .rodata.str1.4:00000000 $d
     /tmp/ccxdpbj8.s:39     .text._vt_init:00000018 $t
     /tmp/ccxdpbj8.s:96     .text.chVTSetI:00000054 $t
     /tmp/ccxdpbj8.s:146    .text.chVTResetI:00000048 $t

UNDEFINED SYMBOLS
chDbgCheckClassI
chDbgPanic
