ARM GAS  /tmp/ccr7lKYE.s 			page 1


   1              		.syntax unified
   2              		.cpu cortex-m3
   3              		.fpu softvfp
   4              		.eabi_attribute 20, 1
   5              		.eabi_attribute 21, 1
   6              		.eabi_attribute 23, 3
   7              		.eabi_attribute 24, 1
   8              		.eabi_attribute 25, 1
   9              		.eabi_attribute 26, 1
  10              		.eabi_attribute 30, 2
  11              		.eabi_attribute 34, 1
  12              		.eabi_attribute 18, 4
  13              		.thumb
  14              		.file	"ext.c"
  15              		.section	.text.extInit,"ax",%progbits
  16              		.align	2
  17              		.p2align 4,,15
  18              		.global	extInit
  19              		.thumb
  20              		.thumb_func
  21              		.type	extInit, %function
  22              	extInit:
  23              		@ args = 0, pretend = 0, frame = 0
  24              		@ frame_needed = 0, uses_anonymous_args = 0
  25              		@ link register save eliminated.
  26 0000 FFF7FEBF 		b	ext_lld_init
  27              		.size	extInit, .-extInit
  28 0004 AFF30080 		.section	.text.extObjectInit,"ax",%progbits
  28      AFF30080 
  28      AFF30080 
  29              		.align	2
  30              		.p2align 4,,15
  31              		.global	extObjectInit
  32              		.thumb
  33              		.thumb_func
  34              		.type	extObjectInit, %function
  35              	extObjectInit:
  36              		@ args = 0, pretend = 0, frame = 0
  37              		@ frame_needed = 0, uses_anonymous_args = 0
  38              		@ link register save eliminated.
  39 0000 0122     		movs	r2, #1
  40 0002 0023     		movs	r3, #0
  41 0004 0270     		strb	r2, [r0]
  42 0006 4360     		str	r3, [r0, #4]
  43 0008 7047     		bx	lr
  44              		.size	extObjectInit, .-extObjectInit
  45 000a 00BFAFF3 		.section	.text.extStart,"ax",%progbits
  45      0080
  46              		.align	2
  47              		.p2align 4,,15
  48              		.global	extStart
  49              		.thumb
  50              		.thumb_func
  51              		.type	extStart, %function
  52              	extStart:
  53              		@ args = 0, pretend = 0, frame = 0
  54              		@ frame_needed = 0, uses_anonymous_args = 0
ARM GAS  /tmp/ccr7lKYE.s 			page 2


  55 0000 38B5     		push	{r3, r4, r5, lr}
  56 0002 0446     		mov	r4, r0
  57 0004 0D46     		mov	r5, r1
  58 0006 C0B1     		cbz	r0, .L4
  59 0008 B9B1     		cbz	r1, .L4
  60              	.L5:
  61 000a 2023     		movs	r3, #32
  62              	@ 100 "../../../ChibiOS/os/hal/src/ext.c" 1
  63 000c 83F31188 		msr     BASEPRI, r3
  64              	@ 0 "" 2
  65              		.thumb
  66 0010 FFF7FEFF 		bl	dbg_check_lock
  67 0014 2378     		ldrb	r3, [r4]	@ zero_extendqisi2
  68 0016 013B     		subs	r3, r3, #1
  69 0018 012B     		cmp	r3, #1
  70 001a 02D9     		bls	.L6
  71 001c 0948     		ldr	r0, .L11
  72 001e FFF7FEFF 		bl	chDbgPanic
  73              	.L6:
  74 0022 2046     		mov	r0, r4
  75 0024 6560     		str	r5, [r4, #4]
  76 0026 FFF7FEFF 		bl	ext_lld_start
  77 002a 0223     		movs	r3, #2
  78 002c 2370     		strb	r3, [r4]
  79 002e FFF7FEFF 		bl	dbg_check_unlock
  80 0032 0023     		movs	r3, #0
  81              	@ 106 "../../../ChibiOS/os/hal/src/ext.c" 1
  82 0034 83F31188 		msr     BASEPRI, r3
  83              	@ 0 "" 2
  84              		.thumb
  85 0038 38BD     		pop	{r3, r4, r5, pc}
  86              	.L4:
  87 003a 0348     		ldr	r0, .L11+4
  88 003c FFF7FEFF 		bl	chDbgPanic
  89 0040 E3E7     		b	.L5
  90              	.L12:
  91 0042 00BF     		.align	2
  92              	.L11:
  93 0044 10000000 		.word	.LC1
  94 0048 00000000 		.word	.LC0
  95              		.size	extStart, .-extStart
  96 004c AFF30080 		.section	.text.extStop,"ax",%progbits
  97              		.align	2
  98              		.p2align 4,,15
  99              		.global	extStop
 100              		.thumb
 101              		.thumb_func
 102              		.type	extStop, %function
 103              	extStop:
 104              		@ args = 0, pretend = 0, frame = 0
 105              		@ frame_needed = 0, uses_anonymous_args = 0
 106 0000 10B5     		push	{r4, lr}
 107 0002 0446     		mov	r4, r0
 108 0004 B0B1     		cbz	r0, .L16
 109              	.L14:
 110 0006 2023     		movs	r3, #32
 111              	@ 120 "../../../ChibiOS/os/hal/src/ext.c" 1
ARM GAS  /tmp/ccr7lKYE.s 			page 3


 112 0008 83F31188 		msr     BASEPRI, r3
 113              	@ 0 "" 2
 114              		.thumb
 115 000c FFF7FEFF 		bl	dbg_check_lock
 116 0010 2378     		ldrb	r3, [r4]	@ zero_extendqisi2
 117 0012 013B     		subs	r3, r3, #1
 118 0014 012B     		cmp	r3, #1
 119 0016 02D9     		bls	.L15
 120 0018 0848     		ldr	r0, .L17
 121 001a FFF7FEFF 		bl	chDbgPanic
 122              	.L15:
 123 001e 2046     		mov	r0, r4
 124 0020 FFF7FEFF 		bl	ext_lld_stop
 125 0024 0123     		movs	r3, #1
 126 0026 2370     		strb	r3, [r4]
 127 0028 FFF7FEFF 		bl	dbg_check_unlock
 128 002c 0023     		movs	r3, #0
 129              	@ 125 "../../../ChibiOS/os/hal/src/ext.c" 1
 130 002e 83F31188 		msr     BASEPRI, r3
 131              	@ 0 "" 2
 132              		.thumb
 133 0032 10BD     		pop	{r4, pc}
 134              	.L16:
 135 0034 0248     		ldr	r0, .L17+4
 136 0036 FFF7FEFF 		bl	chDbgPanic
 137 003a E4E7     		b	.L14
 138              	.L18:
 139              		.align	2
 140              	.L17:
 141 003c 2C000000 		.word	.LC3
 142 0040 20000000 		.word	.LC2
 143              		.size	extStop, .-extStop
 144 0044 AFF30080 		.section	.text.extChannelEnable,"ax",%progbits
 144      AFF30080 
 144      AFF30080 
 145              		.align	2
 146              		.p2align 4,,15
 147              		.global	extChannelEnable
 148              		.thumb
 149              		.thumb_func
 150              		.type	extChannelEnable, %function
 151              	extChannelEnable:
 152              		@ args = 0, pretend = 0, frame = 0
 153              		@ frame_needed = 0, uses_anonymous_args = 0
 154 0000 38B5     		push	{r3, r4, r5, lr}
 155 0002 0446     		mov	r4, r0
 156 0004 0D46     		mov	r5, r1
 157 0006 B0B1     		cbz	r0, .L20
 158 0008 1229     		cmp	r1, #18
 159 000a 14D8     		bhi	.L20
 160              	.L21:
 161 000c 2023     		movs	r3, #32
 162              	@ 142 "../../../ChibiOS/os/hal/src/ext.c" 1
 163 000e 83F31188 		msr     BASEPRI, r3
 164              	@ 0 "" 2
 165              		.thumb
 166 0012 FFF7FEFF 		bl	dbg_check_lock
ARM GAS  /tmp/ccr7lKYE.s 			page 4


 167 0016 2378     		ldrb	r3, [r4]	@ zero_extendqisi2
 168 0018 022B     		cmp	r3, #2
 169 001a 10D0     		beq	.L27
 170              	.L22:
 171 001c 0B48     		ldr	r0, .L28
 172 001e FFF7FEFF 		bl	chDbgPanic
 173              	.L23:
 174 0022 2046     		mov	r0, r4
 175 0024 2946     		mov	r1, r5
 176 0026 FFF7FEFF 		bl	ext_lld_channel_enable
 177 002a FFF7FEFF 		bl	dbg_check_unlock
 178 002e 0023     		movs	r3, #0
 179              	@ 148 "../../../ChibiOS/os/hal/src/ext.c" 1
 180 0030 83F31188 		msr     BASEPRI, r3
 181              	@ 0 "" 2
 182              		.thumb
 183 0034 38BD     		pop	{r3, r4, r5, pc}
 184              	.L20:
 185 0036 0648     		ldr	r0, .L28+4
 186 0038 FFF7FEFF 		bl	chDbgPanic
 187 003c E6E7     		b	.L21
 188              	.L27:
 189 003e 6368     		ldr	r3, [r4, #4]
 190 0040 53F83530 		ldr	r3, [r3, r5, lsl #3]
 191 0044 9B07     		lsls	r3, r3, #30
 192 0046 ECD1     		bne	.L23
 193 0048 E8E7     		b	.L22
 194              	.L29:
 195 004a 00BF     		.align	2
 196              	.L28:
 197 004c 54000000 		.word	.LC5
 198 0050 3C000000 		.word	.LC4
 199              		.size	extChannelEnable, .-extChannelEnable
 200 0054 AFF30080 		.section	.text.extChannelDisable,"ax",%progbits
 200      AFF30080 
 200      AFF30080 
 201              		.align	2
 202              		.p2align 4,,15
 203              		.global	extChannelDisable
 204              		.thumb
 205              		.thumb_func
 206              		.type	extChannelDisable, %function
 207              	extChannelDisable:
 208              		@ args = 0, pretend = 0, frame = 0
 209              		@ frame_needed = 0, uses_anonymous_args = 0
 210 0000 38B5     		push	{r3, r4, r5, lr}
 211 0002 0446     		mov	r4, r0
 212 0004 0D46     		mov	r5, r1
 213 0006 B0B1     		cbz	r0, .L31
 214 0008 1229     		cmp	r1, #18
 215 000a 14D8     		bhi	.L31
 216              	.L32:
 217 000c 2023     		movs	r3, #32
 218              	@ 165 "../../../ChibiOS/os/hal/src/ext.c" 1
 219 000e 83F31188 		msr     BASEPRI, r3
 220              	@ 0 "" 2
 221              		.thumb
ARM GAS  /tmp/ccr7lKYE.s 			page 5


 222 0012 FFF7FEFF 		bl	dbg_check_lock
 223 0016 2378     		ldrb	r3, [r4]	@ zero_extendqisi2
 224 0018 022B     		cmp	r3, #2
 225 001a 10D0     		beq	.L38
 226              	.L33:
 227 001c 0B48     		ldr	r0, .L39
 228 001e FFF7FEFF 		bl	chDbgPanic
 229              	.L34:
 230 0022 2046     		mov	r0, r4
 231 0024 2946     		mov	r1, r5
 232 0026 FFF7FEFF 		bl	ext_lld_channel_disable
 233 002a FFF7FEFF 		bl	dbg_check_unlock
 234 002e 0023     		movs	r3, #0
 235              	@ 171 "../../../ChibiOS/os/hal/src/ext.c" 1
 236 0030 83F31188 		msr     BASEPRI, r3
 237              	@ 0 "" 2
 238              		.thumb
 239 0034 38BD     		pop	{r3, r4, r5, pc}
 240              	.L31:
 241 0036 0648     		ldr	r0, .L39+4
 242 0038 FFF7FEFF 		bl	chDbgPanic
 243 003c E6E7     		b	.L32
 244              	.L38:
 245 003e 6368     		ldr	r3, [r4, #4]
 246 0040 53F83530 		ldr	r3, [r3, r5, lsl #3]
 247 0044 9B07     		lsls	r3, r3, #30
 248 0046 ECD1     		bne	.L34
 249 0048 E8E7     		b	.L33
 250              	.L40:
 251 004a 00BF     		.align	2
 252              	.L39:
 253 004c 84000000 		.word	.LC7
 254 0050 6C000000 		.word	.LC6
 255              		.size	extChannelDisable, .-extChannelDisable
 256 0054 AFF30080 		.section	.text.extSetChannelModeI,"ax",%progbits
 256      AFF30080 
 256      AFF30080 
 257              		.align	2
 258              		.p2align 4,,15
 259              		.global	extSetChannelModeI
 260              		.thumb
 261              		.thumb_func
 262              		.type	extSetChannelModeI, %function
 263              	extSetChannelModeI:
 264              		@ args = 0, pretend = 0, frame = 0
 265              		@ frame_needed = 0, uses_anonymous_args = 0
 266 0000 70B5     		push	{r4, r5, r6, lr}
 267 0002 0446     		mov	r4, r0
 268 0004 0D46     		mov	r5, r1
 269 0006 1646     		mov	r6, r2
 270 0008 08B1     		cbz	r0, .L42
 271 000a 1229     		cmp	r1, #18
 272 000c 15D9     		bls	.L51
 273              	.L42:
 274 000e 0C48     		ldr	r0, .L52
 275 0010 FFF7FEFF 		bl	chDbgPanic
 276              	.L43:
ARM GAS  /tmp/ccr7lKYE.s 			page 6


 277 0014 2378     		ldrb	r3, [r4]	@ zero_extendqisi2
 278 0016 022B     		cmp	r3, #2
 279 0018 02D0     		beq	.L44
 280 001a 0A48     		ldr	r0, .L52+4
 281 001c FFF7FEFF 		bl	chDbgPanic
 282              	.L44:
 283 0020 96E80300 		ldmia	r6, {r0, r1}
 284 0024 6368     		ldr	r3, [r4, #4]
 285 0026 03EBC503 		add	r3, r3, r5, lsl #3
 286 002a 83E80300 		stmia	r3, {r0, r1}
 287 002e 2046     		mov	r0, r4
 288 0030 2946     		mov	r1, r5
 289 0032 BDE87040 		pop	{r4, r5, r6, lr}
 290 0036 FFF7FEBF 		b	ext_lld_channel_enable
 291              	.L51:
 292 003a 002A     		cmp	r2, #0
 293 003c EAD1     		bne	.L43
 294 003e E6E7     		b	.L42
 295              	.L53:
 296              		.align	2
 297              	.L52:
 298 0040 9C000000 		.word	.LC8
 299 0044 B4000000 		.word	.LC9
 300              		.size	extSetChannelModeI, .-extSetChannelModeI
 301 0048 AFF30080 		.section	.rodata.str1.4,"aMS",%progbits,1
 301      AFF30080 
 302              		.align	2
 303              	.LC0:
 304 0000 22657874 		.ascii	"\"extStart\"()\000"
 304      53746172 
 304      74222829 
 304      00
 305 000d 000000   		.space	3
 306              	.LC1:
 307 0010 65787453 		.ascii	"extStart(), #1\000"
 307      74617274 
 307      28292C20 
 307      233100
 308 001f 00       		.space	1
 309              	.LC2:
 310 0020 22657874 		.ascii	"\"extStop\"()\000"
 310      53746F70 
 310      22282900 
 311              	.LC3:
 312 002c 65787453 		.ascii	"extStop(), #1\000"
 312      746F7028 
 312      292C2023 
 312      3100
 313 003a 0000     		.space	2
 314              	.LC4:
 315 003c 22657874 		.ascii	"\"extChannelEnable\"()\000"
 315      4368616E 
 315      6E656C45 
 315      6E61626C 
 315      65222829 
 316 0051 000000   		.space	3
 317              	.LC5:
ARM GAS  /tmp/ccr7lKYE.s 			page 7


 318 0054 65787443 		.ascii	"extChannelEnable(), #1\000"
 318      68616E6E 
 318      656C456E 
 318      61626C65 
 318      28292C20 
 319 006b 00       		.space	1
 320              	.LC6:
 321 006c 22657874 		.ascii	"\"extChannelDisable\"()\000"
 321      4368616E 
 321      6E656C44 
 321      69736162 
 321      6C652228 
 322 0082 0000     		.space	2
 323              	.LC7:
 324 0084 65787443 		.ascii	"extChannelDisable(), #1\000"
 324      68616E6E 
 324      656C4469 
 324      7361626C 
 324      6528292C 
 325              	.LC8:
 326 009c 22657874 		.ascii	"\"extSetChannelModeI\"()\000"
 326      53657443 
 326      68616E6E 
 326      656C4D6F 
 326      64654922 
 327 00b3 00       		.space	1
 328              	.LC9:
 329 00b4 65787453 		.ascii	"extSetChannelModeI(), #1\000"
 329      65744368 
 329      616E6E65 
 329      6C4D6F64 
 329      65492829 
 330 00cd 000000   		.ident	"GCC: (GNU Tools for ARM Embedded Processors) 4.8.3 20140228 (release) [ARM/embedded-4_8-br
ARM GAS  /tmp/ccr7lKYE.s 			page 8


DEFINED SYMBOLS
                            *ABS*:00000000 ext.c
     /tmp/ccr7lKYE.s:16     .text.extInit:00000000 $t
     /tmp/ccr7lKYE.s:22     .text.extInit:00000000 extInit
     /tmp/ccr7lKYE.s:29     .text.extObjectInit:00000000 $t
     /tmp/ccr7lKYE.s:35     .text.extObjectInit:00000000 extObjectInit
     /tmp/ccr7lKYE.s:46     .text.extStart:00000000 $t
     /tmp/ccr7lKYE.s:52     .text.extStart:00000000 extStart
     /tmp/ccr7lKYE.s:93     .text.extStart:00000044 $d
     /tmp/ccr7lKYE.s:97     .text.extStop:00000000 $t
     /tmp/ccr7lKYE.s:103    .text.extStop:00000000 extStop
     /tmp/ccr7lKYE.s:141    .text.extStop:0000003c $d
     /tmp/ccr7lKYE.s:145    .text.extChannelEnable:00000000 $t
     /tmp/ccr7lKYE.s:151    .text.extChannelEnable:00000000 extChannelEnable
     /tmp/ccr7lKYE.s:197    .text.extChannelEnable:0000004c $d
     /tmp/ccr7lKYE.s:201    .text.extChannelDisable:00000000 $t
     /tmp/ccr7lKYE.s:207    .text.extChannelDisable:00000000 extChannelDisable
     /tmp/ccr7lKYE.s:253    .text.extChannelDisable:0000004c $d
     /tmp/ccr7lKYE.s:257    .text.extSetChannelModeI:00000000 $t
     /tmp/ccr7lKYE.s:263    .text.extSetChannelModeI:00000000 extSetChannelModeI
     /tmp/ccr7lKYE.s:298    .text.extSetChannelModeI:00000040 $d
     /tmp/ccr7lKYE.s:302    .rodata.str1.4:00000000 $d
     /tmp/ccr7lKYE.s:96     .text.extStart:0000004c $t
     /tmp/ccr7lKYE.s:144    .text.extStop:00000044 $t
     /tmp/ccr7lKYE.s:200    .text.extChannelEnable:00000054 $t
     /tmp/ccr7lKYE.s:256    .text.extChannelDisable:00000054 $t
     /tmp/ccr7lKYE.s:301    .text.extSetChannelModeI:00000048 $t

UNDEFINED SYMBOLS
ext_lld_init
dbg_check_lock
chDbgPanic
ext_lld_start
dbg_check_unlock
ext_lld_stop
ext_lld_channel_enable
ext_lld_channel_disable
