ARM GAS  /tmp/ccJXsMFH.s 			page 1


   1              		.syntax unified
   2              		.cpu cortex-m3
   3              		.fpu softvfp
   4              		.eabi_attribute 20, 1
   5              		.eabi_attribute 21, 1
   6              		.eabi_attribute 23, 3
   7              		.eabi_attribute 24, 1
   8              		.eabi_attribute 25, 1
   9              		.eabi_attribute 26, 1
  10              		.eabi_attribute 30, 2
  11              		.eabi_attribute 34, 1
  12              		.eabi_attribute 18, 4
  13              		.thumb
  14              		.file	"exti.cpp"
  15              		.section	.text._Z13power_down_cbP9EXTDriverm,"ax",%progbits
  16              		.align	2
  17              		.p2align 4,,15
  18              		.global	_Z13power_down_cbP9EXTDriverm
  19              		.thumb
  20              		.thumb_func
  21              		.type	_Z13power_down_cbP9EXTDriverm, %function
  22              	_Z13power_down_cbP9EXTDriverm:
  23              		@ args = 0, pretend = 0, frame = 0
  24              		@ frame_needed = 0, uses_anonymous_args = 0
  25              		@ link register save eliminated.
  26 0000 054B     		ldr	r3, .L4
  27 0002 9B68     		ldr	r3, [r3, #8]
  28 0004 5B04     		lsls	r3, r3, #17
  29 0006 03D4     		bmi	.L2
  30 0008 044B     		ldr	r3, .L4+4
  31 000a 4FF48022 		mov	r2, #262144
  32 000e 1A61     		str	r2, [r3, #16]
  33              	.L2:
  34 0010 034B     		ldr	r3, .L4+8
  35 0012 0522     		movs	r2, #5
  36 0014 1A60     		str	r2, [r3]
  37 0016 7047     		bx	lr
  38              	.L5:
  39              		.align	2
  40              	.L4:
  41 0018 00100140 		.word	1073811456
  42 001c 00140140 		.word	1073812480
  43 0020 00000000 		.word	.LANCHOR0
  44              		.size	_Z13power_down_cbP9EXTDriverm, .-_Z13power_down_cbP9EXTDriverm
  45              		.global	extcfg
  46              		.global	shutdown_now
  47 0024 AFF30080 		.section	.data.extcfg,"aw",%progbits
  47      AFF30080 
  47      AFF30080 
  48              		.align	2
  49              		.type	extcfg, %object
  50              		.size	extcfg, 152
  51              	extcfg:
  52 0000 00000000 		.word	0
  53 0004 00000000 		.word	0
  54 0008 00000000 		.word	0
  55 000c 00000000 		.word	0
ARM GAS  /tmp/ccJXsMFH.s 			page 2


  56 0010 00000000 		.word	0
  57 0014 00000000 		.word	0
  58 0018 00000000 		.word	0
  59 001c 00000000 		.word	0
  60 0020 00000000 		.word	0
  61 0024 00000000 		.word	0
  62 0028 00000000 		.word	0
  63 002c 00000000 		.word	0
  64 0030 00000000 		.word	0
  65 0034 00000000 		.word	0
  66 0038 00000000 		.word	0
  67 003c 00000000 		.word	0
  68 0040 00000000 		.word	0
  69 0044 00000000 		.word	0
  70 0048 00000000 		.word	0
  71 004c 00000000 		.word	0
  72 0050 00000000 		.word	0
  73 0054 00000000 		.word	0
  74 0058 00000000 		.word	0
  75 005c 00000000 		.word	0
  76 0060 00000000 		.word	0
  77 0064 00000000 		.word	0
  78 0068 00000000 		.word	0
  79 006c 00000000 		.word	0
  80 0070 26000000 		.word	38
  81 0074 00000000 		.word	_Z13power_down_cbP9EXTDriverm
  82 0078 00000000 		.word	0
  83 007c 00000000 		.word	0
  84 0080 00000000 		.word	0
  85 0084 00000000 		.word	0
  86 0088 00000000 		.word	0
  87 008c 00000000 		.word	0
  88 0090 00000000 		.word	0
  89 0094 00000000 		.word	0
  90              		.section	.bss.shutdown_now,"aw",%nobits
  91              		.align	2
  92              		.set	.LANCHOR0,. + 0
  93              		.type	shutdown_now, %object
  94              		.size	shutdown_now, 4
  95              	shutdown_now:
  96 0000 00000000 		.space	4
  97              		.ident	"GCC: (GNU Tools for ARM Embedded Processors) 4.8.3 20140228 (release) [ARM/embedded-4_8-br
ARM GAS  /tmp/ccJXsMFH.s 			page 3


DEFINED SYMBOLS
                            *ABS*:00000000 exti.cpp
     /tmp/ccJXsMFH.s:16     .text._Z13power_down_cbP9EXTDriverm:00000000 $t
     /tmp/ccJXsMFH.s:22     .text._Z13power_down_cbP9EXTDriverm:00000000 _Z13power_down_cbP9EXTDriverm
     /tmp/ccJXsMFH.s:41     .text._Z13power_down_cbP9EXTDriverm:00000018 $d
     /tmp/ccJXsMFH.s:51     .data.extcfg:00000000 extcfg
     /tmp/ccJXsMFH.s:95     .bss.shutdown_now:00000000 shutdown_now
     /tmp/ccJXsMFH.s:48     .data.extcfg:00000000 $d
     /tmp/ccJXsMFH.s:91     .bss.shutdown_now:00000000 $d
     /tmp/ccJXsMFH.s:47     .text._Z13power_down_cbP9EXTDriverm:00000024 $t

NO UNDEFINED SYMBOLS
