ARM GAS  /tmp/ccE8rTtx.s 			page 1


   1              		.syntax unified
   2              		.cpu cortex-m3
   3              		.fpu softvfp
   4              		.eabi_attribute 20, 1
   5              		.eabi_attribute 21, 1
   6              		.eabi_attribute 23, 3
   7              		.eabi_attribute 24, 1
   8              		.eabi_attribute 25, 1
   9              		.eabi_attribute 26, 1
  10              		.eabi_attribute 30, 2
  11              		.eabi_attribute 34, 1
  12              		.eabi_attribute 18, 4
  13              		.thumb
  14              		.file	"hal.c"
  15              		.section	.text.halInit,"ax",%progbits
  16              		.align	2
  17              		.p2align 4,,15
  18              		.global	halInit
  19              		.thumb
  20              		.thumb_func
  21              		.type	halInit, %function
  22              	halInit:
  23              		@ args = 0, pretend = 0, frame = 0
  24              		@ frame_needed = 0, uses_anonymous_args = 0
  25 0000 08B5     		push	{r3, lr}
  26 0002 FFF7FEFF 		bl	hal_lld_init
  27 0006 FFF7FEFF 		bl	tmInit
  28 000a 0848     		ldr	r0, .L2
  29 000c FFF7FEFF 		bl	_pal_lld_init
  30 0010 FFF7FEFF 		bl	canInit
  31 0014 FFF7FEFF 		bl	extInit
  32 0018 FFF7FEFF 		bl	i2cInit
  33 001c FFF7FEFF 		bl	sdInit
  34 0020 FFF7FEFF 		bl	spiInit
  35 0024 BDE80840 		pop	{r3, lr}
  36 0028 FFF7FEBF 		b	boardInit
  37              	.L3:
  38              		.align	2
  39              	.L2:
  40 002c 00000000 		.word	pal_default_config
  41              		.size	halInit, .-halInit
  42              		.section	.text.halIsCounterWithin,"ax",%progbits
  43              		.align	2
  44              		.p2align 4,,15
  45              		.global	halIsCounterWithin
  46              		.thumb
  47              		.thumb_func
  48              		.type	halIsCounterWithin, %function
  49              	halIsCounterWithin:
  50              		@ args = 0, pretend = 0, frame = 0
  51              		@ frame_needed = 0, uses_anonymous_args = 0
  52              		@ link register save eliminated.
  53 0000 084B     		ldr	r3, .L13
  54 0002 8142     		cmp	r1, r0
  55 0004 5B68     		ldr	r3, [r3, #4]
  56 0006 06D9     		bls	.L5
  57 0008 8342     		cmp	r3, r0
ARM GAS  /tmp/ccE8rTtx.s 			page 2


  58 000a 08D3     		bcc	.L9
  59              	.L11:
  60 000c 8B42     		cmp	r3, r1
  61 000e 2CBF     		ite	cs
  62 0010 0020     		movcs	r0, #0
  63 0012 0120     		movcc	r0, #1
  64 0014 7047     		bx	lr
  65              	.L5:
  66 0016 8342     		cmp	r3, r0
  67 0018 F8D3     		bcc	.L11
  68 001a 0120     		movs	r0, #1
  69 001c 7047     		bx	lr
  70              	.L9:
  71 001e 0020     		movs	r0, #0
  72 0020 7047     		bx	lr
  73              	.L14:
  74 0022 00BF     		.align	2
  75              	.L13:
  76 0024 001000E0 		.word	-536866816
  77              		.size	halIsCounterWithin, .-halIsCounterWithin
  78 0028 AFF30080 		.section	.text.halPolledDelay,"ax",%progbits
  78      AFF30080 
  79              		.align	2
  80              		.p2align 4,,15
  81              		.global	halPolledDelay
  82              		.thumb
  83              		.thumb_func
  84              		.type	halPolledDelay, %function
  85              	halPolledDelay:
  86              		@ args = 0, pretend = 0, frame = 0
  87              		@ frame_needed = 0, uses_anonymous_args = 0
  88              		@ link register save eliminated.
  89 0000 0C49     		ldr	r1, .L26
  90 0002 4A68     		ldr	r2, [r1, #4]
  91 0004 1044     		add	r0, r0, r2
  92              	.L21:
  93 0006 8242     		cmp	r2, r0
  94 0008 4B68     		ldr	r3, [r1, #4]
  95 000a 0CD2     		bcs	.L16
  96 000c 9A42     		cmp	r2, r3
  97 000e 03D9     		bls	.L24
  98 0010 0023     		movs	r3, #0
  99 0012 002B     		cmp	r3, #0
 100 0014 F7D1     		bne	.L21
 101              	.L25:
 102 0016 7047     		bx	lr
 103              	.L24:
 104 0018 9842     		cmp	r0, r3
 105 001a 94BF     		ite	ls
 106 001c 0023     		movls	r3, #0
 107 001e 0123     		movhi	r3, #1
 108 0020 002B     		cmp	r3, #0
 109 0022 F0D1     		bne	.L21
 110 0024 F7E7     		b	.L25
 111              	.L16:
 112 0026 9A42     		cmp	r2, r3
 113 0028 F6D8     		bhi	.L24
ARM GAS  /tmp/ccE8rTtx.s 			page 3


 114 002a 0123     		movs	r3, #1
 115 002c 002B     		cmp	r3, #0
 116 002e EAD1     		bne	.L21
 117 0030 F1E7     		b	.L25
 118              	.L27:
 119 0032 00BF     		.align	2
 120              	.L26:
 121 0034 001000E0 		.word	-536866816
 122              		.size	halPolledDelay, .-halPolledDelay
 123 0038 AFF30080 		.ident	"GCC: (GNU Tools for ARM Embedded Processors) 4.8.3 20140228 (release) [ARM/embedded-4_8-br
 123      AFF30080 
ARM GAS  /tmp/ccE8rTtx.s 			page 4


DEFINED SYMBOLS
                            *ABS*:00000000 hal.c
     /tmp/ccE8rTtx.s:16     .text.halInit:00000000 $t
     /tmp/ccE8rTtx.s:22     .text.halInit:00000000 halInit
     /tmp/ccE8rTtx.s:40     .text.halInit:0000002c $d
     /tmp/ccE8rTtx.s:43     .text.halIsCounterWithin:00000000 $t
     /tmp/ccE8rTtx.s:49     .text.halIsCounterWithin:00000000 halIsCounterWithin
     /tmp/ccE8rTtx.s:76     .text.halIsCounterWithin:00000024 $d
     /tmp/ccE8rTtx.s:79     .text.halPolledDelay:00000000 $t
     /tmp/ccE8rTtx.s:85     .text.halPolledDelay:00000000 halPolledDelay
     /tmp/ccE8rTtx.s:121    .text.halPolledDelay:00000034 $d
     /tmp/ccE8rTtx.s:78     .text.halIsCounterWithin:00000028 $t
     /tmp/ccE8rTtx.s:123    .text.halPolledDelay:00000038 $t

UNDEFINED SYMBOLS
hal_lld_init
tmInit
_pal_lld_init
canInit
extInit
i2cInit
sdInit
spiInit
boardInit
pal_default_config
