ARM GAS  /tmp/ccYtaZDe.s 			page 1


   1              		.syntax unified
   2              		.cpu cortex-m3
   3              		.fpu softvfp
   4              		.eabi_attribute 20, 1
   5              		.eabi_attribute 21, 1
   6              		.eabi_attribute 23, 3
   7              		.eabi_attribute 24, 1
   8              		.eabi_attribute 25, 1
   9              		.eabi_attribute 26, 1
  10              		.eabi_attribute 30, 2
  11              		.eabi_attribute 34, 1
  12              		.eabi_attribute 18, 4
  13              		.thumb
  14              		.file	"hal_lld.c"
  15              		.section	.text.hal_lld_init,"ax",%progbits
  16              		.align	2
  17              		.p2align 4,,15
  18              		.global	hal_lld_init
  19              		.thumb
  20              		.thumb_func
  21              		.type	hal_lld_init, %function
  22              	hal_lld_init:
  23              		@ args = 0, pretend = 0, frame = 0
  24              		@ frame_needed = 0, uses_anonymous_args = 0
  25              		@ link register save eliminated.
  26 0000 154B     		ldr	r3, .L2
  27 0002 F0B4     		push	{r4, r5, r6, r7}
  28 0004 0021     		movs	r1, #0
  29 0006 154A     		ldr	r2, .L2+4
  30 0008 4FF0FF34 		mov	r4, #-1
  31 000c 144E     		ldr	r6, .L2+8
  32 000e 1869     		ldr	r0, [r3, #16]
  33 0010 0725     		movs	r5, #7
  34 0012 1C61     		str	r4, [r3, #16]
  35 0014 1348     		ldr	r0, .L2+12
  36 0016 1961     		str	r1, [r3, #16]
  37 0018 DF68     		ldr	r7, [r3, #12]
  38 001a DC60     		str	r4, [r3, #12]
  39 001c D960     		str	r1, [r3, #12]
  40 001e 5660     		str	r6, [r2, #4]
  41 0020 9160     		str	r1, [r2, #8]
  42 0022 1560     		str	r5, [r2]
  43 0024 C268     		ldr	r2, [r0, #12]
  44 0026 1049     		ldr	r1, .L2+16
  45 0028 42F08072 		orr	r2, r2, #16777216
  46 002c C260     		str	r2, [r0, #12]
  47 002e 0868     		ldr	r0, [r1]
  48 0030 0E4A     		ldr	r2, .L2+20
  49 0032 40F00100 		orr	r0, r0, #1
  50 0036 0860     		str	r0, [r1]
  51 0038 D969     		ldr	r1, [r3, #28]
  52 003a F0BC     		pop	{r4, r5, r6, r7}
  53 003c 41F08051 		orr	r1, r1, #268435456
  54 0040 D961     		str	r1, [r3, #28]
  55 0042 D969     		ldr	r1, [r3, #28]
  56 0044 41F00061 		orr	r1, r1, #134217728
  57 0048 D961     		str	r1, [r3, #28]
ARM GAS  /tmp/ccYtaZDe.s 			page 2


  58 004a 1368     		ldr	r3, [r2]
  59 004c 43F48073 		orr	r3, r3, #256
  60 0050 1360     		str	r3, [r2]
  61 0052 FFF7FEBF 		b	dmaInit
  62              	.L3:
  63 0056 00BF     		.align	2
  64              	.L2:
  65 0058 00100240 		.word	1073876992
  66 005c 10E000E0 		.word	-536813552
  67 0060 3F190100 		.word	71999
  68 0064 F0ED00E0 		.word	-536810000
  69 0068 001000E0 		.word	-536866816
  70 006c 00700040 		.word	1073770496
  71              		.size	hal_lld_init, .-hal_lld_init
  72              		.section	.text.stm32_clock_init,"ax",%progbits
  73              		.align	2
  74              		.p2align 4,,15
  75              		.global	stm32_clock_init
  76              		.thumb
  77              		.thumb_func
  78              		.type	stm32_clock_init, %function
  79              	stm32_clock_init:
  80              		@ args = 0, pretend = 0, frame = 0
  81              		@ frame_needed = 0, uses_anonymous_args = 0
  82              		@ link register save eliminated.
  83 0000 204B     		ldr	r3, .L16
  84 0002 1A68     		ldr	r2, [r3]
  85 0004 1946     		mov	r1, r3
  86 0006 42F00102 		orr	r2, r2, #1
  87 000a 1A60     		str	r2, [r3]
  88              	.L6:
  89 000c 0B68     		ldr	r3, [r1]
  90 000e 1D4A     		ldr	r2, .L16
  91 0010 9B07     		lsls	r3, r3, #30
  92 0012 FBD5     		bpl	.L6
  93 0014 5368     		ldr	r3, [r2, #4]
  94 0016 1146     		mov	r1, r2
  95 0018 23F00303 		bic	r3, r3, #3
  96 001c 5360     		str	r3, [r2, #4]
  97 001e 5368     		ldr	r3, [r2, #4]
  98 0020 5360     		str	r3, [r2, #4]
  99              	.L8:
 100 0022 4B68     		ldr	r3, [r1, #4]
 101 0024 174A     		ldr	r2, .L16
 102 0026 13F00C03 		ands	r3, r3, #12
 103 002a FAD1     		bne	.L8
 104 002c 1068     		ldr	r0, [r2]
 105 002e 1146     		mov	r1, r2
 106 0030 00F0F900 		and	r0, r0, #249
 107 0034 1060     		str	r0, [r2]
 108 0036 5360     		str	r3, [r2, #4]
 109 0038 1368     		ldr	r3, [r2]
 110 003a 43F48033 		orr	r3, r3, #65536
 111 003e 1360     		str	r3, [r2]
 112              	.L10:
 113 0040 0B68     		ldr	r3, [r1]
 114 0042 104A     		ldr	r2, .L16
ARM GAS  /tmp/ccYtaZDe.s 			page 3


 115 0044 9803     		lsls	r0, r3, #14
 116 0046 FBD5     		bpl	.L10
 117 0048 5368     		ldr	r3, [r2, #4]
 118 004a 1146     		mov	r1, r2
 119 004c 43F4E813 		orr	r3, r3, #1900544
 120 0050 5360     		str	r3, [r2, #4]
 121 0052 1368     		ldr	r3, [r2]
 122 0054 43F08073 		orr	r3, r3, #16777216
 123 0058 1360     		str	r3, [r2]
 124              	.L12:
 125 005a 0B68     		ldr	r3, [r1]
 126 005c 094A     		ldr	r2, .L16
 127 005e 9B01     		lsls	r3, r3, #6
 128 0060 FBD5     		bpl	.L12
 129 0062 094B     		ldr	r3, .L16+4
 130 0064 0948     		ldr	r0, .L16+8
 131 0066 1221     		movs	r1, #18
 132 0068 5060     		str	r0, [r2, #4]
 133 006a 1960     		str	r1, [r3]
 134 006c 5368     		ldr	r3, [r2, #4]
 135 006e 1146     		mov	r1, r2
 136 0070 43F00203 		orr	r3, r3, #2
 137 0074 5360     		str	r3, [r2, #4]
 138              	.L14:
 139 0076 4B68     		ldr	r3, [r1, #4]
 140 0078 03F00C03 		and	r3, r3, #12
 141 007c 082B     		cmp	r3, #8
 142 007e FAD1     		bne	.L14
 143 0080 7047     		bx	lr
 144              	.L17:
 145 0082 00BF     		.align	2
 146              	.L16:
 147 0084 00100240 		.word	1073876992
 148 0088 00200240 		.word	1073881088
 149 008c 00641D00 		.word	1926144
 150              		.size	stm32_clock_init, .-stm32_clock_init
 151              		.ident	"GCC: (GNU Tools for ARM Embedded Processors) 4.8.3 20140228 (release) [ARM/embedded-4_8-br
ARM GAS  /tmp/ccYtaZDe.s 			page 4


DEFINED SYMBOLS
                            *ABS*:00000000 hal_lld.c
     /tmp/ccYtaZDe.s:16     .text.hal_lld_init:00000000 $t
     /tmp/ccYtaZDe.s:22     .text.hal_lld_init:00000000 hal_lld_init
     /tmp/ccYtaZDe.s:65     .text.hal_lld_init:00000058 $d
     /tmp/ccYtaZDe.s:73     .text.stm32_clock_init:00000000 $t
     /tmp/ccYtaZDe.s:79     .text.stm32_clock_init:00000000 stm32_clock_init
     /tmp/ccYtaZDe.s:147    .text.stm32_clock_init:00000084 $d

UNDEFINED SYMBOLS
dmaInit
