ARM GAS  /tmp/ccV4QiXX.s 			page 1


   1              		.syntax unified
   2              		.cpu cortex-m3
   3              		.fpu softvfp
   4              		.eabi_attribute 20, 1
   5              		.eabi_attribute 21, 1
   6              		.eabi_attribute 23, 3
   7              		.eabi_attribute 24, 1
   8              		.eabi_attribute 25, 1
   9              		.eabi_attribute 26, 1
  10              		.eabi_attribute 30, 2
  11              		.eabi_attribute 34, 1
  12              		.eabi_attribute 18, 4
  13              		.thumb
  14              		.file	"LightRing.cpp"
  15              		.section	.text._ZN5amiro9LightRing17periodicBroadcastEv,"ax",%progbits
  16              		.align	2
  17              		.p2align 4,,15
  18              		.global	_ZN5amiro9LightRing17periodicBroadcastEv
  19              		.thumb
  20              		.thumb_func
  21              		.type	_ZN5amiro9LightRing17periodicBroadcastEv, %function
  22              	_ZN5amiro9LightRing17periodicBroadcastEv:
  23              		@ args = 0, pretend = 0, frame = 0
  24              		@ frame_needed = 0, uses_anonymous_args = 0
  25              		@ link register save eliminated.
  26 0000 7047     		bx	lr
  27              		.size	_ZN5amiro9LightRing17periodicBroadcastEv, .-_ZN5amiro9LightRing17periodicBroadcastEv
  28 0002 00BFAFF3 		.section	.text._ZN5amiro9LightRingD2Ev,"axG",%progbits,_ZN5amiro9LightRingD5Ev,comdat
  28      0080AFF3 
  28      0080AFF3 
  28      0080
  29              		.align	2
  30              		.p2align 4,,15
  31              		.weak	_ZN5amiro9LightRingD2Ev
  32              		.thumb
  33              		.thumb_func
  34              		.type	_ZN5amiro9LightRingD2Ev, %function
  35              	_ZN5amiro9LightRingD2Ev:
  36              		@ args = 0, pretend = 0, frame = 0
  37              		@ frame_needed = 0, uses_anonymous_args = 0
  38 0000 10B5     		push	{r4, lr}
  39 0002 084B     		ldr	r3, .L3
  40 0004 0446     		mov	r4, r0
  41 0006 03F10802 		add	r2, r3, #8
  42 000a 3033     		adds	r3, r3, #48
  43 000c 0260     		str	r2, [r0]
  44 000e C0F89831 		str	r3, [r0, #408]
  45 0012 00F5CC70 		add	r0, r0, #408
  46 0016 FFF7FEFF 		bl	_ZN5amiro23ControllerAreaNetworkRxD2Ev
  47 001a 2046     		mov	r0, r4
  48 001c FFF7FEFF 		bl	_ZN5amiro23ControllerAreaNetworkTxD2Ev
  49 0020 2046     		mov	r0, r4
  50 0022 10BD     		pop	{r4, pc}
  51              	.L4:
  52              		.align	2
  53              	.L3:
  54 0024 00000000 		.word	.LANCHOR0
ARM GAS  /tmp/ccV4QiXX.s 			page 2


  55              		.size	_ZN5amiro9LightRingD2Ev, .-_ZN5amiro9LightRingD2Ev
  56              		.weak	_ZN5amiro9LightRingD1Ev
  57              		.thumb_set _ZN5amiro9LightRingD1Ev,_ZN5amiro9LightRingD2Ev
  58              		.thumb_set .LTHUNK2,_ZN5amiro9LightRingD1Ev
  59 0028 AFF30080 		.section	.text._ZN5amiro9LightRingD1Ev,"axG",%progbits,_ZN5amiro9LightRingD5Ev,comdat
  59      AFF30080 
  60              		.align	2
  61              		.p2align 4,,15
  62              		.weak	_ZThn408_N5amiro9LightRingD1Ev
  63              		.thumb
  64              		.thumb_func
  65              		.type	_ZThn408_N5amiro9LightRingD1Ev, %function
  66              	_ZThn408_N5amiro9LightRingD1Ev:
  67              		@ args = 0, pretend = 0, frame = 0
  68              		@ frame_needed = 0, uses_anonymous_args = 0
  69 0000 A0F5CC70 		sub	r0, r0, #408
  70 0004 FFF7FEBF 		b	.LTHUNK2
  71              		.size	_ZThn408_N5amiro9LightRingD1Ev, .-_ZThn408_N5amiro9LightRingD1Ev
  72 0008 AFF30080 		.section	.text._ZN5amiro9LightRingD0Ev,"axG",%progbits,_ZN5amiro9LightRingD0Ev,comdat
  72      AFF30080 
  73              		.align	2
  74              		.p2align 4,,15
  75              		.weak	_ZN5amiro9LightRingD0Ev
  76              		.thumb
  77              		.thumb_func
  78              		.type	_ZN5amiro9LightRingD0Ev, %function
  79              	_ZN5amiro9LightRingD0Ev:
  80              		@ args = 0, pretend = 0, frame = 0
  81              		@ frame_needed = 0, uses_anonymous_args = 0
  82 0000 0A4B     		ldr	r3, .L6
  83 0002 10B5     		push	{r4, lr}
  84 0004 03F10802 		add	r2, r3, #8
  85 0008 3033     		adds	r3, r3, #48
  86 000a 0446     		mov	r4, r0
  87 000c 0260     		str	r2, [r0]
  88 000e C0F89831 		str	r3, [r0, #408]
  89 0012 00F5CC70 		add	r0, r0, #408
  90 0016 FFF7FEFF 		bl	_ZN5amiro23ControllerAreaNetworkRxD2Ev
  91 001a 2046     		mov	r0, r4
  92 001c FFF7FEFF 		bl	_ZN5amiro23ControllerAreaNetworkTxD2Ev
  93 0020 2046     		mov	r0, r4
  94 0022 FFF7FEFF 		bl	_ZdlPv
  95 0026 2046     		mov	r0, r4
  96 0028 10BD     		pop	{r4, pc}
  97              	.L7:
  98 002a 00BF     		.align	2
  99              	.L6:
 100 002c 00000000 		.word	.LANCHOR0
 101              		.size	_ZN5amiro9LightRingD0Ev, .-_ZN5amiro9LightRingD0Ev
 102              		.thumb_set .LTHUNK3,_ZN5amiro9LightRingD0Ev
 103              		.align	2
 104              		.p2align 4,,15
 105              		.weak	_ZThn408_N5amiro9LightRingD0Ev
 106              		.thumb
 107              		.thumb_func
 108              		.type	_ZThn408_N5amiro9LightRingD0Ev, %function
 109              	_ZThn408_N5amiro9LightRingD0Ev:
ARM GAS  /tmp/ccV4QiXX.s 			page 3


 110              		@ args = 0, pretend = 0, frame = 0
 111              		@ frame_needed = 0, uses_anonymous_args = 0
 112 0030 A0F5CC70 		sub	r0, r0, #408
 113 0034 E4E7     		b	.LTHUNK3
 114              		.size	_ZThn408_N5amiro9LightRingD0Ev, .-_ZThn408_N5amiro9LightRingD0Ev
 115 0036 00BFAFF3 		.section	.text._ZN5amiro9LightRing5startEm,"ax",%progbits
 115      0080AFF3 
 115      0080
 116              		.align	2
 117              		.p2align 4,,15
 118              		.global	_ZN5amiro9LightRing5startEm
 119              		.thumb
 120              		.thumb_func
 121              		.type	_ZN5amiro9LightRing5startEm, %function
 122              	_ZN5amiro9LightRing5startEm:
 123              		@ args = 0, pretend = 0, frame = 0
 124              		@ frame_needed = 0, uses_anonymous_args = 0
 125 0000 F0B5     		push	{r4, r5, r6, r7, lr}
 126 0002 114E     		ldr	r6, .L9
 127 0004 83B0     		sub	sp, sp, #12
 128 0006 01F5CC73 		add	r3, r1, #408
 129 000a 0C46     		mov	r4, r1
 130 000c 0546     		mov	r5, r0
 131 000e 1746     		mov	r7, r2
 132 0010 0093     		str	r3, [sp]
 133 0012 01F5D070 		add	r0, r1, #416
 134 0016 3346     		mov	r3, r6
 135 0018 0132     		adds	r2, r2, #1
 136 001a 4FF4A871 		mov	r1, #336
 137 001e FFF7FEFF 		bl	chThdCreateStatic
 138 0022 0094     		str	r4, [sp]
 139 0024 3A46     		mov	r2, r7
 140 0026 C4F89C01 		str	r0, [r4, #412]
 141 002a 3346     		mov	r3, r6
 142 002c 04F10800 		add	r0, r4, #8
 143 0030 4FF4A871 		mov	r1, #336
 144 0034 FFF7FEFF 		bl	chThdCreateStatic
 145 0038 044A     		ldr	r2, .L9+4
 146 003a 6060     		str	r0, [r4, #4]
 147 003c 0023     		movs	r3, #0
 148 003e 2846     		mov	r0, r5
 149 0040 85E80C00 		stmia	r5, {r2, r3}
 150 0044 03B0     		add	sp, sp, #12
 151              		@ sp needed
 152 0046 F0BD     		pop	{r4, r5, r6, r7, pc}
 153              	.L10:
 154              		.align	2
 155              	.L9:
 156 0048 00000000 		.word	_ZN10chibios_rt10_thd_startEPv
 157 004c 08000000 		.word	_ZTVN10chibios_rt15ThreadReferenceE+8
 158              		.size	_ZN5amiro9LightRing5startEm, .-_ZN5amiro9LightRing5startEm
 159              		.thumb_set .LTHUNK1,_ZN5amiro9LightRing5startEm
 160              		.section	.text._ZThn408_N5amiro9LightRing5startEm,"ax",%progbits
 161              		.align	2
 162              		.p2align 4,,15
 163              		.global	_ZThn408_N5amiro9LightRing5startEm
 164              		.thumb
ARM GAS  /tmp/ccV4QiXX.s 			page 4


 165              		.thumb_func
 166              		.type	_ZThn408_N5amiro9LightRing5startEm, %function
 167              	_ZThn408_N5amiro9LightRing5startEm:
 168              		@ args = 0, pretend = 0, frame = 0
 169              		@ frame_needed = 0, uses_anonymous_args = 0
 170 0000 A1F5CC71 		sub	r1, r1, #408
 171 0004 FFF7FEBF 		b	.LTHUNK1
 172              		.size	_ZThn408_N5amiro9LightRing5startEm, .-_ZThn408_N5amiro9LightRing5startEm
 173 0008 AFF30080 		.section	.text._ZN5amiro9LightRingC2EP9CANDriverPNS_7TLC5947EPNS_12fileSystemIo13FSIOLightRingE,"a
 173      AFF30080 
 174              		.align	2
 175              		.p2align 4,,15
 176              		.global	_ZN5amiro9LightRingC2EP9CANDriverPNS_7TLC5947EPNS_12fileSystemIo13FSIOLightRingE
 177              		.thumb
 178              		.thumb_func
 179              		.type	_ZN5amiro9LightRingC2EP9CANDriverPNS_7TLC5947EPNS_12fileSystemIo13FSIOLightRingE, %function
 180              	_ZN5amiro9LightRingC2EP9CANDriverPNS_7TLC5947EPNS_12fileSystemIo13FSIOLightRingE:
 181              		@ args = 0, pretend = 0, frame = 0
 182              		@ frame_needed = 0, uses_anonymous_args = 0
 183 0000 F8B5     		push	{r3, r4, r5, r6, r7, lr}
 184 0002 0446     		mov	r4, r0
 185 0004 1546     		mov	r5, r2
 186 0006 0F46     		mov	r7, r1
 187 0008 0322     		movs	r2, #3
 188 000a 1E46     		mov	r6, r3
 189 000c FFF7FEFF 		bl	_ZN5amiro23ControllerAreaNetworkTxC2EP9CANDriverh
 190 0010 0322     		movs	r2, #3
 191 0012 3946     		mov	r1, r7
 192 0014 04F5CC70 		add	r0, r4, #408
 193 0018 FFF7FEFF 		bl	_ZN5amiro23ControllerAreaNetworkRxC2EP9CANDriverh
 194 001c 084A     		ldr	r2, .L15
 195 001e C4F86C63 		str	r6, [r4, #876]
 196 0022 02F12803 		add	r3, r2, #40
 197 0026 C4F86853 		str	r5, [r4, #872]
 198 002a 2260     		str	r2, [r4]
 199 002c C4F89831 		str	r3, [r4, #408]
 200 0030 0DB1     		cbz	r5, .L14
 201 0032 2046     		mov	r0, r4
 202 0034 F8BD     		pop	{r3, r4, r5, r6, r7, pc}
 203              	.L14:
 204 0036 0348     		ldr	r0, .L15+4
 205 0038 FFF7FEFF 		bl	chDbgPanic
 206 003c 2046     		mov	r0, r4
 207 003e F8BD     		pop	{r3, r4, r5, r6, r7, pc}
 208              	.L16:
 209              		.align	2
 210              	.L15:
 211 0040 08000000 		.word	.LANCHOR0+8
 212 0044 00000000 		.word	.LC0
 213              		.size	_ZN5amiro9LightRingC2EP9CANDriverPNS_7TLC5947EPNS_12fileSystemIo13FSIOLightRingE, .-_ZN5amir
 214              		.global	_ZN5amiro9LightRingC1EP9CANDriverPNS_7TLC5947EPNS_12fileSystemIo13FSIOLightRingE
 215              		.thumb_set _ZN5amiro9LightRingC1EP9CANDriverPNS_7TLC5947EPNS_12fileSystemIo13FSIOLightRingE,_ZN5am
 216 0048 AFF30080 		.section	.text._ZN5amiro9LightRing18setLightBrightnessEi,"ax",%progbits
 216      AFF30080 
 217              		.align	2
 218              		.p2align 4,,15
 219              		.global	_ZN5amiro9LightRing18setLightBrightnessEi
ARM GAS  /tmp/ccV4QiXX.s 			page 5


 220              		.thumb
 221              		.thumb_func
 222              		.type	_ZN5amiro9LightRing18setLightBrightnessEi, %function
 223              	_ZN5amiro9LightRing18setLightBrightnessEi:
 224              		@ args = 0, pretend = 0, frame = 0
 225              		@ frame_needed = 0, uses_anonymous_args = 0
 226 0000 10B5     		push	{r4, lr}
 227 0002 0446     		mov	r4, r0
 228 0004 D0F86803 		ldr	r0, [r0, #872]
 229 0008 FFF7FEFF 		bl	_ZN5amiro7TLC594713setBrightnessEi
 230 000c D4F86803 		ldr	r0, [r4, #872]
 231 0010 BDE81040 		pop	{r4, lr}
 232 0014 FFF7FEBF 		b	_ZN5amiro7TLC59476updateEv
 233              		.size	_ZN5amiro9LightRing18setLightBrightnessEi, .-_ZN5amiro9LightRing18setLightBrightnessEi
 234 0018 AFF30080 		.section	.text._ZN5amiro9LightRing13setLightColorEiNS_5ColorE,"ax",%progbits
 234      AFF30080 
 235              		.align	2
 236              		.p2align 4,,15
 237              		.global	_ZN5amiro9LightRing13setLightColorEiNS_5ColorE
 238              		.thumb
 239              		.thumb_func
 240              		.type	_ZN5amiro9LightRing13setLightColorEiNS_5ColorE, %function
 241              	_ZN5amiro9LightRing13setLightColorEiNS_5ColorE:
 242              		@ args = 0, pretend = 0, frame = 8
 243              		@ frame_needed = 0, uses_anonymous_args = 0
 244 0000 70B5     		push	{r4, r5, r6, lr}
 245 0002 D0F86853 		ldr	r5, [r0, #872]
 246 0006 82B0     		sub	sp, sp, #8
 247 0008 0446     		mov	r4, r0
 248 000a 0E46     		mov	r6, r1
 249 000c 01A8     		add	r0, sp, #4
 250 000e 1146     		mov	r1, r2
 251 0010 FFF7FEFF 		bl	_ZN5amiro5ColorC1ERKS0_
 252 0014 2846     		mov	r0, r5
 253 0016 3146     		mov	r1, r6
 254 0018 01AA     		add	r2, sp, #4
 255 001a FFF7FEFF 		bl	_ZN5amiro7TLC59478setColorEiNS_5ColorE
 256 001e D4F86803 		ldr	r0, [r4, #872]
 257 0022 FFF7FEFF 		bl	_ZN5amiro7TLC59476updateEv
 258 0026 02B0     		add	sp, sp, #8
 259              		@ sp needed
 260 0028 70BD     		pop	{r4, r5, r6, pc}
 261              		.size	_ZN5amiro9LightRing13setLightColorEiNS_5ColorE, .-_ZN5amiro9LightRing13setLightColorEiNS_5Co
 262 002a 00BFAFF3 		.section	.text._ZN5amiro9LightRing14receiveMessageEP10CANRxFrame,"ax",%progbits
 262      0080
 263              		.align	2
 264              		.p2align 4,,15
 265              		.global	_ZN5amiro9LightRing14receiveMessageEP10CANRxFrame
 266              		.thumb
 267              		.thumb_func
 268              		.type	_ZN5amiro9LightRing14receiveMessageEP10CANRxFrame, %function
 269              	_ZN5amiro9LightRing14receiveMessageEP10CANRxFrame:
 270              		@ args = 0, pretend = 0, frame = 8
 271              		@ frame_needed = 0, uses_anonymous_args = 0
 272 0000 F0B5     		push	{r4, r5, r6, r7, lr}
 273 0002 00F5CC77 		add	r7, r0, #408
 274 0006 83B0     		sub	sp, sp, #12
ARM GAS  /tmp/ccV4QiXX.s 			page 6


 275 0008 0646     		mov	r6, r0
 276 000a 3846     		mov	r0, r7
 277 000c 0D46     		mov	r5, r1
 278 000e FFF7FEFF 		bl	_ZN5amiro23ControllerAreaNetworkRx14decodeDeviceIdEP10CANRxFrame
 279 0012 4828     		cmp	r0, #72
 280 0014 0446     		mov	r4, r0
 281 0016 63D0     		beq	.L21
 282 0018 09DD     		ble	.L36
 283 001a 7B28     		cmp	r0, #123
 284 001c 36D0     		beq	.L25
 285 001e 8028     		cmp	r0, #128
 286 0020 4ED0     		beq	.L26
 287 0022 7328     		cmp	r0, #115
 288 0024 40D0     		beq	.L37
 289              	.L35:
 290 0026 4FF0FF30 		mov	r0, #-1
 291              	.L20:
 292 002a 03B0     		add	sp, sp, #12
 293              		@ sp needed
 294 002c F0BD     		pop	{r4, r5, r6, r7, pc}
 295              	.L36:
 296 002e 3828     		cmp	r0, #56
 297 0030 F9DB     		blt	.L35
 298 0032 3F28     		cmp	r0, #63
 299 0034 12DD     		ble	.L23
 300 0036 4028     		cmp	r0, #64
 301 0038 F5D1     		bne	.L35
 302 003a 2B79     		ldrb	r3, [r5, #4]	@ zero_extendqisi2
 303 003c 03F00F03 		and	r3, r3, #15
 304 0040 012B     		cmp	r3, #1
 305 0042 F0D1     		bne	.L35
 306 0044 297B     		ldrb	r1, [r5, #12]	@ zero_extendqisi2
 307 0046 D6F86803 		ldr	r0, [r6, #872]
 308 004a FFF7FEFF 		bl	_ZN5amiro7TLC594713setBrightnessEi
 309 004e D6F86803 		ldr	r0, [r6, #872]
 310 0052 FFF7FEFF 		bl	_ZN5amiro7TLC59476updateEv
 311 0056 0020     		movs	r0, #0
 312 0058 03B0     		add	sp, sp, #12
 313              		@ sp needed
 314 005a F0BD     		pop	{r4, r5, r6, r7, pc}
 315              	.L23:
 316 005c 2B79     		ldrb	r3, [r5, #4]	@ zero_extendqisi2
 317 005e 03F00F03 		and	r3, r3, #15
 318 0062 032B     		cmp	r3, #3
 319 0064 DFD1     		bne	.L35
 320 0066 6A7B     		ldrb	r2, [r5, #13]	@ zero_extendqisi2
 321 0068 AB7B     		ldrb	r3, [r5, #14]	@ zero_extendqisi2
 322 006a 297B     		ldrb	r1, [r5, #12]	@ zero_extendqisi2
 323 006c 6846     		mov	r0, sp
 324 006e FFF7FEFF 		bl	_ZN5amiro5ColorC1Eiii
 325 0072 6946     		mov	r1, sp
 326 0074 01A8     		add	r0, sp, #4
 327 0076 FFF7FEFF 		bl	_ZN5amiro5ColorC1ERKS0_
 328 007a 3046     		mov	r0, r6
 329 007c 01AA     		add	r2, sp, #4
 330 007e 04F00701 		and	r1, r4, #7
 331 0082 FFF7FEFF 		bl	_ZN5amiro9LightRing13setLightColorEiNS_5ColorE
ARM GAS  /tmp/ccV4QiXX.s 			page 7


 332 0086 0020     		movs	r0, #0
 333 0088 03B0     		add	sp, sp, #12
 334              		@ sp needed
 335 008a F0BD     		pop	{r4, r5, r6, r7, pc}
 336              	.L25:
 337 008c 2A79     		ldrb	r2, [r5, #4]	@ zero_extendqisi2
 338 008e 12F00F02 		ands	r2, r2, #15
 339 0092 C8D0     		beq	.L35
 340 0094 05F10C01 		add	r1, r5, #12
 341 0098 4FF0FF33 		mov	r3, #-1
 342 009c 1B48     		ldr	r0, .L38
 343 009e FFF7FEFF 		bl	chOQWriteTimeout
 344 00a2 0020     		movs	r0, #0
 345 00a4 03B0     		add	sp, sp, #12
 346              		@ sp needed
 347 00a6 F0BD     		pop	{r4, r5, r6, r7, pc}
 348              	.L37:
 349 00a8 2879     		ldrb	r0, [r5, #4]	@ zero_extendqisi2
 350 00aa 10F00F04 		ands	r4, r0, #15
 351 00ae 22D0     		beq	.L28
 352 00b0 1748     		ldr	r0, .L38+4
 353 00b2 05F10C01 		add	r1, r5, #12
 354 00b6 2246     		mov	r2, r4
 355 00b8 FFF7FEFF 		bl	_ZN5amiro12SerialCanMux14convCan2SerialEPhj
 356 00bc 0020     		movs	r0, #0
 357 00be B4E7     		b	.L20
 358              	.L26:
 359 00c0 2B79     		ldrb	r3, [r5, #4]	@ zero_extendqisi2
 360 00c2 03F00F03 		and	r3, r3, #15
 361 00c6 022B     		cmp	r3, #2
 362 00c8 ADD1     		bne	.L35
 363 00ca AA89     		ldrh	r2, [r5, #12]
 364 00cc 4AF65523 		movw	r3, #43605
 365 00d0 9A42     		cmp	r2, r3
 366 00d2 A8D1     		bne	.L35
 367 00d4 0F4B     		ldr	r3, .L38+8
 368 00d6 0422     		movs	r2, #4
 369 00d8 0020     		movs	r0, #0
 370 00da 1A60     		str	r2, [r3]
 371 00dc 03B0     		add	sp, sp, #12
 372              		@ sp needed
 373 00de F0BD     		pop	{r4, r5, r6, r7, pc}
 374              	.L21:
 375 00e0 2B79     		ldrb	r3, [r5, #4]	@ zero_extendqisi2
 376 00e2 03F00F03 		and	r3, r3, #15
 377 00e6 012B     		cmp	r3, #1
 378 00e8 9DD1     		bne	.L35
 379 00ea 2B7B     		ldrb	r3, [r5, #12]	@ zero_extendqisi2
 380 00ec 0020     		movs	r0, #0
 381 00ee 86F84633 		strb	r3, [r6, #838]
 382 00f2 03B0     		add	sp, sp, #12
 383              		@ sp needed
 384 00f4 F0BD     		pop	{r4, r5, r6, r7, pc}
 385              	.L28:
 386 00f6 2946     		mov	r1, r5
 387 00f8 3846     		mov	r0, r7
 388 00fa FFF7FEFF 		bl	_ZN5amiro23ControllerAreaNetworkRx13decodeBoardIdEP10CANRxFrame
ARM GAS  /tmp/ccV4QiXX.s 			page 8


 389 00fe C1B2     		uxtb	r1, r0
 390 0100 0348     		ldr	r0, .L38+4
 391 0102 FFF7FEFF 		bl	_ZN5amiro12SerialCanMux12rcvSwitchCmdEh
 392 0106 2046     		mov	r0, r4
 393 0108 8FE7     		b	.L20
 394              	.L39:
 395 010a 00BF     		.align	2
 396              	.L38:
 397 010c 30000000 		.word	SD1+48
 398 0110 D8050000 		.word	global+1496
 399 0114 00000000 		.word	shutdown_now
 400              		.size	_ZN5amiro9LightRing14receiveMessageEP10CANRxFrame, .-_ZN5amiro9LightRing14receiveMessageEP10
 401              		.thumb_set .LTHUNK0,_ZN5amiro9LightRing14receiveMessageEP10CANRxFrame
 402 0118 AFF30080 		.section	.text._ZThn408_N5amiro9LightRing14receiveMessageEP10CANRxFrame,"ax",%progbits
 402      AFF30080 
 403              		.align	2
 404              		.p2align 4,,15
 405              		.global	_ZThn408_N5amiro9LightRing14receiveMessageEP10CANRxFrame
 406              		.thumb
 407              		.thumb_func
 408              		.type	_ZThn408_N5amiro9LightRing14receiveMessageEP10CANRxFrame, %function
 409              	_ZThn408_N5amiro9LightRing14receiveMessageEP10CANRxFrame:
 410              		@ args = 0, pretend = 0, frame = 0
 411              		@ frame_needed = 0, uses_anonymous_args = 0
 412 0000 A0F5CC70 		sub	r0, r0, #408
 413 0004 FFF7FEBF 		b	.LTHUNK0
 414              		.size	_ZThn408_N5amiro9LightRing14receiveMessageEP10CANRxFrame, .-_ZThn408_N5amiro9LightRing14rece
 415 0008 AFF30080 		.section	.text._ZN5amiro9LightRing9terminateEv,"ax",%progbits
 415      AFF30080 
 416              		.align	2
 417              		.p2align 4,,15
 418              		.global	_ZN5amiro9LightRing9terminateEv
 419              		.thumb
 420              		.thumb_func
 421              		.type	_ZN5amiro9LightRing9terminateEv, %function
 422              	_ZN5amiro9LightRing9terminateEv:
 423              		@ args = 0, pretend = 0, frame = 0
 424              		@ frame_needed = 0, uses_anonymous_args = 0
 425 0000 38B5     		push	{r3, r4, r5, lr}
 426 0002 0446     		mov	r4, r0
 427 0004 FFF7FEFF 		bl	_ZN10chibios_rt15ThreadReference16requestTerminateEv
 428 0008 2046     		mov	r0, r4
 429 000a FFF7FEFF 		bl	_ZN10chibios_rt15ThreadReference4waitEv
 430 000e 04F5CC74 		add	r4, r4, #408
 431 0012 0546     		mov	r5, r0
 432 0014 2046     		mov	r0, r4
 433 0016 FFF7FEFF 		bl	_ZN10chibios_rt15ThreadReference16requestTerminateEv
 434 001a 2046     		mov	r0, r4
 435 001c FFF7FEFF 		bl	_ZN10chibios_rt15ThreadReference4waitEv
 436 0020 2843     		orrs	r0, r0, r5
 437 0022 38BD     		pop	{r3, r4, r5, pc}
 438              		.size	_ZN5amiro9LightRing9terminateEv, .-_ZN5amiro9LightRing9terminateEv
 439 0024 AFF30080 		.section	.text.startup._GLOBAL__sub_I__ZN5amiro9LightRingC2EP9CANDriverPNS_7TLC5947EPNS_12fileSyst
 439      AFF30080 
 439      AFF30080 
 440              		.align	2
 441              		.p2align 4,,15
ARM GAS  /tmp/ccV4QiXX.s 			page 9


 442              		.thumb
 443              		.thumb_func
 444              		.type	_GLOBAL__sub_I__ZN5amiro9LightRingC2EP9CANDriverPNS_7TLC5947EPNS_12fileSystemIo13FSIOLightRi
 445              	_GLOBAL__sub_I__ZN5amiro9LightRingC2EP9CANDriverPNS_7TLC5947EPNS_12fileSystemIo13FSIOLightRingE:
 446              		@ args = 0, pretend = 0, frame = 0
 447              		@ frame_needed = 0, uses_anonymous_args = 0
 448              		@ link register save eliminated.
 449 0000 024B     		ldr	r3, .L42
 450 0002 034A     		ldr	r2, .L42+4
 451 0004 1A60     		str	r2, [r3]
 452 0006 5A60     		str	r2, [r3, #4]
 453 0008 7047     		bx	lr
 454              	.L43:
 455 000a 00BF     		.align	2
 456              	.L42:
 457 000c 00000000 		.word	.LANCHOR1
 458 0010 A0860100 		.word	100000
 459              		.size	_GLOBAL__sub_I__ZN5amiro9LightRingC2EP9CANDriverPNS_7TLC5947EPNS_12fileSystemIo13FSIOLightRi
 460 0014 AFF30080 		.section	.init_array,"aw",%init_array
 460      AFF30080 
 460      AFF30080 
 461              		.align	2
 462 0000 00000000 		.word	_GLOBAL__sub_I__ZN5amiro9LightRingC2EP9CANDriverPNS_7TLC5947EPNS_12fileSystemIo13FSIOLightRi
 463              		.global	_ZTVN5amiro9LightRingE
 464              		.section	.bss._ZN5amiro9constants12DiWheelDriveL10wheelErrorE,"aw",%nobits
 465              		.align	2
 466              		.set	.LANCHOR1,. + 0
 467              		.type	_ZN5amiro9constants12DiWheelDriveL10wheelErrorE, %object
 468              		.size	_ZN5amiro9constants12DiWheelDriveL10wheelErrorE, 8
 469              	_ZN5amiro9constants12DiWheelDriveL10wheelErrorE:
 470 0000 00000000 		.space	8
 470      00000000 
 471              		.section	.rodata.str1.4,"aMS",%progbits,1
 472              		.align	2
 473              	.LC0:
 474 0000 224C6967 		.ascii	"\"LightRing\"()\000"
 474      68745269 
 474      6E672228 
 474      2900
 475 000e 0000     		.section	.rodata._ZTVN5amiro9LightRingE,"a",%progbits
 476              		.align	3
 477              		.set	.LANCHOR0,. + 0
 478              		.type	_ZTVN5amiro9LightRingE, %object
 479              		.size	_ZTVN5amiro9LightRingE, 72
 480              	_ZTVN5amiro9LightRingE:
 481 0000 00000000 		.word	0
 482 0004 00000000 		.word	0
 483 0008 00000000 		.word	_ZN10chibios_rt15ThreadReference4stopEv
 484 000c 00000000 		.word	_ZN5amiro23ControllerAreaNetworkTx4mainEv
 485 0010 00000000 		.word	_ZN5amiro9LightRing5startEm
 486 0014 00000000 		.word	_ZN5amiro9LightRingD1Ev
 487 0018 00000000 		.word	_ZN5amiro9LightRingD0Ev
 488 001c 00000000 		.word	_ZN5amiro23ControllerAreaNetworkTx15updateSensorValEv
 489 0020 00000000 		.word	_ZN5amiro9LightRing17periodicBroadcastEv
 490 0024 00000000 		.word	_ZN5amiro9LightRing14receiveMessageEP10CANRxFrame
 491 0028 68FEFFFF 		.word	-408
 492 002c 00000000 		.word	0
ARM GAS  /tmp/ccV4QiXX.s 			page 10


 493 0030 00000000 		.word	_ZN10chibios_rt15ThreadReference4stopEv
 494 0034 00000000 		.word	_ZN5amiro23ControllerAreaNetworkRx4mainEv
 495 0038 00000000 		.word	_ZThn408_N5amiro9LightRing5startEm
 496 003c 00000000 		.word	_ZThn408_N5amiro9LightRingD1Ev
 497 0040 00000000 		.word	_ZThn408_N5amiro9LightRingD0Ev
 498 0044 00000000 		.word	_ZThn408_N5amiro9LightRing14receiveMessageEP10CANRxFrame
 499              		.ident	"GCC: (GNU Tools for ARM Embedded Processors) 4.8.3 20140228 (release) [ARM/embedded-4_8-br
ARM GAS  /tmp/ccV4QiXX.s 			page 11


DEFINED SYMBOLS
                            *ABS*:00000000 LightRing.cpp
     /tmp/ccV4QiXX.s:16     .text._ZN5amiro9LightRing17periodicBroadcastEv:00000000 $t
     /tmp/ccV4QiXX.s:22     .text._ZN5amiro9LightRing17periodicBroadcastEv:00000000 _ZN5amiro9LightRing17periodicBroadcastEv
     /tmp/ccV4QiXX.s:29     .text._ZN5amiro9LightRingD2Ev:00000000 $t
     /tmp/ccV4QiXX.s:35     .text._ZN5amiro9LightRingD2Ev:00000000 _ZN5amiro9LightRingD2Ev
     /tmp/ccV4QiXX.s:54     .text._ZN5amiro9LightRingD2Ev:00000024 $d
     /tmp/ccV4QiXX.s:35     .text._ZN5amiro9LightRingD2Ev:00000000 _ZN5amiro9LightRingD1Ev
     /tmp/ccV4QiXX.s:35     .text._ZN5amiro9LightRingD2Ev:00000000 .LTHUNK2
     /tmp/ccV4QiXX.s:60     .text._ZN5amiro9LightRingD1Ev:00000000 $t
     /tmp/ccV4QiXX.s:66     .text._ZN5amiro9LightRingD1Ev:00000000 _ZThn408_N5amiro9LightRingD1Ev
     /tmp/ccV4QiXX.s:73     .text._ZN5amiro9LightRingD0Ev:00000000 $t
     /tmp/ccV4QiXX.s:79     .text._ZN5amiro9LightRingD0Ev:00000000 _ZN5amiro9LightRingD0Ev
     /tmp/ccV4QiXX.s:100    .text._ZN5amiro9LightRingD0Ev:0000002c $d
     /tmp/ccV4QiXX.s:103    .text._ZN5amiro9LightRingD0Ev:00000030 $t
     /tmp/ccV4QiXX.s:109    .text._ZN5amiro9LightRingD0Ev:00000030 _ZThn408_N5amiro9LightRingD0Ev
     /tmp/ccV4QiXX.s:116    .text._ZN5amiro9LightRing5startEm:00000000 $t
     /tmp/ccV4QiXX.s:122    .text._ZN5amiro9LightRing5startEm:00000000 _ZN5amiro9LightRing5startEm
     /tmp/ccV4QiXX.s:156    .text._ZN5amiro9LightRing5startEm:00000048 $d
     /tmp/ccV4QiXX.s:122    .text._ZN5amiro9LightRing5startEm:00000000 .LTHUNK1
     /tmp/ccV4QiXX.s:161    .text._ZThn408_N5amiro9LightRing5startEm:00000000 $t
     /tmp/ccV4QiXX.s:167    .text._ZThn408_N5amiro9LightRing5startEm:00000000 _ZThn408_N5amiro9LightRing5startEm
     /tmp/ccV4QiXX.s:174    .text._ZN5amiro9LightRingC2EP9CANDriverPNS_7TLC5947EPNS_12fileSystemIo13FSIOLightRingE:00000000 $t
     /tmp/ccV4QiXX.s:180    .text._ZN5amiro9LightRingC2EP9CANDriverPNS_7TLC5947EPNS_12fileSystemIo13FSIOLightRingE:00000000 _ZN5amiro9LightRingC2EP9CANDriverPNS_7TLC5947EPNS_12fileSystemIo13FSIOLightRingE
     /tmp/ccV4QiXX.s:211    .text._ZN5amiro9LightRingC2EP9CANDriverPNS_7TLC5947EPNS_12fileSystemIo13FSIOLightRingE:00000040 $d
     /tmp/ccV4QiXX.s:180    .text._ZN5amiro9LightRingC2EP9CANDriverPNS_7TLC5947EPNS_12fileSystemIo13FSIOLightRingE:00000000 _ZN5amiro9LightRingC1EP9CANDriverPNS_7TLC5947EPNS_12fileSystemIo13FSIOLightRingE
     /tmp/ccV4QiXX.s:217    .text._ZN5amiro9LightRing18setLightBrightnessEi:00000000 $t
     /tmp/ccV4QiXX.s:223    .text._ZN5amiro9LightRing18setLightBrightnessEi:00000000 _ZN5amiro9LightRing18setLightBrightnessEi
     /tmp/ccV4QiXX.s:235    .text._ZN5amiro9LightRing13setLightColorEiNS_5ColorE:00000000 $t
     /tmp/ccV4QiXX.s:241    .text._ZN5amiro9LightRing13setLightColorEiNS_5ColorE:00000000 _ZN5amiro9LightRing13setLightColorEiNS_5ColorE
     /tmp/ccV4QiXX.s:263    .text._ZN5amiro9LightRing14receiveMessageEP10CANRxFrame:00000000 $t
     /tmp/ccV4QiXX.s:269    .text._ZN5amiro9LightRing14receiveMessageEP10CANRxFrame:00000000 _ZN5amiro9LightRing14receiveMessageEP10CANRxFrame
     /tmp/ccV4QiXX.s:397    .text._ZN5amiro9LightRing14receiveMessageEP10CANRxFrame:0000010c $d
     /tmp/ccV4QiXX.s:269    .text._ZN5amiro9LightRing14receiveMessageEP10CANRxFrame:00000000 .LTHUNK0
     /tmp/ccV4QiXX.s:403    .text._ZThn408_N5amiro9LightRing14receiveMessageEP10CANRxFrame:00000000 $t
     /tmp/ccV4QiXX.s:409    .text._ZThn408_N5amiro9LightRing14receiveMessageEP10CANRxFrame:00000000 _ZThn408_N5amiro9LightRing14receiveMessageEP10CANRxFrame
     /tmp/ccV4QiXX.s:416    .text._ZN5amiro9LightRing9terminateEv:00000000 $t
     /tmp/ccV4QiXX.s:422    .text._ZN5amiro9LightRing9terminateEv:00000000 _ZN5amiro9LightRing9terminateEv
     /tmp/ccV4QiXX.s:440    .text.startup._GLOBAL__sub_I__ZN5amiro9LightRingC2EP9CANDriverPNS_7TLC5947EPNS_12fileSystemIo13FSIOLightRingE:00000000 $t
     /tmp/ccV4QiXX.s:445    .text.startup._GLOBAL__sub_I__ZN5amiro9LightRingC2EP9CANDriverPNS_7TLC5947EPNS_12fileSystemIo13FSIOLightRingE:00000000 _GLOBAL__sub_I__ZN5amiro9LightRingC2EP9CANDriverPNS_7TLC5947EPNS_12fileSystemIo13FSIOLightRingE
     /tmp/ccV4QiXX.s:457    .text.startup._GLOBAL__sub_I__ZN5amiro9LightRingC2EP9CANDriverPNS_7TLC5947EPNS_12fileSystemIo13FSIOLightRingE:0000000c $d
     /tmp/ccV4QiXX.s:461    .init_array:00000000 $d
     /tmp/ccV4QiXX.s:480    .rodata._ZTVN5amiro9LightRingE:00000000 _ZTVN5amiro9LightRingE
     /tmp/ccV4QiXX.s:465    .bss._ZN5amiro9constants12DiWheelDriveL10wheelErrorE:00000000 $d
     /tmp/ccV4QiXX.s:469    .bss._ZN5amiro9constants12DiWheelDriveL10wheelErrorE:00000000 _ZN5amiro9constants12DiWheelDriveL10wheelErrorE
     /tmp/ccV4QiXX.s:472    .rodata.str1.4:00000000 $d
     /tmp/ccV4QiXX.s:476    .rodata._ZTVN5amiro9LightRingE:00000000 $d
     /tmp/ccV4QiXX.s:59     .text._ZN5amiro9LightRingD2Ev:00000028 $t
     /tmp/ccV4QiXX.s:216    .text._ZN5amiro9LightRingC2EP9CANDriverPNS_7TLC5947EPNS_12fileSystemIo13FSIOLightRingE:00000048 $t
     /tmp/ccV4QiXX.s:402    .text._ZN5amiro9LightRing14receiveMessageEP10CANRxFrame:00000118 $t
     /tmp/ccV4QiXX.s:460    .text.startup._GLOBAL__sub_I__ZN5amiro9LightRingC2EP9CANDriverPNS_7TLC5947EPNS_12fileSystemIo13FSIOLightRingE:00000014 $t
                           .group:00000000 _ZN5amiro9LightRingD5Ev

UNDEFINED SYMBOLS
_ZN5amiro23ControllerAreaNetworkRxD2Ev
_ZN5amiro23ControllerAreaNetworkTxD2Ev
_ZdlPv
ARM GAS  /tmp/ccV4QiXX.s 			page 12


chThdCreateStatic
_ZN10chibios_rt10_thd_startEPv
_ZTVN10chibios_rt15ThreadReferenceE
_ZN5amiro23ControllerAreaNetworkTxC2EP9CANDriverh
_ZN5amiro23ControllerAreaNetworkRxC2EP9CANDriverh
chDbgPanic
_ZN5amiro7TLC594713setBrightnessEi
_ZN5amiro7TLC59476updateEv
_ZN5amiro5ColorC1ERKS0_
_ZN5amiro7TLC59478setColorEiNS_5ColorE
_ZN5amiro23ControllerAreaNetworkRx14decodeDeviceIdEP10CANRxFrame
_ZN5amiro5ColorC1Eiii
chOQWriteTimeout
_ZN5amiro12SerialCanMux14convCan2SerialEPhj
_ZN5amiro23ControllerAreaNetworkRx13decodeBoardIdEP10CANRxFrame
_ZN5amiro12SerialCanMux12rcvSwitchCmdEh
SD1
global
shutdown_now
_ZN10chibios_rt15ThreadReference16requestTerminateEv
_ZN10chibios_rt15ThreadReference4waitEv
_ZN10chibios_rt15ThreadReference4stopEv
_ZN5amiro23ControllerAreaNetworkTx4mainEv
_ZN5amiro23ControllerAreaNetworkTx15updateSensorValEv
_ZN5amiro23ControllerAreaNetworkRx4mainEv
