ARM GAS  /tmp/cctf0Hsb.s 			page 1


   1              		.syntax unified
   2              		.cpu cortex-m3
   3              		.fpu softvfp
   4              		.eabi_attribute 20, 1
   5              		.eabi_attribute 21, 1
   6              		.eabi_attribute 23, 3
   7              		.eabi_attribute 24, 1
   8              		.eabi_attribute 25, 1
   9              		.eabi_attribute 26, 1
  10              		.eabi_attribute 30, 2
  11              		.eabi_attribute 34, 1
  12              		.eabi_attribute 18, 4
  13              		.thumb
  14              		.file	"memstreams.c"
  15              		.section	.text.put,"ax",%progbits
  16              		.align	2
  17              		.p2align 4,,15
  18              		.thumb
  19              		.thumb_func
  20              		.type	put, %function
  21              	put:
  22              		@ args = 0, pretend = 0, frame = 0
  23              		@ frame_needed = 0, uses_anonymous_args = 0
  24              		@ link register save eliminated.
  25 0000 C268     		ldr	r2, [r0, #12]
  26 0002 0346     		mov	r3, r0
  27 0004 8068     		ldr	r0, [r0, #8]
  28 0006 10B4     		push	{r4}
  29 0008 9042     		cmp	r0, r2
  30 000a 08D0     		beq	.L3
  31 000c 5C68     		ldr	r4, [r3, #4]
  32 000e 0020     		movs	r0, #0
  33 0010 A154     		strb	r1, [r4, r2]
  34 0012 DA68     		ldr	r2, [r3, #12]
  35 0014 0132     		adds	r2, r2, #1
  36 0016 DA60     		str	r2, [r3, #12]
  37              	.L2:
  38 0018 5DF8044B 		ldr	r4, [sp], #4
  39 001c 7047     		bx	lr
  40              	.L3:
  41 001e 6FF00100 		mvn	r0, #1
  42 0022 F9E7     		b	.L2
  43              		.size	put, .-put
  44 0024 AFF30080 		.section	.text.get,"ax",%progbits
  44      AFF30080 
  44      AFF30080 
  45              		.align	2
  46              		.p2align 4,,15
  47              		.thumb
  48              		.thumb_func
  49              		.type	get, %function
  50              	get:
  51              		@ args = 0, pretend = 0, frame = 0
  52              		@ frame_needed = 0, uses_anonymous_args = 0
  53              		@ link register save eliminated.
  54 0000 0369     		ldr	r3, [r0, #16]
  55 0002 C268     		ldr	r2, [r0, #12]
ARM GAS  /tmp/cctf0Hsb.s 			page 2


  56 0004 9A42     		cmp	r2, r3
  57 0006 05D0     		beq	.L7
  58 0008 4268     		ldr	r2, [r0, #4]
  59 000a 591C     		adds	r1, r3, #1
  60 000c D35C     		ldrb	r3, [r2, r3]	@ zero_extendqisi2
  61 000e 0161     		str	r1, [r0, #16]
  62 0010 1846     		mov	r0, r3
  63 0012 7047     		bx	lr
  64              	.L7:
  65 0014 6FF00100 		mvn	r0, #1
  66 0018 7047     		bx	lr
  67              		.size	get, .-get
  68              		.section	.text.reads,"ax",%progbits
  69              		.align	2
  70              		.p2align 4,,15
  71              		.thumb
  72              		.thumb_func
  73              		.type	reads, %function
  74              	reads:
  75              		@ args = 0, pretend = 0, frame = 0
  76              		@ frame_needed = 0, uses_anonymous_args = 0
  77 0000 70B5     		push	{r4, r5, r6, lr}
  78 0002 0369     		ldr	r3, [r0, #16]
  79 0004 C568     		ldr	r5, [r0, #12]
  80 0006 4668     		ldr	r6, [r0, #4]
  81 0008 ED1A     		subs	r5, r5, r3
  82 000a AA42     		cmp	r2, r5
  83 000c 38BF     		it	cc
  84 000e 1546     		movcc	r5, r2
  85 0010 0446     		mov	r4, r0
  86 0012 2A46     		mov	r2, r5
  87 0014 0846     		mov	r0, r1
  88 0016 F118     		adds	r1, r6, r3
  89 0018 FFF7FEFF 		bl	memcpy
  90 001c 2369     		ldr	r3, [r4, #16]
  91 001e 2846     		mov	r0, r5
  92 0020 1D44     		add	r5, r5, r3
  93 0022 2561     		str	r5, [r4, #16]
  94 0024 70BD     		pop	{r4, r5, r6, pc}
  95              		.size	reads, .-reads
  96 0026 00BFAFF3 		.section	.text.writes,"ax",%progbits
  96      0080AFF3 
  96      0080
  97              		.align	2
  98              		.p2align 4,,15
  99              		.thumb
 100              		.thumb_func
 101              		.type	writes, %function
 102              	writes:
 103              		@ args = 0, pretend = 0, frame = 0
 104              		@ frame_needed = 0, uses_anonymous_args = 0
 105 0000 38B5     		push	{r3, r4, r5, lr}
 106 0002 C368     		ldr	r3, [r0, #12]
 107 0004 8568     		ldr	r5, [r0, #8]
 108 0006 0446     		mov	r4, r0
 109 0008 ED1A     		subs	r5, r5, r3
 110 000a 4068     		ldr	r0, [r0, #4]
ARM GAS  /tmp/cctf0Hsb.s 			page 3


 111 000c AA42     		cmp	r2, r5
 112 000e 38BF     		it	cc
 113 0010 1546     		movcc	r5, r2
 114 0012 2A46     		mov	r2, r5
 115 0014 1844     		add	r0, r0, r3
 116 0016 FFF7FEFF 		bl	memcpy
 117 001a E368     		ldr	r3, [r4, #12]
 118 001c 2846     		mov	r0, r5
 119 001e 1D44     		add	r5, r5, r3
 120 0020 E560     		str	r5, [r4, #12]
 121 0022 38BD     		pop	{r3, r4, r5, pc}
 122              		.size	writes, .-writes
 123 0024 AFF30080 		.section	.text.msObjectInit,"ax",%progbits
 123      AFF30080 
 123      AFF30080 
 124              		.align	2
 125              		.p2align 4,,15
 126              		.global	msObjectInit
 127              		.thumb
 128              		.thumb_func
 129              		.type	msObjectInit, %function
 130              	msObjectInit:
 131              		@ args = 0, pretend = 0, frame = 0
 132              		@ frame_needed = 0, uses_anonymous_args = 0
 133              		@ link register save eliminated.
 134 0000 30B4     		push	{r4, r5}
 135 0002 044C     		ldr	r4, .L11
 136 0004 0025     		movs	r5, #0
 137 0006 0460     		str	r4, [r0]
 138 0008 0561     		str	r5, [r0, #16]
 139 000a 4160     		str	r1, [r0, #4]
 140 000c 8260     		str	r2, [r0, #8]
 141 000e C360     		str	r3, [r0, #12]
 142 0010 30BC     		pop	{r4, r5}
 143 0012 7047     		bx	lr
 144              	.L12:
 145              		.align	2
 146              	.L11:
 147 0014 00000000 		.word	.LANCHOR0
 148              		.size	msObjectInit, .-msObjectInit
 149 0018 AFF30080 		.section	.rodata.vmt,"a",%progbits
 149      AFF30080 
 150              		.align	2
 151              		.set	.LANCHOR0,. + 0
 152              		.type	vmt, %object
 153              		.size	vmt, 16
 154              	vmt:
 155 0000 00000000 		.word	writes
 156 0004 00000000 		.word	reads
 157 0008 00000000 		.word	put
 158 000c 00000000 		.word	get
 159              		.ident	"GCC: (GNU Tools for ARM Embedded Processors) 4.8.3 20140228 (release) [ARM/embedded-4_8-br
ARM GAS  /tmp/cctf0Hsb.s 			page 4


DEFINED SYMBOLS
                            *ABS*:00000000 memstreams.c
     /tmp/cctf0Hsb.s:16     .text.put:00000000 $t
     /tmp/cctf0Hsb.s:21     .text.put:00000000 put
     /tmp/cctf0Hsb.s:45     .text.get:00000000 $t
     /tmp/cctf0Hsb.s:50     .text.get:00000000 get
     /tmp/cctf0Hsb.s:69     .text.reads:00000000 $t
     /tmp/cctf0Hsb.s:74     .text.reads:00000000 reads
     /tmp/cctf0Hsb.s:97     .text.writes:00000000 $t
     /tmp/cctf0Hsb.s:102    .text.writes:00000000 writes
     /tmp/cctf0Hsb.s:124    .text.msObjectInit:00000000 $t
     /tmp/cctf0Hsb.s:130    .text.msObjectInit:00000000 msObjectInit
     /tmp/cctf0Hsb.s:147    .text.msObjectInit:00000014 $d
     /tmp/cctf0Hsb.s:150    .rodata.vmt:00000000 $d
     /tmp/cctf0Hsb.s:154    .rodata.vmt:00000000 vmt
     /tmp/cctf0Hsb.s:149    .text.msObjectInit:00000018 $t

UNDEFINED SYMBOLS
memcpy
