ARM GAS  /tmp/ccDtKIuq.s 			page 1


   1              		.syntax unified
   2              		.cpu cortex-m3
   3              		.fpu softvfp
   4              		.eabi_attribute 20, 1
   5              		.eabi_attribute 21, 1
   6              		.eabi_attribute 23, 3
   7              		.eabi_attribute 24, 1
   8              		.eabi_attribute 25, 1
   9              		.eabi_attribute 26, 1
  10              		.eabi_attribute 30, 2
  11              		.eabi_attribute 34, 1
  12              		.eabi_attribute 18, 4
  13              		.thumb
  14              		.file	"serial_lld.c"
  15              		.section	.text.notify1,"ax",%progbits
  16              		.align	2
  17              		.p2align 4,,15
  18              		.thumb
  19              		.thumb_func
  20              		.type	notify1, %function
  21              	notify1:
  22              		@ args = 0, pretend = 0, frame = 0
  23              		@ frame_needed = 0, uses_anonymous_args = 0
  24              		@ link register save eliminated.
  25 0000 034B     		ldr	r3, .L2
  26 0002 9A89     		ldrh	r2, [r3, #12]
  27 0004 92B2     		uxth	r2, r2
  28 0006 42F08002 		orr	r2, r2, #128
  29 000a 9A81     		strh	r2, [r3, #12]	@ movhi
  30 000c 7047     		bx	lr
  31              	.L3:
  32 000e 00BF     		.align	2
  33              	.L2:
  34 0010 00380140 		.word	1073821696
  35              		.size	notify1, .-notify1
  36 0014 AFF30080 		.section	.text.notify2,"ax",%progbits
  36      AFF30080 
  36      AFF30080 
  37              		.align	2
  38              		.p2align 4,,15
  39              		.thumb
  40              		.thumb_func
  41              		.type	notify2, %function
  42              	notify2:
  43              		@ args = 0, pretend = 0, frame = 0
  44              		@ frame_needed = 0, uses_anonymous_args = 0
  45              		@ link register save eliminated.
  46 0000 034B     		ldr	r3, .L5
  47 0002 9A89     		ldrh	r2, [r3, #12]
  48 0004 92B2     		uxth	r2, r2
  49 0006 42F08002 		orr	r2, r2, #128
  50 000a 9A81     		strh	r2, [r3, #12]	@ movhi
  51 000c 7047     		bx	lr
  52              	.L6:
  53 000e 00BF     		.align	2
  54              	.L5:
  55 0010 00440040 		.word	1073759232
ARM GAS  /tmp/ccDtKIuq.s 			page 2


  56              		.size	notify2, .-notify2
  57 0014 AFF30080 		.section	.text.serve_interrupt,"ax",%progbits
  57      AFF30080 
  57      AFF30080 
  58              		.align	2
  59              		.p2align 4,,15
  60              		.thumb
  61              		.thumb_func
  62              		.type	serve_interrupt, %function
  63              	serve_interrupt:
  64              		@ args = 0, pretend = 0, frame = 0
  65              		@ frame_needed = 0, uses_anonymous_args = 0
  66 0000 2DE9F041 		push	{r4, r5, r6, r7, r8, lr}
  67 0004 D0F8D450 		ldr	r5, [r0, #212]
  68 0008 0646     		mov	r6, r0
  69 000a B5F80C80 		ldrh	r8, [r5, #12]
  70 000e 2C88     		ldrh	r4, [r5]
  71 0010 1FFA88F8 		uxth	r8, r8
  72 0014 A4B2     		uxth	r4, r4
  73 0016 E205     		lsls	r2, r4, #23
  74 0018 5CD4     		bmi	.L58
  75              	.L8:
  76 001a 2023     		movs	r3, #32
  77              	@ 168 "../../../ChibiOS/os/hal/platforms/STM32/USARTv1/serial_lld.c" 1
  78 001c 83F31188 		msr     BASEPRI, r3
  79              	@ 0 "" 2
  80              		.thumb
  81 0020 FFF7FEFF 		bl	dbg_check_lock_from_isr
  82 0024 14F02F0F 		tst	r4, #47
  83 0028 2DD0     		beq	.L9
  84 002a 371D     		adds	r7, r6, #4
  85 002c 08E0     		b	.L16
  86              	.L10:
  87 002e A988     		ldrh	r1, [r5, #4]
  88 0030 A006     		lsls	r0, r4, #26
  89 0032 89B2     		uxth	r1, r1
  90 0034 1ED4     		bmi	.L59
  91              	.L15:
  92 0036 2C88     		ldrh	r4, [r5]
  93 0038 A4B2     		uxth	r4, r4
  94 003a 14F02F0F 		tst	r4, #47
  95 003e 22D0     		beq	.L9
  96              	.L16:
  97 0040 2307     		lsls	r3, r4, #28
  98 0042 F4D0     		beq	.L10
  99 0044 14F0080F 		tst	r4, #8
 100 0048 14BF     		ite	ne
 101 004a 8021     		movne	r1, #128
 102 004c 0021     		moveq	r1, #0
 103 004e E007     		lsls	r0, r4, #31
 104 0050 48BF     		it	mi
 105 0052 41F02001 		orrmi	r1, r1, #32
 106 0056 A207     		lsls	r2, r4, #30
 107 0058 48BF     		it	mi
 108 005a 41F04001 		orrmi	r1, r1, #64
 109 005e 6307     		lsls	r3, r4, #29
 110 0060 48BF     		it	mi
ARM GAS  /tmp/ccDtKIuq.s 			page 3


 111 0062 41F48071 		orrmi	r1, r1, #256
 112 0066 3846     		mov	r0, r7
 113 0068 FFF7FEFF 		bl	chEvtBroadcastFlagsI
 114 006c A988     		ldrh	r1, [r5, #4]
 115 006e A006     		lsls	r0, r4, #26
 116 0070 89B2     		uxth	r1, r1
 117 0072 E0D5     		bpl	.L15
 118              	.L59:
 119 0074 C9B2     		uxtb	r1, r1
 120 0076 3046     		mov	r0, r6
 121 0078 FFF7FEFF 		bl	sdIncomingDataI
 122 007c 2C88     		ldrh	r4, [r5]
 123 007e A4B2     		uxth	r4, r4
 124 0080 14F02F0F 		tst	r4, #47
 125 0084 DCD1     		bne	.L16
 126              	.L9:
 127 0086 FFF7FEFF 		bl	dbg_check_unlock_from_isr
 128 008a 0023     		movs	r3, #0
 129              	@ 181 "../../../ChibiOS/os/hal/platforms/STM32/USARTv1/serial_lld.c" 1
 130 008c 83F31188 		msr     BASEPRI, r3
 131              	@ 0 "" 2
 132              		.thumb
 133 0090 18F0800F 		tst	r8, #128
 134 0094 01D0     		beq	.L17
 135 0096 2206     		lsls	r2, r4, #24
 136 0098 2FD4     		bmi	.L60
 137              	.L17:
 138 009a 6306     		lsls	r3, r4, #25
 139 009c 01D4     		bmi	.L61
 140 009e BDE8F081 		pop	{r4, r5, r6, r7, r8, pc}
 141              	.L61:
 142 00a2 2023     		movs	r3, #32
 143              	@ 199 "../../../ChibiOS/os/hal/platforms/STM32/USARTv1/serial_lld.c" 1
 144 00a4 83F31188 		msr     BASEPRI, r3
 145              	@ 0 "" 2
 146              		.thumb
 147 00a8 FFF7FEFF 		bl	dbg_check_lock_from_isr
 148 00ac 726C     		ldr	r2, [r6, #68]
 149 00ae B36C     		ldr	r3, [r6, #72]
 150 00b0 9A42     		cmp	r2, r3
 151 00b2 35D0     		beq	.L62
 152              	.L21:
 153 00b4 28F04008 		bic	r8, r8, #64
 154 00b8 4FF6BF73 		movw	r3, #65471
 155 00bc 1FFA88F8 		uxth	r8, r8
 156 00c0 A5F80C80 		strh	r8, [r5, #12]	@ movhi
 157 00c4 2B80     		strh	r3, [r5]	@ movhi
 158 00c6 FFF7FEFF 		bl	dbg_check_unlock_from_isr
 159 00ca 0023     		movs	r3, #0
 160              	@ 204 "../../../ChibiOS/os/hal/platforms/STM32/USARTv1/serial_lld.c" 1
 161 00cc 83F31188 		msr     BASEPRI, r3
 162              	@ 0 "" 2
 163              		.thumb
 164 00d0 BDE8F081 		pop	{r4, r5, r6, r7, r8, pc}
 165              	.L58:
 166 00d4 2023     		movs	r3, #32
 167              	@ 161 "../../../ChibiOS/os/hal/platforms/STM32/USARTv1/serial_lld.c" 1
ARM GAS  /tmp/ccDtKIuq.s 			page 4


 168 00d6 83F31188 		msr     BASEPRI, r3
 169              	@ 0 "" 2
 170              		.thumb
 171 00da FFF7FEFF 		bl	dbg_check_lock_from_isr
 172 00de 301D     		adds	r0, r6, #4
 173 00e0 4FF40071 		mov	r1, #512
 174 00e4 FFF7FEFF 		bl	chEvtBroadcastFlagsI
 175 00e8 FFF7FEFF 		bl	dbg_check_unlock_from_isr
 176 00ec 0023     		movs	r3, #0
 177              	@ 163 "../../../ChibiOS/os/hal/platforms/STM32/USARTv1/serial_lld.c" 1
 178 00ee 83F31188 		msr     BASEPRI, r3
 179              	@ 0 "" 2
 180              		.thumb
 181 00f2 4FF6FF63 		movw	r3, #65279
 182 00f6 2B80     		strh	r3, [r5]	@ movhi
 183 00f8 8FE7     		b	.L8
 184              	.L60:
 185 00fa 2023     		movs	r3, #32
 186              	@ 186 "../../../ChibiOS/os/hal/platforms/STM32/USARTv1/serial_lld.c" 1
 187 00fc 83F31188 		msr     BASEPRI, r3
 188              	@ 0 "" 2
 189              		.thumb
 190 0100 FFF7FEFF 		bl	dbg_check_lock_from_isr
 191 0104 06F13000 		add	r0, r6, #48
 192 0108 FFF7FEFF 		bl	chOQGetI
 193 010c 0028     		cmp	r0, #0
 194 010e 0FDB     		blt	.L63
 195 0110 80B2     		uxth	r0, r0
 196 0112 A880     		strh	r0, [r5, #4]	@ movhi
 197              	.L19:
 198 0114 FFF7FEFF 		bl	dbg_check_unlock_from_isr
 199 0118 0023     		movs	r3, #0
 200              	@ 194 "../../../ChibiOS/os/hal/platforms/STM32/USARTv1/serial_lld.c" 1
 201 011a 83F31188 		msr     BASEPRI, r3
 202              	@ 0 "" 2
 203              		.thumb
 204 011e BCE7     		b	.L17
 205              	.L62:
 206 0120 B36B     		ldr	r3, [r6, #56]
 207 0122 002B     		cmp	r3, #0
 208 0124 C6D0     		beq	.L21
 209 0126 301D     		adds	r0, r6, #4
 210 0128 1021     		movs	r1, #16
 211 012a FFF7FEFF 		bl	chEvtBroadcastFlagsI
 212 012e C1E7     		b	.L21
 213              	.L63:
 214 0130 301D     		adds	r0, r6, #4
 215 0132 0821     		movs	r1, #8
 216 0134 FFF7FEFF 		bl	chEvtBroadcastFlagsI
 217 0138 28F0C003 		bic	r3, r8, #192
 218 013c 43F04003 		orr	r3, r3, #64
 219 0140 AB81     		strh	r3, [r5, #12]	@ movhi
 220 0142 E7E7     		b	.L19
 221              		.size	serve_interrupt, .-serve_interrupt
 222 0144 AFF30080 		.section	.text.VectorD4,"ax",%progbits
 222      AFF30080 
 222      AFF30080 
ARM GAS  /tmp/ccDtKIuq.s 			page 5


 223              		.align	2
 224              		.p2align 4,,15
 225              		.global	VectorD4
 226              		.thumb
 227              		.thumb_func
 228              		.type	VectorD4, %function
 229              	VectorD4:
 230              		@ args = 0, pretend = 0, frame = 0
 231              		@ frame_needed = 0, uses_anonymous_args = 0
 232 0000 08B5     		push	{r3, lr}
 233 0002 FFF7FEFF 		bl	dbg_check_enter_isr
 234 0006 0448     		ldr	r0, .L65
 235 0008 FFF7FEFF 		bl	serve_interrupt
 236 000c FFF7FEFF 		bl	dbg_check_leave_isr
 237 0010 BDE80840 		pop	{r3, lr}
 238 0014 FFF7FEBF 		b	_port_irq_epilogue
 239              	.L66:
 240              		.align	2
 241              	.L65:
 242 0018 00000000 		.word	.LANCHOR0
 243              		.size	VectorD4, .-VectorD4
 244 001c AFF30080 		.section	.text.VectorD8,"ax",%progbits
 245              		.align	2
 246              		.p2align 4,,15
 247              		.global	VectorD8
 248              		.thumb
 249              		.thumb_func
 250              		.type	VectorD8, %function
 251              	VectorD8:
 252              		@ args = 0, pretend = 0, frame = 0
 253              		@ frame_needed = 0, uses_anonymous_args = 0
 254 0000 08B5     		push	{r3, lr}
 255 0002 FFF7FEFF 		bl	dbg_check_enter_isr
 256 0006 0448     		ldr	r0, .L68
 257 0008 FFF7FEFF 		bl	serve_interrupt
 258 000c FFF7FEFF 		bl	dbg_check_leave_isr
 259 0010 BDE80840 		pop	{r3, lr}
 260 0014 FFF7FEBF 		b	_port_irq_epilogue
 261              	.L69:
 262              		.align	2
 263              	.L68:
 264 0018 00000000 		.word	.LANCHOR1
 265              		.size	VectorD8, .-VectorD8
 266 001c AFF30080 		.section	.text.sd_lld_init,"ax",%progbits
 267              		.align	2
 268              		.p2align 4,,15
 269              		.global	sd_lld_init
 270              		.thumb
 271              		.thumb_func
 272              		.type	sd_lld_init, %function
 273              	sd_lld_init:
 274              		@ args = 0, pretend = 0, frame = 0
 275              		@ frame_needed = 0, uses_anonymous_args = 0
 276 0000 38B5     		push	{r3, r4, r5, lr}
 277 0002 094D     		ldr	r5, .L71
 278 0004 0021     		movs	r1, #0
 279 0006 2846     		mov	r0, r5
ARM GAS  /tmp/ccDtKIuq.s 			page 6


 280 0008 084A     		ldr	r2, .L71+4
 281 000a 094C     		ldr	r4, .L71+8
 282 000c FFF7FEFF 		bl	sdObjectInit
 283 0010 084B     		ldr	r3, .L71+12
 284 0012 2046     		mov	r0, r4
 285 0014 0021     		movs	r1, #0
 286 0016 084A     		ldr	r2, .L71+16
 287 0018 C5F8D430 		str	r3, [r5, #212]
 288 001c FFF7FEFF 		bl	sdObjectInit
 289 0020 064B     		ldr	r3, .L71+20
 290 0022 C4F8D430 		str	r3, [r4, #212]
 291 0026 38BD     		pop	{r3, r4, r5, pc}
 292              	.L72:
 293              		.align	2
 294              	.L71:
 295 0028 00000000 		.word	.LANCHOR0
 296 002c 00000000 		.word	notify1
 297 0030 00000000 		.word	.LANCHOR1
 298 0034 00380140 		.word	1073821696
 299 0038 00000000 		.word	notify2
 300 003c 00440040 		.word	1073759232
 301              		.size	sd_lld_init, .-sd_lld_init
 302              		.section	.text.sd_lld_start,"ax",%progbits
 303              		.align	2
 304              		.p2align 4,,15
 305              		.global	sd_lld_start
 306              		.thumb
 307              		.thumb_func
 308              		.type	sd_lld_start, %function
 309              	sd_lld_start:
 310              		@ args = 0, pretend = 0, frame = 0
 311              		@ frame_needed = 0, uses_anonymous_args = 0
 312 0000 38B5     		push	{r3, r4, r5, lr}
 313 0002 037A     		ldrb	r3, [r0, #8]	@ zero_extendqisi2
 314 0004 1F4C     		ldr	r4, .L82
 315 0006 0546     		mov	r5, r0
 316 0008 0029     		cmp	r1, #0
 317 000a 18BF     		it	ne
 318 000c 0C46     		movne	r4, r1
 319 000e 012B     		cmp	r3, #1
 320 0010 1DD0     		beq	.L80
 321              	.L75:
 322 0012 2268     		ldr	r2, [r4]
 323 0014 1C49     		ldr	r1, .L82+4
 324 0016 D5F8D430 		ldr	r3, [r5, #212]
 325 001a B1FBF2F2 		udiv	r2, r1, r2
 326 001e 92B2     		uxth	r2, r2
 327 0020 1A81     		strh	r2, [r3, #8]	@ movhi
 328 0022 A288     		ldrh	r2, [r4, #4]
 329 0024 E188     		ldrh	r1, [r4, #6]
 330 0026 2089     		ldrh	r0, [r4, #8]
 331 0028 42F40452 		orr	r2, r2, #8448
 332 002c 41F04004 		orr	r4, r1, #64
 333 0030 42F02C02 		orr	r2, r2, #44
 334 0034 40F00100 		orr	r0, r0, #1
 335 0038 92B2     		uxth	r2, r2
 336 003a A4B2     		uxth	r4, r4
ARM GAS  /tmp/ccDtKIuq.s 			page 7


 337 003c 80B2     		uxth	r0, r0
 338 003e 0021     		movs	r1, #0
 339 0040 1C82     		strh	r4, [r3, #16]	@ movhi
 340 0042 9882     		strh	r0, [r3, #20]	@ movhi
 341 0044 9A81     		strh	r2, [r3, #12]	@ movhi
 342 0046 1980     		strh	r1, [r3]	@ movhi
 343 0048 1A88     		ldrh	r2, [r3]
 344 004a 9B88     		ldrh	r3, [r3, #4]
 345 004c 38BD     		pop	{r3, r4, r5, pc}
 346              	.L80:
 347 004e 0F4B     		ldr	r3, .L82+8
 348 0050 9842     		cmp	r0, r3
 349 0052 0CD0     		beq	.L81
 350 0054 0E4B     		ldr	r3, .L82+12
 351 0056 9842     		cmp	r0, r3
 352 0058 DBD1     		bne	.L75
 353 005a 0E4B     		ldr	r3, .L82+16
 354 005c 2620     		movs	r0, #38
 355 005e DA69     		ldr	r2, [r3, #28]
 356 0060 C021     		movs	r1, #192
 357 0062 42F40032 		orr	r2, r2, #131072
 358 0066 DA61     		str	r2, [r3, #28]
 359 0068 FFF7FEFF 		bl	nvicEnableVector
 360 006c D1E7     		b	.L75
 361              	.L81:
 362 006e 094B     		ldr	r3, .L82+16
 363 0070 2520     		movs	r0, #37
 364 0072 9A69     		ldr	r2, [r3, #24]
 365 0074 C021     		movs	r1, #192
 366 0076 42F48042 		orr	r2, r2, #16384
 367 007a 9A61     		str	r2, [r3, #24]
 368 007c FFF7FEFF 		bl	nvicEnableVector
 369 0080 C7E7     		b	.L75
 370              	.L83:
 371 0082 00BF     		.align	2
 372              	.L82:
 373 0084 00000000 		.word	.LANCHOR2
 374 0088 00512502 		.word	36000000
 375 008c 00000000 		.word	.LANCHOR0
 376 0090 00000000 		.word	.LANCHOR1
 377 0094 00100240 		.word	1073876992
 378              		.size	sd_lld_start, .-sd_lld_start
 379 0098 AFF30080 		.section	.text.sd_lld_stop,"ax",%progbits
 379      AFF30080 
 380              		.align	2
 381              		.p2align 4,,15
 382              		.global	sd_lld_stop
 383              		.thumb
 384              		.thumb_func
 385              		.type	sd_lld_stop, %function
 386              	sd_lld_stop:
 387              		@ args = 0, pretend = 0, frame = 0
 388              		@ frame_needed = 0, uses_anonymous_args = 0
 389              		@ link register save eliminated.
 390 0000 037A     		ldrb	r3, [r0, #8]	@ zero_extendqisi2
 391 0002 022B     		cmp	r3, #2
 392 0004 00D0     		beq	.L89
ARM GAS  /tmp/ccDtKIuq.s 			page 8


 393              	.L84:
 394 0006 7047     		bx	lr
 395              	.L89:
 396 0008 0D49     		ldr	r1, .L91
 397 000a D0F8D430 		ldr	r3, [r0, #212]
 398 000e 0022     		movs	r2, #0
 399 0010 8842     		cmp	r0, r1
 400 0012 9A81     		strh	r2, [r3, #12]	@ movhi
 401 0014 1A82     		strh	r2, [r3, #16]	@ movhi
 402 0016 9A82     		strh	r2, [r3, #20]	@ movhi
 403 0018 0AD0     		beq	.L90
 404 001a 0A4B     		ldr	r3, .L91+4
 405 001c 9842     		cmp	r0, r3
 406 001e F2D1     		bne	.L84
 407 0020 094B     		ldr	r3, .L91+8
 408 0022 2620     		movs	r0, #38
 409 0024 DA69     		ldr	r2, [r3, #28]
 410 0026 22F40032 		bic	r2, r2, #131072
 411 002a DA61     		str	r2, [r3, #28]
 412 002c FFF7FEBF 		b	nvicDisableVector
 413              	.L90:
 414 0030 054B     		ldr	r3, .L91+8
 415 0032 2520     		movs	r0, #37
 416 0034 9A69     		ldr	r2, [r3, #24]
 417 0036 22F48042 		bic	r2, r2, #16384
 418 003a 9A61     		str	r2, [r3, #24]
 419 003c FFF7FEBF 		b	nvicDisableVector
 420              	.L92:
 421              		.align	2
 422              	.L91:
 423 0040 00000000 		.word	.LANCHOR0
 424 0044 00000000 		.word	.LANCHOR1
 425 0048 00100240 		.word	1073876992
 426              		.size	sd_lld_stop, .-sd_lld_stop
 427              		.global	SD2
 428              		.global	SD1
 429 004c AFF30080 		.section	.rodata.default_config,"a",%progbits
 430              		.align	2
 431              		.set	.LANCHOR2,. + 0
 432              		.type	default_config, %object
 433              		.size	default_config, 12
 434              	default_config:
 435 0000 00960000 		.word	38400
 436 0004 0000     		.short	0
 437 0006 0040     		.short	16384
 438 0008 0000     		.short	0
 439 000a 0000     		.space	2
 440              		.section	.bss.SD1,"aw",%nobits
 441              		.align	2
 442              		.set	.LANCHOR0,. + 0
 443              		.type	SD1, %object
 444              		.size	SD1, 216
 445              	SD1:
 446 0000 00000000 		.space	216
 446      00000000 
 446      00000000 
 446      00000000 
ARM GAS  /tmp/ccDtKIuq.s 			page 9


 446      00000000 
 447              		.section	.bss.SD2,"aw",%nobits
 448              		.align	2
 449              		.set	.LANCHOR1,. + 0
 450              		.type	SD2, %object
 451              		.size	SD2, 216
 452              	SD2:
 453 0000 00000000 		.space	216
 453      00000000 
 453      00000000 
 453      00000000 
 453      00000000 
 454              		.ident	"GCC: (GNU Tools for ARM Embedded Processors) 4.8.3 20140228 (release) [ARM/embedded-4_8-br
ARM GAS  /tmp/ccDtKIuq.s 			page 10


DEFINED SYMBOLS
                            *ABS*:00000000 serial_lld.c
     /tmp/ccDtKIuq.s:16     .text.notify1:00000000 $t
     /tmp/ccDtKIuq.s:21     .text.notify1:00000000 notify1
     /tmp/ccDtKIuq.s:34     .text.notify1:00000010 $d
     /tmp/ccDtKIuq.s:37     .text.notify2:00000000 $t
     /tmp/ccDtKIuq.s:42     .text.notify2:00000000 notify2
     /tmp/ccDtKIuq.s:55     .text.notify2:00000010 $d
     /tmp/ccDtKIuq.s:58     .text.serve_interrupt:00000000 $t
     /tmp/ccDtKIuq.s:63     .text.serve_interrupt:00000000 serve_interrupt
     /tmp/ccDtKIuq.s:223    .text.VectorD4:00000000 $t
     /tmp/ccDtKIuq.s:229    .text.VectorD4:00000000 VectorD4
     /tmp/ccDtKIuq.s:242    .text.VectorD4:00000018 $d
     /tmp/ccDtKIuq.s:245    .text.VectorD8:00000000 $t
     /tmp/ccDtKIuq.s:251    .text.VectorD8:00000000 VectorD8
     /tmp/ccDtKIuq.s:264    .text.VectorD8:00000018 $d
     /tmp/ccDtKIuq.s:267    .text.sd_lld_init:00000000 $t
     /tmp/ccDtKIuq.s:273    .text.sd_lld_init:00000000 sd_lld_init
     /tmp/ccDtKIuq.s:295    .text.sd_lld_init:00000028 $d
     /tmp/ccDtKIuq.s:303    .text.sd_lld_start:00000000 $t
     /tmp/ccDtKIuq.s:309    .text.sd_lld_start:00000000 sd_lld_start
     /tmp/ccDtKIuq.s:373    .text.sd_lld_start:00000084 $d
     /tmp/ccDtKIuq.s:380    .text.sd_lld_stop:00000000 $t
     /tmp/ccDtKIuq.s:386    .text.sd_lld_stop:00000000 sd_lld_stop
     /tmp/ccDtKIuq.s:423    .text.sd_lld_stop:00000040 $d
     /tmp/ccDtKIuq.s:452    .bss.SD2:00000000 SD2
     /tmp/ccDtKIuq.s:445    .bss.SD1:00000000 SD1
     /tmp/ccDtKIuq.s:430    .rodata.default_config:00000000 $d
     /tmp/ccDtKIuq.s:434    .rodata.default_config:00000000 default_config
     /tmp/ccDtKIuq.s:441    .bss.SD1:00000000 $d
     /tmp/ccDtKIuq.s:448    .bss.SD2:00000000 $d
     /tmp/ccDtKIuq.s:36     .text.notify1:00000014 $t
     /tmp/ccDtKIuq.s:57     .text.notify2:00000014 $t
     /tmp/ccDtKIuq.s:244    .text.VectorD4:0000001c $t
     /tmp/ccDtKIuq.s:266    .text.VectorD8:0000001c $t
     /tmp/ccDtKIuq.s:379    .text.sd_lld_start:00000098 $t
     /tmp/ccDtKIuq.s:429    .text.sd_lld_stop:0000004c $t

UNDEFINED SYMBOLS
dbg_check_lock_from_isr
chEvtBroadcastFlagsI
sdIncomingDataI
dbg_check_unlock_from_isr
chOQGetI
dbg_check_enter_isr
dbg_check_leave_isr
_port_irq_epilogue
sdObjectInit
nvicEnableVector
nvicDisableVector
