ARM GAS  /tmp/ccaShZtU.s 			page 1


   1              		.syntax unified
   2              		.cpu cortex-m4
   3              		.eabi_attribute 27, 3
   4              		.eabi_attribute 28, 1
   5              		.fpu fpv4-sp-d16
   6              		.eabi_attribute 20, 1
   7              		.eabi_attribute 21, 1
   8              		.eabi_attribute 23, 3
   9              		.eabi_attribute 24, 1
  10              		.eabi_attribute 25, 1
  11              		.eabi_attribute 26, 1
  12              		.eabi_attribute 30, 2
  13              		.eabi_attribute 34, 1
  14              		.eabi_attribute 18, 4
  15              		.thumb
  16              		.file	"bluetooth-descriptor.cpp"
  17              		.section	.text._ZN5amiro19BluetoothDescriptorC2Ev,"ax",%progbits
  18              		.align	2
  19              		.p2align 4,,15
  20              		.global	_ZN5amiro19BluetoothDescriptorC2Ev
  21              		.thumb
  22              		.thumb_func
  23              		.type	_ZN5amiro19BluetoothDescriptorC2Ev, %function
  24              	_ZN5amiro19BluetoothDescriptorC2Ev:
  25              		@ args = 0, pretend = 0, frame = 0
  26              		@ frame_needed = 0, uses_anonymous_args = 0
  27 0000 10B5     		push	{r4, lr}
  28 0002 0021     		movs	r1, #0
  29 0004 0446     		mov	r4, r0
  30 0006 0170     		strb	r1, [r0]
  31 0008 4160     		str	r1, [r0, #4]
  32 000a 4022     		movs	r2, #64
  33 000c 0830     		adds	r0, r0, #8
  34 000e FFF7FEFF 		bl	memset
  35 0012 2046     		mov	r0, r4
  36 0014 10BD     		pop	{r4, pc}
  37              		.size	_ZN5amiro19BluetoothDescriptorC2Ev, .-_ZN5amiro19BluetoothDescriptorC2Ev
  38              		.global	_ZN5amiro19BluetoothDescriptorC1Ev
  39              		.thumb_set _ZN5amiro19BluetoothDescriptorC1Ev,_ZN5amiro19BluetoothDescriptorC2Ev
  40 0016 00BFAFF3 		.section	.text._ZN5amiro19BluetoothDescriptor28bluetoothDescriptorSetLinkIdEh,"ax",%progbits
  40      0080AFF3 
  40      0080
  41              		.align	2
  42              		.p2align 4,,15
  43              		.global	_ZN5amiro19BluetoothDescriptor28bluetoothDescriptorSetLinkIdEh
  44              		.thumb
  45              		.thumb_func
  46              		.type	_ZN5amiro19BluetoothDescriptor28bluetoothDescriptorSetLinkIdEh, %function
  47              	_ZN5amiro19BluetoothDescriptor28bluetoothDescriptorSetLinkIdEh:
  48              		@ args = 0, pretend = 0, frame = 0
  49              		@ frame_needed = 0, uses_anonymous_args = 0
  50              		@ link register save eliminated.
  51 0000 0170     		strb	r1, [r0]
  52 0002 7047     		bx	lr
  53              		.size	_ZN5amiro19BluetoothDescriptor28bluetoothDescriptorSetLinkIdEh, .-_ZN5amiro19BluetoothDescri
  54 0004 AFF30080 		.section	.text._ZN5amiro19BluetoothDescriptor35bluetoothDescriptorSetPayloadLengthEj,"ax",%progbit
  54      AFF30080 
ARM GAS  /tmp/ccaShZtU.s 			page 2


  54      AFF30080 
  55              		.align	2
  56              		.p2align 4,,15
  57              		.global	_ZN5amiro19BluetoothDescriptor35bluetoothDescriptorSetPayloadLengthEj
  58              		.thumb
  59              		.thumb_func
  60              		.type	_ZN5amiro19BluetoothDescriptor35bluetoothDescriptorSetPayloadLengthEj, %function
  61              	_ZN5amiro19BluetoothDescriptor35bluetoothDescriptorSetPayloadLengthEj:
  62              		@ args = 0, pretend = 0, frame = 0
  63              		@ frame_needed = 0, uses_anonymous_args = 0
  64              		@ link register save eliminated.
  65 0000 4160     		str	r1, [r0, #4]
  66 0002 7047     		bx	lr
  67              		.size	_ZN5amiro19BluetoothDescriptor35bluetoothDescriptorSetPayloadLengthEj, .-_ZN5amiro19Bluetoot
  68 0004 AFF30080 		.section	.text._ZN5amiro19BluetoothDescriptor28bluetoothDescriptorGetLinkIdEv,"ax",%progbits
  68      AFF30080 
  68      AFF30080 
  69              		.align	2
  70              		.p2align 4,,15
  71              		.global	_ZN5amiro19BluetoothDescriptor28bluetoothDescriptorGetLinkIdEv
  72              		.thumb
  73              		.thumb_func
  74              		.type	_ZN5amiro19BluetoothDescriptor28bluetoothDescriptorGetLinkIdEv, %function
  75              	_ZN5amiro19BluetoothDescriptor28bluetoothDescriptorGetLinkIdEv:
  76              		@ args = 0, pretend = 0, frame = 0
  77              		@ frame_needed = 0, uses_anonymous_args = 0
  78              		@ link register save eliminated.
  79 0000 0078     		ldrb	r0, [r0]	@ zero_extendqisi2
  80 0002 7047     		bx	lr
  81              		.size	_ZN5amiro19BluetoothDescriptor28bluetoothDescriptorGetLinkIdEv, .-_ZN5amiro19BluetoothDescri
  82 0004 AFF30080 		.section	.text._ZN5amiro19BluetoothDescriptor34bluetoothDescriptorGetBufferLengthEv,"ax",%progbits
  82      AFF30080 
  82      AFF30080 
  83              		.align	2
  84              		.p2align 4,,15
  85              		.global	_ZN5amiro19BluetoothDescriptor34bluetoothDescriptorGetBufferLengthEv
  86              		.thumb
  87              		.thumb_func
  88              		.type	_ZN5amiro19BluetoothDescriptor34bluetoothDescriptorGetBufferLengthEv, %function
  89              	_ZN5amiro19BluetoothDescriptor34bluetoothDescriptorGetBufferLengthEv:
  90              		@ args = 0, pretend = 0, frame = 0
  91              		@ frame_needed = 0, uses_anonymous_args = 0
  92              		@ link register save eliminated.
  93 0000 4020     		movs	r0, #64
  94 0002 7047     		bx	lr
  95              		.size	_ZN5amiro19BluetoothDescriptor34bluetoothDescriptorGetBufferLengthEv, .-_ZN5amiro19Bluetooth
  96 0004 AFF30080 		.section	.text._ZN5amiro19BluetoothDescriptor35bluetoothDescriptorGetPayloadLengthEv,"ax",%progbit
  96      AFF30080 
  96      AFF30080 
  97              		.align	2
  98              		.p2align 4,,15
  99              		.global	_ZN5amiro19BluetoothDescriptor35bluetoothDescriptorGetPayloadLengthEv
 100              		.thumb
 101              		.thumb_func
 102              		.type	_ZN5amiro19BluetoothDescriptor35bluetoothDescriptorGetPayloadLengthEv, %function
 103              	_ZN5amiro19BluetoothDescriptor35bluetoothDescriptorGetPayloadLengthEv:
 104              		@ args = 0, pretend = 0, frame = 0
ARM GAS  /tmp/ccaShZtU.s 			page 3


 105              		@ frame_needed = 0, uses_anonymous_args = 0
 106              		@ link register save eliminated.
 107 0000 4068     		ldr	r0, [r0, #4]
 108 0002 7047     		bx	lr
 109              		.size	_ZN5amiro19BluetoothDescriptor35bluetoothDescriptorGetPayloadLengthEv, .-_ZN5amiro19Bluetoot
 110 0004 AFF30080 		.section	.text._ZN5amiro19BluetoothDescriptor28bluetoothDescriptorGetBufferEv,"ax",%progbits
 110      AFF30080 
 110      AFF30080 
 111              		.align	2
 112              		.p2align 4,,15
 113              		.global	_ZN5amiro19BluetoothDescriptor28bluetoothDescriptorGetBufferEv
 114              		.thumb
 115              		.thumb_func
 116              		.type	_ZN5amiro19BluetoothDescriptor28bluetoothDescriptorGetBufferEv, %function
 117              	_ZN5amiro19BluetoothDescriptor28bluetoothDescriptorGetBufferEv:
 118              		@ args = 0, pretend = 0, frame = 0
 119              		@ frame_needed = 0, uses_anonymous_args = 0
 120              		@ link register save eliminated.
 121 0000 0830     		adds	r0, r0, #8
 122 0002 7047     		bx	lr
 123              		.size	_ZN5amiro19BluetoothDescriptor28bluetoothDescriptorGetBufferEv, .-_ZN5amiro19BluetoothDescri
 124 0004 AFF30080 		.section	.text._ZN5amiro19BluetoothDescriptor29bluetoothDescriptorGetPayloadEv,"ax",%progbits
 124      AFF30080 
 124      AFF30080 
 125              		.align	2
 126              		.p2align 4,,15
 127              		.global	_ZN5amiro19BluetoothDescriptor29bluetoothDescriptorGetPayloadEv
 128              		.thumb
 129              		.thumb_func
 130              		.type	_ZN5amiro19BluetoothDescriptor29bluetoothDescriptorGetPayloadEv, %function
 131              	_ZN5amiro19BluetoothDescriptor29bluetoothDescriptorGetPayloadEv:
 132              		@ args = 0, pretend = 0, frame = 0
 133              		@ frame_needed = 0, uses_anonymous_args = 0
 134              		@ link register save eliminated.
 135 0000 0830     		adds	r0, r0, #8
 136 0002 7047     		bx	lr
 137              		.size	_ZN5amiro19BluetoothDescriptor29bluetoothDescriptorGetPayloadEv, .-_ZN5amiro19BluetoothDescr
 138 0004 AFF30080 		.ident	"GCC: (GNU Tools for ARM Embedded Processors) 4.8.3 20140228 (release) [ARM/embedded-4_8-br
 138      AFF30080 
 138      AFF30080 
ARM GAS  /tmp/ccaShZtU.s 			page 4


DEFINED SYMBOLS
                            *ABS*:00000000 bluetooth-descriptor.cpp
     /tmp/ccaShZtU.s:18     .text._ZN5amiro19BluetoothDescriptorC2Ev:00000000 $t
     /tmp/ccaShZtU.s:24     .text._ZN5amiro19BluetoothDescriptorC2Ev:00000000 _ZN5amiro19BluetoothDescriptorC2Ev
     /tmp/ccaShZtU.s:24     .text._ZN5amiro19BluetoothDescriptorC2Ev:00000000 _ZN5amiro19BluetoothDescriptorC1Ev
     /tmp/ccaShZtU.s:41     .text._ZN5amiro19BluetoothDescriptor28bluetoothDescriptorSetLinkIdEh:00000000 $t
     /tmp/ccaShZtU.s:47     .text._ZN5amiro19BluetoothDescriptor28bluetoothDescriptorSetLinkIdEh:00000000 _ZN5amiro19BluetoothDescriptor28bluetoothDescriptorSetLinkIdEh
     /tmp/ccaShZtU.s:55     .text._ZN5amiro19BluetoothDescriptor35bluetoothDescriptorSetPayloadLengthEj:00000000 $t
     /tmp/ccaShZtU.s:61     .text._ZN5amiro19BluetoothDescriptor35bluetoothDescriptorSetPayloadLengthEj:00000000 _ZN5amiro19BluetoothDescriptor35bluetoothDescriptorSetPayloadLengthEj
     /tmp/ccaShZtU.s:69     .text._ZN5amiro19BluetoothDescriptor28bluetoothDescriptorGetLinkIdEv:00000000 $t
     /tmp/ccaShZtU.s:75     .text._ZN5amiro19BluetoothDescriptor28bluetoothDescriptorGetLinkIdEv:00000000 _ZN5amiro19BluetoothDescriptor28bluetoothDescriptorGetLinkIdEv
     /tmp/ccaShZtU.s:83     .text._ZN5amiro19BluetoothDescriptor34bluetoothDescriptorGetBufferLengthEv:00000000 $t
     /tmp/ccaShZtU.s:89     .text._ZN5amiro19BluetoothDescriptor34bluetoothDescriptorGetBufferLengthEv:00000000 _ZN5amiro19BluetoothDescriptor34bluetoothDescriptorGetBufferLengthEv
     /tmp/ccaShZtU.s:97     .text._ZN5amiro19BluetoothDescriptor35bluetoothDescriptorGetPayloadLengthEv:00000000 $t
     /tmp/ccaShZtU.s:103    .text._ZN5amiro19BluetoothDescriptor35bluetoothDescriptorGetPayloadLengthEv:00000000 _ZN5amiro19BluetoothDescriptor35bluetoothDescriptorGetPayloadLengthEv
     /tmp/ccaShZtU.s:111    .text._ZN5amiro19BluetoothDescriptor28bluetoothDescriptorGetBufferEv:00000000 $t
     /tmp/ccaShZtU.s:117    .text._ZN5amiro19BluetoothDescriptor28bluetoothDescriptorGetBufferEv:00000000 _ZN5amiro19BluetoothDescriptor28bluetoothDescriptorGetBufferEv
     /tmp/ccaShZtU.s:125    .text._ZN5amiro19BluetoothDescriptor29bluetoothDescriptorGetPayloadEv:00000000 $t
     /tmp/ccaShZtU.s:131    .text._ZN5amiro19BluetoothDescriptor29bluetoothDescriptorGetPayloadEv:00000000 _ZN5amiro19BluetoothDescriptor29bluetoothDescriptorGetPayloadEv

UNDEFINED SYMBOLS
memset
