ARM GAS  /tmp/ccVMceV8.s 			page 1


   1              		.syntax unified
   2              		.cpu cortex-m4
   3              		.eabi_attribute 27, 3
   4              		.eabi_attribute 28, 1
   5              		.fpu fpv4-sp-d16
   6              		.eabi_attribute 20, 1
   7              		.eabi_attribute 21, 1
   8              		.eabi_attribute 23, 3
   9              		.eabi_attribute 24, 1
  10              		.eabi_attribute 25, 1
  11              		.eabi_attribute 26, 1
  12              		.eabi_attribute 30, 2
  13              		.eabi_attribute 34, 1
  14              		.eabi_attribute 18, 4
  15              		.thumb
  16              		.file	"bluetooth.cpp"
  17              		.section	.text._ZN5amiro9BLUETOOTHC2EP10UARTDriver,"ax",%progbits
  18              		.align	2
  19              		.p2align 4,,15
  20              		.global	_ZN5amiro9BLUETOOTHC2EP10UARTDriver
  21              		.thumb
  22              		.thumb_func
  23              		.type	_ZN5amiro9BLUETOOTHC2EP10UARTDriver, %function
  24              	_ZN5amiro9BLUETOOTHC2EP10UARTDriver:
  25              		@ args = 0, pretend = 0, frame = 0
  26              		@ frame_needed = 0, uses_anonymous_args = 0
  27 0000 10B5     		push	{r4, lr}
  28 0002 0446     		mov	r4, r0
  29 0004 FFF7FEFF 		bl	_ZN5amiro14BluetoothIwrapC1EP10UARTDriver
  30 0008 2046     		mov	r0, r4
  31 000a 10BD     		pop	{r4, pc}
  32              		.size	_ZN5amiro9BLUETOOTHC2EP10UARTDriver, .-_ZN5amiro9BLUETOOTHC2EP10UARTDriver
  33              		.global	_ZN5amiro9BLUETOOTHC1EP10UARTDriver
  34              		.thumb_set _ZN5amiro9BLUETOOTHC1EP10UARTDriver,_ZN5amiro9BLUETOOTHC2EP10UARTDriver
  35 000c AFF30080 		.section	.text._ZN5amiro9BLUETOOTH14bluetoothResetEv,"ax",%progbits
  36              		.align	2
  37              		.p2align 4,,15
  38              		.global	_ZN5amiro9BLUETOOTH14bluetoothResetEv
  39              		.thumb
  40              		.thumb_func
  41              		.type	_ZN5amiro9BLUETOOTH14bluetoothResetEv, %function
  42              	_ZN5amiro9BLUETOOTH14bluetoothResetEv:
  43              		@ args = 0, pretend = 0, frame = 0
  44              		@ frame_needed = 0, uses_anonymous_args = 0
  45 0000 38B5     		push	{r3, r4, r5, lr}
  46 0002 0A4C     		ldr	r4, .L3
  47 0004 4FF40043 		mov	r3, #32768
  48 0008 0546     		mov	r5, r0
  49 000a A361     		str	r3, [r4, #24]
  50 000c 0A20     		movs	r0, #10
  51 000e FFF7FEFF 		bl	_ZN10chibios_rt10BaseThread5sleepEm
  52 0012 4FF00043 		mov	r3, #-2147483648
  53 0016 05F5F070 		add	r0, r5, #480
  54 001a A361     		str	r3, [r4, #24]
  55 001c FFF7FEFF 		bl	_ZN5amiro18BluetoothTransport28bluetoothTransportResetStateEv
  56 0020 4FF47A70 		mov	r0, #1000
  57 0024 BDE83840 		pop	{r3, r4, r5, lr}
ARM GAS  /tmp/ccVMceV8.s 			page 2


  58 0028 FFF7FEBF 		b	_ZN10chibios_rt10BaseThread5sleepEm
  59              	.L4:
  60              		.align	2
  61              	.L3:
  62 002c 00080240 		.word	1073874944
  63              		.size	_ZN5amiro9BLUETOOTH14bluetoothResetEv, .-_ZN5amiro9BLUETOOTH14bluetoothResetEv
  64              		.section	.text._ZN5amiro9BLUETOOTH14bluetoothStartEv,"ax",%progbits
  65              		.align	2
  66              		.p2align 4,,15
  67              		.global	_ZN5amiro9BLUETOOTH14bluetoothStartEv
  68              		.thumb
  69              		.thumb_func
  70              		.type	_ZN5amiro9BLUETOOTH14bluetoothStartEv, %function
  71              	_ZN5amiro9BLUETOOTH14bluetoothStartEv:
  72              		@ args = 0, pretend = 0, frame = 0
  73              		@ frame_needed = 0, uses_anonymous_args = 0
  74 0000 10B5     		push	{r4, lr}
  75 0002 82B0     		sub	sp, sp, #8
  76 0004 0446     		mov	r4, r0
  77 0006 0090     		str	r0, [sp]
  78 0008 4FF4EC71 		mov	r1, #472
  79 000c 4022     		movs	r2, #64
  80 000e 074B     		ldr	r3, .L6
  81 0010 0830     		adds	r0, r0, #8
  82 0012 FFF7FEFF 		bl	chThdCreateStatic
  83 0016 6060     		str	r0, [r4, #4]
  84 0018 4FF47A70 		mov	r0, #1000
  85 001c FFF7FEFF 		bl	_ZN10chibios_rt10BaseThread5sleepEm
  86 0020 2046     		mov	r0, r4
  87 0022 02B0     		add	sp, sp, #8
  88              		@ sp needed
  89 0024 BDE81040 		pop	{r4, lr}
  90 0028 FFF7FEBF 		b	_ZN5amiro9BLUETOOTH14bluetoothResetEv
  91              	.L7:
  92              		.align	2
  93              	.L6:
  94 002c 00000000 		.word	_ZN10chibios_rt10_thd_startEPv
  95              		.size	_ZN5amiro9BLUETOOTH14bluetoothStartEv, .-_ZN5amiro9BLUETOOTH14bluetoothStartEv
  96              		.section	.text._ZN5amiro9BLUETOOTH18bluetoothEnableMuxEv,"ax",%progbits
  97              		.align	2
  98              		.p2align 4,,15
  99              		.global	_ZN5amiro9BLUETOOTH18bluetoothEnableMuxEv
 100              		.thumb
 101              		.thumb_func
 102              		.type	_ZN5amiro9BLUETOOTH18bluetoothEnableMuxEv, %function
 103              	_ZN5amiro9BLUETOOTH18bluetoothEnableMuxEv:
 104              		@ args = 0, pretend = 0, frame = 0
 105              		@ frame_needed = 0, uses_anonymous_args = 0
 106              		@ link register save eliminated.
 107 0000 0149     		ldr	r1, .L9
 108 0002 FFF7FEBF 		b	_ZN5amiro14BluetoothIwrap25bluetoothIwrapSendCommandEPKc
 109              	.L10:
 110 0006 00BF     		.align	2
 111              	.L9:
 112 0008 00000000 		.word	.LC0
 113              		.size	_ZN5amiro9BLUETOOTH18bluetoothEnableMuxEv, .-_ZN5amiro9BLUETOOTH18bluetoothEnableMuxEv
 114 000c AFF30080 		.section	.text._ZN5amiro9BLUETOOTH19bluetoothDisableMuxEv,"ax",%progbits
ARM GAS  /tmp/ccVMceV8.s 			page 3


 115              		.align	2
 116              		.p2align 4,,15
 117              		.global	_ZN5amiro9BLUETOOTH19bluetoothDisableMuxEv
 118              		.thumb
 119              		.thumb_func
 120              		.type	_ZN5amiro9BLUETOOTH19bluetoothDisableMuxEv, %function
 121              	_ZN5amiro9BLUETOOTH19bluetoothDisableMuxEv:
 122              		@ args = 0, pretend = 0, frame = 0
 123              		@ frame_needed = 0, uses_anonymous_args = 0
 124              		@ link register save eliminated.
 125 0000 0149     		ldr	r1, .L12
 126 0002 FFF7FEBF 		b	_ZN5amiro14BluetoothIwrap25bluetoothIwrapSendCommandEPKc
 127              	.L13:
 128 0006 00BF     		.align	2
 129              	.L12:
 130 0008 14000000 		.word	.LC1
 131              		.size	_ZN5amiro9BLUETOOTH19bluetoothDisableMuxEv, .-_ZN5amiro9BLUETOOTH19bluetoothDisableMuxEv
 132 000c AFF30080 		.section	.text._ZN5amiro9BLUETOOTH24bluetoothDiscoverDevicesEv,"ax",%progbits
 133              		.align	2
 134              		.p2align 4,,15
 135              		.global	_ZN5amiro9BLUETOOTH24bluetoothDiscoverDevicesEv
 136              		.thumb
 137              		.thumb_func
 138              		.type	_ZN5amiro9BLUETOOTH24bluetoothDiscoverDevicesEv, %function
 139              	_ZN5amiro9BLUETOOTH24bluetoothDiscoverDevicesEv:
 140              		@ args = 0, pretend = 0, frame = 0
 141              		@ frame_needed = 0, uses_anonymous_args = 0
 142 0000 08B5     		push	{r3, lr}
 143 0002 0449     		ldr	r1, .L15
 144 0004 FFF7FEFF 		bl	_ZN5amiro14BluetoothIwrap25bluetoothIwrapSendCommandEPKc
 145 0008 41F27070 		movw	r0, #6000
 146 000c BDE80840 		pop	{r3, lr}
 147 0010 FFF7FEBF 		b	_ZN10chibios_rt10BaseThread5sleepEm
 148              	.L16:
 149              		.align	2
 150              	.L15:
 151 0014 28000000 		.word	.LC2
 152              		.size	_ZN5amiro9BLUETOOTH24bluetoothDiscoverDevicesEv, .-_ZN5amiro9BLUETOOTH24bluetoothDiscoverDev
 153 0018 AFF30080 		.section	.text._ZN5amiro9BLUETOOTH27bluetoothListAllConnectionsEv,"ax",%progbits
 153      AFF30080 
 154              		.align	2
 155              		.p2align 4,,15
 156              		.global	_ZN5amiro9BLUETOOTH27bluetoothListAllConnectionsEv
 157              		.thumb
 158              		.thumb_func
 159              		.type	_ZN5amiro9BLUETOOTH27bluetoothListAllConnectionsEv, %function
 160              	_ZN5amiro9BLUETOOTH27bluetoothListAllConnectionsEv:
 161              		@ args = 0, pretend = 0, frame = 0
 162              		@ frame_needed = 0, uses_anonymous_args = 0
 163              		@ link register save eliminated.
 164 0000 0149     		ldr	r1, .L18
 165 0002 FFF7FEBF 		b	_ZN5amiro14BluetoothIwrap25bluetoothIwrapSendCommandEPKc
 166              	.L19:
 167 0006 00BF     		.align	2
 168              	.L18:
 169 0008 34000000 		.word	.LC3
 170              		.size	_ZN5amiro9BLUETOOTH27bluetoothListAllConnectionsEv, .-_ZN5amiro9BLUETOOTH27bluetoothListAllC
ARM GAS  /tmp/ccVMceV8.s 			page 4


 171 000c AFF30080 		.section	.text._ZN5amiro9BLUETOOTH16bluetoothSetNameEPKc,"ax",%progbits
 172              		.align	2
 173              		.p2align 4,,15
 174              		.global	_ZN5amiro9BLUETOOTH16bluetoothSetNameEPKc
 175              		.thumb
 176              		.thumb_func
 177              		.type	_ZN5amiro9BLUETOOTH16bluetoothSetNameEPKc, %function
 178              	_ZN5amiro9BLUETOOTH16bluetoothSetNameEPKc:
 179              		@ args = 0, pretend = 0, frame = 0
 180              		@ frame_needed = 1, uses_anonymous_args = 0
 181 0000 F8B5     		push	{r3, r4, r5, r6, r7, lr}
 182 0002 0546     		mov	r5, r0
 183 0004 00AF     		add	r7, sp, #0
 184 0006 0846     		mov	r0, r1
 185 0008 0C46     		mov	r4, r1
 186 000a FFF7FEFF 		bl	strlen
 187 000e 0A4B     		ldr	r3, .L21
 188 0010 00F11506 		add	r6, r0, #21
 189 0014 07CB     		ldmia	r3!, {r0, r1, r2}
 190 0016 26F00703 		bic	r3, r6, #7
 191 001a ADEB030D 		sub	sp, sp, r3
 192 001e 0090     		str	r0, [sp]	@ unaligned
 193 0020 0191     		str	r1, [sp, #4]	@ unaligned
 194 0022 03A8     		add	r0, sp, #12
 195 0024 2146     		mov	r1, r4
 196 0026 0292     		str	r2, [sp, #8]	@ unaligned
 197 0028 FFF7FEFF 		bl	strcpy
 198 002c 2846     		mov	r0, r5
 199 002e 6946     		mov	r1, sp
 200 0030 FFF7FEFF 		bl	_ZN5amiro14BluetoothIwrap25bluetoothIwrapSendCommandEPKc
 201 0034 BD46     		mov	sp, r7
 202              		@ sp needed
 203 0036 F8BD     		pop	{r3, r4, r5, r6, r7, pc}
 204              	.L22:
 205              		.align	2
 206              	.L21:
 207 0038 3C000000 		.word	.LC4
 208              		.size	_ZN5amiro9BLUETOOTH16bluetoothSetNameEPKc, .-_ZN5amiro9BLUETOOTH16bluetoothSetNameEPKc
 209 003c AFF30080 		.section	.text._ZN5amiro9BLUETOOTH15bluetoothSetPinEPKc,"ax",%progbits
 210              		.align	2
 211              		.p2align 4,,15
 212              		.global	_ZN5amiro9BLUETOOTH15bluetoothSetPinEPKc
 213              		.thumb
 214              		.thumb_func
 215              		.type	_ZN5amiro9BLUETOOTH15bluetoothSetPinEPKc, %function
 216              	_ZN5amiro9BLUETOOTH15bluetoothSetPinEPKc:
 217              		@ args = 0, pretend = 0, frame = 0
 218              		@ frame_needed = 1, uses_anonymous_args = 0
 219 0000 F8B5     		push	{r3, r4, r5, r6, r7, lr}
 220 0002 0546     		mov	r5, r0
 221 0004 00AF     		add	r7, sp, #0
 222 0006 0846     		mov	r0, r1
 223 0008 0C46     		mov	r4, r1
 224 000a FFF7FEFF 		bl	strlen
 225 000e 0C4B     		ldr	r3, .L24
 226 0010 00F11606 		add	r6, r0, #22
 227 0014 07CB     		ldmia	r3!, {r0, r1, r2}
ARM GAS  /tmp/ccVMceV8.s 			page 5


 228 0016 26F00706 		bic	r6, r6, #7
 229 001a ADEB060D 		sub	sp, sp, r6
 230 001e 1B88     		ldrh	r3, [r3]	@ unaligned
 231 0020 0090     		str	r0, [sp]	@ unaligned
 232 0022 0191     		str	r1, [sp, #4]	@ unaligned
 233 0024 0DF10E00 		add	r0, sp, #14
 234 0028 2146     		mov	r1, r4
 235 002a 0292     		str	r2, [sp, #8]	@ unaligned
 236 002c ADF80C30 		strh	r3, [sp, #12]	@ unaligned
 237 0030 FFF7FEFF 		bl	strcpy
 238 0034 2846     		mov	r0, r5
 239 0036 6946     		mov	r1, sp
 240 0038 FFF7FEFF 		bl	_ZN5amiro14BluetoothIwrap25bluetoothIwrapSendCommandEPKc
 241 003c BD46     		mov	sp, r7
 242              		@ sp needed
 243 003e F8BD     		pop	{r3, r4, r5, r6, r7, pc}
 244              	.L25:
 245              		.align	2
 246              	.L24:
 247 0040 4C000000 		.word	.LC5
 248              		.size	_ZN5amiro9BLUETOOTH15bluetoothSetPinEPKc, .-_ZN5amiro9BLUETOOTH15bluetoothSetPinEPKc
 249 0044 AFF30080 		.section	.text._ZN5amiro9BLUETOOTH24bluetoothCloseConnectionEh,"ax",%progbits
 249      AFF30080 
 249      AFF30080 
 250              		.align	2
 251              		.p2align 4,,15
 252              		.global	_ZN5amiro9BLUETOOTH24bluetoothCloseConnectionEh
 253              		.thumb
 254              		.thumb_func
 255              		.type	_ZN5amiro9BLUETOOTH24bluetoothCloseConnectionEh, %function
 256              	_ZN5amiro9BLUETOOTH24bluetoothCloseConnectionEh:
 257              		@ args = 0, pretend = 0, frame = 8
 258              		@ frame_needed = 0, uses_anonymous_args = 0
 259 0000 10B5     		push	{r4, lr}
 260 0002 0A4B     		ldr	r3, .L27
 261 0004 0446     		mov	r4, r0
 262 0006 0A46     		mov	r2, r1
 263 0008 93E80300 		ldmia	r3, {r0, r1}
 264 000c 82B0     		sub	sp, sp, #8
 265 000e 3032     		adds	r2, r2, #48
 266 0010 0090     		str	r0, [sp]
 267 0012 ADF80410 		strh	r1, [sp, #4]	@ movhi
 268 0016 0023     		movs	r3, #0
 269 0018 2046     		mov	r0, r4
 270 001a 6946     		mov	r1, sp
 271 001c 8DF80620 		strb	r2, [sp, #6]
 272 0020 8DF80730 		strb	r3, [sp, #7]
 273 0024 FFF7FEFF 		bl	_ZN5amiro14BluetoothIwrap25bluetoothIwrapSendCommandEPKc
 274 0028 02B0     		add	sp, sp, #8
 275              		@ sp needed
 276 002a 10BD     		pop	{r4, pc}
 277              	.L28:
 278              		.align	2
 279              	.L27:
 280 002c 5C000000 		.word	.LC6
 281              		.size	_ZN5amiro9BLUETOOTH24bluetoothCloseConnectionEh, .-_ZN5amiro9BLUETOOTH24bluetoothCloseConnec
 282              		.section	.text._ZN5amiro9BLUETOOTH20bluetoothSendCommandEPKc,"ax",%progbits
ARM GAS  /tmp/ccVMceV8.s 			page 6


 283              		.align	2
 284              		.p2align 4,,15
 285              		.global	_ZN5amiro9BLUETOOTH20bluetoothSendCommandEPKc
 286              		.thumb
 287              		.thumb_func
 288              		.type	_ZN5amiro9BLUETOOTH20bluetoothSendCommandEPKc, %function
 289              	_ZN5amiro9BLUETOOTH20bluetoothSendCommandEPKc:
 290              		@ args = 0, pretend = 0, frame = 0
 291              		@ frame_needed = 0, uses_anonymous_args = 0
 292              		@ link register save eliminated.
 293 0000 FFF7FEBF 		b	_ZN5amiro14BluetoothIwrap25bluetoothIwrapSendCommandEPKc
 294              		.size	_ZN5amiro9BLUETOOTH20bluetoothSendCommandEPKc, .-_ZN5amiro9BLUETOOTH20bluetoothSendCommandEP
 295 0004 AFF30080 		.section	.text._ZN5amiro9BLUETOOTH18bluetoothIsMuxModeEv,"ax",%progbits
 295      AFF30080 
 295      AFF30080 
 296              		.align	2
 297              		.p2align 4,,15
 298              		.global	_ZN5amiro9BLUETOOTH18bluetoothIsMuxModeEv
 299              		.thumb
 300              		.thumb_func
 301              		.type	_ZN5amiro9BLUETOOTH18bluetoothIsMuxModeEv, %function
 302              	_ZN5amiro9BLUETOOTH18bluetoothIsMuxModeEv:
 303              		@ args = 0, pretend = 0, frame = 0
 304              		@ frame_needed = 0, uses_anonymous_args = 0
 305              		@ link register save eliminated.
 306 0000 00F5F070 		add	r0, r0, #480
 307 0004 FFF7FEBF 		b	_ZN5amiro18BluetoothTransport27bluetoothTransportIsMuxModeEv
 308              		.size	_ZN5amiro9BLUETOOTH18bluetoothIsMuxModeEv, .-_ZN5amiro9BLUETOOTH18bluetoothIsMuxModeEv
 309 0008 AFF30080 		.section	.rodata.str1.4,"aMS",%progbits,1
 309      AFF30080 
 310              		.align	2
 311              	.LC0:
 312 0000 53455420 		.ascii	"SET CONTROL MUX 1\000"
 312      434F4E54 
 312      524F4C20 
 312      4D555820 
 312      3100
 313 0012 0000     		.space	2
 314              	.LC1:
 315 0014 53455420 		.ascii	"SET CONTROL MUX 0\000"
 315      434F4E54 
 315      524F4C20 
 315      4D555820 
 315      3000
 316 0026 0000     		.space	2
 317              	.LC2:
 318 0028 494E5155 		.ascii	"INQUIRY 5\000"
 318      49525920 
 318      3500
 319 0032 0000     		.space	2
 320              	.LC3:
 321 0034 4C697374 		.ascii	"List\000"
 321      00
 322 0039 000000   		.space	3
 323              	.LC4:
 324 003c 53455420 		.ascii	"SET BT NAME \000"
 324      4254204E 
ARM GAS  /tmp/ccVMceV8.s 			page 7


 324      414D4520 
 324      00
 325 0049 000000   		.space	3
 326              	.LC5:
 327 004c 53455420 		.ascii	"SET BT AUTH * \000"
 327      42542041 
 327      55544820 
 327      2A2000
 328 005b 00       		.space	1
 329              	.LC6:
 330 005c 434C4F53 		.ascii	"CLOSE \000"
 330      452000
 331 0063 00       		.ident	"GCC: (GNU Tools for ARM Embedded Processors) 4.8.3 20140228 (release) [ARM/embedded-4_8-br
ARM GAS  /tmp/ccVMceV8.s 			page 8


DEFINED SYMBOLS
                            *ABS*:00000000 bluetooth.cpp
     /tmp/ccVMceV8.s:18     .text._ZN5amiro9BLUETOOTHC2EP10UARTDriver:00000000 $t
     /tmp/ccVMceV8.s:24     .text._ZN5amiro9BLUETOOTHC2EP10UARTDriver:00000000 _ZN5amiro9BLUETOOTHC2EP10UARTDriver
     /tmp/ccVMceV8.s:24     .text._ZN5amiro9BLUETOOTHC2EP10UARTDriver:00000000 _ZN5amiro9BLUETOOTHC1EP10UARTDriver
     /tmp/ccVMceV8.s:36     .text._ZN5amiro9BLUETOOTH14bluetoothResetEv:00000000 $t
     /tmp/ccVMceV8.s:42     .text._ZN5amiro9BLUETOOTH14bluetoothResetEv:00000000 _ZN5amiro9BLUETOOTH14bluetoothResetEv
     /tmp/ccVMceV8.s:62     .text._ZN5amiro9BLUETOOTH14bluetoothResetEv:0000002c $d
     /tmp/ccVMceV8.s:65     .text._ZN5amiro9BLUETOOTH14bluetoothStartEv:00000000 $t
     /tmp/ccVMceV8.s:71     .text._ZN5amiro9BLUETOOTH14bluetoothStartEv:00000000 _ZN5amiro9BLUETOOTH14bluetoothStartEv
     /tmp/ccVMceV8.s:94     .text._ZN5amiro9BLUETOOTH14bluetoothStartEv:0000002c $d
     /tmp/ccVMceV8.s:97     .text._ZN5amiro9BLUETOOTH18bluetoothEnableMuxEv:00000000 $t
     /tmp/ccVMceV8.s:103    .text._ZN5amiro9BLUETOOTH18bluetoothEnableMuxEv:00000000 _ZN5amiro9BLUETOOTH18bluetoothEnableMuxEv
     /tmp/ccVMceV8.s:112    .text._ZN5amiro9BLUETOOTH18bluetoothEnableMuxEv:00000008 $d
     /tmp/ccVMceV8.s:115    .text._ZN5amiro9BLUETOOTH19bluetoothDisableMuxEv:00000000 $t
     /tmp/ccVMceV8.s:121    .text._ZN5amiro9BLUETOOTH19bluetoothDisableMuxEv:00000000 _ZN5amiro9BLUETOOTH19bluetoothDisableMuxEv
     /tmp/ccVMceV8.s:130    .text._ZN5amiro9BLUETOOTH19bluetoothDisableMuxEv:00000008 $d
     /tmp/ccVMceV8.s:133    .text._ZN5amiro9BLUETOOTH24bluetoothDiscoverDevicesEv:00000000 $t
     /tmp/ccVMceV8.s:139    .text._ZN5amiro9BLUETOOTH24bluetoothDiscoverDevicesEv:00000000 _ZN5amiro9BLUETOOTH24bluetoothDiscoverDevicesEv
     /tmp/ccVMceV8.s:151    .text._ZN5amiro9BLUETOOTH24bluetoothDiscoverDevicesEv:00000014 $d
     /tmp/ccVMceV8.s:154    .text._ZN5amiro9BLUETOOTH27bluetoothListAllConnectionsEv:00000000 $t
     /tmp/ccVMceV8.s:160    .text._ZN5amiro9BLUETOOTH27bluetoothListAllConnectionsEv:00000000 _ZN5amiro9BLUETOOTH27bluetoothListAllConnectionsEv
     /tmp/ccVMceV8.s:169    .text._ZN5amiro9BLUETOOTH27bluetoothListAllConnectionsEv:00000008 $d
     /tmp/ccVMceV8.s:172    .text._ZN5amiro9BLUETOOTH16bluetoothSetNameEPKc:00000000 $t
     /tmp/ccVMceV8.s:178    .text._ZN5amiro9BLUETOOTH16bluetoothSetNameEPKc:00000000 _ZN5amiro9BLUETOOTH16bluetoothSetNameEPKc
     /tmp/ccVMceV8.s:207    .text._ZN5amiro9BLUETOOTH16bluetoothSetNameEPKc:00000038 $d
     /tmp/ccVMceV8.s:210    .text._ZN5amiro9BLUETOOTH15bluetoothSetPinEPKc:00000000 $t
     /tmp/ccVMceV8.s:216    .text._ZN5amiro9BLUETOOTH15bluetoothSetPinEPKc:00000000 _ZN5amiro9BLUETOOTH15bluetoothSetPinEPKc
     /tmp/ccVMceV8.s:247    .text._ZN5amiro9BLUETOOTH15bluetoothSetPinEPKc:00000040 $d
     /tmp/ccVMceV8.s:250    .text._ZN5amiro9BLUETOOTH24bluetoothCloseConnectionEh:00000000 $t
     /tmp/ccVMceV8.s:256    .text._ZN5amiro9BLUETOOTH24bluetoothCloseConnectionEh:00000000 _ZN5amiro9BLUETOOTH24bluetoothCloseConnectionEh
     /tmp/ccVMceV8.s:280    .text._ZN5amiro9BLUETOOTH24bluetoothCloseConnectionEh:0000002c $d
     /tmp/ccVMceV8.s:283    .text._ZN5amiro9BLUETOOTH20bluetoothSendCommandEPKc:00000000 $t
     /tmp/ccVMceV8.s:289    .text._ZN5amiro9BLUETOOTH20bluetoothSendCommandEPKc:00000000 _ZN5amiro9BLUETOOTH20bluetoothSendCommandEPKc
     /tmp/ccVMceV8.s:296    .text._ZN5amiro9BLUETOOTH18bluetoothIsMuxModeEv:00000000 $t
     /tmp/ccVMceV8.s:302    .text._ZN5amiro9BLUETOOTH18bluetoothIsMuxModeEv:00000000 _ZN5amiro9BLUETOOTH18bluetoothIsMuxModeEv
     /tmp/ccVMceV8.s:310    .rodata.str1.4:00000000 $d
     /tmp/ccVMceV8.s:114    .text._ZN5amiro9BLUETOOTH18bluetoothEnableMuxEv:0000000c $t
     /tmp/ccVMceV8.s:132    .text._ZN5amiro9BLUETOOTH19bluetoothDisableMuxEv:0000000c $t
     /tmp/ccVMceV8.s:153    .text._ZN5amiro9BLUETOOTH24bluetoothDiscoverDevicesEv:00000018 $t
     /tmp/ccVMceV8.s:171    .text._ZN5amiro9BLUETOOTH27bluetoothListAllConnectionsEv:0000000c $t
     /tmp/ccVMceV8.s:209    .text._ZN5amiro9BLUETOOTH16bluetoothSetNameEPKc:0000003c $t
     /tmp/ccVMceV8.s:249    .text._ZN5amiro9BLUETOOTH15bluetoothSetPinEPKc:00000044 $t

UNDEFINED SYMBOLS
_ZN5amiro14BluetoothIwrapC1EP10UARTDriver
_ZN10chibios_rt10BaseThread5sleepEm
_ZN5amiro18BluetoothTransport28bluetoothTransportResetStateEv
chThdCreateStatic
_ZN10chibios_rt10_thd_startEPv
_ZN5amiro14BluetoothIwrap25bluetoothIwrapSendCommandEPKc
strlen
strcpy
_ZN5amiro18BluetoothTransport27bluetoothTransportIsMuxModeEv
