ARM GAS  /tmp/cc2qURtG.s 			page 1


   1              		.syntax unified
   2              		.cpu cortex-m4
   3              		.eabi_attribute 27, 3
   4              		.eabi_attribute 28, 1
   5              		.fpu fpv4-sp-d16
   6              		.eabi_attribute 20, 1
   7              		.eabi_attribute 21, 1
   8              		.eabi_attribute 23, 3
   9              		.eabi_attribute 24, 1
  10              		.eabi_attribute 25, 1
  11              		.eabi_attribute 26, 1
  12              		.eabi_attribute 30, 2
  13              		.eabi_attribute 34, 1
  14              		.eabi_attribute 18, 4
  15              		.thumb
  16              		.file	"bluetooth-iwrap.cpp"
  17              		.section	.text._ZN10chibios_rt16BaseStaticThreadILi128EE5startEm,"axG",%progbits,_ZN10chibios_rt16
  18              		.align	2
  19              		.p2align 4,,15
  20              		.weak	_ZN10chibios_rt16BaseStaticThreadILi128EE5startEm
  21              		.thumb
  22              		.thumb_func
  23              		.type	_ZN10chibios_rt16BaseStaticThreadILi128EE5startEm, %function
  24              	_ZN10chibios_rt16BaseStaticThreadILi128EE5startEm:
  25              		@ args = 0, pretend = 0, frame = 0
  26              		@ frame_needed = 0, uses_anonymous_args = 0
  27 0000 30B5     		push	{r4, r5, lr}
  28 0002 83B0     		sub	sp, sp, #12
  29 0004 0D46     		mov	r5, r1
  30 0006 0446     		mov	r4, r0
  31 0008 0091     		str	r1, [sp]
  32 000a 05F10800 		add	r0, r5, #8
  33 000e 4FF4EC71 		mov	r1, #472
  34 0012 054B     		ldr	r3, .L2
  35 0014 FFF7FEFF 		bl	chThdCreateStatic
  36 0018 044A     		ldr	r2, .L2+4
  37 001a 6860     		str	r0, [r5, #4]
  38 001c 0346     		mov	r3, r0
  39 001e 2046     		mov	r0, r4
  40 0020 84E80C00 		stmia	r4, {r2, r3}
  41 0024 03B0     		add	sp, sp, #12
  42              		@ sp needed
  43 0026 30BD     		pop	{r4, r5, pc}
  44              	.L3:
  45              		.align	2
  46              	.L2:
  47 0028 00000000 		.word	_ZN10chibios_rt10_thd_startEPv
  48 002c 08000000 		.word	_ZTVN10chibios_rt15ThreadReferenceE+8
  49              		.size	_ZN10chibios_rt16BaseStaticThreadILi128EE5startEm, .-_ZN10chibios_rt16BaseStaticThreadILi128
  50              		.section	.text._ZN5amiro14BluetoothIwrapC2EP10UARTDriver,"ax",%progbits
  51              		.align	2
  52              		.p2align 4,,15
  53              		.global	_ZN5amiro14BluetoothIwrapC2EP10UARTDriver
  54              		.thumb
  55              		.thumb_func
  56              		.type	_ZN5amiro14BluetoothIwrapC2EP10UARTDriver, %function
  57              	_ZN5amiro14BluetoothIwrapC2EP10UARTDriver:
ARM GAS  /tmp/cc2qURtG.s 			page 2


  58              		@ args = 0, pretend = 0, frame = 0
  59              		@ frame_needed = 0, uses_anonymous_args = 0
  60 0000 38B5     		push	{r3, r4, r5, lr}
  61 0002 0446     		mov	r4, r0
  62 0004 0D46     		mov	r5, r1
  63 0006 FFF7FEFF 		bl	_ZN10chibios_rt10BaseThreadC2Ev
  64 000a 0E4B     		ldr	r3, .L5
  65 000c 2360     		str	r3, [r4]
  66 000e 2946     		mov	r1, r5
  67 0010 04F5F070 		add	r0, r4, #480
  68 0014 FFF7FEFF 		bl	_ZN5amiro18BluetoothTransportC1EP10UARTDriver
  69 0018 04F66800 		addw	r0, r4, #2152
  70 001c 04F50961 		add	r1, r4, #2192
  71 0020 0522     		movs	r2, #5
  72 0022 FFF7FEFF 		bl	_ZN10chibios_rt7MailboxC1EPll
  73 0026 0023     		movs	r3, #0
  74 0028 C4F8A438 		str	r3, [r4, #2212]
  75 002c C4F8A838 		str	r3, [r4, #2216]
  76 0030 C4F8AC38 		str	r3, [r4, #2220]
  77 0034 C4F8B038 		str	r3, [r4, #2224]
  78 0038 84F8B438 		strb	r3, [r4, #2228]
  79 003c C4F8B838 		str	r3, [r4, #2232]
  80 0040 2046     		mov	r0, r4
  81 0042 38BD     		pop	{r3, r4, r5, pc}
  82              	.L6:
  83              		.align	2
  84              	.L5:
  85 0044 08000000 		.word	.LANCHOR0+8
  86              		.size	_ZN5amiro14BluetoothIwrapC2EP10UARTDriver, .-_ZN5amiro14BluetoothIwrapC2EP10UARTDriver
  87              		.global	_ZN5amiro14BluetoothIwrapC1EP10UARTDriver
  88              		.thumb_set _ZN5amiro14BluetoothIwrapC1EP10UARTDriver,_ZN5amiro14BluetoothIwrapC2EP10UARTDriver
  89 0048 AFF30080 		.section	.text._ZN5amiro14BluetoothIwrap12iwrapReceiveEv,"ax",%progbits
  89      AFF30080 
  90              		.align	2
  91              		.p2align 4,,15
  92              		.global	_ZN5amiro14BluetoothIwrap12iwrapReceiveEv
  93              		.thumb
  94              		.thumb_func
  95              		.type	_ZN5amiro14BluetoothIwrap12iwrapReceiveEv, %function
  96              	_ZN5amiro14BluetoothIwrap12iwrapReceiveEv:
  97              		@ args = 0, pretend = 0, frame = 8
  98              		@ frame_needed = 0, uses_anonymous_args = 0
  99 0000 2DE9F041 		push	{r4, r5, r6, r7, r8, lr}
 100 0004 82B0     		sub	sp, sp, #8
 101 0006 02A9     		add	r1, sp, #8
 102 0008 0023     		movs	r3, #0
 103 000a 41F8043D 		str	r3, [r1, #-4]!
 104 000e 0646     		mov	r6, r0
 105 0010 4FF0FF32 		mov	r2, #-1
 106 0014 00F66800 		addw	r0, r0, #2152
 107 0018 FFF7FEFF 		bl	_ZN10chibios_rt7Mailbox5fetchEPlm
 108 001c 0230     		adds	r0, r0, #2
 109 001e 00F08480 		beq	.L33
 110 0022 0198     		ldr	r0, [sp, #4]
 111 0024 FFF7FEFF 		bl	_ZN5amiro19BluetoothDescriptor29bluetoothDescriptorGetPayloadEv
 112 0028 0746     		mov	r7, r0
 113 002a 0198     		ldr	r0, [sp, #4]
ARM GAS  /tmp/cc2qURtG.s 			page 3


 114 002c FFF7FEFF 		bl	_ZN5amiro19BluetoothDescriptor35bluetoothDescriptorGetPayloadLengthEv
 115 0030 60B1     		cbz	r0, .L13
 116 0032 DFF87881 		ldr	r8, .L82
 117 0036 C519     		adds	r5, r0, r7
 118 0038 3C46     		mov	r4, r7
 119              	.L14:
 120 003a D8F80030 		ldr	r3, [r8]
 121 003e 14F8011B 		ldrb	r1, [r4], #1	@ zero_extendqisi2
 122 0042 9B68     		ldr	r3, [r3, #8]
 123 0044 5948     		ldr	r0, .L82
 124 0046 9847     		blx	r3
 125 0048 AC42     		cmp	r4, r5
 126 004a F6D1     		bne	.L14
 127              	.L13:
 128 004c 0023     		movs	r3, #0
 129 004e C6F8B838 		str	r3, [r6, #2232]
 130 0052 3846     		mov	r0, r7
 131 0054 5649     		ldr	r1, .L82+4
 132 0056 FFF7FEFF 		bl	strstr
 133 005a 0028     		cmp	r0, #0
 134 005c 3CD0     		beq	.L12
 135 005e 3846     		mov	r0, r7
 136 0060 5449     		ldr	r1, .L82+8
 137 0062 FFF7FEFF 		bl	strstr
 138 0066 88B3     		cbz	r0, .L78
 139              	.L15:
 140 0068 3446     		mov	r4, r6
 141 006a 0025     		movs	r5, #0
 142 006c 06F6A408 		addw	r8, r6, #2212
 143              	.L20:
 144 0070 D4F88837 		ldr	r3, [r4, #1928]
 145 0074 4046     		mov	r0, r8
 146 0076 1946     		mov	r1, r3
 147 0078 1C34     		adds	r4, r4, #28
 148 007a 13B1     		cbz	r3, .L16
 149 007c FFF7FEFF 		bl	strstr
 150 0080 88B9     		cbnz	r0, .L79
 151              	.L16:
 152 0082 0135     		adds	r5, r5, #1
 153 0084 082D     		cmp	r5, #8
 154 0086 F3D1     		bne	.L20
 155              	.L19:
 156 0088 06F5F070 		add	r0, r6, #480
 157 008c FFF7FEFF 		bl	_ZN5amiro18BluetoothTransport35bluetoothTransportGetStorageMailboxEv
 158 0090 0199     		ldr	r1, [sp, #4]
 159 0092 4FF0FF32 		mov	r2, #-1
 160 0096 FFF7FEFF 		bl	_ZN10chibios_rt7Mailbox4postElm
 161 009a 0230     		adds	r0, r0, #2
 162 009c 45D0     		beq	.L33
 163 009e 0020     		movs	r0, #0
 164              	.L9:
 165 00a0 02B0     		add	sp, sp, #8
 166              		@ sp needed
 167 00a2 BDE8F081 		pop	{r4, r5, r6, r7, r8, pc}
 168              	.L79:
 169 00a6 C5EBC505 		rsb	r5, r5, r5, lsl #3
 170 00aa 06EB8503 		add	r3, r6, r5, lsl #2
ARM GAS  /tmp/cc2qURtG.s 			page 4


 171 00ae 397A     		ldrb	r1, [r7, #8]	@ zero_extendqisi2
 172 00b0 03F5F163 		add	r3, r3, #1928
 173              	.L76:
 174 00b4 DA68     		ldr	r2, [r3, #12]
 175 00b6 3039     		subs	r1, r1, #48
 176 00b8 C9B2     		uxtb	r1, r1
 177 00ba D007     		lsls	r0, r2, #31
 178 00bc 1976     		strb	r1, [r3, #24]
 179 00be 2DD4     		bmi	.L80
 180 00c0 5868     		ldr	r0, [r3, #4]
 181 00c2 9B68     		ldr	r3, [r3, #8]
 182 00c4 00EB6200 		add	r0, r0, r2, asr #1
 183              	.L27:
 184 00c8 9847     		blx	r3
 185 00ca DDE7     		b	.L19
 186              	.L78:
 187 00cc 3846     		mov	r0, r7
 188 00ce 3A49     		ldr	r1, .L82+12
 189 00d0 FFF7FEFF 		bl	strstr
 190 00d4 0028     		cmp	r0, #0
 191 00d6 C7D1     		bne	.L15
 192              	.L12:
 193 00d8 3846     		mov	r0, r7
 194 00da 3849     		ldr	r1, .L82+16
 195 00dc FFF7FEFF 		bl	strstr
 196 00e0 30B3     		cbz	r0, .L21
 197 00e2 3846     		mov	r0, r7
 198 00e4 3649     		ldr	r1, .L82+20
 199 00e6 FFF7FEFF 		bl	strstr
 200 00ea 08B3     		cbz	r0, .L21
 201 00ec 3546     		mov	r5, r6
 202 00ee 4FF00008 		mov	r8, #0
 203              	.L28:
 204 00f2 D5F88847 		ldr	r4, [r5, #1928]
 205 00f6 3846     		mov	r0, r7
 206 00f8 2146     		mov	r1, r4
 207 00fa 1C35     		adds	r5, r5, #28
 208 00fc 44B1     		cbz	r4, .L22
 209 00fe FFF7FEFF 		bl	strstr
 210 0102 3049     		ldr	r1, .L82+24
 211 0104 0028     		cmp	r0, #0
 212 0106 31D1     		bne	.L26
 213 0108 2046     		mov	r0, r4
 214 010a FFF7FEFF 		bl	strstr
 215 010e 68BB     		cbnz	r0, .L26
 216              	.L22:
 217 0110 08F10108 		add	r8, r8, #1
 218 0114 B8F1080F 		cmp	r8, #8
 219 0118 EBD1     		bne	.L28
 220 011a B5E7     		b	.L19
 221              	.L80:
 222 011c 5210     		asrs	r2, r2, #1
 223 011e 5868     		ldr	r0, [r3, #4]
 224 0120 9C68     		ldr	r4, [r3, #8]
 225 0122 8358     		ldr	r3, [r0, r2]
 226 0124 1044     		add	r0, r0, r2
 227 0126 1B59     		ldr	r3, [r3, r4]
ARM GAS  /tmp/cc2qURtG.s 			page 5


 228 0128 CEE7     		b	.L27
 229              	.L33:
 230 012a 6FF00100 		mvn	r0, #1
 231 012e B7E7     		b	.L9
 232              	.L21:
 233 0130 3846     		mov	r0, r7
 234 0132 2549     		ldr	r1, .L82+28
 235 0134 FFF7FEFF 		bl	strstr
 236 0138 0028     		cmp	r0, #0
 237 013a A5D0     		beq	.L19
 238 013c 3846     		mov	r0, r7
 239 013e 2349     		ldr	r1, .L82+32
 240 0140 FFF7FEFF 		bl	strstr
 241 0144 0028     		cmp	r0, #0
 242 0146 9FD0     		beq	.L19
 243 0148 F87A     		ldrb	r0, [r7, #11]	@ zero_extendqisi2
 244 014a 3038     		subs	r0, r0, #48
 245 014c C0B2     		uxtb	r0, r0
 246 014e 3346     		mov	r3, r6
 247 0150 0022     		movs	r2, #0
 248              	.L32:
 249 0152 D3F88817 		ldr	r1, [r3, #1928]
 250 0156 19B1     		cbz	r1, .L29
 251 0158 93F8A017 		ldrb	r1, [r3, #1952]	@ zero_extendqisi2
 252 015c 8142     		cmp	r1, r0
 253 015e 0DD0     		beq	.L81
 254              	.L29:
 255 0160 0132     		adds	r2, r2, #1
 256 0162 082A     		cmp	r2, #8
 257 0164 03F11C03 		add	r3, r3, #28
 258 0168 F3D1     		bne	.L32
 259 016a 8DE7     		b	.L19
 260              	.L26:
 261 016c C8EBC808 		rsb	r8, r8, r8, lsl #3
 262 0170 06EB8803 		add	r3, r6, r8, lsl #2
 263 0174 03F5F163 		add	r3, r3, #1928
 264 0178 7979     		ldrb	r1, [r7, #5]	@ zero_extendqisi2
 265 017a 9BE7     		b	.L76
 266              	.L81:
 267 017c C2EBC202 		rsb	r2, r2, r2, lsl #3
 268 0180 06EB8203 		add	r3, r6, r2, lsl #2
 269 0184 03F5F163 		add	r3, r3, #1928
 270 0188 5A69     		ldr	r2, [r3, #20]
 271 018a FF21     		movs	r1, #255
 272 018c 1976     		strb	r1, [r3, #24]
 273 018e D107     		lsls	r1, r2, #31
 274 0190 05D4     		bmi	.L30
 275 0192 5868     		ldr	r0, [r3, #4]
 276 0194 1B69     		ldr	r3, [r3, #16]
 277 0196 00EB6200 		add	r0, r0, r2, asr #1
 278              	.L31:
 279 019a 9847     		blx	r3
 280 019c 74E7     		b	.L19
 281              	.L30:
 282 019e 5210     		asrs	r2, r2, #1
 283 01a0 5868     		ldr	r0, [r3, #4]
 284 01a2 1969     		ldr	r1, [r3, #16]
ARM GAS  /tmp/cc2qURtG.s 			page 6


 285 01a4 8358     		ldr	r3, [r0, r2]
 286 01a6 1044     		add	r0, r0, r2
 287 01a8 5B58     		ldr	r3, [r3, r1]
 288 01aa F6E7     		b	.L31
 289              	.L83:
 290              		.align	2
 291              	.L82:
 292 01ac F0360000 		.word	global+14064
 293 01b0 00000000 		.word	.LC0
 294 01b4 0C000000 		.word	.LC1
 295 01b8 18000000 		.word	.LC2
 296 01bc 24000000 		.word	.LC3
 297 01c0 2C000000 		.word	.LC4
 298 01c4 38000000 		.word	.LC5
 299 01c8 40000000 		.word	.LC6
 300 01cc 4C000000 		.word	.LC7
 301              		.size	_ZN5amiro14BluetoothIwrap12iwrapReceiveEv, .-_ZN5amiro14BluetoothIwrap12iwrapReceiveEv
 302              		.section	.text.startup._ZN5amiro14BluetoothIwrap4mainEv,"ax",%progbits
 303              		.align	2
 304              		.p2align 4,,15
 305              		.global	_ZN5amiro14BluetoothIwrap4mainEv
 306              		.thumb
 307              		.thumb_func
 308              		.type	_ZN5amiro14BluetoothIwrap4mainEv, %function
 309              	_ZN5amiro14BluetoothIwrap4mainEv:
 310              		@ args = 0, pretend = 0, frame = 8
 311              		@ frame_needed = 0, uses_anonymous_args = 0
 312 0000 30B5     		push	{r4, r5, lr}
 313 0002 00F5F075 		add	r5, r0, #480
 314 0006 83B0     		sub	sp, sp, #12
 315 0008 0446     		mov	r4, r0
 316 000a 0C48     		ldr	r0, .L87
 317 000c FFF7FEFF 		bl	_ZN10chibios_rt10BaseThread7setNameEPKc
 318 0010 2846     		mov	r0, r5
 319 0012 04F66802 		addw	r2, r4, #2152
 320 0016 FF21     		movs	r1, #255
 321 0018 FFF7FEFF 		bl	_ZN5amiro18BluetoothTransport35bluetoothTransportSetReceiveMailboxEhPN10chibios_rt7MailboxE
 322 001c 2946     		mov	r1, r5
 323 001e 6846     		mov	r0, sp
 324 0020 4022     		movs	r2, #64
 325 0022 FFF7FEFF 		bl	_ZN10chibios_rt16BaseStaticThreadILi128EE5startEm
 326 0026 02E0     		b	.L85
 327              	.L86:
 328 0028 2046     		mov	r0, r4
 329 002a FFF7FEFF 		bl	_ZN5amiro14BluetoothIwrap12iwrapReceiveEv
 330              	.L85:
 331 002e FFF7FEFF 		bl	_ZN10chibios_rt10BaseThread15shouldTerminateEv
 332 0032 0028     		cmp	r0, #0
 333 0034 F8D0     		beq	.L86
 334 0036 0020     		movs	r0, #0
 335 0038 03B0     		add	sp, sp, #12
 336              		@ sp needed
 337 003a 30BD     		pop	{r4, r5, pc}
 338              	.L88:
 339              		.align	2
 340              	.L87:
 341 003c 54000000 		.word	.LC8
ARM GAS  /tmp/cc2qURtG.s 			page 7


 342              		.size	_ZN5amiro14BluetoothIwrap4mainEv, .-_ZN5amiro14BluetoothIwrap4mainEv
 343              		.section	.text._ZN5amiro14BluetoothIwrap13iwrapTransmitEhPKhj,"ax",%progbits
 344              		.align	2
 345              		.p2align 4,,15
 346              		.global	_ZN5amiro14BluetoothIwrap13iwrapTransmitEhPKhj
 347              		.thumb
 348              		.thumb_func
 349              		.type	_ZN5amiro14BluetoothIwrap13iwrapTransmitEhPKhj, %function
 350              	_ZN5amiro14BluetoothIwrap13iwrapTransmitEhPKhj:
 351              		@ args = 0, pretend = 0, frame = 8
 352              		@ frame_needed = 0, uses_anonymous_args = 0
 353 0000 2DE9F043 		push	{r4, r5, r6, r7, r8, r9, lr}
 354 0004 83B0     		sub	sp, sp, #12
 355 0006 02AC     		add	r4, sp, #8
 356 0008 0026     		movs	r6, #0
 357 000a 44F8046D 		str	r6, [r4, #-4]!
 358 000e 00F5F075 		add	r5, r0, #480
 359 0012 2846     		mov	r0, r5
 360 0014 8846     		mov	r8, r1
 361 0016 9146     		mov	r9, r2
 362 0018 1F46     		mov	r7, r3
 363 001a FFF7FEFF 		bl	_ZN5amiro18BluetoothTransport35bluetoothTransportGetStorageMailboxEv
 364 001e 2146     		mov	r1, r4
 365 0020 4FF0FF32 		mov	r2, #-1
 366 0024 FFF7FEFF 		bl	_ZN10chibios_rt7Mailbox5fetchEPlm
 367 0028 0230     		adds	r0, r0, #2
 368 002a 1CD0     		beq	.L92
 369 002c 0198     		ldr	r0, [sp, #4]
 370 002e FFF7FEFF 		bl	_ZN5amiro19BluetoothDescriptor29bluetoothDescriptorGetPayloadEv
 371 0032 3A46     		mov	r2, r7
 372 0034 4946     		mov	r1, r9
 373 0036 FFF7FEFF 		bl	memcpy
 374 003a 4146     		mov	r1, r8
 375 003c 0198     		ldr	r0, [sp, #4]
 376 003e FFF7FEFF 		bl	_ZN5amiro19BluetoothDescriptor28bluetoothDescriptorSetLinkIdEh
 377 0042 3946     		mov	r1, r7
 378 0044 0198     		ldr	r0, [sp, #4]
 379 0046 FFF7FEFF 		bl	_ZN5amiro19BluetoothDescriptor35bluetoothDescriptorSetPayloadLengthEj
 380 004a 2846     		mov	r0, r5
 381 004c FFF7FEFF 		bl	_ZN5amiro18BluetoothTransport36bluetoothTransportGetTransmitMailboxEv
 382 0050 0199     		ldr	r1, [sp, #4]
 383 0052 4FF0FF32 		mov	r2, #-1
 384 0056 FFF7FEFF 		bl	_ZN10chibios_rt7Mailbox4postElm
 385 005a 0230     		adds	r0, r0, #2
 386 005c 03D0     		beq	.L92
 387 005e 3046     		mov	r0, r6
 388              	.L91:
 389 0060 03B0     		add	sp, sp, #12
 390              		@ sp needed
 391 0062 BDE8F083 		pop	{r4, r5, r6, r7, r8, r9, pc}
 392              	.L92:
 393 0066 6FF00100 		mvn	r0, #1
 394 006a F9E7     		b	.L91
 395              		.size	_ZN5amiro14BluetoothIwrap13iwrapTransmitEhPKhj, .-_ZN5amiro14BluetoothIwrap13iwrapTransmitEh
 396 006c AFF30080 		.section	.text._ZN5amiro14BluetoothIwrap25bluetoothIwrapSendCommandEPKc,"ax",%progbits
 397              		.align	2
 398              		.p2align 4,,15
ARM GAS  /tmp/cc2qURtG.s 			page 8


 399              		.global	_ZN5amiro14BluetoothIwrap25bluetoothIwrapSendCommandEPKc
 400              		.thumb
 401              		.thumb_func
 402              		.type	_ZN5amiro14BluetoothIwrap25bluetoothIwrapSendCommandEPKc, %function
 403              	_ZN5amiro14BluetoothIwrap25bluetoothIwrapSendCommandEPKc:
 404              		@ args = 0, pretend = 0, frame = 0
 405              		@ frame_needed = 0, uses_anonymous_args = 0
 406 0000 F8B5     		push	{r3, r4, r5, r6, r7, lr}
 407 0002 D0F8B838 		ldr	r3, [r0, #2232]
 408 0006 012B     		cmp	r3, #1
 409 0008 0446     		mov	r4, r0
 410 000a 0D46     		mov	r5, r1
 411 000c 07D1     		bne	.L100
 412              	.L101:
 413 000e 4FF4FA70 		mov	r0, #500
 414 0012 FFF7FEFF 		bl	_ZN10chibios_rt10BaseThread5sleepEm
 415 0016 D4F8B838 		ldr	r3, [r4, #2232]
 416 001a 012B     		cmp	r3, #1
 417 001c F7D0     		beq	.L101
 418              	.L100:
 419 001e 0123     		movs	r3, #1
 420 0020 C4F8B838 		str	r3, [r4, #2232]
 421 0024 2846     		mov	r0, r5
 422 0026 3149     		ldr	r1, .L113
 423 0028 FFF7FEFF 		bl	strstr
 424 002c A8B1     		cbz	r0, .L99
 425 002e 2846     		mov	r0, r5
 426 0030 2F49     		ldr	r1, .L113+4
 427 0032 FFF7FEFF 		bl	strstr
 428 0036 38B3     		cbz	r0, .L111
 429              	.L102:
 430 0038 2B46     		mov	r3, r5
 431 003a 53F8057F 		ldr	r7, [r3, #5]!	@ unaligned
 432 003e 5E68     		ldr	r6, [r3, #4]	@ unaligned
 433 0040 9868     		ldr	r0, [r3, #8]	@ unaligned
 434 0042 D968     		ldr	r1, [r3, #12]	@ unaligned
 435 0044 C4F8B018 		str	r1, [r4, #2224]	@ unaligned
 436 0048 C4F8A478 		str	r7, [r4, #2212]	@ unaligned
 437 004c C4F8A868 		str	r6, [r4, #2216]	@ unaligned
 438 0050 C4F8AC08 		str	r0, [r4, #2220]	@ unaligned
 439 0054 1B7C     		ldrb	r3, [r3, #16]	@ zero_extendqisi2
 440 0056 84F8B438 		strb	r3, [r4, #2228]
 441              	.L99:
 442 005a 2846     		mov	r0, r5
 443 005c FFF7FEFF 		bl	strlen
 444 0060 FF21     		movs	r1, #255
 445 0062 0346     		mov	r3, r0
 446 0064 2A46     		mov	r2, r5
 447 0066 2046     		mov	r0, r4
 448 0068 FFF7FEFF 		bl	_ZN5amiro14BluetoothIwrap13iwrapTransmitEhPKhj
 449 006c 2846     		mov	r0, r5
 450 006e 2149     		ldr	r1, .L113+8
 451 0070 FFF7FEFF 		bl	strstr
 452 0074 78B1     		cbz	r0, .L112
 453              	.L103:
 454 0076 0023     		movs	r3, #0
 455 0078 C4F8B838 		str	r3, [r4, #2232]
ARM GAS  /tmp/cc2qURtG.s 			page 9


 456              	.L104:
 457 007c 4FF4FA70 		mov	r0, #500
 458 0080 BDE8F840 		pop	{r3, r4, r5, r6, r7, lr}
 459 0084 FFF7FEBF 		b	_ZN10chibios_rt10BaseThread5sleepEm
 460              	.L111:
 461 0088 2846     		mov	r0, r5
 462 008a 1B49     		ldr	r1, .L113+12
 463 008c FFF7FEFF 		bl	strstr
 464 0090 0028     		cmp	r0, #0
 465 0092 D1D1     		bne	.L102
 466 0094 E1E7     		b	.L99
 467              	.L112:
 468 0096 2846     		mov	r0, r5
 469 0098 1849     		ldr	r1, .L113+16
 470 009a FFF7FEFF 		bl	strstr
 471 009e 0028     		cmp	r0, #0
 472 00a0 E9D1     		bne	.L103
 473 00a2 2846     		mov	r0, r5
 474 00a4 1649     		ldr	r1, .L113+20
 475 00a6 FFF7FEFF 		bl	strstr
 476 00aa 0028     		cmp	r0, #0
 477 00ac E3D1     		bne	.L103
 478 00ae 2846     		mov	r0, r5
 479 00b0 1449     		ldr	r1, .L113+24
 480 00b2 FFF7FEFF 		bl	strstr
 481 00b6 0028     		cmp	r0, #0
 482 00b8 DDD1     		bne	.L103
 483 00ba 2846     		mov	r0, r5
 484 00bc 1249     		ldr	r1, .L113+28
 485 00be FFF7FEFF 		bl	strstr
 486 00c2 0028     		cmp	r0, #0
 487 00c4 D7D1     		bne	.L103
 488 00c6 2846     		mov	r0, r5
 489 00c8 1049     		ldr	r1, .L113+32
 490 00ca FFF7FEFF 		bl	strstr
 491 00ce 0028     		cmp	r0, #0
 492 00d0 D1D1     		bne	.L103
 493 00d2 2846     		mov	r0, r5
 494 00d4 0E49     		ldr	r1, .L113+36
 495 00d6 FFF7FEFF 		bl	strstr
 496 00da 0028     		cmp	r0, #0
 497 00dc CED0     		beq	.L104
 498 00de 2846     		mov	r0, r5
 499 00e0 FFF7FEFF 		bl	strlen
 500 00e4 0328     		cmp	r0, #3
 501 00e6 C9D1     		bne	.L104
 502 00e8 C5E7     		b	.L103
 503              	.L114:
 504 00ea 00BF     		.align	2
 505              	.L113:
 506 00ec 64000000 		.word	.LC9
 507 00f0 6C000000 		.word	.LC10
 508 00f4 7C000000 		.word	.LC12
 509 00f8 74000000 		.word	.LC11
 510 00fc 88000000 		.word	.LC13
 511 0100 94000000 		.word	.LC14
 512 0104 A0000000 		.word	.LC15
ARM GAS  /tmp/cc2qURtG.s 			page 10


 513 0108 B0000000 		.word	.LC16
 514 010c C0000000 		.word	.LC17
 515 0110 D0000000 		.word	.LC18
 516              		.size	_ZN5amiro14BluetoothIwrap25bluetoothIwrapSendCommandEPKc, .-_ZN5amiro14BluetoothIwrap25bluet
 517 0114 AFF30080 		.section	.text.startup._GLOBAL__sub_I__ZN5amiro14BluetoothIwrapC2EP10UARTDriver,"ax",%progbits
 517      AFF30080 
 517      AFF30080 
 518              		.align	2
 519              		.p2align 4,,15
 520              		.thumb
 521              		.thumb_func
 522              		.type	_GLOBAL__sub_I__ZN5amiro14BluetoothIwrapC2EP10UARTDriver, %function
 523              	_GLOBAL__sub_I__ZN5amiro14BluetoothIwrapC2EP10UARTDriver:
 524              		@ args = 0, pretend = 0, frame = 0
 525              		@ frame_needed = 0, uses_anonymous_args = 0
 526              		@ link register save eliminated.
 527 0000 024B     		ldr	r3, .L116
 528 0002 034A     		ldr	r2, .L116+4
 529 0004 1A60     		str	r2, [r3]
 530 0006 5A60     		str	r2, [r3, #4]
 531 0008 7047     		bx	lr
 532              	.L117:
 533 000a 00BF     		.align	2
 534              	.L116:
 535 000c 00000000 		.word	.LANCHOR1
 536 0010 A0860100 		.word	100000
 537              		.size	_GLOBAL__sub_I__ZN5amiro14BluetoothIwrapC2EP10UARTDriver, .-_GLOBAL__sub_I__ZN5amiro14Blueto
 538 0014 AFF30080 		.section	.init_array,"aw",%init_array
 538      AFF30080 
 538      AFF30080 
 539              		.align	2
 540 0000 00000000 		.word	_GLOBAL__sub_I__ZN5amiro14BluetoothIwrapC2EP10UARTDriver(target1)
 541              		.weak	_ZTVN10chibios_rt16BaseStaticThreadILi128EEE
 542              		.section	.rodata._ZTVN10chibios_rt16BaseStaticThreadILi128EEE,"aG",%progbits,_ZTVN10chibios_rt16Ba
 543              		.align	3
 544              		.type	_ZTVN10chibios_rt16BaseStaticThreadILi128EEE, %object
 545              		.size	_ZTVN10chibios_rt16BaseStaticThreadILi128EEE, 20
 546              	_ZTVN10chibios_rt16BaseStaticThreadILi128EEE:
 547 0000 00000000 		.word	0
 548 0004 00000000 		.word	0
 549 0008 00000000 		.word	_ZN10chibios_rt15ThreadReference4stopEv
 550 000c 00000000 		.word	_ZN10chibios_rt10BaseThread4mainEv
 551 0010 00000000 		.word	_ZN10chibios_rt16BaseStaticThreadILi128EE5startEm
 552              		.global	_ZTVN5amiro14BluetoothIwrapE
 553 0014 00000000 		.section	.bss._ZN5amiro9constants12DiWheelDriveL10wheelErrorE,"aw",%nobits
 554              		.align	2
 555              		.set	.LANCHOR1,. + 0
 556              		.type	_ZN5amiro9constants12DiWheelDriveL10wheelErrorE, %object
 557              		.size	_ZN5amiro9constants12DiWheelDriveL10wheelErrorE, 8
 558              	_ZN5amiro9constants12DiWheelDriveL10wheelErrorE:
 559 0000 00000000 		.space	8
 559      00000000 
 560              		.section	.rodata._ZTVN5amiro14BluetoothIwrapE,"a",%progbits
 561              		.align	3
 562              		.set	.LANCHOR0,. + 0
 563              		.type	_ZTVN5amiro14BluetoothIwrapE, %object
 564              		.size	_ZTVN5amiro14BluetoothIwrapE, 20
ARM GAS  /tmp/cc2qURtG.s 			page 11


 565              	_ZTVN5amiro14BluetoothIwrapE:
 566 0000 00000000 		.word	0
 567 0004 00000000 		.word	0
 568 0008 00000000 		.word	_ZN10chibios_rt15ThreadReference4stopEv
 569 000c 00000000 		.word	_ZN5amiro14BluetoothIwrap4mainEv
 570 0010 00000000 		.word	_ZN10chibios_rt16BaseStaticThreadILi128EE5startEm
 571 0014 00000000 		.section	.rodata.str1.4,"aMS",%progbits,1
 572              		.align	2
 573              	.LC0:
 574 0000 434F4E4E 		.ascii	"CONNECT \000"
 574      45435420 
 574      00
 575 0009 000000   		.space	3
 576              	.LC1:
 577 000c 20524643 		.ascii	" RFCOMM 1\000"
 577      4F4D4D20 
 577      3100
 578 0016 0000     		.space	2
 579              	.LC2:
 580 0018 204C3243 		.ascii	" L2CAP 1\000"
 580      41502031 
 580      00
 581 0021 000000   		.space	3
 582              	.LC3:
 583 0024 52494E47 		.ascii	"RING\000"
 583      00
 584 0029 000000   		.space	3
 585              	.LC4:
 586 002c 31205246 		.ascii	"1 RFCOMM \000"
 586      434F4D4D 
 586      2000
 587 0036 0000     		.space	2
 588              	.LC5:
 589 0038 66726565 		.ascii	"free\000"
 589      00
 590 003d 000000   		.space	3
 591              	.LC6:
 592 0040 4E4F2043 		.ascii	"NO CARRIER \000"
 592      41525249 
 592      45522000 
 593              	.LC7:
 594 004c 4552524F 		.ascii	"ERROR \000"
 594      522000
 595 0053 00       		.space	1
 596              	.LC8:
 597 0054 426C7565 		.ascii	"BluetoothIwrap\000"
 597      746F6F74 
 597      68497772 
 597      617000
 598 0063 00       		.space	1
 599              	.LC9:
 600 0064 43414C4C 		.ascii	"CALL \000"
 600      2000
 601 006a 0000     		.space	2
 602              	.LC10:
 603 006c 20524643 		.ascii	" RFCOMM\000"
 603      4F4D4D00 
ARM GAS  /tmp/cc2qURtG.s 			page 12


 604              	.LC11:
 605 0074 204C3243 		.ascii	" L2CAP\000"
 605      415000
 606 007b 00       		.space	1
 607              	.LC12:
 608 007c 53455420 		.ascii	"SET BT NAME\000"
 608      4254204E 
 608      414D4500 
 609              	.LC13:
 610 0088 53455420 		.ascii	"SET BT AUTH\000"
 610      42542041 
 610      55544800 
 611              	.LC14:
 612 0094 53455420 		.ascii	"SET BT SSP\000"
 612      42542053 
 612      535000
 613 009f 00       		.space	1
 614              	.LC15:
 615 00a0 53455420 		.ascii	"SET BT PAGEMODE\000"
 615      42542050 
 615      4147454D 
 615      4F444500 
 616              	.LC16:
 617 00b0 53455420 		.ascii	"SET BT PAIR *\000"
 617      42542050 
 617      41495220 
 617      2A00
 618 00be 0000     		.space	2
 619              	.LC17:
 620 00c0 53455420 		.ascii	"SET CONTROL MUX\000"
 620      434F4E54 
 620      524F4C20 
 620      4D555800 
 621              	.LC18:
 622 00d0 53455400 		.ascii	"SET\000"
 623              		.ident	"GCC: (GNU Tools for ARM Embedded Processors) 4.8.3 20140228 (release) [ARM/embedded-4_8-br
ARM GAS  /tmp/cc2qURtG.s 			page 13


DEFINED SYMBOLS
                            *ABS*:00000000 bluetooth-iwrap.cpp
     /tmp/cc2qURtG.s:18     .text._ZN10chibios_rt16BaseStaticThreadILi128EE5startEm:00000000 $t
     /tmp/cc2qURtG.s:24     .text._ZN10chibios_rt16BaseStaticThreadILi128EE5startEm:00000000 _ZN10chibios_rt16BaseStaticThreadILi128EE5startEm
     /tmp/cc2qURtG.s:47     .text._ZN10chibios_rt16BaseStaticThreadILi128EE5startEm:00000028 $d
     /tmp/cc2qURtG.s:51     .text._ZN5amiro14BluetoothIwrapC2EP10UARTDriver:00000000 $t
     /tmp/cc2qURtG.s:57     .text._ZN5amiro14BluetoothIwrapC2EP10UARTDriver:00000000 _ZN5amiro14BluetoothIwrapC2EP10UARTDriver
     /tmp/cc2qURtG.s:85     .text._ZN5amiro14BluetoothIwrapC2EP10UARTDriver:00000044 $d
     /tmp/cc2qURtG.s:57     .text._ZN5amiro14BluetoothIwrapC2EP10UARTDriver:00000000 _ZN5amiro14BluetoothIwrapC1EP10UARTDriver
     /tmp/cc2qURtG.s:90     .text._ZN5amiro14BluetoothIwrap12iwrapReceiveEv:00000000 $t
     /tmp/cc2qURtG.s:96     .text._ZN5amiro14BluetoothIwrap12iwrapReceiveEv:00000000 _ZN5amiro14BluetoothIwrap12iwrapReceiveEv
     /tmp/cc2qURtG.s:292    .text._ZN5amiro14BluetoothIwrap12iwrapReceiveEv:000001ac $d
     /tmp/cc2qURtG.s:303    .text.startup._ZN5amiro14BluetoothIwrap4mainEv:00000000 $t
     /tmp/cc2qURtG.s:309    .text.startup._ZN5amiro14BluetoothIwrap4mainEv:00000000 _ZN5amiro14BluetoothIwrap4mainEv
     /tmp/cc2qURtG.s:341    .text.startup._ZN5amiro14BluetoothIwrap4mainEv:0000003c $d
     /tmp/cc2qURtG.s:344    .text._ZN5amiro14BluetoothIwrap13iwrapTransmitEhPKhj:00000000 $t
     /tmp/cc2qURtG.s:350    .text._ZN5amiro14BluetoothIwrap13iwrapTransmitEhPKhj:00000000 _ZN5amiro14BluetoothIwrap13iwrapTransmitEhPKhj
     /tmp/cc2qURtG.s:397    .text._ZN5amiro14BluetoothIwrap25bluetoothIwrapSendCommandEPKc:00000000 $t
     /tmp/cc2qURtG.s:403    .text._ZN5amiro14BluetoothIwrap25bluetoothIwrapSendCommandEPKc:00000000 _ZN5amiro14BluetoothIwrap25bluetoothIwrapSendCommandEPKc
     /tmp/cc2qURtG.s:506    .text._ZN5amiro14BluetoothIwrap25bluetoothIwrapSendCommandEPKc:000000ec $d
     /tmp/cc2qURtG.s:518    .text.startup._GLOBAL__sub_I__ZN5amiro14BluetoothIwrapC2EP10UARTDriver:00000000 $t
     /tmp/cc2qURtG.s:523    .text.startup._GLOBAL__sub_I__ZN5amiro14BluetoothIwrapC2EP10UARTDriver:00000000 _GLOBAL__sub_I__ZN5amiro14BluetoothIwrapC2EP10UARTDriver
     /tmp/cc2qURtG.s:535    .text.startup._GLOBAL__sub_I__ZN5amiro14BluetoothIwrapC2EP10UARTDriver:0000000c $d
     /tmp/cc2qURtG.s:539    .init_array:00000000 $d
     /tmp/cc2qURtG.s:546    .rodata._ZTVN10chibios_rt16BaseStaticThreadILi128EEE:00000000 _ZTVN10chibios_rt16BaseStaticThreadILi128EEE
     /tmp/cc2qURtG.s:543    .rodata._ZTVN10chibios_rt16BaseStaticThreadILi128EEE:00000000 $d
     /tmp/cc2qURtG.s:565    .rodata._ZTVN5amiro14BluetoothIwrapE:00000000 _ZTVN5amiro14BluetoothIwrapE
     /tmp/cc2qURtG.s:554    .bss._ZN5amiro9constants12DiWheelDriveL10wheelErrorE:00000000 $d
     /tmp/cc2qURtG.s:558    .bss._ZN5amiro9constants12DiWheelDriveL10wheelErrorE:00000000 _ZN5amiro9constants12DiWheelDriveL10wheelErrorE
     /tmp/cc2qURtG.s:561    .rodata._ZTVN5amiro14BluetoothIwrapE:00000000 $d
     /tmp/cc2qURtG.s:572    .rodata.str1.4:00000000 $d
     /tmp/cc2qURtG.s:89     .text._ZN5amiro14BluetoothIwrapC2EP10UARTDriver:00000048 $t
     /tmp/cc2qURtG.s:517    .text._ZN5amiro14BluetoothIwrap25bluetoothIwrapSendCommandEPKc:00000114 $t
     /tmp/cc2qURtG.s:538    .text.startup._GLOBAL__sub_I__ZN5amiro14BluetoothIwrapC2EP10UARTDriver:00000014 $t

UNDEFINED SYMBOLS
chThdCreateStatic
_ZN10chibios_rt10_thd_startEPv
_ZTVN10chibios_rt15ThreadReferenceE
_ZN10chibios_rt10BaseThreadC2Ev
_ZN5amiro18BluetoothTransportC1EP10UARTDriver
_ZN10chibios_rt7MailboxC1EPll
_ZN10chibios_rt7Mailbox5fetchEPlm
_ZN5amiro19BluetoothDescriptor29bluetoothDescriptorGetPayloadEv
_ZN5amiro19BluetoothDescriptor35bluetoothDescriptorGetPayloadLengthEv
strstr
_ZN5amiro18BluetoothTransport35bluetoothTransportGetStorageMailboxEv
_ZN10chibios_rt7Mailbox4postElm
global
_ZN10chibios_rt10BaseThread7setNameEPKc
_ZN5amiro18BluetoothTransport35bluetoothTransportSetReceiveMailboxEhPN10chibios_rt7MailboxE
_ZN10chibios_rt10BaseThread15shouldTerminateEv
memcpy
_ZN5amiro19BluetoothDescriptor28bluetoothDescriptorSetLinkIdEh
_ZN5amiro19BluetoothDescriptor35bluetoothDescriptorSetPayloadLengthEj
_ZN5amiro18BluetoothTransport36bluetoothTransportGetTransmitMailboxEv
_ZN10chibios_rt10BaseThread5sleepEm
ARM GAS  /tmp/cc2qURtG.s 			page 14


strlen
_ZN10chibios_rt15ThreadReference4stopEv
_ZN10chibios_rt10BaseThread4mainEv
