ARM GAS  /tmp/ccm4cbfD.s 			page 1


   1              		.syntax unified
   2              		.cpu cortex-m4
   3              		.eabi_attribute 27, 3
   4              		.eabi_attribute 28, 1
   5              		.fpu fpv4-sp-d16
   6              		.eabi_attribute 20, 1
   7              		.eabi_attribute 21, 1
   8              		.eabi_attribute 23, 3
   9              		.eabi_attribute 24, 1
  10              		.eabi_attribute 25, 1
  11              		.eabi_attribute 26, 1
  12              		.eabi_attribute 30, 2
  13              		.eabi_attribute 34, 1
  14              		.eabi_attribute 18, 4
  15              		.thumb
  16              		.file	"board.c"
  17              		.section	.text.__early_init,"ax",%progbits
  18              		.align	2
  19              		.p2align 4,,15
  20              		.global	__early_init
  21              		.thumb
  22              		.thumb_func
  23              		.type	__early_init, %function
  24              	__early_init:
  25              		@ args = 0, pretend = 0, frame = 0
  26              		@ frame_needed = 0, uses_anonymous_args = 0
  27              		@ link register save eliminated.
  28 0000 FFF7FEBF 		b	stm32_clock_init
  29              		.size	__early_init, .-__early_init
  30 0004 AFF30080 		.section	.text.boardInit,"ax",%progbits
  30      AFF30080 
  30      AFF30080 
  31              		.align	2
  32              		.p2align 4,,15
  33              		.global	boardInit
  34              		.thumb
  35              		.thumb_func
  36              		.type	boardInit, %function
  37              	boardInit:
  38              		@ args = 0, pretend = 0, frame = 0
  39              		@ frame_needed = 0, uses_anonymous_args = 0
  40              		@ link register save eliminated.
  41 0000 7047     		bx	lr
  42              		.size	boardInit, .-boardInit
  43 0002 00BFAFF3 		.section	.text.boardWriteIoPower,"ax",%progbits
  43      0080AFF3 
  43      0080AFF3 
  43      0080
  44              		.align	2
  45              		.p2align 4,,15
  46              		.global	boardWriteIoPower
  47              		.thumb
  48              		.thumb_func
  49              		.type	boardWriteIoPower, %function
  50              	boardWriteIoPower:
  51              		@ args = 0, pretend = 0, frame = 0
  52              		@ frame_needed = 0, uses_anonymous_args = 0
ARM GAS  /tmp/ccm4cbfD.s 			page 2


  53 0000 38B5     		push	{r3, r4, r5, lr}
  54 0002 C307     		lsls	r3, r0, #31
  55 0004 0446     		mov	r4, r0
  56 0006 1AD4     		bmi	.L4
  57 0008 1B4D     		ldr	r5, .L9
  58 000a 4FF08073 		mov	r3, #16777216
  59 000e AB61     		str	r3, [r5, #24]
  60 0010 C8B9     		cbnz	r0, .L7
  61 0012 2846     		mov	r0, r5
  62 0014 2246     		mov	r2, r4
  63 0016 4FF48051 		mov	r1, #4096
  64 001a FFF7FEFF 		bl	_pal_lld_setgroupmode
  65 001e 2846     		mov	r0, r5
  66 0020 2246     		mov	r2, r4
  67 0022 0421     		movs	r1, #4
  68 0024 FFF7FEFF 		bl	_pal_lld_setgroupmode
  69 0028 2246     		mov	r2, r4
  70 002a 1448     		ldr	r0, .L9+4
  71 002c 4FF48041 		mov	r1, #16384
  72 0030 FFF7FEFF 		bl	_pal_lld_setgroupmode
  73 0034 3220     		movs	r0, #50
  74 0036 BDE83840 		pop	{r3, r4, r5, lr}
  75 003a FFF7FEBF 		b	chThdSleep
  76              	.L4:
  77 003e 0E4B     		ldr	r3, .L9
  78 0040 4FF48072 		mov	r2, #256
  79 0044 9A61     		str	r2, [r3, #24]
  80              	.L7:
  81 0046 0C48     		ldr	r0, .L9
  82 0048 4FF48051 		mov	r1, #4096
  83 004c 40F28242 		movw	r2, #1154
  84 0050 FFF7FEFF 		bl	_pal_lld_setgroupmode
  85 0054 0848     		ldr	r0, .L9
  86 0056 0421     		movs	r1, #4
  87 0058 40F28232 		movw	r2, #898
  88 005c FFF7FEFF 		bl	_pal_lld_setgroupmode
  89 0060 0648     		ldr	r0, .L9+4
  90 0062 4FF48041 		mov	r1, #16384
  91 0066 40F28232 		movw	r2, #898
  92 006a FFF7FEFF 		bl	_pal_lld_setgroupmode
  93 006e 3220     		movs	r0, #50
  94 0070 BDE83840 		pop	{r3, r4, r5, lr}
  95 0074 FFF7FEBF 		b	chThdSleep
  96              	.L10:
  97              		.align	2
  98              	.L9:
  99 0078 00000240 		.word	1073872896
 100 007c 00040240 		.word	1073873920
 101              		.size	boardWriteIoPower, .-boardWriteIoPower
 102              		.section	.text.boardWriteLed,"ax",%progbits
 103              		.align	2
 104              		.p2align 4,,15
 105              		.global	boardWriteLed
 106              		.thumb
 107              		.thumb_func
 108              		.type	boardWriteLed, %function
 109              	boardWriteLed:
ARM GAS  /tmp/ccm4cbfD.s 			page 3


 110              		@ args = 0, pretend = 0, frame = 0
 111              		@ frame_needed = 0, uses_anonymous_args = 0
 112              		@ link register save eliminated.
 113 0000 0028     		cmp	r0, #0
 114 0002 044B     		ldr	r3, .L14
 115 0004 0CBF     		ite	eq
 116 0006 4FF48052 		moveq	r2, #4096
 117 000a 4FF08052 		movne	r2, #268435456
 118 000e 9A61     		str	r2, [r3, #24]
 119 0010 7047     		bx	lr
 120              	.L15:
 121 0012 00BF     		.align	2
 122              	.L14:
 123 0014 00040240 		.word	1073873920
 124              		.size	boardWriteLed, .-boardWriteLed
 125 0018 AFF30080 		.section	.text.boardWriteSystemPower,"ax",%progbits
 125      AFF30080 
 126              		.align	2
 127              		.p2align 4,,15
 128              		.global	boardWriteSystemPower
 129              		.thumb
 130              		.thumb_func
 131              		.type	boardWriteSystemPower, %function
 132              	boardWriteSystemPower:
 133              		@ args = 0, pretend = 0, frame = 0
 134              		@ frame_needed = 0, uses_anonymous_args = 0
 135              		@ link register save eliminated.
 136 0000 10F00100 		ands	r0, r0, #1
 137 0004 14BF     		ite	ne
 138 0006 0022     		movne	r2, #0
 139 0008 4FF48022 		moveq	r2, #262144
 140 000c 034B     		ldr	r3, .L19
 141 000e 42EA8000 		orr	r0, r2, r0, lsl #2
 142 0012 9861     		str	r0, [r3, #24]
 143 0014 3220     		movs	r0, #50
 144 0016 FFF7FEBF 		b	chThdSleep
 145              	.L20:
 146 001a 00BF     		.align	2
 147              	.L19:
 148 001c 00040240 		.word	1073873920
 149              		.size	boardWriteSystemPower, .-boardWriteSystemPower
 150              		.section	.text.boardWriteWarmRestart,"ax",%progbits
 151              		.align	2
 152              		.p2align 4,,15
 153              		.global	boardWriteWarmRestart
 154              		.thumb
 155              		.thumb_func
 156              		.type	boardWriteWarmRestart, %function
 157              	boardWriteWarmRestart:
 158              		@ args = 0, pretend = 0, frame = 0
 159              		@ frame_needed = 0, uses_anonymous_args = 0
 160              		@ link register save eliminated.
 161 0000 10F00100 		ands	r0, r0, #1
 162 0004 14BF     		ite	ne
 163 0006 0022     		movne	r2, #0
 164 0008 4FF48042 		moveq	r2, #16384
 165 000c 034B     		ldr	r3, .L24
ARM GAS  /tmp/ccm4cbfD.s 			page 4


 166 000e 42EA8070 		orr	r0, r2, r0, lsl #30
 167 0012 9861     		str	r0, [r3, #24]
 168 0014 3220     		movs	r0, #50
 169 0016 FFF7FEBF 		b	chThdSleep
 170              	.L25:
 171 001a 00BF     		.align	2
 172              	.L24:
 173 001c 00080240 		.word	1073874944
 174              		.size	boardWriteWarmRestart, .-boardWriteWarmRestart
 175              		.section	.text.boardChargerSetState,"ax",%progbits
 176              		.align	2
 177              		.p2align 4,,15
 178              		.global	boardChargerSetState
 179              		.thumb
 180              		.thumb_func
 181              		.type	boardChargerSetState, %function
 182              	boardChargerSetState:
 183              		@ args = 0, pretend = 0, frame = 0
 184              		@ frame_needed = 0, uses_anonymous_args = 0
 185              		@ link register save eliminated.
 186 0000 C207     		lsls	r2, r0, #31
 187 0002 10B4     		push	{r4}
 188 0004 08D5     		bpl	.L27
 189 0006 11F00104 		ands	r4, r1, #1
 190 000a 14BF     		ite	ne
 191 000c 0022     		movne	r2, #0
 192 000e 0822     		moveq	r2, #8
 193 0010 084B     		ldr	r3, .L39
 194 0012 42EAC442 		orr	r2, r2, r4, lsl #19
 195 0016 9A61     		str	r2, [r3, #24]
 196              	.L27:
 197 0018 8307     		lsls	r3, r0, #30
 198 001a 08D5     		bpl	.L26
 199 001c 11F00101 		ands	r1, r1, #1
 200 0020 0CBF     		ite	eq
 201 0022 0422     		moveq	r2, #4
 202 0024 0022     		movne	r2, #0
 203 0026 044B     		ldr	r3, .L39+4
 204 0028 42EA8141 		orr	r1, r2, r1, lsl #18
 205 002c 9961     		str	r1, [r3, #24]
 206              	.L26:
 207 002e 5DF8044B 		ldr	r4, [sp], #4
 208 0032 7047     		bx	lr
 209              	.L40:
 210              		.align	2
 211              	.L39:
 212 0034 00080240 		.word	1073874944
 213 0038 000C0240 		.word	1073875968
 214              		.size	boardChargerSetState, .-boardChargerSetState
 215 003c AFF30080 		.section	.text.boardBluetoothSetState,"ax",%progbits
 216              		.align	2
 217              		.p2align 4,,15
 218              		.global	boardBluetoothSetState
 219              		.thumb
 220              		.thumb_func
 221              		.type	boardBluetoothSetState, %function
 222              	boardBluetoothSetState:
ARM GAS  /tmp/ccm4cbfD.s 			page 5


 223              		@ args = 0, pretend = 0, frame = 0
 224              		@ frame_needed = 0, uses_anonymous_args = 0
 225              		@ link register save eliminated.
 226 0000 10F0010F 		tst	r0, #1
 227 0004 0CBF     		ite	eq
 228 0006 4FF40042 		moveq	r2, #32768
 229 000a 0022     		movne	r2, #0
 230 000c 024B     		ldr	r3, .L44
 231 000e 42EAC070 		orr	r0, r2, r0, lsl #31
 232 0012 9861     		str	r0, [r3, #24]
 233 0014 7047     		bx	lr
 234              	.L45:
 235 0016 00BF     		.align	2
 236              	.L44:
 237 0018 00080240 		.word	1073874944
 238              		.size	boardBluetoothSetState, .-boardBluetoothSetState
 239              		.section	.text.boardRequestShutdown,"ax",%progbits
 240              		.align	2
 241              		.p2align 4,,15
 242              		.global	boardRequestShutdown
 243              		.thumb
 244              		.thumb_func
 245              		.type	boardRequestShutdown, %function
 246              	boardRequestShutdown:
 247              		@ args = 0, pretend = 0, frame = 0
 248              		@ frame_needed = 0, uses_anonymous_args = 0
 249              		@ link register save eliminated.
 250 0000 024B     		ldr	r3, .L47
 251 0002 4FF40052 		mov	r2, #8192
 252 0006 5A83     		strh	r2, [r3, #26]	@ movhi
 253 0008 7047     		bx	lr
 254              	.L48:
 255 000a 00BF     		.align	2
 256              	.L47:
 257 000c 00080240 		.word	1073874944
 258              		.size	boardRequestShutdown, .-boardRequestShutdown
 259              		.section	.text.boardStandby,"ax",%progbits
 260              		.align	2
 261              		.p2align 4,,15
 262              		.global	boardStandby
 263              		.thumb
 264              		.thumb_func
 265              		.type	boardStandby, %function
 266              	boardStandby:
 267              		@ args = 0, pretend = 0, frame = 0
 268              		@ frame_needed = 0, uses_anonymous_args = 0
 269 0000 08B5     		push	{r3, lr}
 270 0002 2023     		movs	r3, #32
 271              	@ 99 "../../boards/PowerManagement/board.c" 1
 272 0004 83F31188 		msr     BASEPRI, r3
 273              	@ 0 "" 2
 274              		.thumb
 275 0008 FFF7FEFF 		bl	dbg_check_lock
 276 000c 0A49     		ldr	r1, .L50
 277 000e 0B4B     		ldr	r3, .L50+4
 278 0010 0869     		ldr	r0, [r1, #16]
 279 0012 0B4A     		ldr	r2, .L50+8
ARM GAS  /tmp/ccm4cbfD.s 			page 6


 280 0014 40F00400 		orr	r0, r0, #4
 281 0018 0861     		str	r0, [r1, #16]
 282 001a 5968     		ldr	r1, [r3, #4]
 283 001c 41F48071 		orr	r1, r1, #256
 284 0020 5960     		str	r1, [r3, #4]
 285 0022 1968     		ldr	r1, [r3]
 286 0024 41F00E01 		orr	r1, r1, #14
 287 0028 1960     		str	r1, [r3]
 288 002a D368     		ldr	r3, [r2, #12]
 289 002c 23F4FE43 		bic	r3, r3, #32512
 290 0030 D360     		str	r3, [r2, #12]
 291              	@ 299 "../../../ChibiOS/os/ports/common/ARMCMx/CMSIS/include/core_cmInstr.h" 1
 292 0032 30BF     		wfi
 293              	@ 0 "" 2
 294              		.thumb
 295 0034 08BD     		pop	{r3, pc}
 296              	.L51:
 297 0036 00BF     		.align	2
 298              	.L50:
 299 0038 00ED00E0 		.word	-536810240
 300 003c 00700040 		.word	1073770496
 301 0040 00280040 		.word	1073752064
 302              		.size	boardStandby, .-boardStandby
 303 0044 AFF30080 		.section	.text.boardStop,"ax",%progbits
 303      AFF30080 
 303      AFF30080 
 304              		.align	2
 305              		.p2align 4,,15
 306              		.global	boardStop
 307              		.thumb
 308              		.thumb_func
 309              		.type	boardStop, %function
 310              	boardStop:
 311              		@ args = 0, pretend = 0, frame = 0
 312              		@ frame_needed = 0, uses_anonymous_args = 0
 313 0000 38B5     		push	{r3, r4, r5, lr}
 314 0002 0446     		mov	r4, r0
 315 0004 0D46     		mov	r5, r1
 316 0006 2023     		movs	r3, #32
 317              	@ 117 "../../boards/PowerManagement/board.c" 1
 318 0008 83F31188 		msr     BASEPRI, r3
 319              	@ 0 "" 2
 320              		.thumb
 321 000c FFF7FEFF 		bl	dbg_check_lock
 322 0010 124A     		ldr	r2, .L61
 323 0012 134B     		ldr	r3, .L61+4
 324 0014 1169     		ldr	r1, [r2, #16]
 325 0016 41F00401 		orr	r1, r1, #4
 326 001a 1161     		str	r1, [r2, #16]
 327 001c 1A68     		ldr	r2, [r3]
 328 001e 22F40072 		bic	r2, r2, #512
 329 0022 22F00302 		bic	r2, r2, #3
 330 0026 1A60     		str	r2, [r3]
 331 0028 1A68     		ldr	r2, [r3]
 332 002a 42F00C02 		orr	r2, r2, #12
 333 002e 1A60     		str	r2, [r3]
 334 0030 1CB1     		cbz	r4, .L53
ARM GAS  /tmp/ccm4cbfD.s 			page 7


 335 0032 1A68     		ldr	r2, [r3]
 336 0034 42F00102 		orr	r2, r2, #1
 337 0038 1A60     		str	r2, [r3]
 338              	.L53:
 339 003a 25B1     		cbz	r5, .L54
 340 003c 084B     		ldr	r3, .L61+4
 341 003e 1A68     		ldr	r2, [r3]
 342 0040 42F40072 		orr	r2, r2, #512
 343 0044 1A60     		str	r2, [r3]
 344              	.L54:
 345 0046 074B     		ldr	r3, .L61+8
 346 0048 074A     		ldr	r2, .L61+12
 347 004a D868     		ldr	r0, [r3, #12]
 348 004c 4FF0FF31 		mov	r1, #-1
 349 0050 20F4FE40 		bic	r0, r0, #32512
 350 0054 D860     		str	r0, [r3, #12]
 351 0056 5161     		str	r1, [r2, #20]
 352              	@ 299 "../../../ChibiOS/os/ports/common/ARMCMx/CMSIS/include/core_cmInstr.h" 1
 353 0058 30BF     		wfi
 354              	@ 0 "" 2
 355              		.thumb
 356 005a 38BD     		pop	{r3, r4, r5, pc}
 357              	.L62:
 358              		.align	2
 359              	.L61:
 360 005c 00ED00E0 		.word	-536810240
 361 0060 00700040 		.word	1073770496
 362 0064 00280040 		.word	1073752064
 363 0068 003C0140 		.word	1073822720
 364              		.size	boardStop, .-boardStop
 365 006c AFF30080 		.section	.text.boardWakeup,"ax",%progbits
 366              		.align	2
 367              		.p2align 4,,15
 368              		.global	boardWakeup
 369              		.thumb
 370              		.thumb_func
 371              		.type	boardWakeup, %function
 372              	boardWakeup:
 373              		@ args = 0, pretend = 0, frame = 0
 374              		@ frame_needed = 0, uses_anonymous_args = 0
 375 0000 38B5     		push	{r3, r4, r5, lr}
 376 0002 044C     		ldr	r4, .L64
 377 0004 4FF40055 		mov	r5, #8192
 378 0008 6583     		strh	r5, [r4, #26]	@ movhi
 379 000a 0120     		movs	r0, #1
 380 000c FFF7FEFF 		bl	chThdSleep
 381 0010 2583     		strh	r5, [r4, #24]	@ movhi
 382 0012 38BD     		pop	{r3, r4, r5, pc}
 383              	.L65:
 384              		.align	2
 385              	.L64:
 386 0014 00080240 		.word	1073874944
 387              		.size	boardWakeup, .-boardWakeup
 388 0018 AFF30080 		.section	.text.boardClearI2CBus,"ax",%progbits
 388      AFF30080 
 389              		.align	2
 390              		.p2align 4,,15
ARM GAS  /tmp/ccm4cbfD.s 			page 8


 391              		.global	boardClearI2CBus
 392              		.thumb
 393              		.thumb_func
 394              		.type	boardClearI2CBus, %function
 395              	boardClearI2CBus:
 396              		@ args = 0, pretend = 0, frame = 0
 397              		@ frame_needed = 0, uses_anonymous_args = 0
 398 0000 2DE9F047 		push	{r4, r5, r6, r7, r8, r9, r10, lr}
 399 0004 384E     		ldr	r6, .L71
 400 0006 0125     		movs	r5, #1
 401 0008 05FA00F8 		lsl	r8, r5, r0
 402 000c 05FA01F7 		lsl	r7, r5, r1
 403 0010 3046     		mov	r0, r6
 404 0012 4146     		mov	r1, r8
 405 0014 0522     		movs	r2, #5
 406 0016 FFF7FEFF 		bl	_pal_lld_setgroupmode
 407 001a 1FFA87FA 		uxth	r10, r7
 408 001e 3946     		mov	r1, r7
 409 0020 0522     		movs	r2, #5
 410 0022 1FFA88F4 		uxth	r4, r8
 411 0026 3046     		mov	r0, r6
 412 0028 FFF7FEFF 		bl	_pal_lld_setgroupmode
 413 002c A6F818A0 		strh	r10, [r6, #24]	@ movhi
 414 0030 2846     		mov	r0, r5
 415 0032 7483     		strh	r4, [r6, #26]	@ movhi
 416 0034 FFF7FEFF 		bl	chThdSleep
 417 0038 2846     		mov	r0, r5
 418 003a 3483     		strh	r4, [r6, #24]	@ movhi
 419 003c FFF7FEFF 		bl	chThdSleep
 420 0040 2846     		mov	r0, r5
 421 0042 A6F81AA0 		strh	r10, [r6, #26]	@ movhi
 422 0046 FFF7FEFF 		bl	chThdSleep
 423 004a 2846     		mov	r0, r5
 424 004c 7483     		strh	r4, [r6, #26]	@ movhi
 425 004e FFF7FEFF 		bl	chThdSleep
 426 0052 A6F818A0 		strh	r10, [r6, #24]	@ movhi
 427 0056 2846     		mov	r0, r5
 428 0058 FFF7FEFF 		bl	chThdSleep
 429 005c 4FF00909 		mov	r9, #9
 430              	.L68:
 431 0060 0120     		movs	r0, #1
 432 0062 3483     		strh	r4, [r6, #24]	@ movhi
 433 0064 FFF7FEFF 		bl	chThdSleep
 434 0068 7483     		strh	r4, [r6, #26]	@ movhi
 435 006a 0120     		movs	r0, #1
 436 006c FFF7FEFF 		bl	chThdSleep
 437 0070 09F1FF33 		add	r3, r9, #-1
 438 0074 13F0FF09 		ands	r9, r3, #255
 439 0078 1B4D     		ldr	r5, .L71
 440 007a F1D1     		bne	.L68
 441 007c 0120     		movs	r0, #1
 442 007e 2C83     		strh	r4, [r5, #24]	@ movhi
 443 0080 FFF7FEFF 		bl	chThdSleep
 444 0084 0120     		movs	r0, #1
 445 0086 A5F81AA0 		strh	r10, [r5, #26]	@ movhi
 446 008a FFF7FEFF 		bl	chThdSleep
 447 008e 0120     		movs	r0, #1
ARM GAS  /tmp/ccm4cbfD.s 			page 9


 448 0090 6C83     		strh	r4, [r5, #26]	@ movhi
 449 0092 FFF7FEFF 		bl	chThdSleep
 450 0096 0120     		movs	r0, #1
 451 0098 2C83     		strh	r4, [r5, #24]	@ movhi
 452 009a FFF7FEFF 		bl	chThdSleep
 453 009e 0120     		movs	r0, #1
 454 00a0 A5F818A0 		strh	r10, [r5, #24]	@ movhi
 455 00a4 FFF7FEFF 		bl	chThdSleep
 456 00a8 6C83     		strh	r4, [r5, #26]	@ movhi
 457 00aa 0120     		movs	r0, #1
 458 00ac FFF7FEFF 		bl	chThdSleep
 459 00b0 0A26     		movs	r6, #10
 460              	.L70:
 461 00b2 0120     		movs	r0, #1
 462 00b4 6C83     		strh	r4, [r5, #26]	@ movhi
 463 00b6 FFF7FEFF 		bl	chThdSleep
 464 00ba 2C83     		strh	r4, [r5, #24]	@ movhi
 465 00bc 0120     		movs	r0, #1
 466 00be FFF7FEFF 		bl	chThdSleep
 467 00c2 731E     		subs	r3, r6, #1
 468 00c4 13F0FF06 		ands	r6, r3, #255
 469 00c8 F3D1     		bne	.L70
 470 00ca 4146     		mov	r1, r8
 471 00cc 0648     		ldr	r0, .L71
 472 00ce 40F20622 		movw	r2, #518
 473 00d2 FFF7FEFF 		bl	_pal_lld_setgroupmode
 474 00d6 3946     		mov	r1, r7
 475 00d8 0348     		ldr	r0, .L71
 476 00da 40F20622 		movw	r2, #518
 477 00de BDE8F047 		pop	{r4, r5, r6, r7, r8, r9, r10, lr}
 478 00e2 FFF7FEBF 		b	_pal_lld_setgroupmode
 479              	.L72:
 480 00e6 00BF     		.align	2
 481              	.L71:
 482 00e8 00040240 		.word	1073873920
 483              		.size	boardClearI2CBus, .-boardClearI2CBus
 484              		.section	.text.boardResetBQ27500I2C,"ax",%progbits
 485              		.align	2
 486              		.p2align 4,,15
 487              		.global	boardResetBQ27500I2C
 488              		.thumb
 489              		.thumb_func
 490              		.type	boardResetBQ27500I2C, %function
 491              	boardResetBQ27500I2C:
 492              		@ args = 0, pretend = 0, frame = 0
 493              		@ frame_needed = 0, uses_anonymous_args = 0
 494 0000 2DE9F047 		push	{r4, r5, r6, r7, r8, r9, r10, lr}
 495 0004 404E     		ldr	r6, .L78
 496 0006 0125     		movs	r5, #1
 497 0008 05FA00F8 		lsl	r8, r5, r0
 498 000c 05FA01F7 		lsl	r7, r5, r1
 499 0010 3046     		mov	r0, r6
 500 0012 4146     		mov	r1, r8
 501 0014 0522     		movs	r2, #5
 502 0016 FFF7FEFF 		bl	_pal_lld_setgroupmode
 503 001a 1FFA88F4 		uxth	r4, r8
 504 001e 1FFA87FA 		uxth	r10, r7
ARM GAS  /tmp/ccm4cbfD.s 			page 10


 505 0022 3946     		mov	r1, r7
 506 0024 0522     		movs	r2, #5
 507 0026 3046     		mov	r0, r6
 508 0028 FFF7FEFF 		bl	_pal_lld_setgroupmode
 509 002c 7483     		strh	r4, [r6, #26]	@ movhi
 510 002e 44F62060 		movw	r0, #20000
 511 0032 A6F81AA0 		strh	r10, [r6, #26]	@ movhi
 512 0036 FFF7FEFF 		bl	chThdSleep
 513 003a 3046     		mov	r0, r6
 514 003c 4146     		mov	r1, r8
 515 003e 0522     		movs	r2, #5
 516 0040 FFF7FEFF 		bl	_pal_lld_setgroupmode
 517 0044 3946     		mov	r1, r7
 518 0046 0522     		movs	r2, #5
 519 0048 3046     		mov	r0, r6
 520 004a FFF7FEFF 		bl	_pal_lld_setgroupmode
 521 004e A6F818A0 		strh	r10, [r6, #24]	@ movhi
 522 0052 2846     		mov	r0, r5
 523 0054 7483     		strh	r4, [r6, #26]	@ movhi
 524 0056 FFF7FEFF 		bl	chThdSleep
 525 005a 2846     		mov	r0, r5
 526 005c 3483     		strh	r4, [r6, #24]	@ movhi
 527 005e FFF7FEFF 		bl	chThdSleep
 528 0062 2846     		mov	r0, r5
 529 0064 A6F81AA0 		strh	r10, [r6, #26]	@ movhi
 530 0068 FFF7FEFF 		bl	chThdSleep
 531 006c 2846     		mov	r0, r5
 532 006e 7483     		strh	r4, [r6, #26]	@ movhi
 533 0070 FFF7FEFF 		bl	chThdSleep
 534 0074 A6F818A0 		strh	r10, [r6, #24]	@ movhi
 535 0078 2846     		mov	r0, r5
 536 007a FFF7FEFF 		bl	chThdSleep
 537 007e 4FF00909 		mov	r9, #9
 538              	.L75:
 539 0082 0120     		movs	r0, #1
 540 0084 3483     		strh	r4, [r6, #24]	@ movhi
 541 0086 FFF7FEFF 		bl	chThdSleep
 542 008a 7483     		strh	r4, [r6, #26]	@ movhi
 543 008c 0120     		movs	r0, #1
 544 008e FFF7FEFF 		bl	chThdSleep
 545 0092 09F1FF33 		add	r3, r9, #-1
 546 0096 13F0FF09 		ands	r9, r3, #255
 547 009a 1B4D     		ldr	r5, .L78
 548 009c F1D1     		bne	.L75
 549 009e 0120     		movs	r0, #1
 550 00a0 2C83     		strh	r4, [r5, #24]	@ movhi
 551 00a2 FFF7FEFF 		bl	chThdSleep
 552 00a6 0120     		movs	r0, #1
 553 00a8 A5F81AA0 		strh	r10, [r5, #26]	@ movhi
 554 00ac FFF7FEFF 		bl	chThdSleep
 555 00b0 0120     		movs	r0, #1
 556 00b2 6C83     		strh	r4, [r5, #26]	@ movhi
 557 00b4 FFF7FEFF 		bl	chThdSleep
 558 00b8 0120     		movs	r0, #1
 559 00ba 2C83     		strh	r4, [r5, #24]	@ movhi
 560 00bc FFF7FEFF 		bl	chThdSleep
 561 00c0 0120     		movs	r0, #1
ARM GAS  /tmp/ccm4cbfD.s 			page 11


 562 00c2 A5F818A0 		strh	r10, [r5, #24]	@ movhi
 563 00c6 FFF7FEFF 		bl	chThdSleep
 564 00ca 6C83     		strh	r4, [r5, #26]	@ movhi
 565 00cc 0120     		movs	r0, #1
 566 00ce FFF7FEFF 		bl	chThdSleep
 567 00d2 0A26     		movs	r6, #10
 568              	.L77:
 569 00d4 0120     		movs	r0, #1
 570 00d6 6C83     		strh	r4, [r5, #26]	@ movhi
 571 00d8 FFF7FEFF 		bl	chThdSleep
 572 00dc 2C83     		strh	r4, [r5, #24]	@ movhi
 573 00de 0120     		movs	r0, #1
 574 00e0 FFF7FEFF 		bl	chThdSleep
 575 00e4 731E     		subs	r3, r6, #1
 576 00e6 13F0FF06 		ands	r6, r3, #255
 577 00ea F3D1     		bne	.L77
 578 00ec 4146     		mov	r1, r8
 579 00ee 0648     		ldr	r0, .L78
 580 00f0 40F20622 		movw	r2, #518
 581 00f4 FFF7FEFF 		bl	_pal_lld_setgroupmode
 582 00f8 3946     		mov	r1, r7
 583 00fa 0348     		ldr	r0, .L78
 584 00fc 40F20622 		movw	r2, #518
 585 0100 BDE8F047 		pop	{r4, r5, r6, r7, r8, r9, r10, lr}
 586 0104 FFF7FEBF 		b	_pal_lld_setgroupmode
 587              	.L79:
 588              		.align	2
 589              	.L78:
 590 0108 00040240 		.word	1073873920
 591              		.size	boardResetBQ27500I2C, .-boardResetBQ27500I2C
 592              		.global	pal_default_config
 593 010c AFF30080 		.section	.rodata.pal_default_config,"a",%progbits
 594              		.align	2
 595              		.type	pal_default_config, %object
 596              		.size	pal_default_config, 252
 597              	pal_default_config:
 598 0000 A0A8A902 		.word	44673184
 599 0004 00000000 		.word	0
 600 0008 FFFFFFFF 		.word	-1
 601 000c 04001014 		.word	336592900
 602 0010 FFFF0000 		.word	65535
 603 0014 00775055 		.word	1431336704
 604 0018 70970900 		.word	628592
 605 001c 5C08AA69 		.word	1772750940
 606 0020 089F0000 		.word	40712
 607 0024 FFFFFFFF 		.word	-1
 608 0028 00000000 		.word	0
 609 002c FFFF0000 		.word	65535
 610 0030 00002000 		.word	2097152
 611 0034 44447007 		.word	124798020
 612 0038 4040A455 		.word	1436827712
 613 003c 88F20000 		.word	62088
 614 0040 FFFFFFFF 		.word	-1
 615 0044 00000000 		.word	0
 616 0048 FFEE0000 		.word	61183
 617 004c 00000000 		.word	0
 618 0050 00770000 		.word	30464
ARM GAS  /tmp/ccm4cbfD.s 			page 12


 619 0054 10000000 		.word	16
 620 0058 04000000 		.word	4
 621 005c FFFFFFFF 		.word	-1
 622 0060 45555555 		.word	1431655749
 623 0064 FF0F0000 		.word	4095
 624 0068 00000000 		.word	0
 625 006c 00000000 		.word	0
 626 0070 00000000 		.word	0
 627 0074 00000000 		.word	0
 628 0078 FFFFFFFF 		.word	-1
 629 007c FFFFFFFF 		.word	-1
 630 0080 FFFF0000 		.word	65535
 631 0084 00000000 		.word	0
 632 0088 00000000 		.word	0
 633 008c 00000000 		.word	0
 634 0090 00000000 		.word	0
 635 0094 FFFFFFFF 		.word	-1
 636 0098 FFFFFFFF 		.word	-1
 637 009c FFFF0000 		.word	65535
 638 00a0 00000000 		.word	0
 639 00a4 00000000 		.word	0
 640 00a8 00000000 		.word	0
 641 00ac 00000000 		.word	0
 642 00b0 FFFFFFFF 		.word	-1
 643 00b4 FFFFFFFF 		.word	-1
 644 00b8 FFFF0000 		.word	65535
 645 00bc 00000000 		.word	0
 646 00c0 00000000 		.word	0
 647 00c4 00000000 		.word	0
 648 00c8 00000000 		.word	0
 649 00cc FFFFFFFF 		.word	-1
 650 00d0 50555555 		.word	1431655760
 651 00d4 FFFF0000 		.word	65535
 652 00d8 00000000 		.word	0
 653 00dc 00000000 		.word	0
 654 00e0 00000000 		.word	0
 655 00e4 00000000 		.word	0
 656 00e8 FFFFFFFF 		.word	-1
 657 00ec FFFFFFFF 		.word	-1
 658 00f0 FFFF0000 		.word	65535
 659 00f4 00000000 		.word	0
 660 00f8 00000000 		.word	0
 661              		.ident	"GCC: (GNU Tools for ARM Embedded Processors) 4.8.3 20140228 (release) [ARM/embedded-4_8-br
ARM GAS  /tmp/ccm4cbfD.s 			page 13


DEFINED SYMBOLS
                            *ABS*:00000000 board.c
     /tmp/ccm4cbfD.s:18     .text.__early_init:00000000 $t
     /tmp/ccm4cbfD.s:24     .text.__early_init:00000000 __early_init
     /tmp/ccm4cbfD.s:31     .text.boardInit:00000000 $t
     /tmp/ccm4cbfD.s:37     .text.boardInit:00000000 boardInit
     /tmp/ccm4cbfD.s:44     .text.boardWriteIoPower:00000000 $t
     /tmp/ccm4cbfD.s:50     .text.boardWriteIoPower:00000000 boardWriteIoPower
     /tmp/ccm4cbfD.s:99     .text.boardWriteIoPower:00000078 $d
     /tmp/ccm4cbfD.s:103    .text.boardWriteLed:00000000 $t
     /tmp/ccm4cbfD.s:109    .text.boardWriteLed:00000000 boardWriteLed
     /tmp/ccm4cbfD.s:123    .text.boardWriteLed:00000014 $d
     /tmp/ccm4cbfD.s:126    .text.boardWriteSystemPower:00000000 $t
     /tmp/ccm4cbfD.s:132    .text.boardWriteSystemPower:00000000 boardWriteSystemPower
     /tmp/ccm4cbfD.s:148    .text.boardWriteSystemPower:0000001c $d
     /tmp/ccm4cbfD.s:151    .text.boardWriteWarmRestart:00000000 $t
     /tmp/ccm4cbfD.s:157    .text.boardWriteWarmRestart:00000000 boardWriteWarmRestart
     /tmp/ccm4cbfD.s:173    .text.boardWriteWarmRestart:0000001c $d
     /tmp/ccm4cbfD.s:176    .text.boardChargerSetState:00000000 $t
     /tmp/ccm4cbfD.s:182    .text.boardChargerSetState:00000000 boardChargerSetState
     /tmp/ccm4cbfD.s:212    .text.boardChargerSetState:00000034 $d
     /tmp/ccm4cbfD.s:216    .text.boardBluetoothSetState:00000000 $t
     /tmp/ccm4cbfD.s:222    .text.boardBluetoothSetState:00000000 boardBluetoothSetState
     /tmp/ccm4cbfD.s:237    .text.boardBluetoothSetState:00000018 $d
     /tmp/ccm4cbfD.s:240    .text.boardRequestShutdown:00000000 $t
     /tmp/ccm4cbfD.s:246    .text.boardRequestShutdown:00000000 boardRequestShutdown
     /tmp/ccm4cbfD.s:257    .text.boardRequestShutdown:0000000c $d
     /tmp/ccm4cbfD.s:260    .text.boardStandby:00000000 $t
     /tmp/ccm4cbfD.s:266    .text.boardStandby:00000000 boardStandby
     /tmp/ccm4cbfD.s:299    .text.boardStandby:00000038 $d
     /tmp/ccm4cbfD.s:304    .text.boardStop:00000000 $t
     /tmp/ccm4cbfD.s:310    .text.boardStop:00000000 boardStop
     /tmp/ccm4cbfD.s:360    .text.boardStop:0000005c $d
     /tmp/ccm4cbfD.s:366    .text.boardWakeup:00000000 $t
     /tmp/ccm4cbfD.s:372    .text.boardWakeup:00000000 boardWakeup
     /tmp/ccm4cbfD.s:386    .text.boardWakeup:00000014 $d
     /tmp/ccm4cbfD.s:389    .text.boardClearI2CBus:00000000 $t
     /tmp/ccm4cbfD.s:395    .text.boardClearI2CBus:00000000 boardClearI2CBus
     /tmp/ccm4cbfD.s:482    .text.boardClearI2CBus:000000e8 $d
     /tmp/ccm4cbfD.s:485    .text.boardResetBQ27500I2C:00000000 $t
     /tmp/ccm4cbfD.s:491    .text.boardResetBQ27500I2C:00000000 boardResetBQ27500I2C
     /tmp/ccm4cbfD.s:590    .text.boardResetBQ27500I2C:00000108 $d
     /tmp/ccm4cbfD.s:597    .rodata.pal_default_config:00000000 pal_default_config
     /tmp/ccm4cbfD.s:594    .rodata.pal_default_config:00000000 $d
     /tmp/ccm4cbfD.s:125    .text.boardWriteLed:00000018 $t
     /tmp/ccm4cbfD.s:215    .text.boardChargerSetState:0000003c $t
     /tmp/ccm4cbfD.s:661    .text.boardBluetoothSetState:0000001c $t
     /tmp/ccm4cbfD.s:303    .text.boardStandby:00000044 $t
     /tmp/ccm4cbfD.s:365    .text.boardStop:0000006c $t
     /tmp/ccm4cbfD.s:388    .text.boardWakeup:00000018 $t
     /tmp/ccm4cbfD.s:661    .text.boardClearI2CBus:000000ec $t
     /tmp/ccm4cbfD.s:593    .text.boardResetBQ27500I2C:0000010c $t

UNDEFINED SYMBOLS
stm32_clock_init
_pal_lld_setgroupmode
chThdSleep
ARM GAS  /tmp/ccm4cbfD.s 			page 14


dbg_check_lock
