ARM GAS  /tmp/ccSDFk3s.s 			page 1


   1              		.syntax unified
   2              		.cpu cortex-m4
   3              		.eabi_attribute 27, 3
   4              		.eabi_attribute 28, 1
   5              		.fpu fpv4-sp-d16
   6              		.eabi_attribute 20, 1
   7              		.eabi_attribute 21, 1
   8              		.eabi_attribute 23, 3
   9              		.eabi_attribute 24, 1
  10              		.eabi_attribute 25, 1
  11              		.eabi_attribute 26, 1
  12              		.eabi_attribute 30, 2
  13              		.eabi_attribute 34, 1
  14              		.eabi_attribute 18, 4
  15              		.thumb
  16              		.file	"chdynamic.c"
  17              		.section	.text.chThdAddRef,"ax",%progbits
  18              		.align	2
  19              		.p2align 4,,15
  20              		.global	chThdAddRef
  21              		.thumb
  22              		.thumb_func
  23              		.type	chThdAddRef, %function
  24              	chThdAddRef:
  25              		@ args = 0, pretend = 0, frame = 0
  26              		@ frame_needed = 0, uses_anonymous_args = 0
  27 0000 10B5     		push	{r4, lr}
  28 0002 2023     		movs	r3, #32
  29 0004 0446     		mov	r4, r0
  30              	@ 54 "../../../ChibiOS/os/kernel/src/chdynamic.c" 1
  31 0006 83F31188 		msr     BASEPRI, r3
  32              	@ 0 "" 2
  33              		.thumb
  34 000a FFF7FEFF 		bl	dbg_check_lock
  35 000e 94F82230 		ldrb	r3, [r4, #34]	@ zero_extendqisi2
  36 0012 FF2B     		cmp	r3, #255
  37 0014 09D0     		beq	.L4
  38              	.L2:
  39 0016 0133     		adds	r3, r3, #1
  40 0018 84F82230 		strb	r3, [r4, #34]
  41 001c FFF7FEFF 		bl	dbg_check_unlock
  42 0020 0023     		movs	r3, #0
  43              	@ 57 "../../../ChibiOS/os/kernel/src/chdynamic.c" 1
  44 0022 83F31188 		msr     BASEPRI, r3
  45              	@ 0 "" 2
  46              		.thumb
  47 0026 2046     		mov	r0, r4
  48 0028 10BD     		pop	{r4, pc}
  49              	.L4:
  50 002a 0348     		ldr	r0, .L5
  51 002c FFF7FEFF 		bl	chDbgPanic
  52 0030 94F82230 		ldrb	r3, [r4, #34]	@ zero_extendqisi2
  53 0034 EFE7     		b	.L2
  54              	.L6:
  55 0036 00BF     		.align	2
  56              	.L5:
  57 0038 00000000 		.word	.LC0
ARM GAS  /tmp/ccSDFk3s.s 			page 2


  58              		.size	chThdAddRef, .-chThdAddRef
  59 003c AFF30080 		.section	.text.chThdRelease,"ax",%progbits
  60              		.align	2
  61              		.p2align 4,,15
  62              		.global	chThdRelease
  63              		.thumb
  64              		.thumb_func
  65              		.type	chThdRelease, %function
  66              	chThdRelease:
  67              		@ args = 0, pretend = 0, frame = 0
  68              		@ frame_needed = 0, uses_anonymous_args = 0
  69 0000 38B5     		push	{r3, r4, r5, lr}
  70 0002 0446     		mov	r4, r0
  71 0004 2023     		movs	r3, #32
  72              	@ 77 "../../../ChibiOS/os/kernel/src/chdynamic.c" 1
  73 0006 83F31188 		msr     BASEPRI, r3
  74              	@ 0 "" 2
  75              		.thumb
  76 000a FFF7FEFF 		bl	dbg_check_lock
  77 000e 94F82230 		ldrb	r3, [r4, #34]	@ zero_extendqisi2
  78 0012 BBB1     		cbz	r3, .L12
  79              	.L8:
  80 0014 013B     		subs	r3, r3, #1
  81 0016 DDB2     		uxtb	r5, r3
  82 0018 84F82250 		strb	r5, [r4, #34]
  83 001c FFF7FEFF 		bl	dbg_check_unlock
  84 0020 0023     		movs	r3, #0
  85              	@ 80 "../../../ChibiOS/os/kernel/src/chdynamic.c" 1
  86 0022 83F31188 		msr     BASEPRI, r3
  87              	@ 0 "" 2
  88              		.thumb
  89 0026 1DB9     		cbnz	r5, .L7
  90 0028 94F82030 		ldrb	r3, [r4, #32]	@ zero_extendqisi2
  91 002c 0E2B     		cmp	r3, #14
  92 002e 00D0     		beq	.L13
  93              	.L7:
  94 0030 38BD     		pop	{r3, r4, r5, pc}
  95              	.L13:
  96 0032 94F82130 		ldrb	r3, [r4, #33]	@ zero_extendqisi2
  97 0036 03F00303 		and	r3, r3, #3
  98 003a 012B     		cmp	r3, #1
  99 003c 08D0     		beq	.L10
 100 003e 022B     		cmp	r3, #2
 101 0040 10D0     		beq	.L11
 102 0042 38BD     		pop	{r3, r4, r5, pc}
 103              	.L12:
 104 0044 0D48     		ldr	r0, .L14
 105 0046 FFF7FEFF 		bl	chDbgPanic
 106 004a 94F82230 		ldrb	r3, [r4, #34]	@ zero_extendqisi2
 107 004e E1E7     		b	.L8
 108              	.L10:
 109 0050 6369     		ldr	r3, [r4, #20]
 110 0052 2269     		ldr	r2, [r4, #16]
 111 0054 1A61     		str	r2, [r3, #16]
 112 0056 2269     		ldr	r2, [r4, #16]
 113 0058 2046     		mov	r0, r4
 114 005a 5361     		str	r3, [r2, #20]
ARM GAS  /tmp/ccSDFk3s.s 			page 3


 115 005c BDE83840 		pop	{r3, r4, r5, lr}
 116 0060 FFF7FEBF 		b	chHeapFree
 117              	.L11:
 118 0064 6369     		ldr	r3, [r4, #20]
 119 0066 2269     		ldr	r2, [r4, #16]
 120 0068 1A61     		str	r2, [r3, #16]
 121 006a 2269     		ldr	r2, [r4, #16]
 122 006c A06C     		ldr	r0, [r4, #72]
 123 006e 5361     		str	r3, [r2, #20]
 124 0070 2146     		mov	r1, r4
 125 0072 BDE83840 		pop	{r3, r4, r5, lr}
 126 0076 FFF7FEBF 		b	chPoolFree
 127              	.L15:
 128 007a 00BF     		.align	2
 129              	.L14:
 130 007c 14000000 		.word	.LC1
 131              		.size	chThdRelease, .-chThdRelease
 132              		.section	.text.chThdCreateFromHeap,"ax",%progbits
 133              		.align	2
 134              		.p2align 4,,15
 135              		.global	chThdCreateFromHeap
 136              		.thumb
 137              		.thumb_func
 138              		.type	chThdCreateFromHeap, %function
 139              	chThdCreateFromHeap:
 140              		@ args = 4, pretend = 0, frame = 0
 141              		@ frame_needed = 0, uses_anonymous_args = 0
 142 0000 F0B5     		push	{r4, r5, r6, r7, lr}
 143 0002 83B0     		sub	sp, sp, #12
 144 0004 1646     		mov	r6, r2
 145 0006 1D46     		mov	r5, r3
 146 0008 0F46     		mov	r7, r1
 147 000a FFF7FEFF 		bl	chHeapAlloc
 148 000e 0446     		mov	r4, r0
 149 0010 C8B1     		cbz	r0, .L17
 150 0012 2023     		movs	r3, #32
 151              	@ 148 "../../../ChibiOS/os/kernel/src/chdynamic.c" 1
 152 0014 83F31188 		msr     BASEPRI, r3
 153              	@ 0 "" 2
 154              		.thumb
 155 0018 FFF7FEFF 		bl	dbg_check_lock
 156 001c 089B     		ldr	r3, [sp, #32]
 157 001e 0093     		str	r3, [sp]
 158 0020 3246     		mov	r2, r6
 159 0022 3946     		mov	r1, r7
 160 0024 2B46     		mov	r3, r5
 161 0026 2046     		mov	r0, r4
 162 0028 FFF7FEFF 		bl	chThdCreateI
 163 002c 0123     		movs	r3, #1
 164 002e 80F82130 		strb	r3, [r0, #33]
 165 0032 0021     		movs	r1, #0
 166 0034 0446     		mov	r4, r0
 167 0036 FFF7FEFF 		bl	chSchWakeupS
 168 003a FFF7FEFF 		bl	dbg_check_unlock
 169 003e 0023     		movs	r3, #0
 170              	@ 152 "../../../ChibiOS/os/kernel/src/chdynamic.c" 1
 171 0040 83F31188 		msr     BASEPRI, r3
ARM GAS  /tmp/ccSDFk3s.s 			page 4


 172              	@ 0 "" 2
 173              		.thumb
 174 0044 2046     		mov	r0, r4
 175              	.L17:
 176 0046 03B0     		add	sp, sp, #12
 177              		@ sp needed
 178 0048 F0BD     		pop	{r4, r5, r6, r7, pc}
 179              		.size	chThdCreateFromHeap, .-chThdCreateFromHeap
 180 004a 00BFAFF3 		.section	.text.chThdCreateFromMemoryPool,"ax",%progbits
 180      0080
 181              		.align	2
 182              		.p2align 4,,15
 183              		.global	chThdCreateFromMemoryPool
 184              		.thumb
 185              		.thumb_func
 186              		.type	chThdCreateFromMemoryPool, %function
 187              	chThdCreateFromMemoryPool:
 188              		@ args = 0, pretend = 0, frame = 0
 189              		@ frame_needed = 0, uses_anonymous_args = 0
 190 0000 2DE9F041 		push	{r4, r5, r6, r7, r8, lr}
 191 0004 0446     		mov	r4, r0
 192 0006 82B0     		sub	sp, sp, #8
 193 0008 0F46     		mov	r7, r1
 194 000a 1646     		mov	r6, r2
 195 000c 9846     		mov	r8, r3
 196 000e 10B3     		cbz	r0, .L23
 197              	.L20:
 198 0010 2046     		mov	r0, r4
 199 0012 FFF7FEFF 		bl	chPoolAlloc
 200 0016 0546     		mov	r5, r0
 201 0018 D0B1     		cbz	r0, .L21
 202 001a 2023     		movs	r3, #32
 203              	@ 199 "../../../ChibiOS/os/kernel/src/chdynamic.c" 1
 204 001c 83F31188 		msr     BASEPRI, r3
 205              	@ 0 "" 2
 206              		.thumb
 207 0020 FFF7FEFF 		bl	dbg_check_lock
 208 0024 6168     		ldr	r1, [r4, #4]
 209 0026 CDF80080 		str	r8, [sp]
 210 002a 3A46     		mov	r2, r7
 211 002c 3346     		mov	r3, r6
 212 002e 2846     		mov	r0, r5
 213 0030 FFF7FEFF 		bl	chThdCreateI
 214 0034 0223     		movs	r3, #2
 215 0036 80F82130 		strb	r3, [r0, #33]
 216 003a 8464     		str	r4, [r0, #72]
 217 003c 0021     		movs	r1, #0
 218 003e 0546     		mov	r5, r0
 219 0040 FFF7FEFF 		bl	chSchWakeupS
 220 0044 FFF7FEFF 		bl	dbg_check_unlock
 221 0048 0023     		movs	r3, #0
 222              	@ 204 "../../../ChibiOS/os/kernel/src/chdynamic.c" 1
 223 004a 83F31188 		msr     BASEPRI, r3
 224              	@ 0 "" 2
 225              		.thumb
 226 004e 2846     		mov	r0, r5
 227              	.L21:
ARM GAS  /tmp/ccSDFk3s.s 			page 5


 228 0050 02B0     		add	sp, sp, #8
 229              		@ sp needed
 230 0052 BDE8F081 		pop	{r4, r5, r6, r7, r8, pc}
 231              	.L23:
 232 0056 0248     		ldr	r0, .L24
 233 0058 FFF7FEFF 		bl	chDbgPanic
 234 005c D8E7     		b	.L20
 235              	.L25:
 236 005e 00BF     		.align	2
 237              	.L24:
 238 0060 28000000 		.word	.LC2
 239              		.size	chThdCreateFromMemoryPool, .-chThdCreateFromMemoryPool
 240 0064 AFF30080 		.section	.rodata.str1.4,"aMS",%progbits,1
 240      AFF30080 
 240      AFF30080 
 241              		.align	2
 242              	.LC0:
 243 0000 63685468 		.ascii	"chThdAddRef(), #1\000"
 243      64416464 
 243      52656628 
 243      292C2023 
 243      3100
 244 0012 0000     		.space	2
 245              	.LC1:
 246 0014 63685468 		.ascii	"chThdRelease(), #1\000"
 246      6452656C 
 246      65617365 
 246      28292C20 
 246      233100
 247 0027 00       		.space	1
 248              	.LC2:
 249 0028 22636854 		.ascii	"\"chThdCreateFromMemoryPool\"()\000"
 249      68644372 
 249      65617465 
 249      46726F6D 
 249      4D656D6F 
 250 0046 0000     		.ident	"GCC: (GNU Tools for ARM Embedded Processors) 4.8.3 20140228 (release) [ARM/embedded-4_8-br
ARM GAS  /tmp/ccSDFk3s.s 			page 6


DEFINED SYMBOLS
                            *ABS*:00000000 chdynamic.c
     /tmp/ccSDFk3s.s:18     .text.chThdAddRef:00000000 $t
     /tmp/ccSDFk3s.s:24     .text.chThdAddRef:00000000 chThdAddRef
     /tmp/ccSDFk3s.s:57     .text.chThdAddRef:00000038 $d
     /tmp/ccSDFk3s.s:60     .text.chThdRelease:00000000 $t
     /tmp/ccSDFk3s.s:66     .text.chThdRelease:00000000 chThdRelease
     /tmp/ccSDFk3s.s:130    .text.chThdRelease:0000007c $d
     /tmp/ccSDFk3s.s:133    .text.chThdCreateFromHeap:00000000 $t
     /tmp/ccSDFk3s.s:139    .text.chThdCreateFromHeap:00000000 chThdCreateFromHeap
     /tmp/ccSDFk3s.s:181    .text.chThdCreateFromMemoryPool:00000000 $t
     /tmp/ccSDFk3s.s:187    .text.chThdCreateFromMemoryPool:00000000 chThdCreateFromMemoryPool
     /tmp/ccSDFk3s.s:238    .text.chThdCreateFromMemoryPool:00000060 $d
     /tmp/ccSDFk3s.s:241    .rodata.str1.4:00000000 $d
     /tmp/ccSDFk3s.s:59     .text.chThdAddRef:0000003c $t
     /tmp/ccSDFk3s.s:240    .text.chThdCreateFromMemoryPool:00000064 $t

UNDEFINED SYMBOLS
dbg_check_lock
dbg_check_unlock
chDbgPanic
chHeapFree
chPoolFree
chHeapAlloc
chThdCreateI
chSchWakeupS
chPoolAlloc
