ARM GAS  /tmp/ccE48lfG.s 			page 1


   1              		.syntax unified
   2              		.cpu cortex-m4
   3              		.eabi_attribute 27, 3
   4              		.eabi_attribute 28, 1
   5              		.fpu fpv4-sp-d16
   6              		.eabi_attribute 20, 1
   7              		.eabi_attribute 21, 1
   8              		.eabi_attribute 23, 3
   9              		.eabi_attribute 24, 1
  10              		.eabi_attribute 25, 1
  11              		.eabi_attribute 26, 1
  12              		.eabi_attribute 30, 2
  13              		.eabi_attribute 34, 1
  14              		.eabi_attribute 18, 4
  15              		.thumb
  16              		.file	"chevents.c"
  17              		.section	.text.chEvtRegisterMask,"ax",%progbits
  18              		.align	2
  19              		.p2align 4,,15
  20              		.global	chEvtRegisterMask
  21              		.thumb
  22              		.thumb_func
  23              		.type	chEvtRegisterMask, %function
  24              	chEvtRegisterMask:
  25              		@ args = 0, pretend = 0, frame = 0
  26              		@ frame_needed = 0, uses_anonymous_args = 0
  27 0000 F8B5     		push	{r3, r4, r5, r6, r7, lr}
  28 0002 0546     		mov	r5, r0
  29 0004 0C46     		mov	r4, r1
  30 0006 1746     		mov	r7, r2
  31 0008 A0B1     		cbz	r0, .L2
  32 000a 99B1     		cbz	r1, .L2
  33              	.L3:
  34 000c 2023     		movs	r3, #32
  35              	@ 89 "../../../ChibiOS/os/kernel/src/chevents.c" 1
  36 000e 83F31188 		msr     BASEPRI, r3
  37              	@ 0 "" 2
  38              		.thumb
  39 0012 FFF7FEFF 		bl	dbg_check_lock
  40 0016 094A     		ldr	r2, .L8
  41 0018 2B68     		ldr	r3, [r5]
  42 001a 9269     		ldr	r2, [r2, #24]
  43 001c 2360     		str	r3, [r4]
  44 001e 0026     		movs	r6, #0
  45 0020 2C60     		str	r4, [r5]
  46 0022 6260     		str	r2, [r4, #4]
  47 0024 A760     		str	r7, [r4, #8]
  48 0026 E660     		str	r6, [r4, #12]
  49 0028 FFF7FEFF 		bl	dbg_check_unlock
  50 002c 3346     		mov	r3, r6
  51              	@ 95 "../../../ChibiOS/os/kernel/src/chevents.c" 1
  52 002e 83F31188 		msr     BASEPRI, r3
  53              	@ 0 "" 2
  54              		.thumb
  55 0032 F8BD     		pop	{r3, r4, r5, r6, r7, pc}
  56              	.L2:
  57 0034 0248     		ldr	r0, .L8+4
ARM GAS  /tmp/ccE48lfG.s 			page 2


  58 0036 FFF7FEFF 		bl	chDbgPanic
  59 003a E7E7     		b	.L3
  60              	.L9:
  61              		.align	2
  62              	.L8:
  63 003c 00000000 		.word	rlist
  64 0040 00000000 		.word	.LC0
  65              		.size	chEvtRegisterMask, .-chEvtRegisterMask
  66              		.section	.text.chEvtUnregister,"ax",%progbits
  67              		.align	2
  68              		.p2align 4,,15
  69              		.global	chEvtUnregister
  70              		.thumb
  71              		.thumb_func
  72              		.type	chEvtUnregister, %function
  73              	chEvtUnregister:
  74              		@ args = 0, pretend = 0, frame = 0
  75              		@ frame_needed = 0, uses_anonymous_args = 0
  76 0000 38B5     		push	{r3, r4, r5, lr}
  77 0002 0446     		mov	r4, r0
  78 0004 0D46     		mov	r5, r1
  79 0006 D8B1     		cbz	r0, .L11
  80 0008 D1B1     		cbz	r1, .L11
  81              	.L12:
  82 000a 2023     		movs	r3, #32
  83              	@ 117 "../../../ChibiOS/os/kernel/src/chevents.c" 1
  84 000c 83F31188 		msr     BASEPRI, r3
  85              	@ 0 "" 2
  86              		.thumb
  87 0010 FFF7FEFF 		bl	dbg_check_lock
  88 0014 2246     		mov	r2, r4
  89 0016 02E0     		b	.L13
  90              	.L16:
  91 0018 9D42     		cmp	r5, r3
  92 001a 09D0     		beq	.L20
  93 001c 1A46     		mov	r2, r3
  94              	.L13:
  95 001e 1368     		ldr	r3, [r2]
  96 0020 A342     		cmp	r3, r4
  97 0022 F9D1     		bne	.L16
  98 0024 FFF7FEFF 		bl	dbg_check_unlock
  99 0028 0023     		movs	r3, #0
 100              	@ 125 "../../../ChibiOS/os/kernel/src/chevents.c" 1
 101 002a 83F31188 		msr     BASEPRI, r3
 102              	@ 0 "" 2
 103              		.thumb
 104 002e 38BD     		pop	{r3, r4, r5, pc}
 105              	.L20:
 106 0030 2B68     		ldr	r3, [r5]
 107 0032 1360     		str	r3, [r2]
 108 0034 FFF7FEFF 		bl	dbg_check_unlock
 109 0038 0023     		movs	r3, #0
 110              	@ 125 "../../../ChibiOS/os/kernel/src/chevents.c" 1
 111 003a 83F31188 		msr     BASEPRI, r3
 112              	@ 0 "" 2
 113              		.thumb
 114 003e 38BD     		pop	{r3, r4, r5, pc}
ARM GAS  /tmp/ccE48lfG.s 			page 3


 115              	.L11:
 116 0040 0148     		ldr	r0, .L21
 117 0042 FFF7FEFF 		bl	chDbgPanic
 118 0046 E0E7     		b	.L12
 119              	.L22:
 120              		.align	2
 121              	.L21:
 122 0048 18000000 		.word	.LC1
 123              		.size	chEvtUnregister, .-chEvtUnregister
 124 004c AFF30080 		.section	.text.chEvtGetAndClearEvents,"ax",%progbits
 125              		.align	2
 126              		.p2align 4,,15
 127              		.global	chEvtGetAndClearEvents
 128              		.thumb
 129              		.thumb_func
 130              		.type	chEvtGetAndClearEvents, %function
 131              	chEvtGetAndClearEvents:
 132              		@ args = 0, pretend = 0, frame = 0
 133              		@ frame_needed = 0, uses_anonymous_args = 0
 134 0000 10B5     		push	{r4, lr}
 135 0002 2023     		movs	r3, #32
 136 0004 0446     		mov	r4, r0
 137              	@ 139 "../../../ChibiOS/os/kernel/src/chevents.c" 1
 138 0006 83F31188 		msr     BASEPRI, r3
 139              	@ 0 "" 2
 140              		.thumb
 141 000a FFF7FEFF 		bl	dbg_check_lock
 142 000e 074B     		ldr	r3, .L24
 143 0010 9B69     		ldr	r3, [r3, #24]
 144 0012 D86B     		ldr	r0, [r3, #60]
 145 0014 20EA0402 		bic	r2, r0, r4
 146 0018 DA63     		str	r2, [r3, #60]
 147 001a 0440     		ands	r4, r4, r0
 148 001c FFF7FEFF 		bl	dbg_check_unlock
 149 0020 0023     		movs	r3, #0
 150              	@ 144 "../../../ChibiOS/os/kernel/src/chevents.c" 1
 151 0022 83F31188 		msr     BASEPRI, r3
 152              	@ 0 "" 2
 153              		.thumb
 154 0026 2046     		mov	r0, r4
 155 0028 10BD     		pop	{r4, pc}
 156              	.L25:
 157 002a 00BF     		.align	2
 158              	.L24:
 159 002c 00000000 		.word	rlist
 160              		.size	chEvtGetAndClearEvents, .-chEvtGetAndClearEvents
 161              		.section	.text.chEvtAddEvents,"ax",%progbits
 162              		.align	2
 163              		.p2align 4,,15
 164              		.global	chEvtAddEvents
 165              		.thumb
 166              		.thumb_func
 167              		.type	chEvtAddEvents, %function
 168              	chEvtAddEvents:
 169              		@ args = 0, pretend = 0, frame = 0
 170              		@ frame_needed = 0, uses_anonymous_args = 0
 171 0000 10B5     		push	{r4, lr}
ARM GAS  /tmp/ccE48lfG.s 			page 4


 172 0002 2023     		movs	r3, #32
 173 0004 0446     		mov	r4, r0
 174              	@ 159 "../../../ChibiOS/os/kernel/src/chevents.c" 1
 175 0006 83F31188 		msr     BASEPRI, r3
 176              	@ 0 "" 2
 177              		.thumb
 178 000a FFF7FEFF 		bl	dbg_check_lock
 179 000e 064B     		ldr	r3, .L27
 180 0010 9B69     		ldr	r3, [r3, #24]
 181 0012 DA6B     		ldr	r2, [r3, #60]
 182 0014 1443     		orrs	r4, r4, r2
 183 0016 DC63     		str	r4, [r3, #60]
 184 0018 FFF7FEFF 		bl	dbg_check_unlock
 185 001c 0023     		movs	r3, #0
 186              	@ 163 "../../../ChibiOS/os/kernel/src/chevents.c" 1
 187 001e 83F31188 		msr     BASEPRI, r3
 188              	@ 0 "" 2
 189              		.thumb
 190 0022 2046     		mov	r0, r4
 191 0024 10BD     		pop	{r4, pc}
 192              	.L28:
 193 0026 00BF     		.align	2
 194              	.L27:
 195 0028 00000000 		.word	rlist
 196              		.size	chEvtAddEvents, .-chEvtAddEvents
 197 002c AFF30080 		.section	.text.chEvtGetAndClearFlags,"ax",%progbits
 198              		.align	2
 199              		.p2align 4,,15
 200              		.global	chEvtGetAndClearFlags
 201              		.thumb
 202              		.thumb_func
 203              		.type	chEvtGetAndClearFlags, %function
 204              	chEvtGetAndClearFlags:
 205              		@ args = 0, pretend = 0, frame = 0
 206              		@ frame_needed = 0, uses_anonymous_args = 0
 207 0000 70B5     		push	{r4, r5, r6, lr}
 208 0002 2023     		movs	r3, #32
 209 0004 0546     		mov	r5, r0
 210              	@ 212 "../../../ChibiOS/os/kernel/src/chevents.c" 1
 211 0006 83F31188 		msr     BASEPRI, r3
 212              	@ 0 "" 2
 213              		.thumb
 214 000a 0024     		movs	r4, #0
 215 000c FFF7FEFF 		bl	dbg_check_lock
 216 0010 EE68     		ldr	r6, [r5, #12]
 217 0012 EC60     		str	r4, [r5, #12]
 218 0014 FFF7FEFF 		bl	dbg_check_unlock
 219 0018 2346     		mov	r3, r4
 220              	@ 217 "../../../ChibiOS/os/kernel/src/chevents.c" 1
 221 001a 83F31188 		msr     BASEPRI, r3
 222              	@ 0 "" 2
 223              		.thumb
 224 001e 3046     		mov	r0, r6
 225 0020 70BD     		pop	{r4, r5, r6, pc}
 226              		.size	chEvtGetAndClearFlags, .-chEvtGetAndClearFlags
 227 0022 00BFAFF3 		.section	.text.chEvtSignalI,"ax",%progbits
 227      0080AFF3 
ARM GAS  /tmp/ccE48lfG.s 			page 5


 227      0080AFF3 
 227      0080
 228              		.align	2
 229              		.p2align 4,,15
 230              		.global	chEvtSignalI
 231              		.thumb
 232              		.thumb_func
 233              		.type	chEvtSignalI, %function
 234              	chEvtSignalI:
 235              		@ args = 0, pretend = 0, frame = 0
 236              		@ frame_needed = 0, uses_anonymous_args = 0
 237 0000 38B5     		push	{r3, r4, r5, lr}
 238 0002 0446     		mov	r4, r0
 239 0004 0D46     		mov	r5, r1
 240 0006 FFF7FEFF 		bl	chDbgCheckClassI
 241 000a C4B1     		cbz	r4, .L35
 242              	.L31:
 243 000c E26B     		ldr	r2, [r4, #60]
 244 000e 94F82030 		ldrb	r3, [r4, #32]	@ zero_extendqisi2
 245 0012 45EA0201 		orr	r1, r5, r2
 246 0016 082B     		cmp	r3, #8
 247 0018 E163     		str	r1, [r4, #60]
 248 001a 0CD0     		beq	.L36
 249 001c 092B     		cmp	r3, #9
 250 001e 00D0     		beq	.L37
 251              	.L30:
 252 0020 38BD     		pop	{r3, r4, r5, pc}
 253              	.L37:
 254 0022 A36A     		ldr	r3, [r4, #40]
 255 0024 1940     		ands	r1, r1, r3
 256 0026 8B42     		cmp	r3, r1
 257 0028 FAD1     		bne	.L30
 258              	.L33:
 259 002a 2046     		mov	r0, r4
 260 002c FFF7FEFF 		bl	chSchReadyI
 261 0030 0023     		movs	r3, #0
 262 0032 8362     		str	r3, [r0, #40]
 263 0034 38BD     		pop	{r3, r4, r5, pc}
 264              	.L36:
 265 0036 A36A     		ldr	r3, [r4, #40]
 266 0038 1942     		tst	r1, r3
 267 003a F6D1     		bne	.L33
 268 003c 38BD     		pop	{r3, r4, r5, pc}
 269              	.L35:
 270 003e 0248     		ldr	r0, .L38
 271 0040 FFF7FEFF 		bl	chDbgPanic
 272 0044 E2E7     		b	.L31
 273              	.L39:
 274 0046 00BF     		.align	2
 275              	.L38:
 276 0048 2C000000 		.word	.LC2
 277              		.size	chEvtSignalI, .-chEvtSignalI
 278 004c AFF30080 		.section	.text.chEvtBroadcastFlagsI,"ax",%progbits
 279              		.align	2
 280              		.p2align 4,,15
 281              		.global	chEvtBroadcastFlagsI
 282              		.thumb
ARM GAS  /tmp/ccE48lfG.s 			page 6


 283              		.thumb_func
 284              		.type	chEvtBroadcastFlagsI, %function
 285              	chEvtBroadcastFlagsI:
 286              		@ args = 0, pretend = 0, frame = 0
 287              		@ frame_needed = 0, uses_anonymous_args = 0
 288 0000 70B5     		push	{r4, r5, r6, lr}
 289 0002 0546     		mov	r5, r0
 290 0004 0E46     		mov	r6, r1
 291 0006 FFF7FEFF 		bl	chDbgCheckClassI
 292 000a 65B1     		cbz	r5, .L45
 293              	.L41:
 294 000c 2C68     		ldr	r4, [r5]
 295 000e A542     		cmp	r5, r4
 296 0010 08D0     		beq	.L40
 297              	.L44:
 298 0012 201D     		adds	r0, r4, #4
 299 0014 0BC8     		ldmia	r0, {r0, r1, r3}
 300 0016 3343     		orrs	r3, r3, r6
 301 0018 E360     		str	r3, [r4, #12]
 302 001a FFF7FEFF 		bl	chEvtSignalI
 303 001e 2468     		ldr	r4, [r4]
 304 0020 A542     		cmp	r5, r4
 305 0022 F6D1     		bne	.L44
 306              	.L40:
 307 0024 70BD     		pop	{r4, r5, r6, pc}
 308              	.L45:
 309 0026 0248     		ldr	r0, .L46
 310 0028 FFF7FEFF 		bl	chDbgPanic
 311 002c EEE7     		b	.L41
 312              	.L47:
 313 002e 00BF     		.align	2
 314              	.L46:
 315 0030 40000000 		.word	.LC3
 316              		.size	chEvtBroadcastFlagsI, .-chEvtBroadcastFlagsI
 317 0034 AFF30080 		.section	.text.chEvtSignal,"ax",%progbits
 317      AFF30080 
 317      AFF30080 
 318              		.align	2
 319              		.p2align 4,,15
 320              		.global	chEvtSignal
 321              		.thumb
 322              		.thumb_func
 323              		.type	chEvtSignal, %function
 324              	chEvtSignal:
 325              		@ args = 0, pretend = 0, frame = 0
 326              		@ frame_needed = 0, uses_anonymous_args = 0
 327 0000 38B5     		push	{r3, r4, r5, lr}
 328 0002 0446     		mov	r4, r0
 329 0004 0D46     		mov	r5, r1
 330 0006 80B1     		cbz	r0, .L50
 331              	.L49:
 332 0008 2023     		movs	r3, #32
 333              	@ 233 "../../../ChibiOS/os/kernel/src/chevents.c" 1
 334 000a 83F31188 		msr     BASEPRI, r3
 335              	@ 0 "" 2
 336              		.thumb
 337 000e FFF7FEFF 		bl	dbg_check_lock
ARM GAS  /tmp/ccE48lfG.s 			page 7


 338 0012 2046     		mov	r0, r4
 339 0014 2946     		mov	r1, r5
 340 0016 FFF7FEFF 		bl	chEvtSignalI
 341 001a FFF7FEFF 		bl	chSchRescheduleS
 342 001e FFF7FEFF 		bl	dbg_check_unlock
 343 0022 0023     		movs	r3, #0
 344              	@ 236 "../../../ChibiOS/os/kernel/src/chevents.c" 1
 345 0024 83F31188 		msr     BASEPRI, r3
 346              	@ 0 "" 2
 347              		.thumb
 348 0028 38BD     		pop	{r3, r4, r5, pc}
 349              	.L50:
 350 002a 0248     		ldr	r0, .L51
 351 002c FFF7FEFF 		bl	chDbgPanic
 352 0030 EAE7     		b	.L49
 353              	.L52:
 354 0032 00BF     		.align	2
 355              	.L51:
 356 0034 58000000 		.word	.LC4
 357              		.size	chEvtSignal, .-chEvtSignal
 358 0038 AFF30080 		.section	.text.chEvtBroadcastFlags,"ax",%progbits
 358      AFF30080 
 359              		.align	2
 360              		.p2align 4,,15
 361              		.global	chEvtBroadcastFlags
 362              		.thumb
 363              		.thumb_func
 364              		.type	chEvtBroadcastFlags, %function
 365              	chEvtBroadcastFlags:
 366              		@ args = 0, pretend = 0, frame = 0
 367              		@ frame_needed = 0, uses_anonymous_args = 0
 368 0000 38B5     		push	{r3, r4, r5, lr}
 369 0002 0546     		mov	r5, r0
 370 0004 0C46     		mov	r4, r1
 371 0006 2023     		movs	r3, #32
 372              	@ 280 "../../../ChibiOS/os/kernel/src/chevents.c" 1
 373 0008 83F31188 		msr     BASEPRI, r3
 374              	@ 0 "" 2
 375              		.thumb
 376 000c FFF7FEFF 		bl	dbg_check_lock
 377 0010 2846     		mov	r0, r5
 378 0012 2146     		mov	r1, r4
 379 0014 FFF7FEFF 		bl	chEvtBroadcastFlagsI
 380 0018 FFF7FEFF 		bl	chSchRescheduleS
 381 001c FFF7FEFF 		bl	dbg_check_unlock
 382 0020 0023     		movs	r3, #0
 383              	@ 283 "../../../ChibiOS/os/kernel/src/chevents.c" 1
 384 0022 83F31188 		msr     BASEPRI, r3
 385              	@ 0 "" 2
 386              		.thumb
 387 0026 38BD     		pop	{r3, r4, r5, pc}
 388              		.size	chEvtBroadcastFlags, .-chEvtBroadcastFlags
 389 0028 AFF30080 		.section	.text.chEvtGetAndClearFlagsI,"ax",%progbits
 389      AFF30080 
 390              		.align	2
 391              		.p2align 4,,15
 392              		.global	chEvtGetAndClearFlagsI
ARM GAS  /tmp/ccE48lfG.s 			page 8


 393              		.thumb
 394              		.thumb_func
 395              		.type	chEvtGetAndClearFlagsI, %function
 396              	chEvtGetAndClearFlagsI:
 397              		@ args = 0, pretend = 0, frame = 0
 398              		@ frame_needed = 0, uses_anonymous_args = 0
 399              		@ link register save eliminated.
 400 0000 0346     		mov	r3, r0
 401 0002 0022     		movs	r2, #0
 402 0004 C068     		ldr	r0, [r0, #12]
 403 0006 DA60     		str	r2, [r3, #12]
 404 0008 7047     		bx	lr
 405              		.size	chEvtGetAndClearFlagsI, .-chEvtGetAndClearFlagsI
 406 000a 00BFAFF3 		.section	.text.chEvtDispatch,"ax",%progbits
 406      0080
 407              		.align	2
 408              		.p2align 4,,15
 409              		.global	chEvtDispatch
 410              		.thumb
 411              		.thumb_func
 412              		.type	chEvtDispatch, %function
 413              	chEvtDispatch:
 414              		@ args = 0, pretend = 0, frame = 0
 415              		@ frame_needed = 0, uses_anonymous_args = 0
 416 0000 2DE9F843 		push	{r3, r4, r5, r6, r7, r8, r9, lr}
 417 0004 8146     		mov	r9, r0
 418 0006 0D46     		mov	r5, r1
 419 0008 D8B1     		cbz	r0, .L69
 420              	.L56:
 421 000a 95B1     		cbz	r5, .L55
 422 000c 0026     		movs	r6, #0
 423 000e 3446     		mov	r4, r6
 424 0010 4FF00108 		mov	r8, #1
 425              	.L61:
 426 0014 08FA04F7 		lsl	r7, r8, r4
 427 0018 2F42     		tst	r7, r5
 428 001a 06D0     		beq	.L58
 429 001c 59F80630 		ldr	r3, [r9, r6]
 430 0020 4BB1     		cbz	r3, .L70
 431              	.L59:
 432 0022 2046     		mov	r0, r4
 433 0024 25EA0705 		bic	r5, r5, r7
 434 0028 9847     		blx	r3
 435              	.L58:
 436 002a 0134     		adds	r4, r4, #1
 437 002c 0436     		adds	r6, r6, #4
 438 002e 002D     		cmp	r5, #0
 439 0030 F0D1     		bne	.L61
 440              	.L55:
 441 0032 BDE8F883 		pop	{r3, r4, r5, r6, r7, r8, r9, pc}
 442              	.L70:
 443 0036 0548     		ldr	r0, .L71
 444 0038 FFF7FEFF 		bl	chDbgPanic
 445 003c 59F80630 		ldr	r3, [r9, r6]
 446 0040 EFE7     		b	.L59
 447              	.L69:
 448 0042 0348     		ldr	r0, .L71+4
ARM GAS  /tmp/ccE48lfG.s 			page 9


 449 0044 FFF7FEFF 		bl	chDbgPanic
 450 0048 DFE7     		b	.L56
 451              	.L72:
 452 004a 00BF     		.align	2
 453              	.L71:
 454 004c 7C000000 		.word	.LC6
 455 0050 68000000 		.word	.LC5
 456              		.size	chEvtDispatch, .-chEvtDispatch
 457 0054 AFF30080 		.section	.text.chEvtWaitOne,"ax",%progbits
 457      AFF30080 
 457      AFF30080 
 458              		.align	2
 459              		.p2align 4,,15
 460              		.global	chEvtWaitOne
 461              		.thumb
 462              		.thumb_func
 463              		.type	chEvtWaitOne, %function
 464              	chEvtWaitOne:
 465              		@ args = 0, pretend = 0, frame = 0
 466              		@ frame_needed = 0, uses_anonymous_args = 0
 467 0000 38B5     		push	{r3, r4, r5, lr}
 468 0002 0F4B     		ldr	r3, .L75
 469 0004 0446     		mov	r4, r0
 470 0006 9D69     		ldr	r5, [r3, #24]
 471 0008 2023     		movs	r3, #32
 472              	@ 354 "../../../ChibiOS/os/kernel/src/chevents.c" 1
 473 000a 83F31188 		msr     BASEPRI, r3
 474              	@ 0 "" 2
 475              		.thumb
 476 000e FFF7FEFF 		bl	dbg_check_lock
 477 0012 EB6B     		ldr	r3, [r5, #60]
 478 0014 14EA0302 		ands	r2, r4, r3
 479 0018 06D1     		bne	.L74
 480 001a AC62     		str	r4, [r5, #40]
 481 001c 0820     		movs	r0, #8
 482 001e FFF7FEFF 		bl	chSchGoSleepS
 483 0022 EB6B     		ldr	r3, [r5, #60]
 484 0024 04EA0302 		and	r2, r4, r3
 485              	.L74:
 486 0028 5442     		negs	r4, r2
 487 002a 1440     		ands	r4, r4, r2
 488 002c 23EA0403 		bic	r3, r3, r4
 489 0030 EB63     		str	r3, [r5, #60]
 490 0032 FFF7FEFF 		bl	dbg_check_unlock
 491 0036 0023     		movs	r3, #0
 492              	@ 364 "../../../ChibiOS/os/kernel/src/chevents.c" 1
 493 0038 83F31188 		msr     BASEPRI, r3
 494              	@ 0 "" 2
 495              		.thumb
 496 003c 2046     		mov	r0, r4
 497 003e 38BD     		pop	{r3, r4, r5, pc}
 498              	.L76:
 499              		.align	2
 500              	.L75:
 501 0040 00000000 		.word	rlist
 502              		.size	chEvtWaitOne, .-chEvtWaitOne
 503 0044 AFF30080 		.section	.text.chEvtWaitAny,"ax",%progbits
ARM GAS  /tmp/ccE48lfG.s 			page 10


 503      AFF30080 
 503      AFF30080 
 504              		.align	2
 505              		.p2align 4,,15
 506              		.global	chEvtWaitAny
 507              		.thumb
 508              		.thumb_func
 509              		.type	chEvtWaitAny, %function
 510              	chEvtWaitAny:
 511              		@ args = 0, pretend = 0, frame = 0
 512              		@ frame_needed = 0, uses_anonymous_args = 0
 513 0000 0E4B     		ldr	r3, .L79
 514 0002 70B5     		push	{r4, r5, r6, lr}
 515 0004 9D69     		ldr	r5, [r3, #24]
 516 0006 0446     		mov	r4, r0
 517 0008 2023     		movs	r3, #32
 518              	@ 383 "../../../ChibiOS/os/kernel/src/chevents.c" 1
 519 000a 83F31188 		msr     BASEPRI, r3
 520              	@ 0 "" 2
 521              		.thumb
 522 000e FFF7FEFF 		bl	dbg_check_lock
 523 0012 EB6B     		ldr	r3, [r5, #60]
 524 0014 14EA0306 		ands	r6, r4, r3
 525 0018 06D1     		bne	.L78
 526 001a AC62     		str	r4, [r5, #40]
 527 001c 0820     		movs	r0, #8
 528 001e FFF7FEFF 		bl	chSchGoSleepS
 529 0022 EB6B     		ldr	r3, [r5, #60]
 530 0024 04EA0306 		and	r6, r4, r3
 531              	.L78:
 532 0028 23EA0603 		bic	r3, r3, r6
 533 002c EB63     		str	r3, [r5, #60]
 534 002e FFF7FEFF 		bl	dbg_check_unlock
 535 0032 0023     		movs	r3, #0
 536              	@ 392 "../../../ChibiOS/os/kernel/src/chevents.c" 1
 537 0034 83F31188 		msr     BASEPRI, r3
 538              	@ 0 "" 2
 539              		.thumb
 540 0038 3046     		mov	r0, r6
 541 003a 70BD     		pop	{r4, r5, r6, pc}
 542              	.L80:
 543              		.align	2
 544              	.L79:
 545 003c 00000000 		.word	rlist
 546              		.size	chEvtWaitAny, .-chEvtWaitAny
 547              		.section	.text.chEvtWaitAll,"ax",%progbits
 548              		.align	2
 549              		.p2align 4,,15
 550              		.global	chEvtWaitAll
 551              		.thumb
 552              		.thumb_func
 553              		.type	chEvtWaitAll, %function
 554              	chEvtWaitAll:
 555              		@ args = 0, pretend = 0, frame = 0
 556              		@ frame_needed = 0, uses_anonymous_args = 0
 557 0000 38B5     		push	{r3, r4, r5, lr}
 558 0002 0E4B     		ldr	r3, .L83
ARM GAS  /tmp/ccE48lfG.s 			page 11


 559 0004 0446     		mov	r4, r0
 560 0006 9D69     		ldr	r5, [r3, #24]
 561 0008 2023     		movs	r3, #32
 562              	@ 410 "../../../ChibiOS/os/kernel/src/chevents.c" 1
 563 000a 83F31188 		msr     BASEPRI, r3
 564              	@ 0 "" 2
 565              		.thumb
 566 000e FFF7FEFF 		bl	dbg_check_lock
 567 0012 EB6B     		ldr	r3, [r5, #60]
 568 0014 04EA0302 		and	r2, r4, r3
 569 0018 A242     		cmp	r2, r4
 570 001a 04D0     		beq	.L82
 571 001c AC62     		str	r4, [r5, #40]
 572 001e 0920     		movs	r0, #9
 573 0020 FFF7FEFF 		bl	chSchGoSleepS
 574 0024 EB6B     		ldr	r3, [r5, #60]
 575              	.L82:
 576 0026 23EA0403 		bic	r3, r3, r4
 577 002a EB63     		str	r3, [r5, #60]
 578 002c FFF7FEFF 		bl	dbg_check_unlock
 579 0030 0023     		movs	r3, #0
 580              	@ 418 "../../../ChibiOS/os/kernel/src/chevents.c" 1
 581 0032 83F31188 		msr     BASEPRI, r3
 582              	@ 0 "" 2
 583              		.thumb
 584 0036 2046     		mov	r0, r4
 585 0038 38BD     		pop	{r3, r4, r5, pc}
 586              	.L84:
 587 003a 00BF     		.align	2
 588              	.L83:
 589 003c 00000000 		.word	rlist
 590              		.size	chEvtWaitAll, .-chEvtWaitAll
 591              		.section	.text.chEvtWaitOneTimeout,"ax",%progbits
 592              		.align	2
 593              		.p2align 4,,15
 594              		.global	chEvtWaitOneTimeout
 595              		.thumb
 596              		.thumb_func
 597              		.type	chEvtWaitOneTimeout, %function
 598              	chEvtWaitOneTimeout:
 599              		@ args = 0, pretend = 0, frame = 0
 600              		@ frame_needed = 0, uses_anonymous_args = 0
 601 0000 F8B5     		push	{r3, r4, r5, r6, r7, lr}
 602 0002 194B     		ldr	r3, .L92
 603 0004 0446     		mov	r4, r0
 604 0006 9D69     		ldr	r5, [r3, #24]
 605 0008 0F46     		mov	r7, r1
 606 000a 2023     		movs	r3, #32
 607              	@ 450 "../../../ChibiOS/os/kernel/src/chevents.c" 1
 608 000c 83F31188 		msr     BASEPRI, r3
 609              	@ 0 "" 2
 610              		.thumb
 611 0010 FFF7FEFF 		bl	dbg_check_lock
 612 0014 EA6B     		ldr	r2, [r5, #60]
 613 0016 14EA0206 		ands	r6, r4, r2
 614 001a 0AD1     		bne	.L86
 615 001c AFB1     		cbz	r7, .L90
ARM GAS  /tmp/ccE48lfG.s 			page 12


 616 001e AC62     		str	r4, [r5, #40]
 617 0020 3946     		mov	r1, r7
 618 0022 0820     		movs	r0, #8
 619 0024 FFF7FEFF 		bl	chSchGoSleepTimeoutS
 620 0028 0028     		cmp	r0, #0
 621 002a 15DB     		blt	.L91
 622 002c EA6B     		ldr	r2, [r5, #60]
 623 002e 04EA0206 		and	r6, r4, r2
 624              	.L86:
 625 0032 7342     		negs	r3, r6
 626 0034 1E40     		ands	r6, r6, r3
 627 0036 22EA0602 		bic	r2, r2, r6
 628 003a EA63     		str	r2, [r5, #60]
 629 003c FFF7FEFF 		bl	dbg_check_unlock
 630 0040 0023     		movs	r3, #0
 631              	@ 467 "../../../ChibiOS/os/kernel/src/chevents.c" 1
 632 0042 83F31188 		msr     BASEPRI, r3
 633              	@ 0 "" 2
 634              		.thumb
 635 0046 3046     		mov	r0, r6
 636 0048 F8BD     		pop	{r3, r4, r5, r6, r7, pc}
 637              	.L90:
 638 004a FFF7FEFF 		bl	dbg_check_unlock
 639 004e 3B46     		mov	r3, r7
 640              	@ 454 "../../../ChibiOS/os/kernel/src/chevents.c" 1
 641 0050 83F31188 		msr     BASEPRI, r3
 642              	@ 0 "" 2
 643              		.thumb
 644 0054 0020     		movs	r0, #0
 645 0056 F8BD     		pop	{r3, r4, r5, r6, r7, pc}
 646              	.L91:
 647 0058 FFF7FEFF 		bl	dbg_check_unlock
 648 005c 3346     		mov	r3, r6
 649              	@ 459 "../../../ChibiOS/os/kernel/src/chevents.c" 1
 650 005e 83F31188 		msr     BASEPRI, r3
 651              	@ 0 "" 2
 652              		.thumb
 653 0062 0020     		movs	r0, #0
 654 0064 F8BD     		pop	{r3, r4, r5, r6, r7, pc}
 655              	.L93:
 656 0066 00BF     		.align	2
 657              	.L92:
 658 0068 00000000 		.word	rlist
 659              		.size	chEvtWaitOneTimeout, .-chEvtWaitOneTimeout
 660 006c AFF30080 		.section	.text.chEvtWaitAnyTimeout,"ax",%progbits
 661              		.align	2
 662              		.p2align 4,,15
 663              		.global	chEvtWaitAnyTimeout
 664              		.thumb
 665              		.thumb_func
 666              		.type	chEvtWaitAnyTimeout, %function
 667              	chEvtWaitAnyTimeout:
 668              		@ args = 0, pretend = 0, frame = 0
 669              		@ frame_needed = 0, uses_anonymous_args = 0
 670 0000 F8B5     		push	{r3, r4, r5, r6, r7, lr}
 671 0002 184B     		ldr	r3, .L101
 672 0004 0446     		mov	r4, r0
ARM GAS  /tmp/ccE48lfG.s 			page 13


 673 0006 9D69     		ldr	r5, [r3, #24]
 674 0008 0F46     		mov	r7, r1
 675 000a 2023     		movs	r3, #32
 676              	@ 493 "../../../ChibiOS/os/kernel/src/chevents.c" 1
 677 000c 83F31188 		msr     BASEPRI, r3
 678              	@ 0 "" 2
 679              		.thumb
 680 0010 FFF7FEFF 		bl	dbg_check_lock
 681 0014 EA6B     		ldr	r2, [r5, #60]
 682 0016 14EA0206 		ands	r6, r4, r2
 683 001a 0AD1     		bne	.L95
 684 001c 9FB1     		cbz	r7, .L99
 685 001e AC62     		str	r4, [r5, #40]
 686 0020 3946     		mov	r1, r7
 687 0022 0820     		movs	r0, #8
 688 0024 FFF7FEFF 		bl	chSchGoSleepTimeoutS
 689 0028 0028     		cmp	r0, #0
 690 002a 13DB     		blt	.L100
 691 002c EA6B     		ldr	r2, [r5, #60]
 692 002e 04EA0206 		and	r6, r4, r2
 693              	.L95:
 694 0032 22EA0602 		bic	r2, r2, r6
 695 0036 EA63     		str	r2, [r5, #60]
 696 0038 FFF7FEFF 		bl	dbg_check_unlock
 697 003c 0023     		movs	r3, #0
 698              	@ 509 "../../../ChibiOS/os/kernel/src/chevents.c" 1
 699 003e 83F31188 		msr     BASEPRI, r3
 700              	@ 0 "" 2
 701              		.thumb
 702 0042 3046     		mov	r0, r6
 703 0044 F8BD     		pop	{r3, r4, r5, r6, r7, pc}
 704              	.L99:
 705 0046 FFF7FEFF 		bl	dbg_check_unlock
 706 004a 3B46     		mov	r3, r7
 707              	@ 497 "../../../ChibiOS/os/kernel/src/chevents.c" 1
 708 004c 83F31188 		msr     BASEPRI, r3
 709              	@ 0 "" 2
 710              		.thumb
 711 0050 0020     		movs	r0, #0
 712 0052 F8BD     		pop	{r3, r4, r5, r6, r7, pc}
 713              	.L100:
 714 0054 FFF7FEFF 		bl	dbg_check_unlock
 715 0058 3346     		mov	r3, r6
 716              	@ 502 "../../../ChibiOS/os/kernel/src/chevents.c" 1
 717 005a 83F31188 		msr     BASEPRI, r3
 718              	@ 0 "" 2
 719              		.thumb
 720 005e 0020     		movs	r0, #0
 721 0060 F8BD     		pop	{r3, r4, r5, r6, r7, pc}
 722              	.L102:
 723 0062 00BF     		.align	2
 724              	.L101:
 725 0064 00000000 		.word	rlist
 726              		.size	chEvtWaitAnyTimeout, .-chEvtWaitAnyTimeout
 727 0068 AFF30080 		.section	.text.chEvtWaitAllTimeout,"ax",%progbits
 727      AFF30080 
 728              		.align	2
ARM GAS  /tmp/ccE48lfG.s 			page 14


 729              		.p2align 4,,15
 730              		.global	chEvtWaitAllTimeout
 731              		.thumb
 732              		.thumb_func
 733              		.type	chEvtWaitAllTimeout, %function
 734              	chEvtWaitAllTimeout:
 735              		@ args = 0, pretend = 0, frame = 0
 736              		@ frame_needed = 0, uses_anonymous_args = 0
 737 0000 174B     		ldr	r3, .L109
 738 0002 70B5     		push	{r4, r5, r6, lr}
 739 0004 9D69     		ldr	r5, [r3, #24]
 740 0006 0446     		mov	r4, r0
 741 0008 0E46     		mov	r6, r1
 742 000a 2023     		movs	r3, #32
 743              	@ 533 "../../../ChibiOS/os/kernel/src/chevents.c" 1
 744 000c 83F31188 		msr     BASEPRI, r3
 745              	@ 0 "" 2
 746              		.thumb
 747 0010 FFF7FEFF 		bl	dbg_check_lock
 748 0014 EA6B     		ldr	r2, [r5, #60]
 749 0016 04EA0203 		and	r3, r4, r2
 750 001a A342     		cmp	r3, r4
 751 001c 08D0     		beq	.L104
 752 001e 8EB1     		cbz	r6, .L108
 753 0020 AC62     		str	r4, [r5, #40]
 754 0022 3146     		mov	r1, r6
 755 0024 0920     		movs	r0, #9
 756 0026 FFF7FEFF 		bl	chSchGoSleepTimeoutS
 757 002a 0028     		cmp	r0, #0
 758 002c 11DB     		blt	.L107
 759 002e EA6B     		ldr	r2, [r5, #60]
 760              	.L104:
 761 0030 22EA0402 		bic	r2, r2, r4
 762 0034 EA63     		str	r2, [r5, #60]
 763 0036 FFF7FEFF 		bl	dbg_check_unlock
 764 003a 0023     		movs	r3, #0
 765              	@ 548 "../../../ChibiOS/os/kernel/src/chevents.c" 1
 766 003c 83F31188 		msr     BASEPRI, r3
 767              	@ 0 "" 2
 768              		.thumb
 769 0040 2046     		mov	r0, r4
 770 0042 70BD     		pop	{r4, r5, r6, pc}
 771              	.L108:
 772 0044 FFF7FEFF 		bl	dbg_check_unlock
 773 0048 3346     		mov	r3, r6
 774              	@ 537 "../../../ChibiOS/os/kernel/src/chevents.c" 1
 775 004a 83F31188 		msr     BASEPRI, r3
 776              	@ 0 "" 2
 777              		.thumb
 778 004e 0020     		movs	r0, #0
 779 0050 70BD     		pop	{r4, r5, r6, pc}
 780              	.L107:
 781 0052 FFF7FEFF 		bl	dbg_check_unlock
 782 0056 0023     		movs	r3, #0
 783              	@ 542 "../../../ChibiOS/os/kernel/src/chevents.c" 1
 784 0058 83F31188 		msr     BASEPRI, r3
 785              	@ 0 "" 2
ARM GAS  /tmp/ccE48lfG.s 			page 15


 786              		.thumb
 787 005c 0020     		movs	r0, #0
 788 005e 70BD     		pop	{r4, r5, r6, pc}
 789              	.L110:
 790              		.align	2
 791              	.L109:
 792 0060 00000000 		.word	rlist
 793              		.size	chEvtWaitAllTimeout, .-chEvtWaitAllTimeout
 794 0064 AFF30080 		.section	.rodata.str1.4,"aMS",%progbits,1
 794      AFF30080 
 794      AFF30080 
 795              		.align	2
 796              	.LC0:
 797 0000 22636845 		.ascii	"\"chEvtRegisterMask\"()\000"
 797      76745265 
 797      67697374 
 797      65724D61 
 797      736B2228 
 798 0016 0000     		.space	2
 799              	.LC1:
 800 0018 22636845 		.ascii	"\"chEvtUnregister\"()\000"
 800      7674556E 
 800      72656769 
 800      73746572 
 800      22282900 
 801              	.LC2:
 802 002c 22636845 		.ascii	"\"chEvtSignalI\"()\000"
 802      76745369 
 802      676E616C 
 802      49222829 
 802      00
 803 003d 000000   		.space	3
 804              	.LC3:
 805 0040 22636845 		.ascii	"\"chEvtBroadcastMaskI\"()\000"
 805      76744272 
 805      6F616463 
 805      6173744D 
 805      61736B49 
 806              	.LC4:
 807 0058 22636845 		.ascii	"\"chEvtSignal\"()\000"
 807      76745369 
 807      676E616C 
 807      22282900 
 808              	.LC5:
 809 0068 22636845 		.ascii	"\"chEvtDispatch\"()\000"
 809      76744469 
 809      73706174 
 809      63682228 
 809      2900
 810 007a 0000     		.space	2
 811              	.LC6:
 812 007c 63684576 		.ascii	"chEvtDispatch(), #1\000"
 812      74446973 
 812      70617463 
 812      6828292C 
 812      20233100 
 813              		.ident	"GCC: (GNU Tools for ARM Embedded Processors) 4.8.3 20140228 (release) [ARM/embedded-4_8-br
ARM GAS  /tmp/ccE48lfG.s 			page 16


ARM GAS  /tmp/ccE48lfG.s 			page 17


DEFINED SYMBOLS
                            *ABS*:00000000 chevents.c
     /tmp/ccE48lfG.s:18     .text.chEvtRegisterMask:00000000 $t
     /tmp/ccE48lfG.s:24     .text.chEvtRegisterMask:00000000 chEvtRegisterMask
     /tmp/ccE48lfG.s:63     .text.chEvtRegisterMask:0000003c $d
     /tmp/ccE48lfG.s:67     .text.chEvtUnregister:00000000 $t
     /tmp/ccE48lfG.s:73     .text.chEvtUnregister:00000000 chEvtUnregister
     /tmp/ccE48lfG.s:122    .text.chEvtUnregister:00000048 $d
     /tmp/ccE48lfG.s:125    .text.chEvtGetAndClearEvents:00000000 $t
     /tmp/ccE48lfG.s:131    .text.chEvtGetAndClearEvents:00000000 chEvtGetAndClearEvents
     /tmp/ccE48lfG.s:159    .text.chEvtGetAndClearEvents:0000002c $d
     /tmp/ccE48lfG.s:162    .text.chEvtAddEvents:00000000 $t
     /tmp/ccE48lfG.s:168    .text.chEvtAddEvents:00000000 chEvtAddEvents
     /tmp/ccE48lfG.s:195    .text.chEvtAddEvents:00000028 $d
     /tmp/ccE48lfG.s:198    .text.chEvtGetAndClearFlags:00000000 $t
     /tmp/ccE48lfG.s:204    .text.chEvtGetAndClearFlags:00000000 chEvtGetAndClearFlags
     /tmp/ccE48lfG.s:228    .text.chEvtSignalI:00000000 $t
     /tmp/ccE48lfG.s:234    .text.chEvtSignalI:00000000 chEvtSignalI
     /tmp/ccE48lfG.s:276    .text.chEvtSignalI:00000048 $d
     /tmp/ccE48lfG.s:279    .text.chEvtBroadcastFlagsI:00000000 $t
     /tmp/ccE48lfG.s:285    .text.chEvtBroadcastFlagsI:00000000 chEvtBroadcastFlagsI
     /tmp/ccE48lfG.s:315    .text.chEvtBroadcastFlagsI:00000030 $d
     /tmp/ccE48lfG.s:318    .text.chEvtSignal:00000000 $t
     /tmp/ccE48lfG.s:324    .text.chEvtSignal:00000000 chEvtSignal
     /tmp/ccE48lfG.s:356    .text.chEvtSignal:00000034 $d
     /tmp/ccE48lfG.s:359    .text.chEvtBroadcastFlags:00000000 $t
     /tmp/ccE48lfG.s:365    .text.chEvtBroadcastFlags:00000000 chEvtBroadcastFlags
     /tmp/ccE48lfG.s:390    .text.chEvtGetAndClearFlagsI:00000000 $t
     /tmp/ccE48lfG.s:396    .text.chEvtGetAndClearFlagsI:00000000 chEvtGetAndClearFlagsI
     /tmp/ccE48lfG.s:407    .text.chEvtDispatch:00000000 $t
     /tmp/ccE48lfG.s:413    .text.chEvtDispatch:00000000 chEvtDispatch
     /tmp/ccE48lfG.s:454    .text.chEvtDispatch:0000004c $d
     /tmp/ccE48lfG.s:458    .text.chEvtWaitOne:00000000 $t
     /tmp/ccE48lfG.s:464    .text.chEvtWaitOne:00000000 chEvtWaitOne
     /tmp/ccE48lfG.s:501    .text.chEvtWaitOne:00000040 $d
     /tmp/ccE48lfG.s:504    .text.chEvtWaitAny:00000000 $t
     /tmp/ccE48lfG.s:510    .text.chEvtWaitAny:00000000 chEvtWaitAny
     /tmp/ccE48lfG.s:545    .text.chEvtWaitAny:0000003c $d
     /tmp/ccE48lfG.s:548    .text.chEvtWaitAll:00000000 $t
     /tmp/ccE48lfG.s:554    .text.chEvtWaitAll:00000000 chEvtWaitAll
     /tmp/ccE48lfG.s:589    .text.chEvtWaitAll:0000003c $d
     /tmp/ccE48lfG.s:592    .text.chEvtWaitOneTimeout:00000000 $t
     /tmp/ccE48lfG.s:598    .text.chEvtWaitOneTimeout:00000000 chEvtWaitOneTimeout
     /tmp/ccE48lfG.s:658    .text.chEvtWaitOneTimeout:00000068 $d
     /tmp/ccE48lfG.s:661    .text.chEvtWaitAnyTimeout:00000000 $t
     /tmp/ccE48lfG.s:667    .text.chEvtWaitAnyTimeout:00000000 chEvtWaitAnyTimeout
     /tmp/ccE48lfG.s:725    .text.chEvtWaitAnyTimeout:00000064 $d
     /tmp/ccE48lfG.s:728    .text.chEvtWaitAllTimeout:00000000 $t
     /tmp/ccE48lfG.s:734    .text.chEvtWaitAllTimeout:00000000 chEvtWaitAllTimeout
     /tmp/ccE48lfG.s:792    .text.chEvtWaitAllTimeout:00000060 $d
     /tmp/ccE48lfG.s:795    .rodata.str1.4:00000000 $d
     /tmp/ccE48lfG.s:813    .text.chEvtRegisterMask:00000044 $t
     /tmp/ccE48lfG.s:124    .text.chEvtUnregister:0000004c $t
     /tmp/ccE48lfG.s:197    .text.chEvtAddEvents:0000002c $t
     /tmp/ccE48lfG.s:278    .text.chEvtSignalI:0000004c $t
     /tmp/ccE48lfG.s:317    .text.chEvtBroadcastFlagsI:00000034 $t
     /tmp/ccE48lfG.s:358    .text.chEvtSignal:00000038 $t
ARM GAS  /tmp/ccE48lfG.s 			page 18


     /tmp/ccE48lfG.s:457    .text.chEvtDispatch:00000054 $t
     /tmp/ccE48lfG.s:503    .text.chEvtWaitOne:00000044 $t
     /tmp/ccE48lfG.s:660    .text.chEvtWaitOneTimeout:0000006c $t
     /tmp/ccE48lfG.s:727    .text.chEvtWaitAnyTimeout:00000068 $t
     /tmp/ccE48lfG.s:794    .text.chEvtWaitAllTimeout:00000064 $t

UNDEFINED SYMBOLS
dbg_check_lock
dbg_check_unlock
chDbgPanic
rlist
chDbgCheckClassI
chSchReadyI
chSchRescheduleS
chSchGoSleepS
chSchGoSleepTimeoutS
