ARM GAS  /tmp/ccp06J5z.s 			page 1


   1              		.syntax unified
   2              		.cpu cortex-m4
   3              		.eabi_attribute 27, 3
   4              		.eabi_attribute 28, 1
   5              		.fpu fpv4-sp-d16
   6              		.eabi_attribute 20, 1
   7              		.eabi_attribute 21, 1
   8              		.eabi_attribute 23, 3
   9              		.eabi_attribute 24, 1
  10              		.eabi_attribute 25, 1
  11              		.eabi_attribute 26, 1
  12              		.eabi_attribute 30, 2
  13              		.eabi_attribute 34, 1
  14              		.eabi_attribute 18, 4
  15              		.thumb
  16              		.file	"chmemcore.c"
  17              		.section	.text._core_init,"ax",%progbits
  18              		.align	2
  19              		.p2align 4,,15
  20              		.global	_core_init
  21              		.thumb
  22              		.thumb_func
  23              		.type	_core_init, %function
  24              	_core_init:
  25              		@ args = 0, pretend = 0, frame = 0
  26              		@ frame_needed = 0, uses_anonymous_args = 0
  27              		@ link register save eliminated.
  28 0000 0548     		ldr	r0, .L2
  29 0002 064A     		ldr	r2, .L2+4
  30 0004 0649     		ldr	r1, .L2+8
  31 0006 074B     		ldr	r3, .L2+12
  32 0008 20F00700 		bic	r0, r0, #7
  33 000c 22F00702 		bic	r2, r2, #7
  34 0010 0860     		str	r0, [r1]
  35 0012 1A60     		str	r2, [r3]
  36 0014 7047     		bx	lr
  37              	.L3:
  38 0016 00BF     		.align	2
  39              	.L2:
  40 0018 07000000 		.word	__heap_base__+7
  41 001c 00000000 		.word	__heap_end__
  42 0020 00000000 		.word	.LANCHOR0
  43 0024 00000000 		.word	.LANCHOR1
  44              		.size	_core_init, .-_core_init
  45 0028 AFF30080 		.section	.text.chCoreAllocI,"ax",%progbits
  45      AFF30080 
  46              		.align	2
  47              		.p2align 4,,15
  48              		.global	chCoreAllocI
  49              		.thumb
  50              		.thumb_func
  51              		.type	chCoreAllocI, %function
  52              	chCoreAllocI:
  53              		@ args = 0, pretend = 0, frame = 0
  54              		@ frame_needed = 0, uses_anonymous_args = 0
  55 0000 10B5     		push	{r4, lr}
  56 0002 0446     		mov	r4, r0
ARM GAS  /tmp/ccp06J5z.s 			page 2


  57 0004 FFF7FEFF 		bl	chDbgCheckClassI
  58 0008 074A     		ldr	r2, .L7
  59 000a 0849     		ldr	r1, .L7+4
  60 000c 1368     		ldr	r3, [r2]
  61 000e 0968     		ldr	r1, [r1]
  62 0010 E01D     		adds	r0, r4, #7
  63 0012 20F00700 		bic	r0, r0, #7
  64 0016 C91A     		subs	r1, r1, r3
  65 0018 8842     		cmp	r0, r1
  66 001a 9DBF     		ittte	ls
  67 001c C018     		addls	r0, r0, r3
  68 001e 1060     		strls	r0, [r2]
  69 0020 1846     		movls	r0, r3
  70 0022 0020     		movhi	r0, #0
  71 0024 10BD     		pop	{r4, pc}
  72              	.L8:
  73 0026 00BF     		.align	2
  74              	.L7:
  75 0028 00000000 		.word	.LANCHOR0
  76 002c 00000000 		.word	.LANCHOR1
  77              		.size	chCoreAllocI, .-chCoreAllocI
  78              		.section	.text.chCoreAlloc,"ax",%progbits
  79              		.align	2
  80              		.p2align 4,,15
  81              		.global	chCoreAlloc
  82              		.thumb
  83              		.thumb_func
  84              		.type	chCoreAlloc, %function
  85              	chCoreAlloc:
  86              		@ args = 0, pretend = 0, frame = 0
  87              		@ frame_needed = 0, uses_anonymous_args = 0
  88 0000 10B5     		push	{r4, lr}
  89 0002 2023     		movs	r3, #32
  90 0004 0446     		mov	r4, r0
  91              	@ 94 "../../../ChibiOS/os/kernel/src/chmemcore.c" 1
  92 0006 83F31188 		msr     BASEPRI, r3
  93              	@ 0 "" 2
  94              		.thumb
  95 000a FFF7FEFF 		bl	dbg_check_lock
  96 000e 2046     		mov	r0, r4
  97 0010 FFF7FEFF 		bl	chCoreAllocI
  98 0014 0446     		mov	r4, r0
  99 0016 FFF7FEFF 		bl	dbg_check_unlock
 100 001a 0023     		movs	r3, #0
 101              	@ 96 "../../../ChibiOS/os/kernel/src/chmemcore.c" 1
 102 001c 83F31188 		msr     BASEPRI, r3
 103              	@ 0 "" 2
 104              		.thumb
 105 0020 2046     		mov	r0, r4
 106 0022 10BD     		pop	{r4, pc}
 107              		.size	chCoreAlloc, .-chCoreAlloc
 108 0024 AFF30080 		.section	.text.chCoreStatus,"ax",%progbits
 108      AFF30080 
 108      AFF30080 
 109              		.align	2
 110              		.p2align 4,,15
 111              		.global	chCoreStatus
ARM GAS  /tmp/ccp06J5z.s 			page 3


 112              		.thumb
 113              		.thumb_func
 114              		.type	chCoreStatus, %function
 115              	chCoreStatus:
 116              		@ args = 0, pretend = 0, frame = 0
 117              		@ frame_needed = 0, uses_anonymous_args = 0
 118              		@ link register save eliminated.
 119 0000 024A     		ldr	r2, .L11
 120 0002 034B     		ldr	r3, .L11+4
 121 0004 1068     		ldr	r0, [r2]
 122 0006 1B68     		ldr	r3, [r3]
 123 0008 C01A     		subs	r0, r0, r3
 124 000a 7047     		bx	lr
 125              	.L12:
 126              		.align	2
 127              	.L11:
 128 000c 00000000 		.word	.LANCHOR1
 129 0010 00000000 		.word	.LANCHOR0
 130              		.size	chCoreStatus, .-chCoreStatus
 131 0014 AFF30080 		.section	.bss.endmem,"aw",%nobits
 131      AFF30080 
 131      AFF30080 
 132              		.align	2
 133              		.set	.LANCHOR1,. + 0
 134              		.type	endmem, %object
 135              		.size	endmem, 4
 136              	endmem:
 137 0000 00000000 		.space	4
 138              		.section	.bss.nextmem,"aw",%nobits
 139              		.align	2
 140              		.set	.LANCHOR0,. + 0
 141              		.type	nextmem, %object
 142              		.size	nextmem, 4
 143              	nextmem:
 144 0000 00000000 		.space	4
 145              		.ident	"GCC: (GNU Tools for ARM Embedded Processors) 4.8.3 20140228 (release) [ARM/embedded-4_8-br
ARM GAS  /tmp/ccp06J5z.s 			page 4


DEFINED SYMBOLS
                            *ABS*:00000000 chmemcore.c
     /tmp/ccp06J5z.s:18     .text._core_init:00000000 $t
     /tmp/ccp06J5z.s:24     .text._core_init:00000000 _core_init
     /tmp/ccp06J5z.s:40     .text._core_init:00000018 $d
     /tmp/ccp06J5z.s:46     .text.chCoreAllocI:00000000 $t
     /tmp/ccp06J5z.s:52     .text.chCoreAllocI:00000000 chCoreAllocI
     /tmp/ccp06J5z.s:75     .text.chCoreAllocI:00000028 $d
     /tmp/ccp06J5z.s:79     .text.chCoreAlloc:00000000 $t
     /tmp/ccp06J5z.s:85     .text.chCoreAlloc:00000000 chCoreAlloc
     /tmp/ccp06J5z.s:109    .text.chCoreStatus:00000000 $t
     /tmp/ccp06J5z.s:115    .text.chCoreStatus:00000000 chCoreStatus
     /tmp/ccp06J5z.s:128    .text.chCoreStatus:0000000c $d
     /tmp/ccp06J5z.s:132    .bss.endmem:00000000 $d
     /tmp/ccp06J5z.s:136    .bss.endmem:00000000 endmem
     /tmp/ccp06J5z.s:139    .bss.nextmem:00000000 $d
     /tmp/ccp06J5z.s:143    .bss.nextmem:00000000 nextmem
     /tmp/ccp06J5z.s:45     .text._core_init:00000028 $t
     /tmp/ccp06J5z.s:131    .text.chCoreStatus:00000014 $t

UNDEFINED SYMBOLS
__heap_base__
__heap_end__
chDbgCheckClassI
dbg_check_lock
dbg_check_unlock
