ARM GAS  /tmp/ccztvf07.s 			page 1


   1              		.syntax unified
   2              		.cpu cortex-m4
   3              		.eabi_attribute 27, 3
   4              		.eabi_attribute 28, 1
   5              		.fpu fpv4-sp-d16
   6              		.eabi_attribute 20, 1
   7              		.eabi_attribute 21, 1
   8              		.eabi_attribute 23, 3
   9              		.eabi_attribute 24, 1
  10              		.eabi_attribute 25, 1
  11              		.eabi_attribute 26, 1
  12              		.eabi_attribute 30, 2
  13              		.eabi_attribute 34, 1
  14              		.eabi_attribute 18, 4
  15              		.thumb
  16              		.file	"chprintf.c"
  17              		.section	.text.long_to_string_with_divisor,"ax",%progbits
  18              		.align	2
  19              		.p2align 4,,15
  20              		.thumb
  21              		.thumb_func
  22              		.type	long_to_string_with_divisor, %function
  23              	long_to_string_with_divisor:
  24              		@ args = 0, pretend = 0, frame = 0
  25              		@ frame_needed = 0, uses_anonymous_args = 0
  26              		@ link register save eliminated.
  27 0000 F0B4     		push	{r4, r5, r6, r7}
  28 0002 002B     		cmp	r3, #0
  29 0004 08BF     		it	eq
  30 0006 0B46     		moveq	r3, r1
  31 0008 00F10B07 		add	r7, r0, #11
  32 000c 00F10A05 		add	r5, r0, #10
  33              	.L5:
  34 0010 B1FBF2F6 		udiv	r6, r1, r2
  35 0014 02FB1611 		mls	r1, r2, r6, r1
  36 0018 01F13004 		add	r4, r1, #48
  37 001c 392C     		cmp	r4, #57
  38 001e C8BF     		it	gt
  39 0020 01F13704 		addgt	r4, r1, #55
  40 0024 E4B2     		uxtb	r4, r4
  41 0026 B3FBF2F3 		udiv	r3, r3, r2
  42 002a 3146     		mov	r1, r6
  43 002c 2E46     		mov	r6, r5
  44 002e 05F80149 		strb	r4, [r5], #-1
  45 0032 002B     		cmp	r3, #0
  46 0034 ECD1     		bne	.L5
  47 0036 BA1B     		subs	r2, r7, r6
  48 0038 3346     		mov	r3, r6
  49 003a 0244     		add	r2, r2, r0
  50 003c 01E0     		b	.L7
  51              	.L11:
  52 003e 13F8014F 		ldrb	r4, [r3, #1]!	@ zero_extendqisi2
  53              	.L7:
  54 0042 00F8014B 		strb	r4, [r0], #1
  55 0046 9042     		cmp	r0, r2
  56 0048 F9D1     		bne	.L11
  57 004a F0BC     		pop	{r4, r5, r6, r7}
ARM GAS  /tmp/ccztvf07.s 			page 2


  58 004c 7047     		bx	lr
  59              		.size	long_to_string_with_divisor, .-long_to_string_with_divisor
  60              		.global	__aeabi_d2f
  61              		.global	__aeabi_f2d
  62              		.global	__aeabi_i2d
  63              		.global	__aeabi_dsub
  64              		.global	__aeabi_dmul
  65              		.global	__aeabi_d2iz
  66 004e 00BF     		.section	.text.chvprintf,"ax",%progbits
  67              		.align	2
  68              		.p2align 4,,15
  69              		.global	chvprintf
  70              		.thumb
  71              		.thumb_func
  72              		.type	chvprintf, %function
  73              	chvprintf:
  74              		@ args = 0, pretend = 0, frame = 40
  75              		@ frame_needed = 0, uses_anonymous_args = 0
  76 0000 2DE9F04F 		push	{r4, r5, r6, r7, r8, r9, r10, fp, lr}
  77 0004 2DED028B 		fstmfdd	sp!, {d8}
  78 0008 8BB0     		sub	sp, sp, #44
  79 000a 0546     		mov	r5, r0
  80 000c 0C46     		mov	r4, r1
  81 000e 1746     		mov	r7, r2
  82 0010 0DF1100B 		add	fp, sp, #16
  83              	.L13:
  84 0014 2178     		ldrb	r1, [r4]	@ zero_extendqisi2
  85 0016 631C     		adds	r3, r4, #1
  86 0018 51B1     		cbz	r1, .L12
  87              	.L85:
  88 001a 2529     		cmp	r1, #37
  89 001c 0DD0     		beq	.L15
  90 001e 2A68     		ldr	r2, [r5]
  91 0020 1C46     		mov	r4, r3
  92 0022 9268     		ldr	r2, [r2, #8]
  93 0024 2846     		mov	r0, r5
  94 0026 9047     		blx	r2
  95 0028 2178     		ldrb	r1, [r4]	@ zero_extendqisi2
  96 002a 631C     		adds	r3, r4, #1
  97 002c 0029     		cmp	r1, #0
  98 002e F4D1     		bne	.L85
  99              	.L12:
 100 0030 0BB0     		add	sp, sp, #44
 101              		@ sp needed
 102 0032 BDEC028B 		fldmfdd	sp!, {d8}
 103 0036 BDE8F08F 		pop	{r4, r5, r6, r7, r8, r9, r10, fp, pc}
 104              	.L15:
 105 003a 6278     		ldrb	r2, [r4, #1]	@ zero_extendqisi2
 106 003c 2D2A     		cmp	r2, #45
 107 003e 03BF     		ittte	eq
 108 0040 A278     		ldrbeq	r2, [r4, #2]	@ zero_extendqisi2
 109 0042 A31C     		addeq	r3, r4, #2
 110 0044 4FF0010C 		moveq	ip, #1
 111 0048 4FF0000C 		movne	ip, #0
 112 004c 2E2A     		cmp	r2, #46
 113 004e 00F03981 		beq	.L18
 114 0052 302A     		cmp	r2, #48
ARM GAS  /tmp/ccztvf07.s 			page 3


 115 0054 00F03681 		beq	.L18
 116 0058 4FF02008 		mov	r8, #32
 117              	.L19:
 118 005c 1C46     		mov	r4, r3
 119 005e 0026     		movs	r6, #0
 120 0060 06E0     		b	.L22
 121              	.L86:
 122 0062 3B78     		ldrb	r3, [r7]	@ zero_extendqisi2
 123 0064 0437     		adds	r7, r7, #4
 124              	.L20:
 125 0066 06EB8606 		add	r6, r6, r6, lsl #2
 126 006a 2278     		ldrb	r2, [r4]	@ zero_extendqisi2
 127 006c 03EB4606 		add	r6, r3, r6, lsl #1
 128              	.L22:
 129 0070 A2F13003 		sub	r3, r2, #48
 130 0074 DBB2     		uxtb	r3, r3
 131 0076 092B     		cmp	r3, #9
 132 0078 04F10104 		add	r4, r4, #1
 133 007c F3D9     		bls	.L20
 134 007e 2A2A     		cmp	r2, #42
 135 0080 EFD0     		beq	.L86
 136 0082 2E2A     		cmp	r2, #46
 137 0084 4FF00001 		mov	r1, #0
 138 0088 45D0     		beq	.L25
 139 008a 02F0DF03 		and	r3, r2, #223
 140 008e 4C2B     		cmp	r3, #76
 141 0090 4ED0     		beq	.L87
 142              	.L27:
 143 0092 A2F14403 		sub	r3, r2, #68
 144 0096 342B     		cmp	r3, #52
 145 0098 00F20A81 		bhi	.L28
 146 009c DFE813F0 		tbh	[pc, r3, lsl #1]
 147              	.L30:
 148 00a0 0001     		.2byte	(.L29-.L30)/2
 149 00a2 0801     		.2byte	(.L28-.L30)/2
 150 00a4 0801     		.2byte	(.L28-.L30)/2
 151 00a6 0801     		.2byte	(.L28-.L30)/2
 152 00a8 0801     		.2byte	(.L28-.L30)/2
 153 00aa 0001     		.2byte	(.L29-.L30)/2
 154 00ac 0801     		.2byte	(.L28-.L30)/2
 155 00ae 0801     		.2byte	(.L28-.L30)/2
 156 00b0 0801     		.2byte	(.L28-.L30)/2
 157 00b2 0801     		.2byte	(.L28-.L30)/2
 158 00b4 0801     		.2byte	(.L28-.L30)/2
 159 00b6 FE00     		.2byte	(.L31-.L30)/2
 160 00b8 0801     		.2byte	(.L28-.L30)/2
 161 00ba 0801     		.2byte	(.L28-.L30)/2
 162 00bc 0801     		.2byte	(.L28-.L30)/2
 163 00be 0801     		.2byte	(.L28-.L30)/2
 164 00c0 0801     		.2byte	(.L28-.L30)/2
 165 00c2 4E00     		.2byte	(.L62-.L30)/2
 166 00c4 0801     		.2byte	(.L28-.L30)/2
 167 00c6 0801     		.2byte	(.L28-.L30)/2
 168 00c8 8B00     		.2byte	(.L33-.L30)/2
 169 00ca 0801     		.2byte	(.L28-.L30)/2
 170 00cc 0801     		.2byte	(.L28-.L30)/2
 171 00ce 0801     		.2byte	(.L28-.L30)/2
ARM GAS  /tmp/ccztvf07.s 			page 4


 172 00d0 0801     		.2byte	(.L28-.L30)/2
 173 00d2 0801     		.2byte	(.L28-.L30)/2
 174 00d4 0801     		.2byte	(.L28-.L30)/2
 175 00d6 0801     		.2byte	(.L28-.L30)/2
 176 00d8 0801     		.2byte	(.L28-.L30)/2
 177 00da 0801     		.2byte	(.L28-.L30)/2
 178 00dc 0801     		.2byte	(.L28-.L30)/2
 179 00de F000     		.2byte	(.L34-.L30)/2
 180 00e0 0001     		.2byte	(.L29-.L30)/2
 181 00e2 0801     		.2byte	(.L28-.L30)/2
 182 00e4 AF00     		.2byte	(.L35-.L30)/2
 183 00e6 0801     		.2byte	(.L28-.L30)/2
 184 00e8 0801     		.2byte	(.L28-.L30)/2
 185 00ea 0001     		.2byte	(.L29-.L30)/2
 186 00ec 0801     		.2byte	(.L28-.L30)/2
 187 00ee 0801     		.2byte	(.L28-.L30)/2
 188 00f0 0801     		.2byte	(.L28-.L30)/2
 189 00f2 0801     		.2byte	(.L28-.L30)/2
 190 00f4 0801     		.2byte	(.L28-.L30)/2
 191 00f6 FE00     		.2byte	(.L31-.L30)/2
 192 00f8 0801     		.2byte	(.L28-.L30)/2
 193 00fa 0801     		.2byte	(.L28-.L30)/2
 194 00fc 0801     		.2byte	(.L28-.L30)/2
 195 00fe 8D00     		.2byte	(.L36-.L30)/2
 196 0100 0801     		.2byte	(.L28-.L30)/2
 197 0102 4E00     		.2byte	(.L62-.L30)/2
 198 0104 0801     		.2byte	(.L28-.L30)/2
 199 0106 0801     		.2byte	(.L28-.L30)/2
 200 0108 8B00     		.2byte	(.L33-.L30)/2
 201              	.L88:
 202 010a 3B78     		ldrb	r3, [r7]	@ zero_extendqisi2
 203 010c 0437     		adds	r7, r7, #4
 204              	.L24:
 205 010e 01EB8101 		add	r1, r1, r1, lsl #2
 206 0112 03EB4101 		add	r1, r3, r1, lsl #1
 207              	.L25:
 208 0116 14F8012B 		ldrb	r2, [r4], #1	@ zero_extendqisi2
 209 011a A2F13003 		sub	r3, r2, #48
 210 011e DBB2     		uxtb	r3, r3
 211 0120 092B     		cmp	r3, #9
 212 0122 F4D9     		bls	.L24
 213 0124 2A2A     		cmp	r2, #42
 214 0126 F0D0     		beq	.L88
 215 0128 02F0DF03 		and	r3, r2, #223
 216 012c 4C2B     		cmp	r3, #76
 217 012e B0D1     		bne	.L27
 218              	.L87:
 219 0130 2378     		ldrb	r3, [r4]	@ zero_extendqisi2
 220 0132 002B     		cmp	r3, #0
 221 0134 ADD0     		beq	.L27
 222 0136 0134     		adds	r4, r4, #1
 223 0138 1A46     		mov	r2, r3
 224 013a AAE7     		b	.L27
 225              	.L62:
 226 013c 0A22     		movs	r2, #10
 227              	.L32:
 228 013e 3968     		ldr	r1, [r7]
ARM GAS  /tmp/ccztvf07.s 			page 5


 229 0140 5846     		mov	r0, fp
 230 0142 0437     		adds	r7, r7, #4
 231              	.L82:
 232 0144 0023     		movs	r3, #0
 233 0146 CDF804C0 		str	ip, [sp, #4]
 234              	.L83:
 235 014a FFF7FEFF 		bl	long_to_string_with_divisor
 236 014e DDF804C0 		ldr	ip, [sp, #4]
 237 0152 CBEB0000 		rsb	r0, fp, r0
 238 0156 00F1FF3A 		add	r10, r0, #-1
 239 015a D946     		mov	r9, fp
 240              	.L37:
 241 015c 361A     		subs	r6, r6, r0
 242 015e 26EAE676 		bic	r6, r6, r6, asr #31
 243 0162 BCF1000F 		cmp	ip, #0
 244 0166 0DD1     		bne	.L50
 245 0168 7642     		negs	r6, r6
 246 016a 5EB1     		cbz	r6, .L50
 247 016c 99F80010 		ldrb	r1, [r9]	@ zero_extendqisi2
 248 0170 2D29     		cmp	r1, #45
 249 0172 00F0AC80 		beq	.L89
 250              	.L52:
 251 0176 2B68     		ldr	r3, [r5]
 252 0178 2846     		mov	r0, r5
 253 017a 9B68     		ldr	r3, [r3, #8]
 254 017c 4146     		mov	r1, r8
 255 017e 9847     		blx	r3
 256 0180 0136     		adds	r6, r6, #1
 257 0182 F8D1     		bne	.L52
 258              	.L50:
 259 0184 BAF1000F 		cmp	r10, #0
 260 0188 0ADB     		blt	.L55
 261 018a CA44     		add	r10, r10, r9
 262 018c 09F1FF39 		add	r9, r9, #-1
 263              	.L56:
 264 0190 2B68     		ldr	r3, [r5]
 265 0192 19F8011F 		ldrb	r1, [r9, #1]!	@ zero_extendqisi2
 266 0196 9B68     		ldr	r3, [r3, #8]
 267 0198 2846     		mov	r0, r5
 268 019a 9847     		blx	r3
 269 019c D145     		cmp	r9, r10
 270 019e F7D1     		bne	.L56
 271              	.L55:
 272 01a0 002E     		cmp	r6, #0
 273 01a2 3FF437AF 		beq	.L13
 274              	.L57:
 275 01a6 2B68     		ldr	r3, [r5]
 276 01a8 2846     		mov	r0, r5
 277 01aa 9B68     		ldr	r3, [r3, #8]
 278 01ac 4146     		mov	r1, r8
 279 01ae 9847     		blx	r3
 280 01b0 013E     		subs	r6, r6, #1
 281 01b2 F8D1     		bne	.L57
 282 01b4 2EE7     		b	.L13
 283              	.L33:
 284 01b6 1022     		movs	r2, #16
 285 01b8 C1E7     		b	.L32
ARM GAS  /tmp/ccztvf07.s 			page 6


 286              	.L36:
 287 01ba D7F80090 		ldr	r9, [r7]
 288 01be 5A4B     		ldr	r3, .L93+8
 289 01c0 B9F1000F 		cmp	r9, #0
 290 01c4 08BF     		it	eq
 291 01c6 9946     		moveq	r9, r3
 292 01c8 47F6FF73 		movw	r3, #32767
 293 01cc 99F80000 		ldrb	r0, [r9]	@ zero_extendqisi2
 294 01d0 0437     		adds	r7, r7, #4
 295 01d2 0029     		cmp	r1, #0
 296 01d4 08BF     		it	eq
 297 01d6 1946     		moveq	r1, r3
 298 01d8 0028     		cmp	r0, #0
 299 01da 00F09B80 		beq	.L65
 300 01de 4944     		add	r1, r1, r9
 301 01e0 4B46     		mov	r3, r9
 302 01e2 01E0     		b	.L42
 303              	.L40:
 304 01e4 8B42     		cmp	r3, r1
 305 01e6 7FD0     		beq	.L90
 306              	.L42:
 307 01e8 5A78     		ldrb	r2, [r3, #1]	@ zero_extendqisi2
 308 01ea 0133     		adds	r3, r3, #1
 309 01ec 002A     		cmp	r2, #0
 310 01ee F9D1     		bne	.L40
 311 01f0 C9EB0300 		rsb	r0, r9, r3
 312 01f4 00F1FF3A 		add	r10, r0, #-1
 313 01f8 4FF02008 		mov	r8, #32
 314 01fc AEE7     		b	.L37
 315              	.L35:
 316 01fe 0737     		adds	r7, r7, #7
 317 0200 27F00707 		bic	r7, r7, #7
 318 0204 D7E90001 		ldrd	r0, [r7]
 319 0208 CDF804C0 		str	ip, [sp, #4]
 320 020c FFF7FEFF 		bl	__aeabi_d2f
 321 0210 08EE100A 		fmsr	s16, r0
 322 0214 B5EEC08A 		fcmpezs	s16
 323 0218 F1EE10FA 		fmstat
 324 021c 07F10807 		add	r7, r7, #8
 325 0220 DDF804C0 		ldr	ip, [sp, #4]
 326 0224 6ED4     		bmi	.L91
 327 0226 5846     		mov	r0, fp
 328              	.L46:
 329 0228 FDEEC87A 		ftosizs	s15, s16
 330 022c 0A22     		movs	r2, #10
 331 022e 17EE901A 		fmrs	r1, s15	@ int
 332 0232 0023     		movs	r3, #0
 333 0234 17EE90AA 		fmrs	r10, s15	@ int
 334 0238 CDF804C0 		str	ip, [sp, #4]
 335 023c FFF7FEFF 		bl	long_to_string_with_divisor
 336 0240 8146     		mov	r9, r0
 337 0242 2E23     		movs	r3, #46
 338 0244 09F8013B 		strb	r3, [r9], #1
 339 0248 18EE100A 		fmrs	r0, s16
 340 024c FFF7FEFF 		bl	__aeabi_f2d
 341 0250 CDE90201 		strd	r0, [sp, #8]
 342 0254 5046     		mov	r0, r10
ARM GAS  /tmp/ccztvf07.s 			page 7


 343 0256 FFF7FEFF 		bl	__aeabi_i2d
 344 025a 0246     		mov	r2, r0
 345 025c 0B46     		mov	r3, r1
 346 025e DDE90201 		ldrd	r0, [sp, #8]
 347 0262 FFF7FEFF 		bl	__aeabi_dsub
 348 0266 2EA3     		adr	r3, .L93
 349 0268 D3E90023 		ldrd	r2, [r3]
 350 026c FFF7FEFF 		bl	__aeabi_dmul
 351 0270 FFF7FEFF 		bl	__aeabi_d2iz
 352 0274 0A22     		movs	r2, #10
 353 0276 0146     		mov	r1, r0
 354 0278 42F21073 		movw	r3, #10000
 355 027c 4846     		mov	r0, r9
 356 027e 64E7     		b	.L83
 357              	.L34:
 358 0280 0DF11100 		add	r0, sp, #17
 359 0284 3B68     		ldr	r3, [r7]
 360 0286 8DF81030 		strb	r3, [sp, #16]
 361 028a CBEB0000 		rsb	r0, fp, r0
 362 028e 00F1FF3A 		add	r10, r0, #-1
 363 0292 0437     		adds	r7, r7, #4
 364 0294 4FF02008 		mov	r8, #32
 365 0298 D946     		mov	r9, fp
 366 029a 5FE7     		b	.L37
 367              	.L31:
 368 029c 0822     		movs	r2, #8
 369 029e 4EE7     		b	.L32
 370              	.L29:
 371 02a0 3968     		ldr	r1, [r7]
 372 02a2 0029     		cmp	r1, #0
 373 02a4 07F10407 		add	r7, r7, #4
 374 02a8 25DB     		blt	.L92
 375 02aa 5846     		mov	r0, fp
 376              	.L45:
 377 02ac 0A22     		movs	r2, #10
 378 02ae 49E7     		b	.L82
 379              	.L28:
 380 02b0 0DF11100 		add	r0, sp, #17
 381 02b4 CBEB0000 		rsb	r0, fp, r0
 382 02b8 8DF81020 		strb	r2, [sp, #16]
 383 02bc 00F1FF3A 		add	r10, r0, #-1
 384 02c0 D946     		mov	r9, fp
 385 02c2 4BE7     		b	.L37
 386              	.L18:
 387 02c4 5A78     		ldrb	r2, [r3, #1]	@ zero_extendqisi2
 388 02c6 4FF03008 		mov	r8, #48
 389 02ca 0133     		adds	r3, r3, #1
 390 02cc C6E6     		b	.L19
 391              	.L89:
 392 02ce B8F1300F 		cmp	r8, #48
 393 02d2 7FF450AF 		bne	.L52
 394 02d6 2B68     		ldr	r3, [r5]
 395 02d8 2846     		mov	r0, r5
 396 02da 9B68     		ldr	r3, [r3, #8]
 397 02dc 9847     		blx	r3
 398 02de 09F10109 		add	r9, r9, #1
 399 02e2 0AF1FF3A 		add	r10, r10, #-1
ARM GAS  /tmp/ccztvf07.s 			page 8


 400 02e6 46E7     		b	.L52
 401              	.L90:
 402 02e8 C9EB0100 		rsb	r0, r9, r1
 403 02ec 00F1FF3A 		add	r10, r0, #-1
 404 02f0 4FF02008 		mov	r8, #32
 405 02f4 32E7     		b	.L37
 406              	.L92:
 407 02f6 2D23     		movs	r3, #45
 408 02f8 4942     		negs	r1, r1
 409 02fa 8DF81030 		strb	r3, [sp, #16]
 410 02fe 0DF11100 		add	r0, sp, #17
 411 0302 D3E7     		b	.L45
 412              	.L91:
 413 0304 2D23     		movs	r3, #45
 414 0306 B1EE488A 		fnegs	s16, s16
 415 030a 8DF81030 		strb	r3, [sp, #16]
 416 030e 0DF11100 		add	r0, sp, #17
 417 0312 89E7     		b	.L46
 418              	.L65:
 419 0314 4FF0FF3A 		mov	r10, #-1
 420 0318 4FF02008 		mov	r8, #32
 421 031c 1EE7     		b	.L37
 422              	.L94:
 423 031e 00BF     		.align	3
 424              	.L93:
 425 0320 00000000 		.word	0
 426 0324 006AF840 		.word	1090021888
 427 0328 00000000 		.word	.LC0
 428              		.size	chvprintf, .-chvprintf
 429 032c AFF30080 		.section	.text.chsnprintf,"ax",%progbits
 430              		.align	2
 431              		.p2align 4,,15
 432              		.global	chsnprintf
 433              		.thumb
 434              		.thumb_func
 435              		.type	chsnprintf, %function
 436              	chsnprintf:
 437              		@ args = 4, pretend = 8, frame = 24
 438              		@ frame_needed = 0, uses_anonymous_args = 1
 439 0000 0CB4     		push	{r2, r3}
 440 0002 70B5     		push	{r4, r5, r6, lr}
 441 0004 86B0     		sub	sp, sp, #24
 442 0006 0AAC     		add	r4, sp, #40
 443 0008 0546     		mov	r5, r0
 444 000a 54F8046B 		ldr	r6, [r4], #4
 445 000e 4A1E     		subs	r2, r1, #1
 446 0010 0023     		movs	r3, #0
 447 0012 0146     		mov	r1, r0
 448 0014 01A8     		add	r0, sp, #4
 449 0016 FFF7FEFF 		bl	msObjectInit
 450 001a 01A8     		add	r0, sp, #4
 451 001c 3146     		mov	r1, r6
 452 001e 2246     		mov	r2, r4
 453 0020 0094     		str	r4, [sp]
 454 0022 FFF7FEFF 		bl	chvprintf
 455 0026 0498     		ldr	r0, [sp, #16]
 456 0028 0023     		movs	r3, #0
ARM GAS  /tmp/ccztvf07.s 			page 9


 457 002a 2B54     		strb	r3, [r5, r0]
 458 002c 06B0     		add	sp, sp, #24
 459              		@ sp needed
 460 002e BDE87040 		pop	{r4, r5, r6, lr}
 461 0032 02B0     		add	sp, sp, #8
 462 0034 7047     		bx	lr
 463              		.size	chsnprintf, .-chsnprintf
 464 0036 00BFAFF3 		.section	.rodata.str1.4,"aMS",%progbits,1
 464      0080AFF3 
 464      0080
 465              		.align	2
 466              	.LC0:
 467 0000 286E756C 		.ascii	"(null)\000"
 467      6C2900
 468 0007 00       		.ident	"GCC: (GNU Tools for ARM Embedded Processors) 4.8.3 20140228 (release) [ARM/embedded-4_8-br
ARM GAS  /tmp/ccztvf07.s 			page 10


DEFINED SYMBOLS
                            *ABS*:00000000 chprintf.c
     /tmp/ccztvf07.s:18     .text.long_to_string_with_divisor:00000000 $t
     /tmp/ccztvf07.s:23     .text.long_to_string_with_divisor:00000000 long_to_string_with_divisor
     /tmp/ccztvf07.s:67     .text.chvprintf:00000000 $t
     /tmp/ccztvf07.s:73     .text.chvprintf:00000000 chvprintf
     /tmp/ccztvf07.s:148    .text.chvprintf:000000a0 $d
     /tmp/ccztvf07.s:202    .text.chvprintf:0000010a $t
     /tmp/ccztvf07.s:425    .text.chvprintf:00000320 $d
     /tmp/ccztvf07.s:430    .text.chsnprintf:00000000 $t
     /tmp/ccztvf07.s:436    .text.chsnprintf:00000000 chsnprintf
     /tmp/ccztvf07.s:465    .rodata.str1.4:00000000 $d
     /tmp/ccztvf07.s:429    .text.chvprintf:0000032c $t

UNDEFINED SYMBOLS
__aeabi_d2f
__aeabi_f2d
__aeabi_i2d
__aeabi_dsub
__aeabi_dmul
__aeabi_d2iz
msObjectInit
