ARM GAS  /tmp/ccfHyYhl.s 			page 1


   1              		.syntax unified
   2              		.cpu cortex-m4
   3              		.eabi_attribute 27, 3
   4              		.eabi_attribute 28, 1
   5              		.fpu fpv4-sp-d16
   6              		.eabi_attribute 20, 1
   7              		.eabi_attribute 21, 1
   8              		.eabi_attribute 23, 3
   9              		.eabi_attribute 24, 1
  10              		.eabi_attribute 25, 1
  11              		.eabi_attribute 26, 1
  12              		.eabi_attribute 30, 2
  13              		.eabi_attribute 34, 1
  14              		.eabi_attribute 18, 4
  15              		.thumb
  16              		.file	"chqueues.c"
  17              		.section	.text.qwait,"ax",%progbits
  18              		.align	2
  19              		.p2align 4,,15
  20              		.thumb
  21              		.thumb_func
  22              		.type	qwait, %function
  23              	qwait:
  24              		@ args = 0, pretend = 0, frame = 0
  25              		@ frame_needed = 0, uses_anonymous_args = 0
  26              		@ link register save eliminated.
  27 0000 10B4     		push	{r4}
  28 0002 0246     		mov	r2, r0
  29 0004 61B1     		cbz	r1, .L2
  30 0006 094B     		ldr	r3, .L4
  31 0008 9B69     		ldr	r3, [r3, #24]
  32 000a 9862     		str	r0, [r3, #40]
  33 000c 4468     		ldr	r4, [r0, #4]
  34 000e 0D20     		movs	r0, #13
  35 0010 83E81400 		stmia	r3, {r2, r4}
  36 0014 5360     		str	r3, [r2, #4]
  37 0016 2360     		str	r3, [r4]
  38 0018 5DF8044B 		ldr	r4, [sp], #4
  39 001c FFF7FEBF 		b	chSchGoSleepTimeoutS
  40              	.L2:
  41 0020 4FF0FF30 		mov	r0, #-1
  42 0024 5DF8044B 		ldr	r4, [sp], #4
  43 0028 7047     		bx	lr
  44              	.L5:
  45 002a 00BF     		.align	2
  46              	.L4:
  47 002c 00000000 		.word	rlist
  48              		.size	qwait, .-qwait
  49              		.section	.text.chIQInit,"ax",%progbits
  50              		.align	2
  51              		.p2align 4,,15
  52              		.global	chIQInit
  53              		.thumb
  54              		.thumb_func
  55              		.type	chIQInit, %function
  56              	chIQInit:
  57              		@ args = 4, pretend = 0, frame = 0
ARM GAS  /tmp/ccfHyYhl.s 			page 2


  58              		@ frame_needed = 0, uses_anonymous_args = 0
  59              		@ link register save eliminated.
  60 0000 30B4     		push	{r4, r5}
  61 0002 029C     		ldr	r4, [sp, #8]
  62 0004 0462     		str	r4, [r0, #32]
  63 0006 0025     		movs	r5, #0
  64 0008 0A44     		add	r2, r2, r1
  65 000a 8560     		str	r5, [r0, #8]
  66 000c 0261     		str	r2, [r0, #16]
  67 000e 4060     		str	r0, [r0, #4]
  68 0010 0060     		str	r0, [r0]
  69 0012 4161     		str	r1, [r0, #20]
  70 0014 8161     		str	r1, [r0, #24]
  71 0016 C160     		str	r1, [r0, #12]
  72 0018 C361     		str	r3, [r0, #28]
  73 001a 30BC     		pop	{r4, r5}
  74 001c 7047     		bx	lr
  75              		.size	chIQInit, .-chIQInit
  76 001e 00BF     		.section	.text.chIQResetI,"ax",%progbits
  77              		.align	2
  78              		.p2align 4,,15
  79              		.global	chIQResetI
  80              		.thumb
  81              		.thumb_func
  82              		.type	chIQResetI, %function
  83              	chIQResetI:
  84              		@ args = 0, pretend = 0, frame = 0
  85              		@ frame_needed = 0, uses_anonymous_args = 0
  86 0000 38B5     		push	{r3, r4, r5, lr}
  87 0002 0446     		mov	r4, r0
  88 0004 FFF7FEFF 		bl	chDbgCheckClassI
  89 0008 2068     		ldr	r0, [r4]
  90 000a E368     		ldr	r3, [r4, #12]
  91 000c 6361     		str	r3, [r4, #20]
  92 000e 0022     		movs	r2, #0
  93 0010 A042     		cmp	r0, r4
  94 0012 A260     		str	r2, [r4, #8]
  95 0014 A361     		str	r3, [r4, #24]
  96 0016 0AD0     		beq	.L7
  97 0018 6FF00105 		mvn	r5, #1
  98              	.L10:
  99 001c 0368     		ldr	r3, [r0]
 100 001e 2360     		str	r3, [r4]
 101 0020 5C60     		str	r4, [r3, #4]
 102 0022 FFF7FEFF 		bl	chSchReadyI
 103 0026 8562     		str	r5, [r0, #40]
 104 0028 2068     		ldr	r0, [r4]
 105 002a A042     		cmp	r0, r4
 106 002c F6D1     		bne	.L10
 107              	.L7:
 108 002e 38BD     		pop	{r3, r4, r5, pc}
 109              		.size	chIQResetI, .-chIQResetI
 110              		.section	.text.chIQPutI,"ax",%progbits
 111              		.align	2
 112              		.p2align 4,,15
 113              		.global	chIQPutI
 114              		.thumb
ARM GAS  /tmp/ccfHyYhl.s 			page 3


 115              		.thumb_func
 116              		.type	chIQPutI, %function
 117              	chIQPutI:
 118              		@ args = 0, pretend = 0, frame = 0
 119              		@ frame_needed = 0, uses_anonymous_args = 0
 120 0000 38B5     		push	{r3, r4, r5, lr}
 121 0002 0446     		mov	r4, r0
 122 0004 0D46     		mov	r5, r1
 123 0006 FFF7FEFF 		bl	chDbgCheckClassI
 124 000a A269     		ldr	r2, [r4, #24]
 125 000c 6369     		ldr	r3, [r4, #20]
 126 000e 9342     		cmp	r3, r2
 127 0010 A268     		ldr	r2, [r4, #8]
 128 0012 1BD0     		beq	.L20
 129              	.L14:
 130 0014 0132     		adds	r2, r2, #1
 131 0016 591C     		adds	r1, r3, #1
 132 0018 A260     		str	r2, [r4, #8]
 133 001a 6161     		str	r1, [r4, #20]
 134 001c 1D70     		strb	r5, [r3]
 135 001e 6269     		ldr	r2, [r4, #20]
 136 0020 2369     		ldr	r3, [r4, #16]
 137 0022 9A42     		cmp	r2, r3
 138 0024 0BD2     		bcs	.L15
 139 0026 2068     		ldr	r0, [r4]
 140 0028 A042     		cmp	r0, r4
 141 002a 0DD0     		beq	.L18
 142              	.L21:
 143 002c 0368     		ldr	r3, [r0]
 144 002e 2360     		str	r3, [r4]
 145 0030 5C60     		str	r4, [r3, #4]
 146 0032 FFF7FEFF 		bl	chSchReadyI
 147 0036 0023     		movs	r3, #0
 148 0038 8362     		str	r3, [r0, #40]
 149 003a 1846     		mov	r0, r3
 150 003c 38BD     		pop	{r3, r4, r5, pc}
 151              	.L15:
 152 003e 2068     		ldr	r0, [r4]
 153 0040 E368     		ldr	r3, [r4, #12]
 154 0042 6361     		str	r3, [r4, #20]
 155 0044 A042     		cmp	r0, r4
 156 0046 F1D1     		bne	.L21
 157              	.L18:
 158 0048 0020     		movs	r0, #0
 159 004a 38BD     		pop	{r3, r4, r5, pc}
 160              	.L20:
 161 004c 002A     		cmp	r2, #0
 162 004e E1D0     		beq	.L14
 163 0050 6FF00300 		mvn	r0, #3
 164 0054 38BD     		pop	{r3, r4, r5, pc}
 165              		.size	chIQPutI, .-chIQPutI
 166 0056 00BFAFF3 		.section	.text.chIQGetTimeout,"ax",%progbits
 166      0080AFF3 
 166      0080
 167              		.align	2
 168              		.p2align 4,,15
 169              		.global	chIQGetTimeout
ARM GAS  /tmp/ccfHyYhl.s 			page 4


 170              		.thumb
 171              		.thumb_func
 172              		.type	chIQGetTimeout, %function
 173              	chIQGetTimeout:
 174              		@ args = 0, pretend = 0, frame = 0
 175              		@ frame_needed = 0, uses_anonymous_args = 0
 176 0000 F8B5     		push	{r3, r4, r5, r6, r7, lr}
 177 0002 0446     		mov	r4, r0
 178 0004 0E46     		mov	r6, r1
 179 0006 2023     		movs	r3, #32
 180              	@ 181 "../../../ChibiOS/os/kernel/src/chqueues.c" 1
 181 0008 83F31188 		msr     BASEPRI, r3
 182              	@ 0 "" 2
 183              		.thumb
 184 000c FFF7FEFF 		bl	dbg_check_lock
 185 0010 E369     		ldr	r3, [r4, #28]
 186 0012 33B1     		cbz	r3, .L25
 187 0014 2046     		mov	r0, r4
 188 0016 9847     		blx	r3
 189 0018 03E0     		b	.L25
 190              	.L27:
 191 001a FFF7FEFF 		bl	qwait
 192 001e 071E     		subs	r7, r0, #0
 193 0020 18DB     		blt	.L32
 194              	.L25:
 195 0022 A568     		ldr	r5, [r4, #8]
 196 0024 2046     		mov	r0, r4
 197 0026 3146     		mov	r1, r6
 198 0028 002D     		cmp	r5, #0
 199 002a F6D0     		beq	.L27
 200 002c A269     		ldr	r2, [r4, #24]
 201 002e 2169     		ldr	r1, [r4, #16]
 202 0030 531C     		adds	r3, r2, #1
 203 0032 8B42     		cmp	r3, r1
 204 0034 05F1FF35 		add	r5, r5, #-1
 205 0038 A361     		str	r3, [r4, #24]
 206 003a A560     		str	r5, [r4, #8]
 207 003c 28BF     		it	cs
 208 003e E368     		ldrcs	r3, [r4, #12]
 209 0040 1778     		ldrb	r7, [r2]	@ zero_extendqisi2
 210 0042 28BF     		it	cs
 211 0044 A361     		strcs	r3, [r4, #24]
 212 0046 FFF7FEFF 		bl	dbg_check_unlock
 213 004a 0023     		movs	r3, #0
 214              	@ 198 "../../../ChibiOS/os/kernel/src/chqueues.c" 1
 215 004c 83F31188 		msr     BASEPRI, r3
 216              	@ 0 "" 2
 217              		.thumb
 218 0050 3846     		mov	r0, r7
 219 0052 F8BD     		pop	{r3, r4, r5, r6, r7, pc}
 220              	.L32:
 221 0054 FFF7FEFF 		bl	dbg_check_unlock
 222 0058 2B46     		mov	r3, r5
 223              	@ 188 "../../../ChibiOS/os/kernel/src/chqueues.c" 1
 224 005a 83F31188 		msr     BASEPRI, r3
 225              	@ 0 "" 2
 226              		.thumb
ARM GAS  /tmp/ccfHyYhl.s 			page 5


 227 005e 3846     		mov	r0, r7
 228 0060 F8BD     		pop	{r3, r4, r5, r6, r7, pc}
 229              		.size	chIQGetTimeout, .-chIQGetTimeout
 230 0062 00BFAFF3 		.section	.text.chIQReadTimeout,"ax",%progbits
 230      0080AFF3 
 230      0080AFF3 
 230      0080
 231              		.align	2
 232              		.p2align 4,,15
 233              		.global	chIQReadTimeout
 234              		.thumb
 235              		.thumb_func
 236              		.type	chIQReadTimeout, %function
 237              	chIQReadTimeout:
 238              		@ args = 0, pretend = 0, frame = 0
 239              		@ frame_needed = 0, uses_anonymous_args = 0
 240 0000 2DE9F047 		push	{r4, r5, r6, r7, r8, r9, r10, lr}
 241 0004 0446     		mov	r4, r0
 242 0006 1546     		mov	r5, r2
 243 0008 0F46     		mov	r7, r1
 244 000a 1E46     		mov	r6, r3
 245 000c D0F81C80 		ldr	r8, [r0, #28]
 246 0010 002A     		cmp	r2, #0
 247 0012 3DD0     		beq	.L45
 248              	.L34:
 249 0014 2023     		movs	r3, #32
 250              	@ 233 "../../../ChibiOS/os/kernel/src/chqueues.c" 1
 251 0016 83F31188 		msr     BASEPRI, r3
 252              	@ 0 "" 2
 253              		.thumb
 254 001a FFF7FEFF 		bl	dbg_check_lock
 255 001e 07EB050A 		add	r10, r7, r5
 256 0022 4FF00009 		mov	r9, #0
 257 0026 0137     		adds	r7, r7, #1
 258              	.L41:
 259 0028 B8F1000F 		cmp	r8, #0
 260 002c 05D0     		beq	.L37
 261 002e 2046     		mov	r0, r4
 262 0030 C047     		blx	r8
 263 0032 02E0     		b	.L37
 264              	.L39:
 265 0034 FFF7FEFF 		bl	qwait
 266 0038 10BB     		cbnz	r0, .L46
 267              	.L37:
 268 003a A568     		ldr	r5, [r4, #8]
 269 003c 2046     		mov	r0, r4
 270 003e 3146     		mov	r1, r6
 271 0040 002D     		cmp	r5, #0
 272 0042 F7D0     		beq	.L39
 273 0044 A369     		ldr	r3, [r4, #24]
 274 0046 013D     		subs	r5, r5, #1
 275 0048 5A1C     		adds	r2, r3, #1
 276 004a A261     		str	r2, [r4, #24]
 277 004c A560     		str	r5, [r4, #8]
 278 004e 1B78     		ldrb	r3, [r3]	@ zero_extendqisi2
 279 0050 07F8013C 		strb	r3, [r7, #-1]
 280 0054 2369     		ldr	r3, [r4, #16]
ARM GAS  /tmp/ccfHyYhl.s 			page 6


 281 0056 A269     		ldr	r2, [r4, #24]
 282 0058 9A42     		cmp	r2, r3
 283 005a 24BF     		itt	cs
 284 005c E368     		ldrcs	r3, [r4, #12]
 285 005e A361     		strcs	r3, [r4, #24]
 286 0060 FFF7FEFF 		bl	dbg_check_unlock
 287 0064 0023     		movs	r3, #0
 288              	@ 250 "../../../ChibiOS/os/kernel/src/chqueues.c" 1
 289 0066 83F31188 		msr     BASEPRI, r3
 290              	@ 0 "" 2
 291              		.thumb
 292 006a 5745     		cmp	r7, r10
 293 006c 09F10109 		add	r9, r9, #1
 294 0070 0BD0     		beq	.L38
 295 0072 2023     		movs	r3, #32
 296              	@ 255 "../../../ChibiOS/os/kernel/src/chqueues.c" 1
 297 0074 83F31188 		msr     BASEPRI, r3
 298              	@ 0 "" 2
 299              		.thumb
 300 0078 FFF7FEFF 		bl	dbg_check_lock
 301 007c 0137     		adds	r7, r7, #1
 302 007e D3E7     		b	.L41
 303              	.L46:
 304 0080 FFF7FEFF 		bl	dbg_check_unlock
 305 0084 2B46     		mov	r3, r5
 306              	@ 240 "../../../ChibiOS/os/kernel/src/chqueues.c" 1
 307 0086 83F31188 		msr     BASEPRI, r3
 308              	@ 0 "" 2
 309              		.thumb
 310              	.L38:
 311 008a 4846     		mov	r0, r9
 312 008c BDE8F087 		pop	{r4, r5, r6, r7, r8, r9, r10, pc}
 313              	.L45:
 314 0090 0148     		ldr	r0, .L47
 315 0092 FFF7FEFF 		bl	chDbgPanic
 316 0096 BDE7     		b	.L34
 317              	.L48:
 318              		.align	2
 319              	.L47:
 320 0098 00000000 		.word	.LC0
 321              		.size	chIQReadTimeout, .-chIQReadTimeout
 322 009c AFF30080 		.section	.text.chOQInit,"ax",%progbits
 323              		.align	2
 324              		.p2align 4,,15
 325              		.global	chOQInit
 326              		.thumb
 327              		.thumb_func
 328              		.type	chOQInit, %function
 329              	chOQInit:
 330              		@ args = 4, pretend = 0, frame = 0
 331              		@ frame_needed = 0, uses_anonymous_args = 0
 332              		@ link register save eliminated.
 333 0000 30B4     		push	{r4, r5}
 334 0002 029C     		ldr	r4, [sp, #8]
 335 0004 0462     		str	r4, [r0, #32]
 336 0006 8D18     		adds	r5, r1, r2
 337 0008 0561     		str	r5, [r0, #16]
ARM GAS  /tmp/ccfHyYhl.s 			page 7


 338 000a 4060     		str	r0, [r0, #4]
 339 000c 0060     		str	r0, [r0]
 340 000e 8260     		str	r2, [r0, #8]
 341 0010 4161     		str	r1, [r0, #20]
 342 0012 8161     		str	r1, [r0, #24]
 343 0014 C160     		str	r1, [r0, #12]
 344 0016 C361     		str	r3, [r0, #28]
 345 0018 30BC     		pop	{r4, r5}
 346 001a 7047     		bx	lr
 347              		.size	chOQInit, .-chOQInit
 348 001c AFF30080 		.section	.text.chOQResetI,"ax",%progbits
 349              		.align	2
 350              		.p2align 4,,15
 351              		.global	chOQResetI
 352              		.thumb
 353              		.thumb_func
 354              		.type	chOQResetI, %function
 355              	chOQResetI:
 356              		@ args = 0, pretend = 0, frame = 0
 357              		@ frame_needed = 0, uses_anonymous_args = 0
 358 0000 38B5     		push	{r3, r4, r5, lr}
 359 0002 0446     		mov	r4, r0
 360 0004 FFF7FEFF 		bl	chDbgCheckClassI
 361 0008 E368     		ldr	r3, [r4, #12]
 362 000a 2269     		ldr	r2, [r4, #16]
 363 000c 2068     		ldr	r0, [r4]
 364 000e 6361     		str	r3, [r4, #20]
 365 0010 D21A     		subs	r2, r2, r3
 366 0012 A042     		cmp	r0, r4
 367 0014 A361     		str	r3, [r4, #24]
 368 0016 A260     		str	r2, [r4, #8]
 369 0018 0AD0     		beq	.L50
 370 001a 6FF00105 		mvn	r5, #1
 371              	.L53:
 372 001e 0368     		ldr	r3, [r0]
 373 0020 2360     		str	r3, [r4]
 374 0022 5C60     		str	r4, [r3, #4]
 375 0024 FFF7FEFF 		bl	chSchReadyI
 376 0028 8562     		str	r5, [r0, #40]
 377 002a 2068     		ldr	r0, [r4]
 378 002c A042     		cmp	r0, r4
 379 002e F6D1     		bne	.L53
 380              	.L50:
 381 0030 38BD     		pop	{r3, r4, r5, pc}
 382              		.size	chOQResetI, .-chOQResetI
 383 0032 00BFAFF3 		.section	.text.chOQPutTimeout,"ax",%progbits
 383      0080AFF3 
 383      0080AFF3 
 383      0080
 384              		.align	2
 385              		.p2align 4,,15
 386              		.global	chOQPutTimeout
 387              		.thumb
 388              		.thumb_func
 389              		.type	chOQPutTimeout, %function
 390              	chOQPutTimeout:
 391              		@ args = 0, pretend = 0, frame = 0
ARM GAS  /tmp/ccfHyYhl.s 			page 8


 392              		@ frame_needed = 0, uses_anonymous_args = 0
 393 0000 2DE9F041 		push	{r4, r5, r6, r7, r8, lr}
 394 0004 2023     		movs	r3, #32
 395 0006 0446     		mov	r4, r0
 396 0008 8846     		mov	r8, r1
 397 000a 1646     		mov	r6, r2
 398              	@ 331 "../../../ChibiOS/os/kernel/src/chqueues.c" 1
 399 000c 83F31188 		msr     BASEPRI, r3
 400              	@ 0 "" 2
 401              		.thumb
 402 0010 FFF7FEFF 		bl	dbg_check_lock
 403 0014 03E0     		b	.L55
 404              	.L58:
 405 0016 FFF7FEFF 		bl	qwait
 406 001a 071E     		subs	r7, r0, #0
 407 001c 1DDB     		blt	.L64
 408              	.L55:
 409 001e A568     		ldr	r5, [r4, #8]
 410 0020 2046     		mov	r0, r4
 411 0022 3146     		mov	r1, r6
 412 0024 002D     		cmp	r5, #0
 413 0026 F6D0     		beq	.L58
 414 0028 6369     		ldr	r3, [r4, #20]
 415 002a 013D     		subs	r5, r5, #1
 416 002c 5A1C     		adds	r2, r3, #1
 417 002e 6261     		str	r2, [r4, #20]
 418 0030 A560     		str	r5, [r4, #8]
 419 0032 83F80080 		strb	r8, [r3]
 420 0036 2369     		ldr	r3, [r4, #16]
 421 0038 6269     		ldr	r2, [r4, #20]
 422 003a 9A42     		cmp	r2, r3
 423 003c 24BF     		itt	cs
 424 003e E368     		ldrcs	r3, [r4, #12]
 425 0040 6361     		strcs	r3, [r4, #20]
 426 0042 E369     		ldr	r3, [r4, #28]
 427 0044 0BB1     		cbz	r3, .L60
 428 0046 2046     		mov	r0, r4
 429 0048 9847     		blx	r3
 430              	.L60:
 431 004a FFF7FEFF 		bl	dbg_check_unlock
 432 004e 0023     		movs	r3, #0
 433              	@ 349 "../../../ChibiOS/os/kernel/src/chqueues.c" 1
 434 0050 83F31188 		msr     BASEPRI, r3
 435              	@ 0 "" 2
 436              		.thumb
 437 0054 0020     		movs	r0, #0
 438 0056 BDE8F081 		pop	{r4, r5, r6, r7, r8, pc}
 439              	.L64:
 440 005a FFF7FEFF 		bl	dbg_check_unlock
 441 005e 2B46     		mov	r3, r5
 442              	@ 336 "../../../ChibiOS/os/kernel/src/chqueues.c" 1
 443 0060 83F31188 		msr     BASEPRI, r3
 444              	@ 0 "" 2
 445              		.thumb
 446 0064 3846     		mov	r0, r7
 447 0066 BDE8F081 		pop	{r4, r5, r6, r7, r8, pc}
 448              		.size	chOQPutTimeout, .-chOQPutTimeout
ARM GAS  /tmp/ccfHyYhl.s 			page 9


 449 006a 00BFAFF3 		.section	.text.chOQGetI,"ax",%progbits
 449      0080
 450              		.align	2
 451              		.p2align 4,,15
 452              		.global	chOQGetI
 453              		.thumb
 454              		.thumb_func
 455              		.type	chOQGetI, %function
 456              	chOQGetI:
 457              		@ args = 0, pretend = 0, frame = 0
 458              		@ frame_needed = 0, uses_anonymous_args = 0
 459 0000 38B5     		push	{r3, r4, r5, lr}
 460 0002 0446     		mov	r4, r0
 461 0004 FFF7FEFF 		bl	chDbgCheckClassI
 462 0008 6269     		ldr	r2, [r4, #20]
 463 000a A369     		ldr	r3, [r4, #24]
 464 000c 9A42     		cmp	r2, r3
 465 000e A268     		ldr	r2, [r4, #8]
 466 0010 16D0     		beq	.L74
 467              	.L68:
 468 0012 2169     		ldr	r1, [r4, #16]
 469 0014 501C     		adds	r0, r2, #1
 470 0016 5A1C     		adds	r2, r3, #1
 471 0018 A060     		str	r0, [r4, #8]
 472 001a A261     		str	r2, [r4, #24]
 473 001c 8A42     		cmp	r2, r1
 474 001e 1D78     		ldrb	r5, [r3]	@ zero_extendqisi2
 475 0020 0BD2     		bcs	.L70
 476              	.L71:
 477 0022 2068     		ldr	r0, [r4]
 478 0024 A042     		cmp	r0, r4
 479 0026 06D0     		beq	.L69
 480 0028 0368     		ldr	r3, [r0]
 481 002a 2360     		str	r3, [r4]
 482 002c 5C60     		str	r4, [r3, #4]
 483 002e FFF7FEFF 		bl	chSchReadyI
 484 0032 0023     		movs	r3, #0
 485 0034 8362     		str	r3, [r0, #40]
 486              	.L69:
 487 0036 2846     		mov	r0, r5
 488 0038 38BD     		pop	{r3, r4, r5, pc}
 489              	.L70:
 490 003a E368     		ldr	r3, [r4, #12]
 491 003c A361     		str	r3, [r4, #24]
 492 003e F0E7     		b	.L71
 493              	.L74:
 494 0040 002A     		cmp	r2, #0
 495 0042 E6D0     		beq	.L68
 496 0044 6FF00200 		mvn	r0, #2
 497 0048 38BD     		pop	{r3, r4, r5, pc}
 498              		.size	chOQGetI, .-chOQGetI
 499 004a 00BFAFF3 		.section	.text.chOQWriteTimeout,"ax",%progbits
 499      0080
 500              		.align	2
 501              		.p2align 4,,15
 502              		.global	chOQWriteTimeout
 503              		.thumb
ARM GAS  /tmp/ccfHyYhl.s 			page 10


 504              		.thumb_func
 505              		.type	chOQWriteTimeout, %function
 506              	chOQWriteTimeout:
 507              		@ args = 0, pretend = 0, frame = 0
 508              		@ frame_needed = 0, uses_anonymous_args = 0
 509 0000 2DE9F84F 		push	{r3, r4, r5, r6, r7, r8, r9, r10, fp, lr}
 510 0004 0446     		mov	r4, r0
 511 0006 1746     		mov	r7, r2
 512 0008 0E46     		mov	r6, r1
 513 000a 9B46     		mov	fp, r3
 514 000c D0F81CA0 		ldr	r10, [r0, #28]
 515 0010 002A     		cmp	r2, #0
 516 0012 3AD0     		beq	.L92
 517              	.L76:
 518 0014 2023     		movs	r3, #32
 519              	@ 413 "../../../ChibiOS/os/kernel/src/chqueues.c" 1
 520 0016 83F31188 		msr     BASEPRI, r3
 521              	@ 0 "" 2
 522              		.thumb
 523 001a FFF7FEFF 		bl	dbg_check_lock
 524 001e 4FF00009 		mov	r9, #0
 525              	.L77:
 526 0022 A568     		ldr	r5, [r4, #8]
 527 0024 06F10108 		add	r8, r6, #1
 528 0028 2046     		mov	r0, r4
 529 002a 6A1E     		subs	r2, r5, #1
 530 002c FDB1     		cbz	r5, .L80
 531 002e 6369     		ldr	r3, [r4, #20]
 532 0030 A260     		str	r2, [r4, #8]
 533 0032 5A1C     		adds	r2, r3, #1
 534 0034 6261     		str	r2, [r4, #20]
 535 0036 3278     		ldrb	r2, [r6]	@ zero_extendqisi2
 536 0038 1A70     		strb	r2, [r3]
 537 003a 2369     		ldr	r3, [r4, #16]
 538 003c 6269     		ldr	r2, [r4, #20]
 539 003e 9A42     		cmp	r2, r3
 540 0040 24BF     		itt	cs
 541 0042 E368     		ldrcs	r3, [r4, #12]
 542 0044 6361     		strcs	r3, [r4, #20]
 543 0046 BAF1000F 		cmp	r10, #0
 544 004a 00D0     		beq	.L82
 545 004c D047     		blx	r10
 546              	.L82:
 547 004e FFF7FEFF 		bl	dbg_check_unlock
 548 0052 0023     		movs	r3, #0
 549              	@ 429 "../../../ChibiOS/os/kernel/src/chqueues.c" 1
 550 0054 83F31188 		msr     BASEPRI, r3
 551              	@ 0 "" 2
 552              		.thumb
 553 0058 013F     		subs	r7, r7, #1
 554 005a 09F10109 		add	r9, r9, #1
 555 005e 11D0     		beq	.L79
 556 0060 2023     		movs	r3, #32
 557              	@ 433 "../../../ChibiOS/os/kernel/src/chqueues.c" 1
 558 0062 83F31188 		msr     BASEPRI, r3
 559              	@ 0 "" 2
 560              		.thumb
ARM GAS  /tmp/ccfHyYhl.s 			page 11


 561 0066 FFF7FEFF 		bl	dbg_check_lock
 562 006a 4646     		mov	r6, r8
 563 006c D9E7     		b	.L77
 564              	.L80:
 565 006e 2046     		mov	r0, r4
 566 0070 5946     		mov	r1, fp
 567 0072 FFF7FEFF 		bl	qwait
 568 0076 0028     		cmp	r0, #0
 569 0078 D3D0     		beq	.L77
 570 007a FFF7FEFF 		bl	dbg_check_unlock
 571 007e 2B46     		mov	r3, r5
 572              	@ 417 "../../../ChibiOS/os/kernel/src/chqueues.c" 1
 573 0080 83F31188 		msr     BASEPRI, r3
 574              	@ 0 "" 2
 575              		.thumb
 576              	.L79:
 577 0084 4846     		mov	r0, r9
 578 0086 BDE8F88F 		pop	{r3, r4, r5, r6, r7, r8, r9, r10, fp, pc}
 579              	.L92:
 580 008a 0248     		ldr	r0, .L93
 581 008c FFF7FEFF 		bl	chDbgPanic
 582 0090 C0E7     		b	.L76
 583              	.L94:
 584 0092 00BF     		.align	2
 585              	.L93:
 586 0094 14000000 		.word	.LC1
 587              		.size	chOQWriteTimeout, .-chOQWriteTimeout
 588 0098 AFF30080 		.section	.rodata.str1.4,"aMS",%progbits,1
 588      AFF30080 
 589              		.align	2
 590              	.LC0:
 591 0000 22636849 		.ascii	"\"chIQReadTimeout\"()\000"
 591      51526561 
 591      6454696D 
 591      656F7574 
 591      22282900 
 592              	.LC1:
 593 0014 2263684F 		.ascii	"\"chOQWriteTimeout\"()\000"
 593      51577269 
 593      74655469 
 593      6D656F75 
 593      74222829 
 594 0029 000000   		.ident	"GCC: (GNU Tools for ARM Embedded Processors) 4.8.3 20140228 (release) [ARM/embedded-4_8-br
ARM GAS  /tmp/ccfHyYhl.s 			page 12


DEFINED SYMBOLS
                            *ABS*:00000000 chqueues.c
     /tmp/ccfHyYhl.s:18     .text.qwait:00000000 $t
     /tmp/ccfHyYhl.s:23     .text.qwait:00000000 qwait
     /tmp/ccfHyYhl.s:47     .text.qwait:0000002c $d
     /tmp/ccfHyYhl.s:50     .text.chIQInit:00000000 $t
     /tmp/ccfHyYhl.s:56     .text.chIQInit:00000000 chIQInit
     /tmp/ccfHyYhl.s:77     .text.chIQResetI:00000000 $t
     /tmp/ccfHyYhl.s:83     .text.chIQResetI:00000000 chIQResetI
     /tmp/ccfHyYhl.s:111    .text.chIQPutI:00000000 $t
     /tmp/ccfHyYhl.s:117    .text.chIQPutI:00000000 chIQPutI
     /tmp/ccfHyYhl.s:167    .text.chIQGetTimeout:00000000 $t
     /tmp/ccfHyYhl.s:173    .text.chIQGetTimeout:00000000 chIQGetTimeout
     /tmp/ccfHyYhl.s:231    .text.chIQReadTimeout:00000000 $t
     /tmp/ccfHyYhl.s:237    .text.chIQReadTimeout:00000000 chIQReadTimeout
     /tmp/ccfHyYhl.s:320    .text.chIQReadTimeout:00000098 $d
     /tmp/ccfHyYhl.s:323    .text.chOQInit:00000000 $t
     /tmp/ccfHyYhl.s:329    .text.chOQInit:00000000 chOQInit
     /tmp/ccfHyYhl.s:349    .text.chOQResetI:00000000 $t
     /tmp/ccfHyYhl.s:355    .text.chOQResetI:00000000 chOQResetI
     /tmp/ccfHyYhl.s:384    .text.chOQPutTimeout:00000000 $t
     /tmp/ccfHyYhl.s:390    .text.chOQPutTimeout:00000000 chOQPutTimeout
     /tmp/ccfHyYhl.s:450    .text.chOQGetI:00000000 $t
     /tmp/ccfHyYhl.s:456    .text.chOQGetI:00000000 chOQGetI
     /tmp/ccfHyYhl.s:500    .text.chOQWriteTimeout:00000000 $t
     /tmp/ccfHyYhl.s:506    .text.chOQWriteTimeout:00000000 chOQWriteTimeout
     /tmp/ccfHyYhl.s:586    .text.chOQWriteTimeout:00000094 $d
     /tmp/ccfHyYhl.s:589    .rodata.str1.4:00000000 $d
     /tmp/ccfHyYhl.s:322    .text.chIQReadTimeout:0000009c $t
     /tmp/ccfHyYhl.s:588    .text.chOQWriteTimeout:00000098 $t

UNDEFINED SYMBOLS
chSchGoSleepTimeoutS
rlist
chDbgCheckClassI
chSchReadyI
dbg_check_lock
dbg_check_unlock
chDbgPanic
