ARM GAS  /tmp/ccRc4sqc.s 			page 1


   1              		.syntax unified
   2              		.cpu cortex-m4
   3              		.eabi_attribute 27, 3
   4              		.eabi_attribute 28, 1
   5              		.fpu fpv4-sp-d16
   6              		.eabi_attribute 20, 1
   7              		.eabi_attribute 21, 1
   8              		.eabi_attribute 23, 3
   9              		.eabi_attribute 24, 1
  10              		.eabi_attribute 25, 1
  11              		.eabi_attribute 26, 1
  12              		.eabi_attribute 30, 2
  13              		.eabi_attribute 34, 1
  14              		.eabi_attribute 18, 4
  15              		.thumb
  16              		.file	"chsys.c"
  17              		.section	.text._idle_thread,"ax",%progbits
  18              		.align	2
  19              		.p2align 4,,15
  20              		.global	_idle_thread
  21              		.thumb
  22              		.thumb_func
  23              		.type	_idle_thread, %function
  24              	_idle_thread:
  25              		@ Volatile: function does not return.
  26              		@ args = 0, pretend = 0, frame = 0
  27              		@ frame_needed = 0, uses_anonymous_args = 0
  28              		@ link register save eliminated.
  29 0000 024B     		ldr	r3, .L4
  30 0002 034A     		ldr	r2, .L4+4
  31 0004 9B69     		ldr	r3, [r3, #24]
  32 0006 9A61     		str	r2, [r3, #24]
  33              	.L2:
  34 0008 FEE7     		b	.L2
  35              	.L5:
  36 000a 00BF     		.align	2
  37              	.L4:
  38 000c 00000000 		.word	rlist
  39 0010 00000000 		.word	.LC0
  40              		.size	_idle_thread, .-_idle_thread
  41 0014 AFF30080 		.section	.text.chSysInit,"ax",%progbits
  41      AFF30080 
  41      AFF30080 
  42              		.align	2
  43              		.p2align 4,,15
  44              		.global	chSysInit
  45              		.thumb
  46              		.thumb_func
  47              		.type	chSysInit, %function
  48              	chSysInit:
  49              		@ args = 0, pretend = 0, frame = 0
  50              		@ frame_needed = 0, uses_anonymous_args = 0
  51 0000 00B5     		push	{lr}
  52 0002 83B0     		sub	sp, sp, #12
  53 0004 FFF7FEFF 		bl	_port_init
  54 0008 FFF7FEFF 		bl	_scheduler_init
  55 000c FFF7FEFF 		bl	_vt_init
ARM GAS  /tmp/ccRc4sqc.s 			page 2


  56 0010 FFF7FEFF 		bl	_core_init
  57 0014 FFF7FEFF 		bl	_heap_init
  58 0018 FFF7FEFF 		bl	_trace_init
  59 001c 4021     		movs	r1, #64
  60 001e 1048     		ldr	r0, .L7
  61 0020 FFF7FEFF 		bl	_thread_init
  62 0024 0121     		movs	r1, #1
  63 0026 0F4A     		ldr	r2, .L7+4
  64 0028 0F4B     		ldr	r3, .L7+8
  65 002a 80F82010 		strb	r1, [r0, #32]
  66 002e C261     		str	r2, [r0, #28]
  67 0030 9861     		str	r0, [r3, #24]
  68 0032 FFF7FEFF 		bl	dbg_check_enable
  69 0036 0023     		movs	r3, #0
  70              	@ 111 "../../../ChibiOS/os/kernel/src/chsys.c" 1
  71 0038 83F31188 		msr     BASEPRI, r3                    
  72 003c 62B6     		cpsie   i
  73              	@ 0 "" 2
  74              		.thumb
  75 003e 0A4B     		ldr	r3, .L7+8
  76 0040 0A4A     		ldr	r2, .L7+12
  77 0042 9B69     		ldr	r3, [r3, #24]
  78 0044 0A48     		ldr	r0, .L7+16
  79 0046 9A61     		str	r2, [r3, #24]
  80 0048 0023     		movs	r3, #0
  81 004a 0093     		str	r3, [sp]
  82 004c 4FF4B471 		mov	r1, #360
  83 0050 0122     		movs	r2, #1
  84 0052 084B     		ldr	r3, .L7+20
  85 0054 FFF7FEFF 		bl	chThdCreateStatic
  86 0058 03B0     		add	sp, sp, #12
  87              		@ sp needed
  88 005a 5DF804FB 		ldr	pc, [sp], #4
  89              	.L8:
  90 005e 00BF     		.align	2
  91              	.L7:
  92 0060 00000000 		.word	.LANCHOR0
  93 0064 00000000 		.word	__main_thread_stack_base__
  94 0068 00000000 		.word	rlist
  95 006c 00000000 		.word	ch_debug
  96 0070 00000000 		.word	.LANCHOR1
  97 0074 00000000 		.word	_idle_thread
  98              		.size	chSysInit, .-chSysInit
  99 0078 AFF30080 		.section	.text.chSysTimerHandlerI,"ax",%progbits
  99      AFF30080 
 100              		.align	2
 101              		.p2align 4,,15
 102              		.global	chSysTimerHandlerI
 103              		.thumb
 104              		.thumb_func
 105              		.type	chSysTimerHandlerI, %function
 106              	chSysTimerHandlerI:
 107              		@ args = 0, pretend = 0, frame = 0
 108              		@ frame_needed = 0, uses_anonymous_args = 0
 109 0000 F8B5     		push	{r3, r4, r5, r6, r7, lr}
 110 0002 FFF7FEFF 		bl	chDbgCheckClassI
 111 0006 174B     		ldr	r3, .L17
ARM GAS  /tmp/ccRc4sqc.s 			page 3


 112 0008 9A69     		ldr	r2, [r3, #24]
 113 000a 92F82330 		ldrb	r3, [r2, #35]	@ zero_extendqisi2
 114 000e 13B1     		cbz	r3, .L10
 115 0010 013B     		subs	r3, r3, #1
 116 0012 82F82330 		strb	r3, [r2, #35]
 117              	.L10:
 118 0016 516A     		ldr	r1, [r2, #36]
 119 0018 134B     		ldr	r3, .L17+4
 120 001a 0131     		adds	r1, r1, #1
 121 001c 5162     		str	r1, [r2, #36]
 122 001e DA68     		ldr	r2, [r3, #12]
 123 0020 1C68     		ldr	r4, [r3]
 124 0022 0132     		adds	r2, r2, #1
 125 0024 9C42     		cmp	r4, r3
 126 0026 DA60     		str	r2, [r3, #12]
 127 0028 1AD0     		beq	.L9
 128 002a A768     		ldr	r7, [r4, #8]
 129 002c 013F     		subs	r7, r7, #1
 130 002e A760     		str	r7, [r4, #8]
 131 0030 B7B9     		cbnz	r7, .L9
 132 0032 1E46     		mov	r6, r3
 133              	.L13:
 134 0034 2268     		ldr	r2, [r4]
 135 0036 E568     		ldr	r5, [r4, #12]
 136 0038 E760     		str	r7, [r4, #12]
 137 003a 5360     		str	r3, [r2, #4]
 138 003c 1A60     		str	r2, [r3]
 139 003e FFF7FEFF 		bl	dbg_check_unlock_from_isr
 140 0042 0023     		movs	r3, #0
 141              	@ 150 "../../../ChibiOS/os/kernel/src/chsys.c" 1
 142 0044 83F31188 		msr     BASEPRI, r3
 143              	@ 0 "" 2
 144              		.thumb
 145 0048 2069     		ldr	r0, [r4, #16]
 146 004a A847     		blx	r5
 147 004c 2023     		movs	r3, #32
 148              	@ 150 "../../../ChibiOS/os/kernel/src/chsys.c" 1
 149 004e 83F31188 		msr     BASEPRI, r3
 150              	@ 0 "" 2
 151              		.thumb
 152 0052 FFF7FEFF 		bl	dbg_check_lock_from_isr
 153 0056 3468     		ldr	r4, [r6]
 154 0058 034B     		ldr	r3, .L17+4
 155 005a A268     		ldr	r2, [r4, #8]
 156 005c 002A     		cmp	r2, #0
 157 005e E9D0     		beq	.L13
 158              	.L9:
 159 0060 F8BD     		pop	{r3, r4, r5, r6, r7, pc}
 160              	.L18:
 161 0062 00BF     		.align	2
 162              	.L17:
 163 0064 00000000 		.word	rlist
 164 0068 00000000 		.word	vtlist
 165              		.size	chSysTimerHandlerI, .-chSysTimerHandlerI
 166              		.global	_idle_thread_wa
 167 006c AFF30080 		.section	.bss.mainthread.4874,"aw",%nobits
 168              		.align	2
ARM GAS  /tmp/ccRc4sqc.s 			page 4


 169              		.set	.LANCHOR0,. + 0
 170              		.type	mainthread.4874, %object
 171              		.size	mainthread.4874, 76
 172              	mainthread.4874:
 173 0000 00000000 		.space	76
 173      00000000 
 173      00000000 
 173      00000000 
 173      00000000 
 174              		.section	.rodata.str1.4,"aMS",%progbits,1
 175              		.align	2
 176              	.LC0:
 177 0000 69646C65 		.ascii	"idle\000"
 177      00
 178 0005 000000   		.section	.bss._idle_thread_wa,"aw",%nobits
 179              		.align	3
 180              		.set	.LANCHOR1,. + 0
 181              		.type	_idle_thread_wa, %object
 182              		.size	_idle_thread_wa, 360
 183              	_idle_thread_wa:
 184 0000 00000000 		.space	360
 184      00000000 
 184      00000000 
 184      00000000 
 184      00000000 
 185              		.ident	"GCC: (GNU Tools for ARM Embedded Processors) 4.8.3 20140228 (release) [ARM/embedded-4_8-br
ARM GAS  /tmp/ccRc4sqc.s 			page 5


DEFINED SYMBOLS
                            *ABS*:00000000 chsys.c
     /tmp/ccRc4sqc.s:18     .text._idle_thread:00000000 $t
     /tmp/ccRc4sqc.s:24     .text._idle_thread:00000000 _idle_thread
     /tmp/ccRc4sqc.s:38     .text._idle_thread:0000000c $d
     /tmp/ccRc4sqc.s:42     .text.chSysInit:00000000 $t
     /tmp/ccRc4sqc.s:48     .text.chSysInit:00000000 chSysInit
     /tmp/ccRc4sqc.s:92     .text.chSysInit:00000060 $d
     /tmp/ccRc4sqc.s:100    .text.chSysTimerHandlerI:00000000 $t
     /tmp/ccRc4sqc.s:106    .text.chSysTimerHandlerI:00000000 chSysTimerHandlerI
     /tmp/ccRc4sqc.s:163    .text.chSysTimerHandlerI:00000064 $d
     /tmp/ccRc4sqc.s:183    .bss._idle_thread_wa:00000000 _idle_thread_wa
     /tmp/ccRc4sqc.s:168    .bss.mainthread.4874:00000000 $d
     /tmp/ccRc4sqc.s:172    .bss.mainthread.4874:00000000 mainthread.4874
     /tmp/ccRc4sqc.s:175    .rodata.str1.4:00000000 $d
     /tmp/ccRc4sqc.s:179    .bss._idle_thread_wa:00000000 $d
     /tmp/ccRc4sqc.s:41     .text._idle_thread:00000014 $t
     /tmp/ccRc4sqc.s:99     .text.chSysInit:00000078 $t
     /tmp/ccRc4sqc.s:167    .text.chSysTimerHandlerI:0000006c $t

UNDEFINED SYMBOLS
rlist
_port_init
_scheduler_init
_vt_init
_core_init
_heap_init
_trace_init
_thread_init
dbg_check_enable
chThdCreateStatic
__main_thread_stack_base__
ch_debug
chDbgCheckClassI
dbg_check_unlock_from_isr
dbg_check_lock_from_isr
vtlist
