ARM GAS  /tmp/ccccroTf.s 			page 1


   1              		.syntax unified
   2              		.cpu cortex-m4
   3              		.eabi_attribute 27, 3
   4              		.eabi_attribute 28, 1
   5              		.fpu fpv4-sp-d16
   6              		.eabi_attribute 20, 1
   7              		.eabi_attribute 21, 1
   8              		.eabi_attribute 23, 3
   9              		.eabi_attribute 24, 1
  10              		.eabi_attribute 25, 1
  11              		.eabi_attribute 26, 1
  12              		.eabi_attribute 30, 2
  13              		.eabi_attribute 34, 1
  14              		.eabi_attribute 18, 4
  15              		.thumb
  16              		.file	"chthreads.c"
  17              		.section	.text._thread_init,"ax",%progbits
  18              		.align	2
  19              		.p2align 4,,15
  20              		.global	_thread_init
  21              		.thumb
  22              		.thumb_func
  23              		.type	_thread_init, %function
  24              	_thread_init:
  25              		@ args = 0, pretend = 0, frame = 0
  26              		@ frame_needed = 0, uses_anonymous_args = 0
  27              		@ link register save eliminated.
  28 0000 2DE9F007 		push	{r4, r5, r6, r7, r8, r9, r10}
  29 0004 144C     		ldr	r4, .L2
  30 0006 4164     		str	r1, [r0, #68]
  31 0008 6569     		ldr	r5, [r4, #20]
  32 000a 4561     		str	r5, [r0, #20]
  33 000c 0022     		movs	r2, #0
  34 000e 00F13006 		add	r6, r0, #48
  35 0012 4FF0020A 		mov	r10, #2
  36 0016 4FF01409 		mov	r9, #20
  37 001a 4FF00108 		mov	r8, #1
  38 001e 00F14C07 		add	r7, r0, #76
  39 0022 00F12C0C 		add	ip, r0, #44
  40 0026 0461     		str	r4, [r0, #16]
  41 0028 8160     		str	r1, [r0, #8]
  42 002a 80F820A0 		strb	r10, [r0, #32]
  43 002e 6061     		str	r0, [r4, #20]
  44 0030 80F82390 		strb	r9, [r0, #35]
  45 0034 80F82280 		strb	r8, [r0, #34]
  46 0038 80F82120 		strb	r2, [r0, #33]
  47 003c 0264     		str	r2, [r0, #64]
  48 003e C263     		str	r2, [r0, #60]
  49 0040 4262     		str	r2, [r0, #36]
  50 0042 8261     		str	r2, [r0, #24]
  51 0044 2861     		str	r0, [r5, #16]
  52 0046 C761     		str	r7, [r0, #28]
  53 0048 4663     		str	r6, [r0, #52]
  54 004a 0663     		str	r6, [r0, #48]
  55 004c C0F82CC0 		str	ip, [r0, #44]
  56 0050 BDE8F007 		pop	{r4, r5, r6, r7, r8, r9, r10}
  57 0054 7047     		bx	lr
ARM GAS  /tmp/ccccroTf.s 			page 2


  58              	.L3:
  59 0056 00BF     		.align	2
  60              	.L2:
  61 0058 00000000 		.word	rlist
  62              		.size	_thread_init, .-_thread_init
  63              		.section	.text.chThdCreateI,"ax",%progbits
  64              		.align	2
  65              		.p2align 4,,15
  66              		.global	chThdCreateI
  67              		.thumb
  68              		.thumb_func
  69              		.type	chThdCreateI, %function
  70              	chThdCreateI:
  71              		@ args = 4, pretend = 0, frame = 8
  72              		@ frame_needed = 0, uses_anonymous_args = 0
  73 0000 2DE9F04F 		push	{r4, r5, r6, r7, r8, r9, r10, fp, lr}
  74 0004 0446     		mov	r4, r0
  75 0006 83B0     		sub	sp, sp, #12
  76 0008 0D46     		mov	r5, r1
  77 000a 1746     		mov	r7, r2
  78 000c 9846     		mov	r8, r3
  79 000e FFF7FEFF 		bl	chDbgCheckClassI
  80 0012 14B1     		cbz	r4, .L5
  81 0014 B5F5AC7F 		cmp	r5, #344
  82 0018 38D2     		bcs	.L11
  83              	.L5:
  84 001a 1F48     		ldr	r0, .L12
  85 001c FFF7FEFF 		bl	chDbgPanic
  86              	.L6:
  87 0020 1E4E     		ldr	r6, .L12+4
  88 0022 0C98     		ldr	r0, [sp, #48]
  89 0024 7369     		ldr	r3, [r6, #20]
  90 0026 A5F16401 		sub	r1, r5, #100
  91 002a 2144     		add	r1, r1, r4
  92 002c 04F12C02 		add	r2, r4, #44
  93 0030 0025     		movs	r5, #0
  94 0032 E160     		str	r1, [r4, #12]
  95 0034 0192     		str	r2, [sp, #4]
  96 0036 4864     		str	r0, [r1, #68]
  97 0038 4FF0020B 		mov	fp, #2
  98 003c 4FF0140A 		mov	r10, #20
  99 0040 4FF00109 		mov	r9, #1
 100 0044 1648     		ldr	r0, .L12+8
 101 0046 0866     		str	r0, [r1, #96]
 102 0048 C1F84080 		str	r8, [r1, #64]
 103 004c 6361     		str	r3, [r4, #20]
 104 004e A760     		str	r7, [r4, #8]
 105 0050 2661     		str	r6, [r4, #16]
 106 0052 6764     		str	r7, [r4, #68]
 107 0054 84F820B0 		strb	fp, [r4, #32]
 108 0058 7461     		str	r4, [r6, #20]
 109 005a 84F82150 		strb	r5, [r4, #33]
 110 005e 2564     		str	r5, [r4, #64]
 111 0060 E563     		str	r5, [r4, #60]
 112 0062 6562     		str	r5, [r4, #36]
 113 0064 A561     		str	r5, [r4, #24]
 114 0066 84F823A0 		strb	r10, [r4, #35]
ARM GAS  /tmp/ccccroTf.s 			page 3


 115 006a 84F82290 		strb	r9, [r4, #34]
 116 006e 1C61     		str	r4, [r3, #16]
 117 0070 019B     		ldr	r3, [sp, #4]
 118 0072 E362     		str	r3, [r4, #44]
 119 0074 04F13002 		add	r2, r4, #48
 120 0078 04F14C0C 		add	ip, r4, #76
 121 007c 2046     		mov	r0, r4
 122 007e 6263     		str	r2, [r4, #52]
 123 0080 2263     		str	r2, [r4, #48]
 124 0082 C4F81CC0 		str	ip, [r4, #28]
 125 0086 03B0     		add	sp, sp, #12
 126              		@ sp needed
 127 0088 BDE8F08F 		pop	{r4, r5, r6, r7, r8, r9, r10, fp, pc}
 128              	.L11:
 129 008c 7F2F     		cmp	r7, #127
 130 008e C4D8     		bhi	.L5
 131 0090 B8F1000F 		cmp	r8, #0
 132 0094 C4D1     		bne	.L6
 133 0096 C0E7     		b	.L5
 134              	.L13:
 135              		.align	2
 136              	.L12:
 137 0098 00000000 		.word	.LC0
 138 009c 00000000 		.word	rlist
 139 00a0 00000000 		.word	_port_thread_start
 140              		.size	chThdCreateI, .-chThdCreateI
 141 00a4 AFF30080 		.section	.text.chThdCreateStatic,"ax",%progbits
 141      AFF30080 
 141      AFF30080 
 142              		.align	2
 143              		.p2align 4,,15
 144              		.global	chThdCreateStatic
 145              		.thumb
 146              		.thumb_func
 147              		.type	chThdCreateStatic, %function
 148              	chThdCreateStatic:
 149              		@ args = 4, pretend = 0, frame = 0
 150              		@ frame_needed = 0, uses_anonymous_args = 0
 151 0000 2DE9F041 		push	{r4, r5, r6, r7, r8, lr}
 152 0004 82B0     		sub	sp, sp, #8
 153 0006 1D46     		mov	r5, r3
 154 0008 8046     		mov	r8, r0
 155 000a 0F46     		mov	r7, r1
 156 000c 1646     		mov	r6, r2
 157 000e 089C     		ldr	r4, [sp, #32]
 158 0010 2023     		movs	r3, #32
 159              	@ 199 "../../../ChibiOS/os/kernel/src/chthreads.c" 1
 160 0012 83F31188 		msr     BASEPRI, r3
 161              	@ 0 "" 2
 162              		.thumb
 163 0016 FFF7FEFF 		bl	dbg_check_lock
 164 001a 2B46     		mov	r3, r5
 165 001c 3246     		mov	r2, r6
 166 001e 0094     		str	r4, [sp]
 167 0020 3946     		mov	r1, r7
 168 0022 4046     		mov	r0, r8
 169 0024 FFF7FEFF 		bl	chThdCreateI
ARM GAS  /tmp/ccccroTf.s 			page 4


 170 0028 0021     		movs	r1, #0
 171 002a 0446     		mov	r4, r0
 172 002c FFF7FEFF 		bl	chSchWakeupS
 173 0030 FFF7FEFF 		bl	dbg_check_unlock
 174 0034 0023     		movs	r3, #0
 175              	@ 201 "../../../ChibiOS/os/kernel/src/chthreads.c" 1
 176 0036 83F31188 		msr     BASEPRI, r3
 177              	@ 0 "" 2
 178              		.thumb
 179 003a 2046     		mov	r0, r4
 180 003c 02B0     		add	sp, sp, #8
 181              		@ sp needed
 182 003e BDE8F081 		pop	{r4, r5, r6, r7, r8, pc}
 183              		.size	chThdCreateStatic, .-chThdCreateStatic
 184 0042 00BFAFF3 		.section	.text.chThdSetPriority,"ax",%progbits
 184      0080AFF3 
 184      0080AFF3 
 184      0080
 185              		.align	2
 186              		.p2align 4,,15
 187              		.global	chThdSetPriority
 188              		.thumb
 189              		.thumb_func
 190              		.type	chThdSetPriority, %function
 191              	chThdSetPriority:
 192              		@ args = 0, pretend = 0, frame = 0
 193              		@ frame_needed = 0, uses_anonymous_args = 0
 194 0000 7F28     		cmp	r0, #127
 195 0002 38B5     		push	{r3, r4, r5, lr}
 196 0004 0446     		mov	r4, r0
 197 0006 17D8     		bhi	.L19
 198              	.L16:
 199 0008 2023     		movs	r3, #32
 200              	@ 222 "../../../ChibiOS/os/kernel/src/chthreads.c" 1
 201 000a 83F31188 		msr     BASEPRI, r3
 202              	@ 0 "" 2
 203              		.thumb
 204 000e FFF7FEFF 		bl	dbg_check_lock
 205 0012 0B4B     		ldr	r3, .L20
 206 0014 9B69     		ldr	r3, [r3, #24]
 207 0016 5D6C     		ldr	r5, [r3, #68]
 208 0018 9A68     		ldr	r2, [r3, #8]
 209 001a 9542     		cmp	r5, r2
 210 001c 01D0     		beq	.L17
 211 001e 9442     		cmp	r4, r2
 212 0020 00D9     		bls	.L18
 213              	.L17:
 214 0022 9C60     		str	r4, [r3, #8]
 215              	.L18:
 216 0024 5C64     		str	r4, [r3, #68]
 217 0026 FFF7FEFF 		bl	chSchRescheduleS
 218 002a FFF7FEFF 		bl	dbg_check_unlock
 219 002e 0023     		movs	r3, #0
 220              	@ 233 "../../../ChibiOS/os/kernel/src/chthreads.c" 1
 221 0030 83F31188 		msr     BASEPRI, r3
 222              	@ 0 "" 2
 223              		.thumb
ARM GAS  /tmp/ccccroTf.s 			page 5


 224 0034 2846     		mov	r0, r5
 225 0036 38BD     		pop	{r3, r4, r5, pc}
 226              	.L19:
 227 0038 0248     		ldr	r0, .L20+4
 228 003a FFF7FEFF 		bl	chDbgPanic
 229 003e E3E7     		b	.L16
 230              	.L21:
 231              		.align	2
 232              	.L20:
 233 0040 00000000 		.word	rlist
 234 0044 14000000 		.word	.LC1
 235              		.size	chThdSetPriority, .-chThdSetPriority
 236 0048 AFF30080 		.section	.text.chThdResume,"ax",%progbits
 236      AFF30080 
 237              		.align	2
 238              		.p2align 4,,15
 239              		.global	chThdResume
 240              		.thumb
 241              		.thumb_func
 242              		.type	chThdResume, %function
 243              	chThdResume:
 244              		@ args = 0, pretend = 0, frame = 0
 245              		@ frame_needed = 0, uses_anonymous_args = 0
 246 0000 10B5     		push	{r4, lr}
 247 0002 2023     		movs	r3, #32
 248 0004 0446     		mov	r4, r0
 249              	@ 252 "../../../ChibiOS/os/kernel/src/chthreads.c" 1
 250 0006 83F31188 		msr     BASEPRI, r3
 251              	@ 0 "" 2
 252              		.thumb
 253 000a FFF7FEFF 		bl	dbg_check_lock
 254 000e 94F82030 		ldrb	r3, [r4, #32]	@ zero_extendqisi2
 255 0012 022B     		cmp	r3, #2
 256 0014 02D0     		beq	.L23
 257 0016 0748     		ldr	r0, .L27
 258 0018 FFF7FEFF 		bl	chDbgPanic
 259              	.L23:
 260 001c 2046     		mov	r0, r4
 261 001e 0021     		movs	r1, #0
 262 0020 FFF7FEFF 		bl	chSchWakeupS
 263 0024 FFF7FEFF 		bl	dbg_check_unlock
 264 0028 0023     		movs	r3, #0
 265              	@ 257 "../../../ChibiOS/os/kernel/src/chthreads.c" 1
 266 002a 83F31188 		msr     BASEPRI, r3
 267              	@ 0 "" 2
 268              		.thumb
 269 002e 2046     		mov	r0, r4
 270 0030 10BD     		pop	{r4, pc}
 271              	.L28:
 272 0032 00BF     		.align	2
 273              	.L27:
 274 0034 2C000000 		.word	.LC2
 275              		.size	chThdResume, .-chThdResume
 276 0038 AFF30080 		.section	.text.chThdTerminate,"ax",%progbits
 276      AFF30080 
 277              		.align	2
 278              		.p2align 4,,15
ARM GAS  /tmp/ccccroTf.s 			page 6


 279              		.global	chThdTerminate
 280              		.thumb
 281              		.thumb_func
 282              		.type	chThdTerminate, %function
 283              	chThdTerminate:
 284              		@ args = 0, pretend = 0, frame = 0
 285              		@ frame_needed = 0, uses_anonymous_args = 0
 286 0000 10B5     		push	{r4, lr}
 287 0002 2023     		movs	r3, #32
 288 0004 0446     		mov	r4, r0
 289              	@ 275 "../../../ChibiOS/os/kernel/src/chthreads.c" 1
 290 0006 83F31188 		msr     BASEPRI, r3
 291              	@ 0 "" 2
 292              		.thumb
 293 000a FFF7FEFF 		bl	dbg_check_lock
 294 000e 94F82130 		ldrb	r3, [r4, #33]	@ zero_extendqisi2
 295 0012 43F00403 		orr	r3, r3, #4
 296 0016 84F82130 		strb	r3, [r4, #33]
 297 001a FFF7FEFF 		bl	dbg_check_unlock
 298 001e 0023     		movs	r3, #0
 299              	@ 277 "../../../ChibiOS/os/kernel/src/chthreads.c" 1
 300 0020 83F31188 		msr     BASEPRI, r3
 301              	@ 0 "" 2
 302              		.thumb
 303 0024 10BD     		pop	{r4, pc}
 304              		.size	chThdTerminate, .-chThdTerminate
 305 0026 00BFAFF3 		.section	.text.chThdSleep,"ax",%progbits
 305      0080AFF3 
 305      0080
 306              		.align	2
 307              		.p2align 4,,15
 308              		.global	chThdSleep
 309              		.thumb
 310              		.thumb_func
 311              		.type	chThdSleep, %function
 312              	chThdSleep:
 313              		@ args = 0, pretend = 0, frame = 0
 314              		@ frame_needed = 0, uses_anonymous_args = 0
 315 0000 10B5     		push	{r4, lr}
 316 0002 0446     		mov	r4, r0
 317 0004 10B9     		cbnz	r0, .L31
 318 0006 0948     		ldr	r0, .L32
 319 0008 FFF7FEFF 		bl	chDbgPanic
 320              	.L31:
 321 000c 2023     		movs	r3, #32
 322              	@ 296 "../../../ChibiOS/os/kernel/src/chthreads.c" 1
 323 000e 83F31188 		msr     BASEPRI, r3
 324              	@ 0 "" 2
 325              		.thumb
 326 0012 FFF7FEFF 		bl	dbg_check_lock
 327 0016 2146     		mov	r1, r4
 328 0018 0620     		movs	r0, #6
 329 001a FFF7FEFF 		bl	chSchGoSleepTimeoutS
 330 001e FFF7FEFF 		bl	dbg_check_unlock
 331 0022 0023     		movs	r3, #0
 332              	@ 298 "../../../ChibiOS/os/kernel/src/chthreads.c" 1
 333 0024 83F31188 		msr     BASEPRI, r3
ARM GAS  /tmp/ccccroTf.s 			page 7


 334              	@ 0 "" 2
 335              		.thumb
 336 0028 10BD     		pop	{r4, pc}
 337              	.L33:
 338 002a 00BF     		.align	2
 339              	.L32:
 340 002c 40000000 		.word	.LC3
 341              		.size	chThdSleep, .-chThdSleep
 342              		.section	.text.chThdSleepUntil,"ax",%progbits
 343              		.align	2
 344              		.p2align 4,,15
 345              		.global	chThdSleepUntil
 346              		.thumb
 347              		.thumb_func
 348              		.type	chThdSleepUntil, %function
 349              	chThdSleepUntil:
 350              		@ args = 0, pretend = 0, frame = 0
 351              		@ frame_needed = 0, uses_anonymous_args = 0
 352 0000 10B5     		push	{r4, lr}
 353 0002 2023     		movs	r3, #32
 354 0004 0446     		mov	r4, r0
 355              	@ 311 "../../../ChibiOS/os/kernel/src/chthreads.c" 1
 356 0006 83F31188 		msr     BASEPRI, r3
 357              	@ 0 "" 2
 358              		.thumb
 359 000a FFF7FEFF 		bl	dbg_check_lock
 360 000e 064B     		ldr	r3, .L39
 361 0010 D968     		ldr	r1, [r3, #12]
 362 0012 611A     		subs	r1, r4, r1
 363 0014 02D0     		beq	.L35
 364 0016 0620     		movs	r0, #6
 365 0018 FFF7FEFF 		bl	chSchGoSleepTimeoutS
 366              	.L35:
 367 001c FFF7FEFF 		bl	dbg_check_unlock
 368 0020 0023     		movs	r3, #0
 369              	@ 314 "../../../ChibiOS/os/kernel/src/chthreads.c" 1
 370 0022 83F31188 		msr     BASEPRI, r3
 371              	@ 0 "" 2
 372              		.thumb
 373 0026 10BD     		pop	{r4, pc}
 374              	.L40:
 375              		.align	2
 376              	.L39:
 377 0028 00000000 		.word	vtlist
 378              		.size	chThdSleepUntil, .-chThdSleepUntil
 379 002c AFF30080 		.section	.text.chThdYield,"ax",%progbits
 380              		.align	2
 381              		.p2align 4,,15
 382              		.global	chThdYield
 383              		.thumb
 384              		.thumb_func
 385              		.type	chThdYield, %function
 386              	chThdYield:
 387              		@ args = 0, pretend = 0, frame = 0
 388              		@ frame_needed = 0, uses_anonymous_args = 0
 389 0000 08B5     		push	{r3, lr}
 390 0002 2023     		movs	r3, #32
ARM GAS  /tmp/ccccroTf.s 			page 8


 391              	@ 326 "../../../ChibiOS/os/kernel/src/chthreads.c" 1
 392 0004 83F31188 		msr     BASEPRI, r3
 393              	@ 0 "" 2
 394              		.thumb
 395 0008 FFF7FEFF 		bl	dbg_check_lock
 396 000c 074B     		ldr	r3, .L43
 397 000e 1A68     		ldr	r2, [r3]
 398 0010 9B69     		ldr	r3, [r3, #24]
 399 0012 9268     		ldr	r2, [r2, #8]
 400 0014 9B68     		ldr	r3, [r3, #8]
 401 0016 9A42     		cmp	r2, r3
 402 0018 01D3     		bcc	.L42
 403 001a FFF7FEFF 		bl	chSchDoRescheduleBehind
 404              	.L42:
 405 001e FFF7FEFF 		bl	dbg_check_unlock
 406 0022 0023     		movs	r3, #0
 407              	@ 328 "../../../ChibiOS/os/kernel/src/chthreads.c" 1
 408 0024 83F31188 		msr     BASEPRI, r3
 409              	@ 0 "" 2
 410              		.thumb
 411 0028 08BD     		pop	{r3, pc}
 412              	.L44:
 413 002a 00BF     		.align	2
 414              	.L43:
 415 002c 00000000 		.word	rlist
 416              		.size	chThdYield, .-chThdYield
 417              		.section	.text.chThdExitS,"ax",%progbits
 418              		.align	2
 419              		.p2align 4,,15
 420              		.global	chThdExitS
 421              		.thumb
 422              		.thumb_func
 423              		.type	chThdExitS, %function
 424              	chThdExitS:
 425              		@ args = 0, pretend = 0, frame = 0
 426              		@ frame_needed = 0, uses_anonymous_args = 0
 427 0000 38B5     		push	{r3, r4, r5, lr}
 428 0002 104B     		ldr	r3, .L51
 429 0004 9C69     		ldr	r4, [r3, #24]
 430 0006 2546     		mov	r5, r4
 431 0008 A062     		str	r0, [r4, #40]
 432 000a 55F82C0F 		ldr	r0, [r5, #44]!
 433 000e A842     		cmp	r0, r5
 434 0010 06D0     		beq	.L49
 435              	.L50:
 436 0012 0368     		ldr	r3, [r0]
 437 0014 E362     		str	r3, [r4, #44]
 438 0016 FFF7FEFF 		bl	chSchReadyI
 439 001a E06A     		ldr	r0, [r4, #44]
 440 001c A842     		cmp	r0, r5
 441 001e F8D1     		bne	.L50
 442              	.L49:
 443 0020 94F82130 		ldrb	r3, [r4, #33]	@ zero_extendqisi2
 444 0024 9B07     		lsls	r3, r3, #30
 445 0026 04D1     		bne	.L48
 446 0028 6369     		ldr	r3, [r4, #20]
 447 002a 2269     		ldr	r2, [r4, #16]
ARM GAS  /tmp/ccccroTf.s 			page 9


 448 002c 1A61     		str	r2, [r3, #16]
 449 002e 2269     		ldr	r2, [r4, #16]
 450 0030 5361     		str	r3, [r2, #20]
 451              	.L48:
 452 0032 0E20     		movs	r0, #14
 453 0034 FFF7FEFF 		bl	chSchGoSleepS
 454 0038 0348     		ldr	r0, .L51+4
 455 003a BDE83840 		pop	{r3, r4, r5, lr}
 456 003e FFF7FEBF 		b	chDbgPanic
 457              	.L52:
 458 0042 00BF     		.align	2
 459              	.L51:
 460 0044 00000000 		.word	rlist
 461 0048 50000000 		.word	.LC4
 462              		.size	chThdExitS, .-chThdExitS
 463              		.section	.text.chThdExit,"ax",%progbits
 464              		.align	2
 465              		.p2align 4,,15
 466              		.global	chThdExit
 467              		.thumb
 468              		.thumb_func
 469              		.type	chThdExit, %function
 470              	chThdExit:
 471              		@ args = 0, pretend = 0, frame = 0
 472              		@ frame_needed = 0, uses_anonymous_args = 0
 473 0000 10B5     		push	{r4, lr}
 474 0002 2023     		movs	r3, #32
 475 0004 0446     		mov	r4, r0
 476              	@ 347 "../../../ChibiOS/os/kernel/src/chthreads.c" 1
 477 0006 83F31188 		msr     BASEPRI, r3
 478              	@ 0 "" 2
 479              		.thumb
 480 000a FFF7FEFF 		bl	dbg_check_lock
 481 000e 2046     		mov	r0, r4
 482 0010 BDE81040 		pop	{r4, lr}
 483 0014 FFF7FEBF 		b	chThdExitS
 484              		.size	chThdExit, .-chThdExit
 485 0018 AFF30080 		.section	.text.chThdWait,"ax",%progbits
 485      AFF30080 
 486              		.align	2
 487              		.p2align 4,,15
 488              		.global	chThdWait
 489              		.thumb
 490              		.thumb_func
 491              		.type	chThdWait, %function
 492              	chThdWait:
 493              		@ args = 0, pretend = 0, frame = 0
 494              		@ frame_needed = 0, uses_anonymous_args = 0
 495 0000 38B5     		push	{r3, r4, r5, lr}
 496 0002 0446     		mov	r4, r0
 497 0004 48B3     		cbz	r0, .L62
 498              	.L55:
 499 0006 2023     		movs	r3, #32
 500              	@ 425 "../../../ChibiOS/os/kernel/src/chthreads.c" 1
 501 0008 83F31188 		msr     BASEPRI, r3
 502              	@ 0 "" 2
 503              		.thumb
ARM GAS  /tmp/ccccroTf.s 			page 10


 504 000c 154D     		ldr	r5, .L65
 505 000e FFF7FEFF 		bl	dbg_check_lock
 506 0012 AB69     		ldr	r3, [r5, #24]
 507 0014 A342     		cmp	r3, r4
 508 0016 1CD0     		beq	.L63
 509              	.L56:
 510 0018 94F82230 		ldrb	r3, [r4, #34]	@ zero_extendqisi2
 511 001c ABB1     		cbz	r3, .L64
 512              	.L57:
 513 001e 94F82030 		ldrb	r3, [r4, #32]	@ zero_extendqisi2
 514 0022 0E2B     		cmp	r3, #14
 515 0024 06D0     		beq	.L58
 516 0026 AB69     		ldr	r3, [r5, #24]
 517 0028 E26A     		ldr	r2, [r4, #44]
 518 002a 1A60     		str	r2, [r3]
 519 002c 0720     		movs	r0, #7
 520 002e E362     		str	r3, [r4, #44]
 521 0030 FFF7FEFF 		bl	chSchGoSleepS
 522              	.L58:
 523 0034 A56A     		ldr	r5, [r4, #40]
 524 0036 FFF7FEFF 		bl	dbg_check_unlock
 525 003a 0023     		movs	r3, #0
 526              	@ 435 "../../../ChibiOS/os/kernel/src/chthreads.c" 1
 527 003c 83F31188 		msr     BASEPRI, r3
 528              	@ 0 "" 2
 529              		.thumb
 530 0040 2046     		mov	r0, r4
 531 0042 FFF7FEFF 		bl	chThdRelease
 532 0046 2846     		mov	r0, r5
 533 0048 38BD     		pop	{r3, r4, r5, pc}
 534              	.L64:
 535 004a 0748     		ldr	r0, .L65+4
 536 004c FFF7FEFF 		bl	chDbgPanic
 537 0050 E5E7     		b	.L57
 538              	.L63:
 539 0052 0648     		ldr	r0, .L65+8
 540 0054 FFF7FEFF 		bl	chDbgPanic
 541 0058 DEE7     		b	.L56
 542              	.L62:
 543 005a 0548     		ldr	r0, .L65+12
 544 005c FFF7FEFF 		bl	chDbgPanic
 545 0060 D1E7     		b	.L55
 546              	.L66:
 547 0062 00BF     		.align	2
 548              	.L65:
 549 0064 00000000 		.word	rlist
 550 0068 84000000 		.word	.LC7
 551 006c 74000000 		.word	.LC6
 552 0070 64000000 		.word	.LC5
 553              		.size	chThdWait, .-chThdWait
 554 0074 AFF30080 		.section	.rodata.str1.4,"aMS",%progbits,1
 554      AFF30080 
 554      AFF30080 
 555              		.align	2
 556              	.LC0:
 557 0000 22636854 		.ascii	"\"chThdCreateI\"()\000"
 557      68644372 
ARM GAS  /tmp/ccccroTf.s 			page 11


 557      65617465 
 557      49222829 
 557      00
 558 0011 000000   		.space	3
 559              	.LC1:
 560 0014 22636854 		.ascii	"\"chThdSetPriority\"()\000"
 560      68645365 
 560      74507269 
 560      6F726974 
 560      79222829 
 561 0029 000000   		.space	3
 562              	.LC2:
 563 002c 63685468 		.ascii	"chThdResume(), #1\000"
 563      64526573 
 563      756D6528 
 563      292C2023 
 563      3100
 564 003e 0000     		.space	2
 565              	.LC3:
 566 0040 22636854 		.ascii	"\"chThdSleep\"()\000"
 566      6864536C 
 566      65657022 
 566      282900
 567 004f 00       		.space	1
 568              	.LC4:
 569 0050 63685468 		.ascii	"chThdExitS(), #1\000"
 569      64457869 
 569      74532829 
 569      2C202331 
 569      00
 570 0061 000000   		.space	3
 571              	.LC5:
 572 0064 22636854 		.ascii	"\"chThdWait\"()\000"
 572      68645761 
 572      69742228 
 572      2900
 573 0072 0000     		.space	2
 574              	.LC6:
 575 0074 63685468 		.ascii	"chThdWait(), #1\000"
 575      64576169 
 575      7428292C 
 575      20233100 
 576              	.LC7:
 577 0084 63685468 		.ascii	"chThdWait(), #2\000"
 577      64576169 
 577      7428292C 
 577      20233200 
 578              		.ident	"GCC: (GNU Tools for ARM Embedded Processors) 4.8.3 20140228 (release) [ARM/embedded-4_8-br
ARM GAS  /tmp/ccccroTf.s 			page 12


DEFINED SYMBOLS
                            *ABS*:00000000 chthreads.c
     /tmp/ccccroTf.s:18     .text._thread_init:00000000 $t
     /tmp/ccccroTf.s:24     .text._thread_init:00000000 _thread_init
     /tmp/ccccroTf.s:61     .text._thread_init:00000058 $d
     /tmp/ccccroTf.s:64     .text.chThdCreateI:00000000 $t
     /tmp/ccccroTf.s:70     .text.chThdCreateI:00000000 chThdCreateI
     /tmp/ccccroTf.s:137    .text.chThdCreateI:00000098 $d
     /tmp/ccccroTf.s:142    .text.chThdCreateStatic:00000000 $t
     /tmp/ccccroTf.s:148    .text.chThdCreateStatic:00000000 chThdCreateStatic
     /tmp/ccccroTf.s:185    .text.chThdSetPriority:00000000 $t
     /tmp/ccccroTf.s:191    .text.chThdSetPriority:00000000 chThdSetPriority
     /tmp/ccccroTf.s:233    .text.chThdSetPriority:00000040 $d
     /tmp/ccccroTf.s:237    .text.chThdResume:00000000 $t
     /tmp/ccccroTf.s:243    .text.chThdResume:00000000 chThdResume
     /tmp/ccccroTf.s:274    .text.chThdResume:00000034 $d
     /tmp/ccccroTf.s:277    .text.chThdTerminate:00000000 $t
     /tmp/ccccroTf.s:283    .text.chThdTerminate:00000000 chThdTerminate
     /tmp/ccccroTf.s:306    .text.chThdSleep:00000000 $t
     /tmp/ccccroTf.s:312    .text.chThdSleep:00000000 chThdSleep
     /tmp/ccccroTf.s:340    .text.chThdSleep:0000002c $d
     /tmp/ccccroTf.s:343    .text.chThdSleepUntil:00000000 $t
     /tmp/ccccroTf.s:349    .text.chThdSleepUntil:00000000 chThdSleepUntil
     /tmp/ccccroTf.s:377    .text.chThdSleepUntil:00000028 $d
     /tmp/ccccroTf.s:380    .text.chThdYield:00000000 $t
     /tmp/ccccroTf.s:386    .text.chThdYield:00000000 chThdYield
     /tmp/ccccroTf.s:415    .text.chThdYield:0000002c $d
     /tmp/ccccroTf.s:418    .text.chThdExitS:00000000 $t
     /tmp/ccccroTf.s:424    .text.chThdExitS:00000000 chThdExitS
     /tmp/ccccroTf.s:460    .text.chThdExitS:00000044 $d
     /tmp/ccccroTf.s:464    .text.chThdExit:00000000 $t
     /tmp/ccccroTf.s:470    .text.chThdExit:00000000 chThdExit
     /tmp/ccccroTf.s:486    .text.chThdWait:00000000 $t
     /tmp/ccccroTf.s:492    .text.chThdWait:00000000 chThdWait
     /tmp/ccccroTf.s:549    .text.chThdWait:00000064 $d
     /tmp/ccccroTf.s:555    .rodata.str1.4:00000000 $d
     /tmp/ccccroTf.s:578    .text._thread_init:0000005c $t
     /tmp/ccccroTf.s:141    .text.chThdCreateI:000000a4 $t
     /tmp/ccccroTf.s:236    .text.chThdSetPriority:00000048 $t
     /tmp/ccccroTf.s:276    .text.chThdResume:00000038 $t
     /tmp/ccccroTf.s:379    .text.chThdSleepUntil:0000002c $t
     /tmp/ccccroTf.s:578    .text.chThdExitS:0000004c $t
     /tmp/ccccroTf.s:554    .text.chThdWait:00000074 $t

UNDEFINED SYMBOLS
rlist
chDbgCheckClassI
chDbgPanic
_port_thread_start
dbg_check_lock
chSchWakeupS
dbg_check_unlock
chSchRescheduleS
chSchGoSleepTimeoutS
vtlist
chSchDoRescheduleBehind
chSchReadyI
ARM GAS  /tmp/ccccroTf.s 			page 13


chSchGoSleepS
chThdRelease
