ARM GAS  /tmp/ccddjHYh.s 			page 1


   1              		.syntax unified
   2              		.cpu cortex-m4
   3              		.eabi_attribute 27, 3
   4              		.eabi_attribute 28, 1
   5              		.fpu fpv4-sp-d16
   6              		.eabi_attribute 20, 1
   7              		.eabi_attribute 21, 1
   8              		.eabi_attribute 23, 3
   9              		.eabi_attribute 24, 1
  10              		.eabi_attribute 25, 1
  11              		.eabi_attribute 26, 1
  12              		.eabi_attribute 30, 2
  13              		.eabi_attribute 34, 1
  14              		.eabi_attribute 18, 4
  15              		.thumb
  16              		.file	"crt0.c"
  17              		.section	.text.__early_init,"ax",%progbits
  18              		.align	2
  19              		.p2align 4,,15
  20              		.weak	__early_init
  21              		.thumb
  22              		.thumb_func
  23              		.type	__early_init, %function
  24              	__early_init:
  25              		@ args = 0, pretend = 0, frame = 0
  26              		@ frame_needed = 0, uses_anonymous_args = 0
  27              		@ link register save eliminated.
  28 0000 7047     		bx	lr
  29              		.size	__early_init, .-__early_init
  30 0002 00BFAFF3 		.section	.text.__late_init,"ax",%progbits
  30      0080AFF3 
  30      0080AFF3 
  30      0080
  31              		.align	2
  32              		.p2align 4,,15
  33              		.weak	__late_init
  34              		.thumb
  35              		.thumb_func
  36              		.type	__late_init, %function
  37              	__late_init:
  38              		@ args = 0, pretend = 0, frame = 0
  39              		@ frame_needed = 0, uses_anonymous_args = 0
  40              		@ link register save eliminated.
  41 0000 7047     		bx	lr
  42              		.size	__late_init, .-__late_init
  43 0002 00BFAFF3 		.section	.text._default_exit,"ax",%progbits
  43      0080AFF3 
  43      0080AFF3 
  43      0080
  44              		.align	2
  45              		.p2align 4,,15
  46              		.weak	_default_exit
  47              		.thumb
  48              		.thumb_func
  49              		.type	_default_exit, %function
  50              	_default_exit:
  51              		@ Naked Function: prologue and epilogue provided by programmer.
ARM GAS  /tmp/ccddjHYh.s 			page 2


  52              		@ args = 0, pretend = 0, frame = 0
  53              		@ frame_needed = 0, uses_anonymous_args = 0
  54              	.L4:
  55 0000 FEE7     		b	.L4
  56              		.size	_default_exit, .-_default_exit
  57 0002 00BFAFF3 		.section	.text.ResetHandler,"ax",%progbits
  57      0080AFF3 
  57      0080AFF3 
  57      0080
  58              		.align	2
  59              		.p2align 4,,15
  60              		.global	ResetHandler
  61              		.thumb
  62              		.thumb_func
  63              		.type	ResetHandler, %function
  64              	ResetHandler:
  65              		@ Naked Function: prologue and epilogue provided by programmer.
  66              		@ args = 0, pretend = 0, frame = 0
  67              		@ frame_needed = 0, uses_anonymous_args = 0
  68              	@ 274 "../../../ChibiOS/os/ports/GCC/ARMCMx/crt0.c" 1
  69 0000 72B6     		cpsid   i
  70              	@ 0 "" 2
  71              		.thumb
  72 0002 3848     		ldr	r0, .L27
  73              	@ 276 "../../../ChibiOS/os/ports/GCC/ARMCMx/crt0.c" 1
  74 0004 80F30988 		msr     PSP, r0
  75              	@ 0 "" 2
  76              		.thumb
  77 0008 374B     		ldr	r3, .L27+4
  78 000a 3849     		ldr	r1, .L27+8
  79 000c 1A68     		ldr	r2, [r3]
  80 000e 4FF04044 		mov	r4, #-1073741824
  81 0012 42F47002 		orr	r2, r2, #15728640
  82 0016 1A60     		str	r2, [r3]
  83 0018 0C60     		str	r4, [r1]
  84 001a 0023     		movs	r3, #0
  85              	@ 287 "../../../ChibiOS/os/ports/GCC/ARMCMx/crt0.c" 1
  86 001c E1EE103A 		vmsr    FPSCR, r3
  87              	@ 0 "" 2
  88              		.thumb
  89 0020 334B     		ldr	r3, .L27+12
  90 0022 0022     		movs	r2, #0
  91 0024 1A60     		str	r2, [r3]
  92 0026 0623     		movs	r3, #6
  93              	@ 296 "../../../ChibiOS/os/ports/GCC/ARMCMx/crt0.c" 1
  94 0028 83F31488 		msr     CONTROL, r3
  95              	@ 0 "" 2
  96              	@ 297 "../../../ChibiOS/os/ports/GCC/ARMCMx/crt0.c" 1
  97 002c BFF36F8F 		isb
  98              	@ 0 "" 2
  99              		.thumb
 100 0030 304B     		ldr	r3, .L27+16
 101 0032 314A     		ldr	r2, .L27+20
 102 0034 9342     		cmp	r3, r2
 103 0036 0BD2     		bcs	.L9
 104 0038 D943     		mvns	r1, r3
 105 003a 1144     		add	r1, r1, r2
ARM GAS  /tmp/ccddjHYh.s 			page 3


 106 003c 21F00301 		bic	r1, r1, #3
 107 0040 1944     		add	r1, r1, r3
 108 0042 4FF05532 		mov	r2, #1431655765
 109 0046 043B     		subs	r3, r3, #4
 110              	.L10:
 111 0048 43F8042F 		str	r2, [r3, #4]!
 112 004c 8B42     		cmp	r3, r1
 113 004e FBD1     		bne	.L10
 114              	.L9:
 115 0050 2A4B     		ldr	r3, .L27+24
 116 0052 8342     		cmp	r3, r0
 117 0054 0CD2     		bcs	.L8
 118 0056 2A49     		ldr	r1, .L27+28
 119 0058 1A1D     		adds	r2, r3, #4
 120 005a 891A     		subs	r1, r1, r2
 121 005c 21F00301 		bic	r1, r1, #3
 122 0060 1944     		add	r1, r1, r3
 123 0062 4FF05532 		mov	r2, #1431655765
 124 0066 043B     		subs	r3, r3, #4
 125              	.L13:
 126 0068 43F8042F 		str	r2, [r3, #4]!
 127 006c 8B42     		cmp	r3, r1
 128 006e FBD1     		bne	.L13
 129              	.L8:
 130 0070 FFF7FEFF 		bl	__early_init
 131 0074 2349     		ldr	r1, .L27+32
 132 0076 244B     		ldr	r3, .L27+36
 133 0078 9942     		cmp	r1, r3
 134 007a 0BD2     		bcs	.L12
 135 007c C843     		mvns	r0, r1
 136 007e 1844     		add	r0, r0, r3
 137 0080 20F00300 		bic	r0, r0, #3
 138 0084 214C     		ldr	r4, .L27+40
 139 0086 0430     		adds	r0, r0, #4
 140 0088 0023     		movs	r3, #0
 141              	.L16:
 142 008a E258     		ldr	r2, [r4, r3]
 143 008c CA50     		str	r2, [r1, r3]
 144 008e 0433     		adds	r3, r3, #4
 145 0090 8342     		cmp	r3, r0
 146 0092 FAD1     		bne	.L16
 147              	.L12:
 148 0094 1E4B     		ldr	r3, .L27+44
 149 0096 1F4A     		ldr	r2, .L27+48
 150 0098 9342     		cmp	r3, r2
 151 009a 0AD2     		bcs	.L15
 152 009c D943     		mvns	r1, r3
 153 009e 1144     		add	r1, r1, r2
 154 00a0 21F00301 		bic	r1, r1, #3
 155 00a4 1944     		add	r1, r1, r3
 156 00a6 0022     		movs	r2, #0
 157 00a8 043B     		subs	r3, r3, #4
 158              	.L19:
 159 00aa 43F8042F 		str	r2, [r3, #4]!
 160 00ae 8B42     		cmp	r3, r1
 161 00b0 FBD1     		bne	.L19
 162              	.L15:
ARM GAS  /tmp/ccddjHYh.s 			page 4


 163 00b2 194D     		ldr	r5, .L27+52
 164 00b4 194C     		ldr	r4, .L27+56
 165 00b6 FFF7FEFF 		bl	__late_init
 166 00ba AC42     		cmp	r4, r5
 167 00bc 04D2     		bcs	.L18
 168              	.L22:
 169 00be 54F8043B 		ldr	r3, [r4], #4
 170 00c2 9847     		blx	r3
 171 00c4 AC42     		cmp	r4, r5
 172 00c6 FAD3     		bcc	.L22
 173              	.L18:
 174 00c8 154D     		ldr	r5, .L27+60
 175 00ca 164C     		ldr	r4, .L27+64
 176 00cc FFF7FEFF 		bl	main
 177 00d0 AC42     		cmp	r4, r5
 178 00d2 04D2     		bcs	.L21
 179              	.L23:
 180 00d4 54F8043B 		ldr	r3, [r4], #4
 181 00d8 9847     		blx	r3
 182 00da AC42     		cmp	r4, r5
 183 00dc FAD3     		bcc	.L23
 184              	.L21:
 185 00de FFF7FEFF 		bl	_default_exit
 186              	.L28:
 187 00e2 00BF     		.align	2
 188              	.L27:
 189 00e4 00000000 		.word	__process_stack_end__
 190 00e8 88ED00E0 		.word	-536810104
 191 00ec 34EF00E0 		.word	-536809676
 192 00f0 3CEF00E0 		.word	-536809668
 193 00f4 00000000 		.word	__main_stack_base__
 194 00f8 00000000 		.word	__main_stack_end__
 195 00fc 00000000 		.word	__process_stack_base__
 196 0100 03000000 		.word	__process_stack_end__+3
 197 0104 00000000 		.word	_data
 198 0108 00000000 		.word	_edata
 199 010c 00000000 		.word	_textdata
 200 0110 00000000 		.word	_bss_start
 201 0114 00000000 		.word	_bss_end
 202 0118 00000000 		.word	__init_array_end
 203 011c 00000000 		.word	__init_array_start
 204 0120 00000000 		.word	__fini_array_end
 205 0124 00000000 		.word	__fini_array_start
 206              		.size	ResetHandler, .-ResetHandler
 207 0128 AFF30080 		.ident	"GCC: (GNU Tools for ARM Embedded Processors) 4.8.3 20140228 (release) [ARM/embedded-4_8-br
 207      AFF30080 
ARM GAS  /tmp/ccddjHYh.s 			page 5


DEFINED SYMBOLS
                            *ABS*:00000000 crt0.c
     /tmp/ccddjHYh.s:18     .text.__early_init:00000000 $t
     /tmp/ccddjHYh.s:24     .text.__early_init:00000000 __early_init
     /tmp/ccddjHYh.s:31     .text.__late_init:00000000 $t
     /tmp/ccddjHYh.s:37     .text.__late_init:00000000 __late_init
     /tmp/ccddjHYh.s:44     .text._default_exit:00000000 $t
     /tmp/ccddjHYh.s:50     .text._default_exit:00000000 _default_exit
     /tmp/ccddjHYh.s:58     .text.ResetHandler:00000000 $t
     /tmp/ccddjHYh.s:64     .text.ResetHandler:00000000 ResetHandler
     /tmp/ccddjHYh.s:189    .text.ResetHandler:000000e4 $d
     /tmp/ccddjHYh.s:207    .text.ResetHandler:00000128 $t

UNDEFINED SYMBOLS
main
__process_stack_end__
__main_stack_base__
__main_stack_end__
__process_stack_base__
_data
_edata
_textdata
_bss_start
_bss_end
__init_array_end
__init_array_start
__fini_array_end
__fini_array_start
