ARM GAS  /tmp/ccYgnZW8.s 			page 1


   1              		.syntax unified
   2              		.cpu cortex-m4
   3              		.eabi_attribute 27, 3
   4              		.eabi_attribute 28, 1
   5              		.fpu fpv4-sp-d16
   6              		.eabi_attribute 20, 1
   7              		.eabi_attribute 21, 1
   8              		.eabi_attribute 23, 3
   9              		.eabi_attribute 24, 1
  10              		.eabi_attribute 25, 1
  11              		.eabi_attribute 26, 1
  12              		.eabi_attribute 30, 2
  13              		.eabi_attribute 34, 1
  14              		.eabi_attribute 18, 4
  15              		.thumb
  16              		.file	"ext.c"
  17              		.section	.text.extInit,"ax",%progbits
  18              		.align	2
  19              		.p2align 4,,15
  20              		.global	extInit
  21              		.thumb
  22              		.thumb_func
  23              		.type	extInit, %function
  24              	extInit:
  25              		@ args = 0, pretend = 0, frame = 0
  26              		@ frame_needed = 0, uses_anonymous_args = 0
  27              		@ link register save eliminated.
  28 0000 FFF7FEBF 		b	ext_lld_init
  29              		.size	extInit, .-extInit
  30 0004 AFF30080 		.section	.text.extObjectInit,"ax",%progbits
  30      AFF30080 
  30      AFF30080 
  31              		.align	2
  32              		.p2align 4,,15
  33              		.global	extObjectInit
  34              		.thumb
  35              		.thumb_func
  36              		.type	extObjectInit, %function
  37              	extObjectInit:
  38              		@ args = 0, pretend = 0, frame = 0
  39              		@ frame_needed = 0, uses_anonymous_args = 0
  40              		@ link register save eliminated.
  41 0000 0122     		movs	r2, #1
  42 0002 0023     		movs	r3, #0
  43 0004 0270     		strb	r2, [r0]
  44 0006 4360     		str	r3, [r0, #4]
  45 0008 7047     		bx	lr
  46              		.size	extObjectInit, .-extObjectInit
  47 000a 00BFAFF3 		.section	.text.extStart,"ax",%progbits
  47      0080
  48              		.align	2
  49              		.p2align 4,,15
  50              		.global	extStart
  51              		.thumb
  52              		.thumb_func
  53              		.type	extStart, %function
  54              	extStart:
ARM GAS  /tmp/ccYgnZW8.s 			page 2


  55              		@ args = 0, pretend = 0, frame = 0
  56              		@ frame_needed = 0, uses_anonymous_args = 0
  57 0000 38B5     		push	{r3, r4, r5, lr}
  58 0002 0446     		mov	r4, r0
  59 0004 0D46     		mov	r5, r1
  60 0006 C0B1     		cbz	r0, .L4
  61 0008 B9B1     		cbz	r1, .L4
  62              	.L5:
  63 000a 2023     		movs	r3, #32
  64              	@ 100 "../../../ChibiOS/os/hal/src/ext.c" 1
  65 000c 83F31188 		msr     BASEPRI, r3
  66              	@ 0 "" 2
  67              		.thumb
  68 0010 FFF7FEFF 		bl	dbg_check_lock
  69 0014 2378     		ldrb	r3, [r4]	@ zero_extendqisi2
  70 0016 013B     		subs	r3, r3, #1
  71 0018 012B     		cmp	r3, #1
  72 001a 02D9     		bls	.L6
  73 001c 0948     		ldr	r0, .L11
  74 001e FFF7FEFF 		bl	chDbgPanic
  75              	.L6:
  76 0022 2046     		mov	r0, r4
  77 0024 6560     		str	r5, [r4, #4]
  78 0026 FFF7FEFF 		bl	ext_lld_start
  79 002a 0223     		movs	r3, #2
  80 002c 2370     		strb	r3, [r4]
  81 002e FFF7FEFF 		bl	dbg_check_unlock
  82 0032 0023     		movs	r3, #0
  83              	@ 106 "../../../ChibiOS/os/hal/src/ext.c" 1
  84 0034 83F31188 		msr     BASEPRI, r3
  85              	@ 0 "" 2
  86              		.thumb
  87 0038 38BD     		pop	{r3, r4, r5, pc}
  88              	.L4:
  89 003a 0348     		ldr	r0, .L11+4
  90 003c FFF7FEFF 		bl	chDbgPanic
  91 0040 E3E7     		b	.L5
  92              	.L12:
  93 0042 00BF     		.align	2
  94              	.L11:
  95 0044 10000000 		.word	.LC1
  96 0048 00000000 		.word	.LC0
  97              		.size	extStart, .-extStart
  98 004c AFF30080 		.section	.text.extStop,"ax",%progbits
  99              		.align	2
 100              		.p2align 4,,15
 101              		.global	extStop
 102              		.thumb
 103              		.thumb_func
 104              		.type	extStop, %function
 105              	extStop:
 106              		@ args = 0, pretend = 0, frame = 0
 107              		@ frame_needed = 0, uses_anonymous_args = 0
 108 0000 10B5     		push	{r4, lr}
 109 0002 0446     		mov	r4, r0
 110 0004 B0B1     		cbz	r0, .L16
 111              	.L14:
ARM GAS  /tmp/ccYgnZW8.s 			page 3


 112 0006 2023     		movs	r3, #32
 113              	@ 120 "../../../ChibiOS/os/hal/src/ext.c" 1
 114 0008 83F31188 		msr     BASEPRI, r3
 115              	@ 0 "" 2
 116              		.thumb
 117 000c FFF7FEFF 		bl	dbg_check_lock
 118 0010 2378     		ldrb	r3, [r4]	@ zero_extendqisi2
 119 0012 013B     		subs	r3, r3, #1
 120 0014 012B     		cmp	r3, #1
 121 0016 02D9     		bls	.L15
 122 0018 0848     		ldr	r0, .L17
 123 001a FFF7FEFF 		bl	chDbgPanic
 124              	.L15:
 125 001e 2046     		mov	r0, r4
 126 0020 FFF7FEFF 		bl	ext_lld_stop
 127 0024 0123     		movs	r3, #1
 128 0026 2370     		strb	r3, [r4]
 129 0028 FFF7FEFF 		bl	dbg_check_unlock
 130 002c 0023     		movs	r3, #0
 131              	@ 125 "../../../ChibiOS/os/hal/src/ext.c" 1
 132 002e 83F31188 		msr     BASEPRI, r3
 133              	@ 0 "" 2
 134              		.thumb
 135 0032 10BD     		pop	{r4, pc}
 136              	.L16:
 137 0034 0248     		ldr	r0, .L17+4
 138 0036 FFF7FEFF 		bl	chDbgPanic
 139 003a E4E7     		b	.L14
 140              	.L18:
 141              		.align	2
 142              	.L17:
 143 003c 2C000000 		.word	.LC3
 144 0040 20000000 		.word	.LC2
 145              		.size	extStop, .-extStop
 146 0044 AFF30080 		.section	.text.extChannelEnable,"ax",%progbits
 146      AFF30080 
 146      AFF30080 
 147              		.align	2
 148              		.p2align 4,,15
 149              		.global	extChannelEnable
 150              		.thumb
 151              		.thumb_func
 152              		.type	extChannelEnable, %function
 153              	extChannelEnable:
 154              		@ args = 0, pretend = 0, frame = 0
 155              		@ frame_needed = 0, uses_anonymous_args = 0
 156 0000 38B5     		push	{r3, r4, r5, lr}
 157 0002 0446     		mov	r4, r0
 158 0004 0D46     		mov	r5, r1
 159 0006 B0B1     		cbz	r0, .L20
 160 0008 1629     		cmp	r1, #22
 161 000a 14D8     		bhi	.L20
 162              	.L21:
 163 000c 2023     		movs	r3, #32
 164              	@ 142 "../../../ChibiOS/os/hal/src/ext.c" 1
 165 000e 83F31188 		msr     BASEPRI, r3
 166              	@ 0 "" 2
ARM GAS  /tmp/ccYgnZW8.s 			page 4


 167              		.thumb
 168 0012 FFF7FEFF 		bl	dbg_check_lock
 169 0016 2378     		ldrb	r3, [r4]	@ zero_extendqisi2
 170 0018 022B     		cmp	r3, #2
 171 001a 10D0     		beq	.L27
 172              	.L22:
 173 001c 0B48     		ldr	r0, .L28
 174 001e FFF7FEFF 		bl	chDbgPanic
 175              	.L23:
 176 0022 2046     		mov	r0, r4
 177 0024 2946     		mov	r1, r5
 178 0026 FFF7FEFF 		bl	ext_lld_channel_enable
 179 002a FFF7FEFF 		bl	dbg_check_unlock
 180 002e 0023     		movs	r3, #0
 181              	@ 148 "../../../ChibiOS/os/hal/src/ext.c" 1
 182 0030 83F31188 		msr     BASEPRI, r3
 183              	@ 0 "" 2
 184              		.thumb
 185 0034 38BD     		pop	{r3, r4, r5, pc}
 186              	.L20:
 187 0036 0648     		ldr	r0, .L28+4
 188 0038 FFF7FEFF 		bl	chDbgPanic
 189 003c E6E7     		b	.L21
 190              	.L27:
 191 003e 6368     		ldr	r3, [r4, #4]
 192 0040 53F83530 		ldr	r3, [r3, r5, lsl #3]
 193 0044 9B07     		lsls	r3, r3, #30
 194 0046 ECD1     		bne	.L23
 195 0048 E8E7     		b	.L22
 196              	.L29:
 197 004a 00BF     		.align	2
 198              	.L28:
 199 004c 54000000 		.word	.LC5
 200 0050 3C000000 		.word	.LC4
 201              		.size	extChannelEnable, .-extChannelEnable
 202 0054 AFF30080 		.section	.text.extChannelDisable,"ax",%progbits
 202      AFF30080 
 202      AFF30080 
 203              		.align	2
 204              		.p2align 4,,15
 205              		.global	extChannelDisable
 206              		.thumb
 207              		.thumb_func
 208              		.type	extChannelDisable, %function
 209              	extChannelDisable:
 210              		@ args = 0, pretend = 0, frame = 0
 211              		@ frame_needed = 0, uses_anonymous_args = 0
 212 0000 38B5     		push	{r3, r4, r5, lr}
 213 0002 0446     		mov	r4, r0
 214 0004 0D46     		mov	r5, r1
 215 0006 B0B1     		cbz	r0, .L31
 216 0008 1629     		cmp	r1, #22
 217 000a 14D8     		bhi	.L31
 218              	.L32:
 219 000c 2023     		movs	r3, #32
 220              	@ 165 "../../../ChibiOS/os/hal/src/ext.c" 1
 221 000e 83F31188 		msr     BASEPRI, r3
ARM GAS  /tmp/ccYgnZW8.s 			page 5


 222              	@ 0 "" 2
 223              		.thumb
 224 0012 FFF7FEFF 		bl	dbg_check_lock
 225 0016 2378     		ldrb	r3, [r4]	@ zero_extendqisi2
 226 0018 022B     		cmp	r3, #2
 227 001a 10D0     		beq	.L38
 228              	.L33:
 229 001c 0B48     		ldr	r0, .L39
 230 001e FFF7FEFF 		bl	chDbgPanic
 231              	.L34:
 232 0022 2046     		mov	r0, r4
 233 0024 2946     		mov	r1, r5
 234 0026 FFF7FEFF 		bl	ext_lld_channel_disable
 235 002a FFF7FEFF 		bl	dbg_check_unlock
 236 002e 0023     		movs	r3, #0
 237              	@ 171 "../../../ChibiOS/os/hal/src/ext.c" 1
 238 0030 83F31188 		msr     BASEPRI, r3
 239              	@ 0 "" 2
 240              		.thumb
 241 0034 38BD     		pop	{r3, r4, r5, pc}
 242              	.L31:
 243 0036 0648     		ldr	r0, .L39+4
 244 0038 FFF7FEFF 		bl	chDbgPanic
 245 003c E6E7     		b	.L32
 246              	.L38:
 247 003e 6368     		ldr	r3, [r4, #4]
 248 0040 53F83530 		ldr	r3, [r3, r5, lsl #3]
 249 0044 9B07     		lsls	r3, r3, #30
 250 0046 ECD1     		bne	.L34
 251 0048 E8E7     		b	.L33
 252              	.L40:
 253 004a 00BF     		.align	2
 254              	.L39:
 255 004c 84000000 		.word	.LC7
 256 0050 6C000000 		.word	.LC6
 257              		.size	extChannelDisable, .-extChannelDisable
 258 0054 AFF30080 		.section	.text.extSetChannelModeI,"ax",%progbits
 258      AFF30080 
 258      AFF30080 
 259              		.align	2
 260              		.p2align 4,,15
 261              		.global	extSetChannelModeI
 262              		.thumb
 263              		.thumb_func
 264              		.type	extSetChannelModeI, %function
 265              	extSetChannelModeI:
 266              		@ args = 0, pretend = 0, frame = 0
 267              		@ frame_needed = 0, uses_anonymous_args = 0
 268 0000 70B5     		push	{r4, r5, r6, lr}
 269 0002 0446     		mov	r4, r0
 270 0004 0D46     		mov	r5, r1
 271 0006 1646     		mov	r6, r2
 272 0008 08B1     		cbz	r0, .L42
 273 000a 1629     		cmp	r1, #22
 274 000c 15D9     		bls	.L51
 275              	.L42:
 276 000e 0C48     		ldr	r0, .L52
ARM GAS  /tmp/ccYgnZW8.s 			page 6


 277 0010 FFF7FEFF 		bl	chDbgPanic
 278              	.L43:
 279 0014 2378     		ldrb	r3, [r4]	@ zero_extendqisi2
 280 0016 022B     		cmp	r3, #2
 281 0018 02D0     		beq	.L44
 282 001a 0A48     		ldr	r0, .L52+4
 283 001c FFF7FEFF 		bl	chDbgPanic
 284              	.L44:
 285 0020 96E80300 		ldmia	r6, {r0, r1}
 286 0024 6368     		ldr	r3, [r4, #4]
 287 0026 03EBC503 		add	r3, r3, r5, lsl #3
 288 002a 83E80300 		stmia	r3, {r0, r1}
 289 002e 2046     		mov	r0, r4
 290 0030 2946     		mov	r1, r5
 291 0032 BDE87040 		pop	{r4, r5, r6, lr}
 292 0036 FFF7FEBF 		b	ext_lld_channel_enable
 293              	.L51:
 294 003a 002A     		cmp	r2, #0
 295 003c EAD1     		bne	.L43
 296 003e E6E7     		b	.L42
 297              	.L53:
 298              		.align	2
 299              	.L52:
 300 0040 9C000000 		.word	.LC8
 301 0044 B4000000 		.word	.LC9
 302              		.size	extSetChannelModeI, .-extSetChannelModeI
 303 0048 AFF30080 		.section	.rodata.str1.4,"aMS",%progbits,1
 303      AFF30080 
 304              		.align	2
 305              	.LC0:
 306 0000 22657874 		.ascii	"\"extStart\"()\000"
 306      53746172 
 306      74222829 
 306      00
 307 000d 000000   		.space	3
 308              	.LC1:
 309 0010 65787453 		.ascii	"extStart(), #1\000"
 309      74617274 
 309      28292C20 
 309      233100
 310 001f 00       		.space	1
 311              	.LC2:
 312 0020 22657874 		.ascii	"\"extStop\"()\000"
 312      53746F70 
 312      22282900 
 313              	.LC3:
 314 002c 65787453 		.ascii	"extStop(), #1\000"
 314      746F7028 
 314      292C2023 
 314      3100
 315 003a 0000     		.space	2
 316              	.LC4:
 317 003c 22657874 		.ascii	"\"extChannelEnable\"()\000"
 317      4368616E 
 317      6E656C45 
 317      6E61626C 
 317      65222829 
ARM GAS  /tmp/ccYgnZW8.s 			page 7


 318 0051 000000   		.space	3
 319              	.LC5:
 320 0054 65787443 		.ascii	"extChannelEnable(), #1\000"
 320      68616E6E 
 320      656C456E 
 320      61626C65 
 320      28292C20 
 321 006b 00       		.space	1
 322              	.LC6:
 323 006c 22657874 		.ascii	"\"extChannelDisable\"()\000"
 323      4368616E 
 323      6E656C44 
 323      69736162 
 323      6C652228 
 324 0082 0000     		.space	2
 325              	.LC7:
 326 0084 65787443 		.ascii	"extChannelDisable(), #1\000"
 326      68616E6E 
 326      656C4469 
 326      7361626C 
 326      6528292C 
 327              	.LC8:
 328 009c 22657874 		.ascii	"\"extSetChannelModeI\"()\000"
 328      53657443 
 328      68616E6E 
 328      656C4D6F 
 328      64654922 
 329 00b3 00       		.space	1
 330              	.LC9:
 331 00b4 65787453 		.ascii	"extSetChannelModeI(), #1\000"
 331      65744368 
 331      616E6E65 
 331      6C4D6F64 
 331      65492829 
 332 00cd 000000   		.ident	"GCC: (GNU Tools for ARM Embedded Processors) 4.8.3 20140228 (release) [ARM/embedded-4_8-br
ARM GAS  /tmp/ccYgnZW8.s 			page 8


DEFINED SYMBOLS
                            *ABS*:00000000 ext.c
     /tmp/ccYgnZW8.s:18     .text.extInit:00000000 $t
     /tmp/ccYgnZW8.s:24     .text.extInit:00000000 extInit
     /tmp/ccYgnZW8.s:31     .text.extObjectInit:00000000 $t
     /tmp/ccYgnZW8.s:37     .text.extObjectInit:00000000 extObjectInit
     /tmp/ccYgnZW8.s:48     .text.extStart:00000000 $t
     /tmp/ccYgnZW8.s:54     .text.extStart:00000000 extStart
     /tmp/ccYgnZW8.s:95     .text.extStart:00000044 $d
     /tmp/ccYgnZW8.s:99     .text.extStop:00000000 $t
     /tmp/ccYgnZW8.s:105    .text.extStop:00000000 extStop
     /tmp/ccYgnZW8.s:143    .text.extStop:0000003c $d
     /tmp/ccYgnZW8.s:147    .text.extChannelEnable:00000000 $t
     /tmp/ccYgnZW8.s:153    .text.extChannelEnable:00000000 extChannelEnable
     /tmp/ccYgnZW8.s:199    .text.extChannelEnable:0000004c $d
     /tmp/ccYgnZW8.s:203    .text.extChannelDisable:00000000 $t
     /tmp/ccYgnZW8.s:209    .text.extChannelDisable:00000000 extChannelDisable
     /tmp/ccYgnZW8.s:255    .text.extChannelDisable:0000004c $d
     /tmp/ccYgnZW8.s:259    .text.extSetChannelModeI:00000000 $t
     /tmp/ccYgnZW8.s:265    .text.extSetChannelModeI:00000000 extSetChannelModeI
     /tmp/ccYgnZW8.s:300    .text.extSetChannelModeI:00000040 $d
     /tmp/ccYgnZW8.s:304    .rodata.str1.4:00000000 $d
     /tmp/ccYgnZW8.s:98     .text.extStart:0000004c $t
     /tmp/ccYgnZW8.s:146    .text.extStop:00000044 $t
     /tmp/ccYgnZW8.s:202    .text.extChannelEnable:00000054 $t
     /tmp/ccYgnZW8.s:258    .text.extChannelDisable:00000054 $t
     /tmp/ccYgnZW8.s:303    .text.extSetChannelModeI:00000048 $t

UNDEFINED SYMBOLS
ext_lld_init
dbg_check_lock
chDbgPanic
ext_lld_start
dbg_check_unlock
ext_lld_stop
ext_lld_channel_enable
ext_lld_channel_disable
