ARM GAS  /tmp/ccWGScWn.s 			page 1


   1              		.syntax unified
   2              		.cpu cortex-m4
   3              		.eabi_attribute 27, 3
   4              		.eabi_attribute 28, 1
   5              		.fpu fpv4-sp-d16
   6              		.eabi_attribute 20, 1
   7              		.eabi_attribute 21, 1
   8              		.eabi_attribute 23, 3
   9              		.eabi_attribute 24, 1
  10              		.eabi_attribute 25, 1
  11              		.eabi_attribute 26, 1
  12              		.eabi_attribute 30, 2
  13              		.eabi_attribute 34, 1
  14              		.eabi_attribute 18, 4
  15              		.thumb
  16              		.file	"hal.c"
  17              		.section	.text.halInit,"ax",%progbits
  18              		.align	2
  19              		.p2align 4,,15
  20              		.global	halInit
  21              		.thumb
  22              		.thumb_func
  23              		.type	halInit, %function
  24              	halInit:
  25              		@ args = 0, pretend = 0, frame = 0
  26              		@ frame_needed = 0, uses_anonymous_args = 0
  27 0000 08B5     		push	{r3, lr}
  28 0002 FFF7FEFF 		bl	hal_lld_init
  29 0006 0A48     		ldr	r0, .L2
  30 0008 FFF7FEFF 		bl	_pal_lld_init
  31 000c FFF7FEFF 		bl	adcInit
  32 0010 FFF7FEFF 		bl	canInit
  33 0014 FFF7FEFF 		bl	extInit
  34 0018 FFF7FEFF 		bl	i2cInit
  35 001c FFF7FEFF 		bl	pwmInit
  36 0020 FFF7FEFF 		bl	sdInit
  37 0024 FFF7FEFF 		bl	uartInit
  38 0028 BDE80840 		pop	{r3, lr}
  39 002c FFF7FEBF 		b	boardInit
  40              	.L3:
  41              		.align	2
  42              	.L2:
  43 0030 00000000 		.word	pal_default_config
  44              		.size	halInit, .-halInit
  45 0034 AFF30080 		.section	.text.halIsCounterWithin,"ax",%progbits
  45      AFF30080 
  45      AFF30080 
  46              		.align	2
  47              		.p2align 4,,15
  48              		.global	halIsCounterWithin
  49              		.thumb
  50              		.thumb_func
  51              		.type	halIsCounterWithin, %function
  52              	halIsCounterWithin:
  53              		@ args = 0, pretend = 0, frame = 0
  54              		@ frame_needed = 0, uses_anonymous_args = 0
  55              		@ link register save eliminated.
ARM GAS  /tmp/ccWGScWn.s 			page 2


  56 0000 084B     		ldr	r3, .L13
  57 0002 8142     		cmp	r1, r0
  58 0004 5B68     		ldr	r3, [r3, #4]
  59 0006 06D9     		bls	.L5
  60 0008 8342     		cmp	r3, r0
  61 000a 08D3     		bcc	.L9
  62              	.L11:
  63 000c 8B42     		cmp	r3, r1
  64 000e 2CBF     		ite	cs
  65 0010 0020     		movcs	r0, #0
  66 0012 0120     		movcc	r0, #1
  67 0014 7047     		bx	lr
  68              	.L5:
  69 0016 8342     		cmp	r3, r0
  70 0018 F8D3     		bcc	.L11
  71 001a 0120     		movs	r0, #1
  72 001c 7047     		bx	lr
  73              	.L9:
  74 001e 0020     		movs	r0, #0
  75 0020 7047     		bx	lr
  76              	.L14:
  77 0022 00BF     		.align	2
  78              	.L13:
  79 0024 001000E0 		.word	-536866816
  80              		.size	halIsCounterWithin, .-halIsCounterWithin
  81 0028 AFF30080 		.section	.text.halPolledDelay,"ax",%progbits
  81      AFF30080 
  82              		.align	2
  83              		.p2align 4,,15
  84              		.global	halPolledDelay
  85              		.thumb
  86              		.thumb_func
  87              		.type	halPolledDelay, %function
  88              	halPolledDelay:
  89              		@ args = 0, pretend = 0, frame = 0
  90              		@ frame_needed = 0, uses_anonymous_args = 0
  91              		@ link register save eliminated.
  92 0000 0C49     		ldr	r1, .L26
  93 0002 4A68     		ldr	r2, [r1, #4]
  94 0004 1044     		add	r0, r0, r2
  95              	.L21:
  96 0006 8242     		cmp	r2, r0
  97 0008 4B68     		ldr	r3, [r1, #4]
  98 000a 0CD2     		bcs	.L16
  99 000c 9A42     		cmp	r2, r3
 100 000e 03D9     		bls	.L24
 101 0010 0023     		movs	r3, #0
 102 0012 002B     		cmp	r3, #0
 103 0014 F7D1     		bne	.L21
 104              	.L25:
 105 0016 7047     		bx	lr
 106              	.L24:
 107 0018 9842     		cmp	r0, r3
 108 001a 94BF     		ite	ls
 109 001c 0023     		movls	r3, #0
 110 001e 0123     		movhi	r3, #1
 111 0020 002B     		cmp	r3, #0
ARM GAS  /tmp/ccWGScWn.s 			page 3


 112 0022 F0D1     		bne	.L21
 113 0024 F7E7     		b	.L25
 114              	.L16:
 115 0026 9A42     		cmp	r2, r3
 116 0028 F6D8     		bhi	.L24
 117 002a 0123     		movs	r3, #1
 118 002c 002B     		cmp	r3, #0
 119 002e EAD1     		bne	.L21
 120 0030 F1E7     		b	.L25
 121              	.L27:
 122 0032 00BF     		.align	2
 123              	.L26:
 124 0034 001000E0 		.word	-536866816
 125              		.size	halPolledDelay, .-halPolledDelay
 126 0038 AFF30080 		.ident	"GCC: (GNU Tools for ARM Embedded Processors) 4.8.3 20140228 (release) [ARM/embedded-4_8-br
 126      AFF30080 
ARM GAS  /tmp/ccWGScWn.s 			page 4


DEFINED SYMBOLS
                            *ABS*:00000000 hal.c
     /tmp/ccWGScWn.s:18     .text.halInit:00000000 $t
     /tmp/ccWGScWn.s:24     .text.halInit:00000000 halInit
     /tmp/ccWGScWn.s:43     .text.halInit:00000030 $d
     /tmp/ccWGScWn.s:46     .text.halIsCounterWithin:00000000 $t
     /tmp/ccWGScWn.s:52     .text.halIsCounterWithin:00000000 halIsCounterWithin
     /tmp/ccWGScWn.s:79     .text.halIsCounterWithin:00000024 $d
     /tmp/ccWGScWn.s:82     .text.halPolledDelay:00000000 $t
     /tmp/ccWGScWn.s:88     .text.halPolledDelay:00000000 halPolledDelay
     /tmp/ccWGScWn.s:124    .text.halPolledDelay:00000034 $d
     /tmp/ccWGScWn.s:45     .text.halInit:00000034 $t
     /tmp/ccWGScWn.s:81     .text.halIsCounterWithin:00000028 $t
     /tmp/ccWGScWn.s:126    .text.halPolledDelay:00000038 $t

UNDEFINED SYMBOLS
hal_lld_init
_pal_lld_init
adcInit
canInit
extInit
i2cInit
pwmInit
sdInit
uartInit
boardInit
pal_default_config
