ARM GAS  /tmp/cc2zELnc.s 			page 1


   1              		.syntax unified
   2              		.cpu cortex-m4
   3              		.eabi_attribute 27, 3
   4              		.eabi_attribute 28, 1
   5              		.fpu fpv4-sp-d16
   6              		.eabi_attribute 20, 1
   7              		.eabi_attribute 21, 1
   8              		.eabi_attribute 23, 3
   9              		.eabi_attribute 24, 1
  10              		.eabi_attribute 25, 1
  11              		.eabi_attribute 26, 1
  12              		.eabi_attribute 30, 2
  13              		.eabi_attribute 34, 1
  14              		.eabi_attribute 18, 4
  15              		.thumb
  16              		.file	"i2c_lld.c"
  17              		.section	.text.i2c_lld_abort_operation,"ax",%progbits
  18              		.align	2
  19              		.p2align 4,,15
  20              		.thumb
  21              		.thumb_func
  22              		.type	i2c_lld_abort_operation, %function
  23              	i2c_lld_abort_operation:
  24              		@ args = 0, pretend = 0, frame = 0
  25              		@ frame_needed = 0, uses_anonymous_args = 0
  26              		@ link register save eliminated.
  27 0000 10B4     		push	{r4}
  28 0002 436B     		ldr	r3, [r0, #52]
  29 0004 046B     		ldr	r4, [r0, #48]
  30 0006 4FF40041 		mov	r1, #32768
  31 000a 2268     		ldr	r2, [r4]
  32 000c 1980     		strh	r1, [r3]	@ movhi
  33 000e 0021     		movs	r1, #0
  34 0010 1980     		strh	r1, [r3]	@ movhi
  35 0012 9980     		strh	r1, [r3, #4]	@ movhi
  36 0014 9982     		strh	r1, [r3, #20]	@ movhi
  37 0016 1368     		ldr	r3, [r2]
  38 0018 23F01F03 		bic	r3, r3, #31
  39 001c 1360     		str	r3, [r2]
  40              	.L3:
  41 001e 1368     		ldr	r3, [r2]
  42 0020 D907     		lsls	r1, r3, #31
  43 0022 FCD4     		bmi	.L3
  44 0024 C16A     		ldr	r1, [r0, #44]
  45 0026 207A     		ldrb	r0, [r4, #8]	@ zero_extendqisi2
  46 0028 6368     		ldr	r3, [r4, #4]
  47 002a 0A68     		ldr	r2, [r1]
  48 002c 3D24     		movs	r4, #61
  49 002e 04FA00F0 		lsl	r0, r4, r0
  50 0032 1860     		str	r0, [r3]
  51 0034 1368     		ldr	r3, [r2]
  52 0036 23F01F03 		bic	r3, r3, #31
  53 003a 1360     		str	r3, [r2]
  54              	.L5:
  55 003c 1368     		ldr	r3, [r2]
  56 003e DB07     		lsls	r3, r3, #31
  57 0040 FCD4     		bmi	.L5
ARM GAS  /tmp/cc2zELnc.s 			page 2


  58 0042 0A7A     		ldrb	r2, [r1, #8]	@ zero_extendqisi2
  59 0044 4B68     		ldr	r3, [r1, #4]
  60 0046 5DF8044B 		ldr	r4, [sp], #4
  61 004a 3D21     		movs	r1, #61
  62 004c 01FA02F2 		lsl	r2, r1, r2
  63 0050 1A60     		str	r2, [r3]
  64 0052 7047     		bx	lr
  65              		.size	i2c_lld_abort_operation, .-i2c_lld_abort_operation
  66 0054 AFF30080 		.section	.text.i2c_lld_serve_event_interrupt,"ax",%progbits
  66      AFF30080 
  66      AFF30080 
  67              		.align	2
  68              		.p2align 4,,15
  69              		.thumb
  70              		.thumb_func
  71              		.type	i2c_lld_serve_event_interrupt, %function
  72              	i2c_lld_serve_event_interrupt:
  73              		@ args = 0, pretend = 0, frame = 8
  74              		@ frame_needed = 0, uses_anonymous_args = 0
  75 0000 30B5     		push	{r4, r5, lr}
  76 0002 446B     		ldr	r4, [r0, #52]
  77 0004 424A     		ldr	r2, .L27
  78 0006 238B     		ldrh	r3, [r4, #24]
  79 0008 A58A     		ldrh	r5, [r4, #20]
  80 000a ADB2     		uxth	r5, r5
  81 000c 45EA0343 		orr	r3, r5, r3, lsl #16
  82 0010 23F07F43 		bic	r3, r3, #-16777216
  83 0014 9342     		cmp	r3, r2
  84 0016 83B0     		sub	sp, sp, #12
  85 0018 4ED0     		beq	.L9
  86 001a 1FD8     		bhi	.L10
  87 001c 073A     		subs	r2, r2, #7
  88 001e 9342     		cmp	r3, r2
  89 0020 3ED0     		beq	.L11
  90 0022 0132     		adds	r2, r2, #1
  91 0024 9342     		cmp	r3, r2
  92 0026 13D1     		bne	.L8
  93 0028 A388     		ldrh	r3, [r4, #4]
  94 002a C26A     		ldr	r2, [r0, #44]
  95 002c 23F40073 		bic	r3, r3, #512
  96 0030 1B04     		lsls	r3, r3, #16
  97 0032 1268     		ldr	r2, [r2]
  98 0034 1B0C     		lsrs	r3, r3, #16
  99 0036 A380     		strh	r3, [r4, #4]	@ movhi
 100 0038 1368     		ldr	r3, [r2]
 101 003a 43F00103 		orr	r3, r3, #1
 102 003e 1360     		str	r3, [r2]
 103 0040 A388     		ldrh	r3, [r4, #4]
 104 0042 9BB2     		uxth	r3, r3
 105 0044 43F48053 		orr	r3, r3, #4096
 106 0048 A380     		strh	r3, [r4, #4]	@ movhi
 107 004a 5368     		ldr	r3, [r2, #4]
 108 004c 012B     		cmp	r3, #1
 109 004e 58D9     		bls	.L26
 110              	.L8:
 111 0050 15F00A0F 		tst	r5, #10
 112 0054 18BF     		it	ne
ARM GAS  /tmp/cc2zELnc.s 			page 3


 113 0056 238B     		ldrhne	r3, [r4, #24]
 114 0058 03B0     		add	sp, sp, #12
 115              		@ sp needed
 116 005a 30BD     		pop	{r4, r5, pc}
 117              	.L10:
 118 005c 2D4A     		ldr	r2, .L27+4
 119 005e 9342     		cmp	r3, r2
 120 0060 11D0     		beq	.L13
 121 0062 0232     		adds	r2, r2, #2
 122 0064 9342     		cmp	r3, r2
 123 0066 F3D1     		bne	.L8
 124 0068 C36A     		ldr	r3, [r0, #44]
 125 006a 1B68     		ldr	r3, [r3]
 126 006c 5B68     		ldr	r3, [r3, #4]
 127 006e 43B3     		cbz	r3, .L16
 128 0070 2388     		ldrh	r3, [r4]
 129 0072 028C     		ldrh	r2, [r0, #32]
 130 0074 9BB2     		uxth	r3, r3
 131 0076 43F4A063 		orr	r3, r3, #1280
 132 007a 42F00102 		orr	r2, r2, #1
 133 007e 0284     		strh	r2, [r0, #32]	@ movhi
 134 0080 2380     		strh	r3, [r4]	@ movhi
 135 0082 03B0     		add	sp, sp, #12
 136              		@ sp needed
 137 0084 30BD     		pop	{r4, r5, pc}
 138              	.L13:
 139 0086 A388     		ldrh	r3, [r4, #4]
 140 0088 026B     		ldr	r2, [r0, #48]
 141 008a 23F40073 		bic	r3, r3, #512
 142 008e 1B04     		lsls	r3, r3, #16
 143 0090 1268     		ldr	r2, [r2]
 144 0092 1B0C     		lsrs	r3, r3, #16
 145 0094 A380     		strh	r3, [r4, #4]	@ movhi
 146 0096 1368     		ldr	r3, [r2]
 147 0098 43F00103 		orr	r3, r3, #1
 148 009c 1360     		str	r3, [r2]
 149 009e D7E7     		b	.L8
 150              	.L11:
 151 00a0 038C     		ldrh	r3, [r0, #32]
 152 00a2 1A0A     		lsrs	r2, r3, #8
 153 00a4 0BD0     		beq	.L25
 154 00a6 03F00103 		and	r3, r3, #1
 155 00aa 43F0F003 		orr	r3, r3, #240
 156 00ae 02F00602 		and	r2, r2, #6
 157 00b2 1A43     		orrs	r2, r2, r3
 158 00b4 2282     		strh	r2, [r4, #16]	@ movhi
 159 00b6 CBE7     		b	.L8
 160              	.L9:
 161 00b8 038C     		ldrh	r3, [r0, #32]
 162 00ba C3F34703 		ubfx	r3, r3, #1, #8
 163              	.L25:
 164 00be 2382     		strh	r3, [r4, #16]	@ movhi
 165 00c0 C6E7     		b	.L8
 166              	.L16:
 167 00c2 A388     		ldrh	r3, [r4, #4]
 168 00c4 23F40073 		bic	r3, r3, #512
 169 00c8 1B04     		lsls	r3, r3, #16
ARM GAS  /tmp/cc2zELnc.s 			page 4


 170 00ca 1B0C     		lsrs	r3, r3, #16
 171 00cc A380     		strh	r3, [r4, #4]	@ movhi
 172 00ce 2388     		ldrh	r3, [r4]
 173 00d0 9BB2     		uxth	r3, r3
 174 00d2 43F40073 		orr	r3, r3, #512
 175 00d6 2380     		strh	r3, [r4]	@ movhi
 176 00d8 2023     		movs	r3, #32
 177              	@ 354 "../../../ChibiOS/os/hal/platforms/STM32/I2Cv1/i2c_lld.c" 1
 178 00da 83F31188 		msr     BASEPRI, r3
 179              	@ 0 "" 2
 180              		.thumb
 181 00de 0190     		str	r0, [sp, #4]
 182 00e0 FFF7FEFF 		bl	dbg_check_lock_from_isr
 183 00e4 0198     		ldr	r0, [sp, #4]
 184 00e6 C369     		ldr	r3, [r0, #28]
 185 00e8 2BB1     		cbz	r3, .L18
 186 00ea 0022     		movs	r2, #0
 187 00ec C261     		str	r2, [r0, #28]
 188 00ee 1846     		mov	r0, r3
 189 00f0 9A62     		str	r2, [r3, #40]
 190 00f2 FFF7FEFF 		bl	chSchReadyI
 191              	.L18:
 192 00f6 FFF7FEFF 		bl	dbg_check_unlock_from_isr
 193 00fa 0023     		movs	r3, #0
 194              	@ 354 "../../../ChibiOS/os/hal/platforms/STM32/I2Cv1/i2c_lld.c" 1
 195 00fc 83F31188 		msr     BASEPRI, r3
 196              	@ 0 "" 2
 197              		.thumb
 198 0100 A6E7     		b	.L8
 199              	.L26:
 200 0102 2388     		ldrh	r3, [r4]
 201 0104 23F48063 		bic	r3, r3, #1024
 202 0108 1B04     		lsls	r3, r3, #16
 203 010a 1B0C     		lsrs	r3, r3, #16
 204 010c 2380     		strh	r3, [r4]	@ movhi
 205 010e 9FE7     		b	.L8
 206              	.L28:
 207              		.align	2
 208              	.L27:
 209 0110 08000300 		.word	196616
 210 0114 82000700 		.word	458882
 211              		.size	i2c_lld_serve_event_interrupt, .-i2c_lld_serve_event_interrupt
 212 0118 AFF30080 		.section	.text.i2c_lld_serve_error_interrupt,"ax",%progbits
 212      AFF30080 
 213              		.align	2
 214              		.p2align 4,,15
 215              		.thumb
 216              		.thumb_func
 217              		.type	i2c_lld_serve_error_interrupt, %function
 218              	i2c_lld_serve_error_interrupt:
 219              		@ args = 0, pretend = 0, frame = 0
 220              		@ frame_needed = 0, uses_anonymous_args = 0
 221 0000 70B5     		push	{r4, r5, r6, lr}
 222 0002 056B     		ldr	r5, [r0, #48]
 223 0004 2A68     		ldr	r2, [r5]
 224 0006 1368     		ldr	r3, [r2]
 225 0008 23F01F03 		bic	r3, r3, #31
ARM GAS  /tmp/cc2zELnc.s 			page 5


 226 000c 0446     		mov	r4, r0
 227 000e 1360     		str	r3, [r2]
 228              	.L31:
 229 0010 1368     		ldr	r3, [r2]
 230 0012 DE07     		lsls	r6, r3, #31
 231 0014 FCD4     		bmi	.L31
 232 0016 2E7A     		ldrb	r6, [r5, #8]	@ zero_extendqisi2
 233 0018 E06A     		ldr	r0, [r4, #44]
 234 001a 6B68     		ldr	r3, [r5, #4]
 235 001c 0268     		ldr	r2, [r0]
 236 001e 3D25     		movs	r5, #61
 237 0020 B540     		lsls	r5, r5, r6
 238 0022 1D60     		str	r5, [r3]
 239 0024 1368     		ldr	r3, [r2]
 240 0026 23F01F03 		bic	r3, r3, #31
 241 002a 1360     		str	r3, [r2]
 242              	.L33:
 243 002c 1368     		ldr	r3, [r2]
 244 002e 13F00103 		ands	r3, r3, #1
 245 0032 FBD1     		bne	.L33
 246 0034 057A     		ldrb	r5, [r0, #8]	@ zero_extendqisi2
 247 0036 4268     		ldr	r2, [r0, #4]
 248 0038 3D20     		movs	r0, #61
 249 003a A840     		lsls	r0, r0, r5
 250 003c CD05     		lsls	r5, r1, #23
 251 003e 1060     		str	r0, [r2]
 252 0040 48BF     		it	mi
 253 0042 0123     		movmi	r3, #1
 254 0044 8805     		lsls	r0, r1, #22
 255 0046 A360     		str	r3, [r4, #8]
 256 0048 44BF     		itt	mi
 257 004a 43F00203 		orrmi	r3, r3, #2
 258 004e A360     		strmi	r3, [r4, #8]
 259 0050 4A05     		lsls	r2, r1, #21
 260 0052 0ED5     		bpl	.L37
 261 0054 606B     		ldr	r0, [r4, #52]
 262 0056 8288     		ldrh	r2, [r0, #4]
 263 0058 22F40072 		bic	r2, r2, #512
 264 005c 1204     		lsls	r2, r2, #16
 265 005e 120C     		lsrs	r2, r2, #16
 266 0060 8280     		strh	r2, [r0, #4]	@ movhi
 267 0062 0288     		ldrh	r2, [r0]
 268 0064 92B2     		uxth	r2, r2
 269 0066 43F00403 		orr	r3, r3, #4
 270 006a 42F40072 		orr	r2, r2, #512
 271 006e 0280     		strh	r2, [r0]	@ movhi
 272 0070 A360     		str	r3, [r4, #8]
 273              	.L37:
 274 0072 0E05     		lsls	r6, r1, #20
 275 0074 44BF     		itt	mi
 276 0076 43F00803 		orrmi	r3, r3, #8
 277 007a A360     		strmi	r3, [r4, #8]
 278 007c 4D04     		lsls	r5, r1, #17
 279 007e 44BF     		itt	mi
 280 0080 43F02003 		orrmi	r3, r3, #32
 281 0084 A360     		strmi	r3, [r4, #8]
 282 0086 C804     		lsls	r0, r1, #19
ARM GAS  /tmp/cc2zELnc.s 			page 6


 283 0088 44BF     		itt	mi
 284 008a 43F01003 		orrmi	r3, r3, #16
 285 008e A360     		strmi	r3, [r4, #8]
 286 0090 0A04     		lsls	r2, r1, #16
 287 0092 01D4     		bmi	.L67
 288 0094 1BB9     		cbnz	r3, .L42
 289 0096 70BD     		pop	{r4, r5, r6, pc}
 290              	.L67:
 291 0098 43F04003 		orr	r3, r3, #64
 292 009c A360     		str	r3, [r4, #8]
 293              	.L42:
 294 009e 2023     		movs	r3, #32
 295              	@ 584 "../../../ChibiOS/os/hal/platforms/STM32/I2Cv1/i2c_lld.c" 1
 296 00a0 83F31188 		msr     BASEPRI, r3
 297              	@ 0 "" 2
 298              		.thumb
 299 00a4 FFF7FEFF 		bl	dbg_check_lock_from_isr
 300 00a8 E369     		ldr	r3, [r4, #28]
 301 00aa 3BB1     		cbz	r3, .L44
 302 00ac 0021     		movs	r1, #0
 303 00ae 6FF00102 		mvn	r2, #1
 304 00b2 E161     		str	r1, [r4, #28]
 305 00b4 1846     		mov	r0, r3
 306 00b6 9A62     		str	r2, [r3, #40]
 307 00b8 FFF7FEFF 		bl	chSchReadyI
 308              	.L44:
 309 00bc FFF7FEFF 		bl	dbg_check_unlock_from_isr
 310 00c0 0023     		movs	r3, #0
 311              	@ 584 "../../../ChibiOS/os/hal/platforms/STM32/I2Cv1/i2c_lld.c" 1
 312 00c2 83F31188 		msr     BASEPRI, r3
 313              	@ 0 "" 2
 314              		.thumb
 315 00c6 70BD     		pop	{r4, r5, r6, pc}
 316              		.size	i2c_lld_serve_error_interrupt, .-i2c_lld_serve_error_interrupt
 317 00c8 AFF30080 		.section	.text.i2c_lld_safety_timeout,"ax",%progbits
 317      AFF30080 
 318              		.align	2
 319              		.p2align 4,,15
 320              		.thumb
 321              		.thumb_func
 322              		.type	i2c_lld_safety_timeout, %function
 323              	i2c_lld_safety_timeout:
 324              		@ args = 0, pretend = 0, frame = 0
 325              		@ frame_needed = 0, uses_anonymous_args = 0
 326 0000 38B5     		push	{r3, r4, r5, lr}
 327 0002 0446     		mov	r4, r0
 328 0004 2023     		movs	r3, #32
 329              	@ 184 "../../../ChibiOS/os/hal/platforms/STM32/I2Cv1/i2c_lld.c" 1
 330 0006 83F31188 		msr     BASEPRI, r3
 331              	@ 0 "" 2
 332              		.thumb
 333 000a FFF7FEFF 		bl	dbg_check_lock_from_isr
 334 000e E569     		ldr	r5, [r4, #28]
 335 0010 55B1     		cbz	r5, .L69
 336 0012 2046     		mov	r0, r4
 337 0014 FFF7FEFF 		bl	i2c_lld_abort_operation
 338 0018 0022     		movs	r2, #0
ARM GAS  /tmp/cc2zELnc.s 			page 7


 339 001a 4FF0FF33 		mov	r3, #-1
 340 001e E261     		str	r2, [r4, #28]
 341 0020 2846     		mov	r0, r5
 342 0022 AB62     		str	r3, [r5, #40]
 343 0024 FFF7FEFF 		bl	chSchReadyI
 344              	.L69:
 345 0028 FFF7FEFF 		bl	dbg_check_unlock_from_isr
 346 002c 0023     		movs	r3, #0
 347              	@ 192 "../../../ChibiOS/os/hal/platforms/STM32/I2Cv1/i2c_lld.c" 1
 348 002e 83F31188 		msr     BASEPRI, r3
 349              	@ 0 "" 2
 350              		.thumb
 351 0032 38BD     		pop	{r3, r4, r5, pc}
 352              		.size	i2c_lld_safety_timeout, .-i2c_lld_safety_timeout
 353 0034 AFF30080 		.section	.text.i2c_lld_serve_tx_end_irq,"ax",%progbits
 353      AFF30080 
 353      AFF30080 
 354              		.align	2
 355              		.p2align 4,,15
 356              		.thumb
 357              		.thumb_func
 358              		.type	i2c_lld_serve_tx_end_irq, %function
 359              	i2c_lld_serve_tx_end_irq:
 360              		@ args = 0, pretend = 0, frame = 0
 361              		@ frame_needed = 0, uses_anonymous_args = 0
 362 0000 11F00C0F 		tst	r1, #12
 363 0004 38B5     		push	{r3, r4, r5, lr}
 364 0006 0546     		mov	r5, r0
 365 0008 446B     		ldr	r4, [r0, #52]
 366 000a 14D1     		bne	.L80
 367              	.L74:
 368 000c 296B     		ldr	r1, [r5, #48]
 369 000e 0A68     		ldr	r2, [r1]
 370 0010 1368     		ldr	r3, [r2]
 371 0012 23F01F03 		bic	r3, r3, #31
 372 0016 1360     		str	r3, [r2]
 373              	.L76:
 374 0018 1368     		ldr	r3, [r2]
 375 001a DB07     		lsls	r3, r3, #31
 376 001c FCD4     		bmi	.L76
 377 001e 0A7A     		ldrb	r2, [r1, #8]	@ zero_extendqisi2
 378 0020 4B68     		ldr	r3, [r1, #4]
 379 0022 3D21     		movs	r1, #61
 380 0024 01FA02F2 		lsl	r2, r1, r2
 381 0028 1A60     		str	r2, [r3]
 382 002a A388     		ldrh	r3, [r4, #4]
 383 002c 9BB2     		uxth	r3, r3
 384 002e 43F40073 		orr	r3, r3, #512
 385 0032 A380     		strh	r3, [r4, #4]	@ movhi
 386 0034 38BD     		pop	{r3, r4, r5, pc}
 387              	.L80:
 388 0036 FFF7FEFF 		bl	haltErrorCode
 389 003a FFF7FEFF 		bl	port_halt
 390 003e E5E7     		b	.L74
 391              		.size	i2c_lld_serve_tx_end_irq, .-i2c_lld_serve_tx_end_irq
 392              		.section	.text.i2c_lld_serve_rx_end_irq,"ax",%progbits
 393              		.align	2
ARM GAS  /tmp/cc2zELnc.s 			page 8


 394              		.p2align 4,,15
 395              		.thumb
 396              		.thumb_func
 397              		.type	i2c_lld_serve_rx_end_irq, %function
 398              	i2c_lld_serve_rx_end_irq:
 399              		@ args = 0, pretend = 0, frame = 0
 400              		@ frame_needed = 0, uses_anonymous_args = 0
 401 0000 11F00C0F 		tst	r1, #12
 402 0004 38B5     		push	{r3, r4, r5, lr}
 403 0006 0546     		mov	r5, r0
 404 0008 446B     		ldr	r4, [r0, #52]
 405 000a 32D1     		bne	.L92
 406              	.L82:
 407 000c E96A     		ldr	r1, [r5, #44]
 408 000e 0A68     		ldr	r2, [r1]
 409 0010 1368     		ldr	r3, [r2]
 410 0012 23F01F03 		bic	r3, r3, #31
 411 0016 1360     		str	r3, [r2]
 412              	.L84:
 413 0018 1368     		ldr	r3, [r2]
 414 001a DB07     		lsls	r3, r3, #31
 415 001c FCD4     		bmi	.L84
 416 001e 0A7A     		ldrb	r2, [r1, #8]	@ zero_extendqisi2
 417 0020 4B68     		ldr	r3, [r1, #4]
 418 0022 3D21     		movs	r1, #61
 419 0024 01FA02F2 		lsl	r2, r1, r2
 420 0028 1A60     		str	r2, [r3]
 421 002a A388     		ldrh	r3, [r4, #4]
 422 002c 23F48053 		bic	r3, r3, #4096
 423 0030 1B04     		lsls	r3, r3, #16
 424 0032 1B0C     		lsrs	r3, r3, #16
 425 0034 A380     		strh	r3, [r4, #4]	@ movhi
 426 0036 2388     		ldrh	r3, [r4]
 427 0038 23F48063 		bic	r3, r3, #1024
 428 003c 1B04     		lsls	r3, r3, #16
 429 003e 1B0C     		lsrs	r3, r3, #16
 430 0040 2380     		strh	r3, [r4]	@ movhi
 431 0042 2388     		ldrh	r3, [r4]
 432 0044 9BB2     		uxth	r3, r3
 433 0046 43F40073 		orr	r3, r3, #512
 434 004a 2380     		strh	r3, [r4]	@ movhi
 435 004c 2023     		movs	r3, #32
 436              	@ 510 "../../../ChibiOS/os/hal/platforms/STM32/I2Cv1/i2c_lld.c" 1
 437 004e 83F31188 		msr     BASEPRI, r3
 438              	@ 0 "" 2
 439              		.thumb
 440 0052 FFF7FEFF 		bl	dbg_check_lock_from_isr
 441 0056 EB69     		ldr	r3, [r5, #28]
 442 0058 2BB1     		cbz	r3, .L85
 443 005a 0022     		movs	r2, #0
 444 005c EA61     		str	r2, [r5, #28]
 445 005e 1846     		mov	r0, r3
 446 0060 9A62     		str	r2, [r3, #40]
 447 0062 FFF7FEFF 		bl	chSchReadyI
 448              	.L85:
 449 0066 FFF7FEFF 		bl	dbg_check_unlock_from_isr
 450 006a 0023     		movs	r3, #0
ARM GAS  /tmp/cc2zELnc.s 			page 9


 451              	@ 510 "../../../ChibiOS/os/hal/platforms/STM32/I2Cv1/i2c_lld.c" 1
 452 006c 83F31188 		msr     BASEPRI, r3
 453              	@ 0 "" 2
 454              		.thumb
 455 0070 38BD     		pop	{r3, r4, r5, pc}
 456              	.L92:
 457 0072 FFF7FEFF 		bl	haltErrorCode
 458 0076 FFF7FEFF 		bl	port_halt
 459 007a C7E7     		b	.L82
 460              		.size	i2c_lld_serve_rx_end_irq, .-i2c_lld_serve_rx_end_irq
 461 007c AFF30080 		.section	.text.VectorBC,"ax",%progbits
 462              		.align	2
 463              		.p2align 4,,15
 464              		.global	VectorBC
 465              		.thumb
 466              		.thumb_func
 467              		.type	VectorBC, %function
 468              	VectorBC:
 469              		@ args = 0, pretend = 0, frame = 0
 470              		@ frame_needed = 0, uses_anonymous_args = 0
 471 0000 08B5     		push	{r3, lr}
 472 0002 FFF7FEFF 		bl	dbg_check_enter_isr
 473 0006 0448     		ldr	r0, .L94
 474 0008 FFF7FEFF 		bl	i2c_lld_serve_event_interrupt
 475 000c FFF7FEFF 		bl	dbg_check_leave_isr
 476 0010 BDE80840 		pop	{r3, lr}
 477 0014 FFF7FEBF 		b	_port_irq_epilogue
 478              	.L95:
 479              		.align	2
 480              	.L94:
 481 0018 00000000 		.word	.LANCHOR0
 482              		.size	VectorBC, .-VectorBC
 483 001c AFF30080 		.section	.text.VectorC0,"ax",%progbits
 484              		.align	2
 485              		.p2align 4,,15
 486              		.global	VectorC0
 487              		.thumb
 488              		.thumb_func
 489              		.type	VectorC0, %function
 490              	VectorC0:
 491              		@ args = 0, pretend = 0, frame = 0
 492              		@ frame_needed = 0, uses_anonymous_args = 0
 493 0000 38B5     		push	{r3, r4, r5, lr}
 494 0002 0C4C     		ldr	r4, .L97
 495 0004 636B     		ldr	r3, [r4, #52]
 496 0006 9D8A     		ldrh	r5, [r3, #20]
 497 0008 ADB2     		uxth	r5, r5
 498 000a FFF7FEFF 		bl	dbg_check_enter_isr
 499 000e 05F45F43 		and	r3, r5, #57088
 500 0012 626B     		ldr	r2, [r4, #52]
 501 0014 83F47F43 		eor	r3, r3, #65280
 502 0018 83F0FF03 		eor	r3, r3, #255
 503 001c 2946     		mov	r1, r5
 504 001e 9382     		strh	r3, [r2, #20]	@ movhi
 505 0020 2046     		mov	r0, r4
 506 0022 FFF7FEFF 		bl	i2c_lld_serve_error_interrupt
 507 0026 FFF7FEFF 		bl	dbg_check_leave_isr
ARM GAS  /tmp/cc2zELnc.s 			page 10


 508 002a BDE83840 		pop	{r3, r4, r5, lr}
 509 002e FFF7FEBF 		b	_port_irq_epilogue
 510              	.L98:
 511 0032 00BF     		.align	2
 512              	.L97:
 513 0034 00000000 		.word	.LANCHOR0
 514              		.size	VectorC0, .-VectorC0
 515 0038 AFF30080 		.section	.text.VectorC4,"ax",%progbits
 515      AFF30080 
 516              		.align	2
 517              		.p2align 4,,15
 518              		.global	VectorC4
 519              		.thumb
 520              		.thumb_func
 521              		.type	VectorC4, %function
 522              	VectorC4:
 523              		@ args = 0, pretend = 0, frame = 0
 524              		@ frame_needed = 0, uses_anonymous_args = 0
 525 0000 08B5     		push	{r3, lr}
 526 0002 FFF7FEFF 		bl	dbg_check_enter_isr
 527 0006 0448     		ldr	r0, .L100
 528 0008 FFF7FEFF 		bl	i2c_lld_serve_event_interrupt
 529 000c FFF7FEFF 		bl	dbg_check_leave_isr
 530 0010 BDE80840 		pop	{r3, lr}
 531 0014 FFF7FEBF 		b	_port_irq_epilogue
 532              	.L101:
 533              		.align	2
 534              	.L100:
 535 0018 00000000 		.word	.LANCHOR1
 536              		.size	VectorC4, .-VectorC4
 537 001c AFF30080 		.section	.text.VectorC8,"ax",%progbits
 538              		.align	2
 539              		.p2align 4,,15
 540              		.global	VectorC8
 541              		.thumb
 542              		.thumb_func
 543              		.type	VectorC8, %function
 544              	VectorC8:
 545              		@ args = 0, pretend = 0, frame = 0
 546              		@ frame_needed = 0, uses_anonymous_args = 0
 547 0000 38B5     		push	{r3, r4, r5, lr}
 548 0002 0C4C     		ldr	r4, .L103
 549 0004 636B     		ldr	r3, [r4, #52]
 550 0006 9D8A     		ldrh	r5, [r3, #20]
 551 0008 ADB2     		uxth	r5, r5
 552 000a FFF7FEFF 		bl	dbg_check_enter_isr
 553 000e 05F45F43 		and	r3, r5, #57088
 554 0012 626B     		ldr	r2, [r4, #52]
 555 0014 83F47F43 		eor	r3, r3, #65280
 556 0018 83F0FF03 		eor	r3, r3, #255
 557 001c 2946     		mov	r1, r5
 558 001e 9382     		strh	r3, [r2, #20]	@ movhi
 559 0020 2046     		mov	r0, r4
 560 0022 FFF7FEFF 		bl	i2c_lld_serve_error_interrupt
 561 0026 FFF7FEFF 		bl	dbg_check_leave_isr
 562 002a BDE83840 		pop	{r3, r4, r5, lr}
 563 002e FFF7FEBF 		b	_port_irq_epilogue
ARM GAS  /tmp/cc2zELnc.s 			page 11


 564              	.L104:
 565 0032 00BF     		.align	2
 566              	.L103:
 567 0034 00000000 		.word	.LANCHOR1
 568              		.size	VectorC8, .-VectorC8
 569 0038 AFF30080 		.section	.text.i2c_lld_init,"ax",%progbits
 569      AFF30080 
 570              		.align	2
 571              		.p2align 4,,15
 572              		.global	i2c_lld_init
 573              		.thumb
 574              		.thumb_func
 575              		.type	i2c_lld_init, %function
 576              	i2c_lld_init:
 577              		@ args = 0, pretend = 0, frame = 0
 578              		@ frame_needed = 0, uses_anonymous_args = 0
 579 0000 F8B5     		push	{r3, r4, r5, r6, r7, lr}
 580 0002 0D4D     		ldr	r5, .L106
 581 0004 0D4C     		ldr	r4, .L106+4
 582 0006 0E4E     		ldr	r6, .L106+8
 583 0008 2846     		mov	r0, r5
 584 000a FFF7FEFF 		bl	i2cObjectInit
 585 000e 0D4B     		ldr	r3, .L106+12
 586 0010 6B63     		str	r3, [r5, #52]
 587 0012 0027     		movs	r7, #0
 588 0014 06F14803 		add	r3, r6, #72
 589 0018 2046     		mov	r0, r4
 590 001a EE62     		str	r6, [r5, #44]
 591 001c 2B63     		str	r3, [r5, #48]
 592 001e EF61     		str	r7, [r5, #28]
 593 0020 FFF7FEFF 		bl	i2cObjectInit
 594 0024 06F11803 		add	r3, r6, #24
 595 0028 074A     		ldr	r2, .L106+16
 596 002a E761     		str	r7, [r4, #28]
 597 002c 5436     		adds	r6, r6, #84
 598 002e 6263     		str	r2, [r4, #52]
 599 0030 E362     		str	r3, [r4, #44]
 600 0032 2663     		str	r6, [r4, #48]
 601 0034 F8BD     		pop	{r3, r4, r5, r6, r7, pc}
 602              	.L107:
 603 0036 00BF     		.align	2
 604              	.L106:
 605 0038 00000000 		.word	.LANCHOR0
 606 003c 00000000 		.word	.LANCHOR1
 607 0040 00000000 		.word	_stm32_dma_streams
 608 0044 00540040 		.word	1073763328
 609 0048 00580040 		.word	1073764352
 610              		.size	i2c_lld_init, .-i2c_lld_init
 611 004c AFF30080 		.section	.text.i2c_lld_start,"ax",%progbits
 612              		.align	2
 613              		.p2align 4,,15
 614              		.global	i2c_lld_start
 615              		.thumb
 616              		.thumb_func
 617              		.type	i2c_lld_start, %function
 618              	i2c_lld_start:
 619              		@ args = 0, pretend = 0, frame = 0
ARM GAS  /tmp/cc2zELnc.s 			page 12


 620              		@ frame_needed = 0, uses_anonymous_args = 0
 621 0000 2DE9F84F 		push	{r3, r4, r5, r6, r7, r8, r9, r10, fp, lr}
 622 0004 0378     		ldrb	r3, [r0]	@ zero_extendqisi2
 623 0006 456B     		ldr	r5, [r0, #52]
 624 0008 40F25642 		movw	r2, #1110
 625 000c 8262     		str	r2, [r0, #40]
 626 000e 012B     		cmp	r3, #1
 627 0010 40F21642 		movw	r2, #1046
 628 0014 0446     		mov	r4, r0
 629 0016 4262     		str	r2, [r0, #36]
 630 0018 79D0     		beq	.L161
 631              	.L133:
 632 001a 2E46     		mov	r6, r5
 633              	.L109:
 634 001c 6368     		ldr	r3, [r4, #4]
 635 001e 226B     		ldr	r2, [r4, #48]
 636 0020 E16A     		ldr	r1, [r4, #44]
 637 0022 5F68     		ldr	r7, [r3, #4]
 638 0024 D2F800A0 		ldr	r10, [r2]
 639 0028 A24A     		ldr	r2, .L171
 640 002a D1F80090 		ldr	r9, [r1]
 641 002e 93F80880 		ldrb	r8, [r3, #8]	@ zero_extendqisi2
 642 0032 791E     		subs	r1, r7, #1
 643 0034 05F11003 		add	r3, r5, #16
 644 0038 4FF4004B 		mov	fp, #32768
 645 003c 4FF0000C 		mov	ip, #0
 646 0040 4FF41060 		mov	r0, #2304
 647 0044 9142     		cmp	r1, r2
 648 0046 C9F80830 		str	r3, [r9, #8]
 649 004a CAF80830 		str	r3, [r10, #8]
 650 004e A5F800B0 		strh	fp, [r5]	@ movhi
 651 0052 A5F800C0 		strh	ip, [r5]	@ movhi
 652 0056 A880     		strh	r0, [r5, #4]	@ movhi
 653 0058 02D9     		bls	.L115
 654 005a 9748     		ldr	r0, .L171+4
 655 005c FFF7FEFF 		bl	chDbgPanic
 656              	.L115:
 657 0060 B388     		ldrh	r3, [r6, #4]
 658 0062 964A     		ldr	r2, .L171+8
 659 0064 23F03F03 		bic	r3, r3, #63
 660 0068 1B04     		lsls	r3, r3, #16
 661 006a 1B0C     		lsrs	r3, r3, #16
 662 006c B380     		strh	r3, [r6, #4]	@ movhi
 663 006e B388     		ldrh	r3, [r6, #4]
 664 0070 9BB2     		uxth	r3, r3
 665 0072 43F02A03 		orr	r3, r3, #42
 666 0076 9742     		cmp	r7, r2
 667 0078 B380     		strh	r3, [r6, #4]	@ movhi
 668 007a 37DC     		bgt	.L116
 669 007c B8F1010F 		cmp	r8, #1
 670 0080 02D0     		beq	.L117
 671 0082 8F48     		ldr	r0, .L171+12
 672 0084 FFF7FEFF 		bl	chDbgPanic
 673              	.L117:
 674 0088 8E4A     		ldr	r2, .L171+16
 675 008a 7F00     		lsls	r7, r7, #1
 676 008c 1346     		mov	r3, r2
ARM GAS  /tmp/cc2zELnc.s 			page 13


 677 008e 92FBF7F2 		sdiv	r2, r2, r7
 678 0092 07FB02F2 		mul	r2, r7, r2
 679 0096 9B1A     		subs	r3, r3, r2
 680 0098 002B     		cmp	r3, #0
 681 009a 40F08580 		bne	.L162
 682 009e 894B     		ldr	r3, .L171+16
 683 00a0 93FBF7F7 		sdiv	r7, r3, r7
 684 00a4 BBB2     		uxth	r3, r7
 685 00a6 032B     		cmp	r3, #3
 686 00a8 76D9     		bls	.L163
 687              	.L119:
 688 00aa 2B22     		movs	r2, #43
 689 00ac B3F5805F 		cmp	r3, #4096
 690 00b0 C7F30B07 		ubfx	r7, r7, #0, #12
 691 00b4 3284     		strh	r2, [r6, #32]	@ movhi
 692 00b6 02D3     		bcc	.L120
 693 00b8 8348     		ldr	r0, .L171+20
 694 00ba FFF7FEFF 		bl	chDbgPanic
 695              	.L120:
 696 00be 6368     		ldr	r3, [r4, #4]
 697 00c0 616B     		ldr	r1, [r4, #52]
 698 00c2 1A78     		ldrb	r2, [r3]	@ zero_extendqisi2
 699 00c4 B783     		strh	r7, [r6, #28]	@ movhi
 700 00c6 0B88     		ldrh	r3, [r1]
 701 00c8 022A     		cmp	r2, #2
 702 00ca 9BB2     		uxth	r3, r3
 703 00cc 5ED0     		beq	.L129
 704 00ce 032A     		cmp	r2, #3
 705 00d0 59D0     		beq	.L130
 706 00d2 012A     		cmp	r2, #1
 707 00d4 02D1     		bne	.L128
 708 00d6 23F00A03 		bic	r3, r3, #10
 709 00da 9BB2     		uxth	r3, r3
 710              	.L128:
 711 00dc 0B80     		strh	r3, [r1]	@ movhi
 712 00de 2B88     		ldrh	r3, [r5]
 713 00e0 9BB2     		uxth	r3, r3
 714 00e2 43F00103 		orr	r3, r3, #1
 715 00e6 2B80     		strh	r3, [r5]	@ movhi
 716 00e8 BDE8F88F 		pop	{r3, r4, r5, r6, r7, r8, r9, r10, fp, pc}
 717              	.L116:
 718 00ec 774B     		ldr	r3, .L171+24
 719 00ee 9F42     		cmp	r7, r3
 720 00f0 0BDC     		bgt	.L134
 721 00f2 A8F10203 		sub	r3, r8, #2
 722 00f6 012B     		cmp	r3, #1
 723 00f8 61D9     		bls	.L123
 724 00fa 7548     		ldr	r0, .L171+28
 725 00fc FFF7FEFF 		bl	chDbgPanic
 726 0100 48F6FF77 		movw	r7, #36863
 727              	.L124:
 728 0104 0D23     		movs	r3, #13
 729 0106 3384     		strh	r3, [r6, #32]	@ movhi
 730 0108 D9E7     		b	.L120
 731              	.L134:
 732 010a 0027     		movs	r7, #0
 733 010c D7E7     		b	.L120
ARM GAS  /tmp/cc2zELnc.s 			page 14


 734              	.L161:
 735 010e 714F     		ldr	r7, .L171+32
 736 0110 B842     		cmp	r0, r7
 737 0112 00F08780 		beq	.L164
 738 0116 704F     		ldr	r7, .L171+36
 739 0118 B842     		cmp	r0, r7
 740 011a 7FF47EAF 		bne	.L133
 741 011e 6F4B     		ldr	r3, .L171+40
 742 0120 C06A     		ldr	r0, [r0, #44]
 743 0122 196A     		ldr	r1, [r3, #32]
 744 0124 6E4A     		ldr	r2, .L171+44
 745 0126 41F48001 		orr	r1, r1, #4194304
 746 012a 0026     		movs	r6, #0
 747 012c 1962     		str	r1, [r3, #32]
 748 012e 1E62     		str	r6, [r3, #32]
 749 0130 0521     		movs	r1, #5
 750 0132 2346     		mov	r3, r4
 751 0134 FFF7FEFF 		bl	dmaStreamAllocate
 752 0138 0028     		cmp	r0, #0
 753 013a 40F0AC80 		bne	.L165
 754              	.L113:
 755 013e 386B     		ldr	r0, [r7, #48]
 756 0140 684A     		ldr	r2, .L171+48
 757 0142 654B     		ldr	r3, .L171+36
 758 0144 0521     		movs	r1, #5
 759 0146 FFF7FEFF 		bl	dmaStreamAllocate
 760 014a 0028     		cmp	r0, #0
 761 014c 40F09F80 		bne	.L166
 762              	.L114:
 763 0150 624B     		ldr	r3, .L171+40
 764 0152 1A6C     		ldr	r2, [r3, #64]
 765 0154 42F48002 		orr	r2, r2, #4194304
 766 0158 1A64     		str	r2, [r3, #64]
 767 015a 2120     		movs	r0, #33
 768 015c 5021     		movs	r1, #80
 769 015e FFF7FEFF 		bl	nvicEnableVector
 770 0162 2220     		movs	r0, #34
 771 0164 5021     		movs	r1, #80
 772 0166 FFF7FEFF 		bl	nvicEnableVector
 773 016a 7A6A     		ldr	r2, [r7, #36]
 774 016c BB6A     		ldr	r3, [r7, #40]
 775 016e 7E6B     		ldr	r6, [r7, #52]
 776 0170 42F06062 		orr	r2, r2, #234881024
 777 0174 43F06063 		orr	r3, r3, #234881024
 778 0178 42F44032 		orr	r2, r2, #196608
 779 017c 43F44033 		orr	r3, r3, #196608
 780 0180 7A62     		str	r2, [r7, #36]
 781 0182 BB62     		str	r3, [r7, #40]
 782 0184 4AE7     		b	.L109
 783              	.L130:
 784 0186 43F00A03 		orr	r3, r3, #10
 785 018a A7E7     		b	.L128
 786              	.L129:
 787 018c 23F00803 		bic	r3, r3, #8
 788 0190 9BB2     		uxth	r3, r3
 789 0192 43F00203 		orr	r3, r3, #2
 790 0196 A1E7     		b	.L128
ARM GAS  /tmp/cc2zELnc.s 			page 15


 791              	.L163:
 792 0198 5348     		ldr	r0, .L171+52
 793 019a FFF7FEFF 		bl	chDbgPanic
 794 019e 2B23     		movs	r3, #43
 795 01a0 C7F30B07 		ubfx	r7, r7, #0, #12
 796 01a4 3384     		strh	r3, [r6, #32]	@ movhi
 797 01a6 8AE7     		b	.L120
 798              	.L162:
 799 01a8 5048     		ldr	r0, .L171+56
 800 01aa FFF7FEFF 		bl	chDbgPanic
 801 01ae 454B     		ldr	r3, .L171+16
 802 01b0 93FBF7F7 		sdiv	r7, r3, r7
 803 01b4 BBB2     		uxth	r3, r7
 804 01b6 032B     		cmp	r3, #3
 805 01b8 3FF677AF 		bhi	.L119
 806 01bc ECE7     		b	.L163
 807              	.L123:
 808 01be B8F1020F 		cmp	r8, #2
 809 01c2 16D1     		bne	.L125
 810 01c4 3F4A     		ldr	r2, .L171+16
 811 01c6 07EB4707 		add	r7, r7, r7, lsl #1
 812 01ca 1346     		mov	r3, r2
 813 01cc 92FBF7F2 		sdiv	r2, r2, r7
 814 01d0 07FB02F2 		mul	r2, r7, r2
 815 01d4 9B1A     		subs	r3, r3, r2
 816 01d6 43B9     		cbnz	r3, .L167
 817              	.L126:
 818 01d8 3A4B     		ldr	r3, .L171+16
 819 01da 93FBF7F7 		sdiv	r7, r3, r7
 820 01de 6FEA4747 		mvn	r7, r7, lsl #17
 821 01e2 6FEA5747 		mvn	r7, r7, lsr #17
 822 01e6 BFB2     		uxth	r7, r7
 823 01e8 8CE7     		b	.L124
 824              	.L167:
 825 01ea 4148     		ldr	r0, .L171+60
 826 01ec FFF7FEFF 		bl	chDbgPanic
 827 01f0 F2E7     		b	.L126
 828              	.L125:
 829 01f2 B8F1030F 		cmp	r8, #3
 830 01f6 5AD1     		bne	.L135
 831 01f8 324A     		ldr	r2, .L171+16
 832 01fa 07EB8707 		add	r7, r7, r7, lsl #2
 833 01fe 07EB8707 		add	r7, r7, r7, lsl #2
 834 0202 1346     		mov	r3, r2
 835 0204 92FBF7F2 		sdiv	r2, r2, r7
 836 0208 07FB02F2 		mul	r2, r7, r2
 837 020c 9B1A     		subs	r3, r3, r2
 838 020e 002B     		cmp	r3, #0
 839 0210 39D1     		bne	.L168
 840              	.L127:
 841 0212 2C4B     		ldr	r3, .L171+16
 842 0214 93FBF7F7 		sdiv	r7, r3, r7
 843 0218 6FEA8747 		mvn	r7, r7, lsl #18
 844 021c 6FEA9747 		mvn	r7, r7, lsr #18
 845 0220 BFB2     		uxth	r7, r7
 846 0222 6FE7     		b	.L124
 847              	.L164:
ARM GAS  /tmp/cc2zELnc.s 			page 16


 848 0224 2D4B     		ldr	r3, .L171+40
 849 0226 C06A     		ldr	r0, [r0, #44]
 850 0228 196A     		ldr	r1, [r3, #32]
 851 022a 2D4A     		ldr	r2, .L171+44
 852 022c 41F40011 		orr	r1, r1, #2097152
 853 0230 0026     		movs	r6, #0
 854 0232 1962     		str	r1, [r3, #32]
 855 0234 1E62     		str	r6, [r3, #32]
 856 0236 0521     		movs	r1, #5
 857 0238 2346     		mov	r3, r4
 858 023a FFF7FEFF 		bl	dmaStreamAllocate
 859 023e 0028     		cmp	r0, #0
 860 0240 31D1     		bne	.L169
 861              	.L111:
 862 0242 386B     		ldr	r0, [r7, #48]
 863 0244 274A     		ldr	r2, .L171+48
 864 0246 234B     		ldr	r3, .L171+32
 865 0248 0521     		movs	r1, #5
 866 024a FFF7FEFF 		bl	dmaStreamAllocate
 867 024e 30BB     		cbnz	r0, .L170
 868              	.L112:
 869 0250 224B     		ldr	r3, .L171+40
 870 0252 1A6C     		ldr	r2, [r3, #64]
 871 0254 42F40012 		orr	r2, r2, #2097152
 872 0258 1A64     		str	r2, [r3, #64]
 873 025a 1F20     		movs	r0, #31
 874 025c 5021     		movs	r1, #80
 875 025e FFF7FEFF 		bl	nvicEnableVector
 876 0262 2020     		movs	r0, #32
 877 0264 5021     		movs	r1, #80
 878 0266 FFF7FEFF 		bl	nvicEnableVector
 879 026a 7A6A     		ldr	r2, [r7, #36]
 880 026c BB6A     		ldr	r3, [r7, #40]
 881 026e 7E6B     		ldr	r6, [r7, #52]
 882 0270 42F00072 		orr	r2, r2, #33554432
 883 0274 43F00073 		orr	r3, r3, #33554432
 884 0278 42F44032 		orr	r2, r2, #196608
 885 027c 43F44033 		orr	r3, r3, #196608
 886 0280 7A62     		str	r2, [r7, #36]
 887 0282 BB62     		str	r3, [r7, #40]
 888 0284 CAE6     		b	.L109
 889              	.L168:
 890 0286 1B48     		ldr	r0, .L171+64
 891 0288 FFF7FEFF 		bl	chDbgPanic
 892 028c C1E7     		b	.L127
 893              	.L166:
 894 028e 1A48     		ldr	r0, .L171+68
 895 0290 FFF7FEFF 		bl	chDbgPanic
 896 0294 5CE7     		b	.L114
 897              	.L165:
 898 0296 1948     		ldr	r0, .L171+72
 899 0298 FFF7FEFF 		bl	chDbgPanic
 900 029c 4FE7     		b	.L113
 901              	.L170:
 902 029e 1848     		ldr	r0, .L171+76
 903 02a0 FFF7FEFF 		bl	chDbgPanic
 904 02a4 D4E7     		b	.L112
ARM GAS  /tmp/cc2zELnc.s 			page 17


 905              	.L169:
 906 02a6 1748     		ldr	r0, .L171+80
 907 02a8 FFF7FEFF 		bl	chDbgPanic
 908 02ac C9E7     		b	.L111
 909              	.L135:
 910 02ae 48F6FF77 		movw	r7, #36863
 911 02b2 27E7     		b	.L124
 912              	.L172:
 913              		.align	2
 914              	.L171:
 915 02b4 FF083D00 		.word	3999999
 916 02b8 50000000 		.word	.LC4
 917 02bc A0860100 		.word	100000
 918 02c0 68000000 		.word	.LC5
 919 02c4 80DE8002 		.word	42000000
 920 02c8 F8000000 		.word	.LC11
 921 02cc 801A0600 		.word	400000
 922 02d0 B0000000 		.word	.LC8
 923 02d4 00000000 		.word	.LANCHOR0
 924 02d8 00000000 		.word	.LANCHOR1
 925 02dc 00380240 		.word	1073887232
 926 02e0 00000000 		.word	i2c_lld_serve_rx_end_irq
 927 02e4 00000000 		.word	i2c_lld_serve_tx_end_irq
 928 02e8 98000000 		.word	.LC7
 929 02ec 80000000 		.word	.LC6
 930 02f0 C8000000 		.word	.LC9
 931 02f4 E0000000 		.word	.LC10
 932 02f8 3C000000 		.word	.LC3
 933 02fc 28000000 		.word	.LC2
 934 0300 14000000 		.word	.LC1
 935 0304 00000000 		.word	.LC0
 936              		.size	i2c_lld_start, .-i2c_lld_start
 937 0308 AFF30080 		.section	.text.i2c_lld_stop,"ax",%progbits
 937      AFF30080 
 938              		.align	2
 939              		.p2align 4,,15
 940              		.global	i2c_lld_stop
 941              		.thumb
 942              		.thumb_func
 943              		.type	i2c_lld_stop, %function
 944              	i2c_lld_stop:
 945              		@ args = 0, pretend = 0, frame = 0
 946              		@ frame_needed = 0, uses_anonymous_args = 0
 947 0000 0378     		ldrb	r3, [r0]	@ zero_extendqisi2
 948 0002 012B     		cmp	r3, #1
 949 0004 10B5     		push	{r4, lr}
 950 0006 0446     		mov	r4, r0
 951 0008 0DD0     		beq	.L173
 952 000a FFF7FEFF 		bl	i2c_lld_abort_operation
 953 000e 206B     		ldr	r0, [r4, #48]
 954 0010 FFF7FEFF 		bl	dmaStreamRelease
 955 0014 E06A     		ldr	r0, [r4, #44]
 956 0016 FFF7FEFF 		bl	dmaStreamRelease
 957 001a 0F4B     		ldr	r3, .L180
 958 001c 9C42     		cmp	r4, r3
 959 001e 0FD0     		beq	.L178
 960 0020 0E4B     		ldr	r3, .L180+4
ARM GAS  /tmp/cc2zELnc.s 			page 18


 961 0022 9C42     		cmp	r4, r3
 962 0024 00D0     		beq	.L179
 963              	.L173:
 964 0026 10BD     		pop	{r4, pc}
 965              	.L179:
 966 0028 2120     		movs	r0, #33
 967 002a FFF7FEFF 		bl	nvicDisableVector
 968 002e 2220     		movs	r0, #34
 969 0030 FFF7FEFF 		bl	nvicDisableVector
 970 0034 0A4B     		ldr	r3, .L180+8
 971 0036 1A6C     		ldr	r2, [r3, #64]
 972 0038 22F48002 		bic	r2, r2, #4194304
 973 003c 1A64     		str	r2, [r3, #64]
 974 003e F2E7     		b	.L173
 975              	.L178:
 976 0040 1F20     		movs	r0, #31
 977 0042 FFF7FEFF 		bl	nvicDisableVector
 978 0046 2020     		movs	r0, #32
 979 0048 FFF7FEFF 		bl	nvicDisableVector
 980 004c 044B     		ldr	r3, .L180+8
 981 004e 1A6C     		ldr	r2, [r3, #64]
 982 0050 22F40012 		bic	r2, r2, #2097152
 983 0054 1A64     		str	r2, [r3, #64]
 984 0056 10BD     		pop	{r4, pc}
 985              	.L181:
 986              		.align	2
 987              	.L180:
 988 0058 00000000 		.word	.LANCHOR0
 989 005c 00000000 		.word	.LANCHOR1
 990 0060 00380240 		.word	1073887232
 991              		.size	i2c_lld_stop, .-i2c_lld_stop
 992 0064 AFF30080 		.section	.text.i2c_lld_master_receive_timeout,"ax",%progbits
 992      AFF30080 
 992      AFF30080 
 993              		.align	2
 994              		.p2align 4,,15
 995              		.global	i2c_lld_master_receive_timeout
 996              		.thumb
 997              		.thumb_func
 998              		.type	i2c_lld_master_receive_timeout, %function
 999              	i2c_lld_master_receive_timeout:
 1000              		@ args = 4, pretend = 0, frame = 24
 1001              		@ frame_needed = 0, uses_anonymous_args = 0
 1002 0000 2DE9F043 		push	{r4, r5, r6, r7, r8, r9, lr}
 1003 0004 87B0     		sub	sp, sp, #28
 1004 0006 1F46     		mov	r7, r3
 1005 0008 0E9D     		ldr	r5, [sp, #56]
 1006 000a 446B     		ldr	r4, [r0, #52]
 1007 000c 6B1C     		adds	r3, r5, #1
 1008 000e 0646     		mov	r6, r0
 1009 0010 8946     		mov	r9, r1
 1010 0012 9046     		mov	r8, r2
 1011 0014 05D0     		beq	.L183
 1012 0016 01A8     		add	r0, sp, #4
 1013 0018 2946     		mov	r1, r5
 1014 001a 344A     		ldr	r2, .L205
 1015 001c 3346     		mov	r3, r6
ARM GAS  /tmp/cc2zELnc.s 			page 19


 1016 001e FFF7FEFF 		bl	chVTSetI
 1017              	.L183:
 1018 0022 FFF7FEFF 		bl	dbg_check_unlock
 1019 0026 0023     		movs	r3, #0
 1020              	@ 954 "../../../ChibiOS/os/hal/platforms/STM32/I2Cv1/i2c_lld.c" 1
 1021 0028 83F31188 		msr     BASEPRI, r3
 1022              	@ 0 "" 2
 1023              		.thumb
 1024 002c F26A     		ldr	r2, [r6, #44]
 1025 002e 736A     		ldr	r3, [r6, #36]
 1026 0030 1068     		ldr	r0, [r2]
 1027 0032 4FEA4909 		lsl	r9, r9, #1
 1028 0036 49F00109 		orr	r9, r9, #1
 1029 003a 0022     		movs	r2, #0
 1030 003c A6F82090 		strh	r9, [r6, #32]	@ movhi
 1031 0040 B260     		str	r2, [r6, #8]
 1032 0042 0360     		str	r3, [r0]
 1033 0044 C0F80C80 		str	r8, [r0, #12]
 1034 0048 4760     		str	r7, [r0, #4]
 1035 004a 04E0     		b	.L184
 1036              	.L185:
 1037 004c FFF7FEFF 		bl	dbg_check_unlock
 1038 0050 0023     		movs	r3, #0
 1039              	@ 976 "../../../ChibiOS/os/hal/platforms/STM32/I2Cv1/i2c_lld.c" 1
 1040 0052 83F31188 		msr     BASEPRI, r3
 1041              	@ 0 "" 2
 1042              		.thumb
 1043              	.L184:
 1044 0056 228B     		ldrh	r2, [r4, #24]
 1045 0058 9107     		lsls	r1, r2, #30
 1046 005a 4FF02003 		mov	r3, #32
 1047 005e 02D4     		bmi	.L187
 1048 0060 2288     		ldrh	r2, [r4]
 1049 0062 9205     		lsls	r2, r2, #22
 1050 0064 0DD5     		bpl	.L204
 1051              	.L187:
 1052              	@ 973 "../../../ChibiOS/os/hal/platforms/STM32/I2Cv1/i2c_lld.c" 1
 1053 0066 83F31188 		msr     BASEPRI, r3
 1054              	@ 0 "" 2
 1055              		.thumb
 1056 006a FFF7FEFF 		bl	dbg_check_lock
 1057 006e 681C     		adds	r0, r5, #1
 1058 0070 ECD0     		beq	.L185
 1059 0072 049A     		ldr	r2, [sp, #16]
 1060 0074 002A     		cmp	r2, #0
 1061 0076 E9D1     		bne	.L185
 1062              	.L189:
 1063 0078 4FF0FF30 		mov	r0, #-1
 1064 007c 07B0     		add	sp, sp, #28
 1065              		@ sp needed
 1066 007e BDE8F083 		pop	{r4, r5, r6, r7, r8, r9, pc}
 1067              	.L204:
 1068              	@ 980 "../../../ChibiOS/os/hal/platforms/STM32/I2Cv1/i2c_lld.c" 1
 1069 0082 83F31188 		msr     BASEPRI, r3
 1070              	@ 0 "" 2
 1071              		.thumb
 1072 0086 FFF7FEFF 		bl	dbg_check_lock
ARM GAS  /tmp/cc2zELnc.s 			page 20


 1073 008a 0135     		adds	r5, r5, #1
 1074 008c 1CD0     		beq	.L188
 1075 008e 049B     		ldr	r3, [sp, #16]
 1076 0090 002B     		cmp	r3, #0
 1077 0092 F1D0     		beq	.L189
 1078 0094 A388     		ldrh	r3, [r4, #4]
 1079 0096 164D     		ldr	r5, .L205+4
 1080 0098 9BB2     		uxth	r3, r3
 1081 009a 43F40073 		orr	r3, r3, #512
 1082 009e A380     		strh	r3, [r4, #4]	@ movhi
 1083 00a0 2288     		ldrh	r2, [r4]
 1084 00a2 AB69     		ldr	r3, [r5, #24]
 1085 00a4 92B2     		uxth	r2, r2
 1086 00a6 42F4A062 		orr	r2, r2, #1280
 1087 00aa 2280     		strh	r2, [r4]	@ movhi
 1088 00ac 0220     		movs	r0, #2
 1089 00ae F361     		str	r3, [r6, #28]
 1090 00b0 FFF7FEFF 		bl	chSchGoSleepS
 1091 00b4 049B     		ldr	r3, [sp, #16]
 1092 00b6 13B1     		cbz	r3, .L191
 1093 00b8 01A8     		add	r0, sp, #4
 1094 00ba FFF7FEFF 		bl	chVTResetI
 1095              	.L191:
 1096 00be AB69     		ldr	r3, [r5, #24]
 1097 00c0 986A     		ldr	r0, [r3, #40]
 1098 00c2 07B0     		add	sp, sp, #28
 1099              		@ sp needed
 1100 00c4 BDE8F083 		pop	{r4, r5, r6, r7, r8, r9, pc}
 1101              	.L188:
 1102 00c8 A388     		ldrh	r3, [r4, #4]
 1103 00ca 094D     		ldr	r5, .L205+4
 1104 00cc 9BB2     		uxth	r3, r3
 1105 00ce 43F40073 		orr	r3, r3, #512
 1106 00d2 A380     		strh	r3, [r4, #4]	@ movhi
 1107 00d4 2288     		ldrh	r2, [r4]
 1108 00d6 AB69     		ldr	r3, [r5, #24]
 1109 00d8 92B2     		uxth	r2, r2
 1110 00da 42F4A062 		orr	r2, r2, #1280
 1111 00de 2280     		strh	r2, [r4]	@ movhi
 1112 00e0 0220     		movs	r0, #2
 1113 00e2 F361     		str	r3, [r6, #28]
 1114 00e4 FFF7FEFF 		bl	chSchGoSleepS
 1115 00e8 E9E7     		b	.L191
 1116              	.L206:
 1117 00ea 00BF     		.align	2
 1118              	.L205:
 1119 00ec 00000000 		.word	i2c_lld_safety_timeout
 1120 00f0 00000000 		.word	rlist
 1121              		.size	i2c_lld_master_receive_timeout, .-i2c_lld_master_receive_timeout
 1122 00f4 AFF30080 		.section	.text.i2c_lld_master_transmit_timeout,"ax",%progbits
 1122      AFF30080 
 1122      AFF30080 
 1123              		.align	2
 1124              		.p2align 4,,15
 1125              		.global	i2c_lld_master_transmit_timeout
 1126              		.thumb
 1127              		.thumb_func
ARM GAS  /tmp/cc2zELnc.s 			page 21


 1128              		.type	i2c_lld_master_transmit_timeout, %function
 1129              	i2c_lld_master_transmit_timeout:
 1130              		@ args = 12, pretend = 0, frame = 24
 1131              		@ frame_needed = 0, uses_anonymous_args = 0
 1132 0000 2DE9F049 		push	{r4, r5, r6, r7, r8, fp, lr}
 1133 0004 87B0     		sub	sp, sp, #28
 1134 0006 1E46     		mov	r6, r3
 1135 0008 109D     		ldr	r5, [sp, #64]
 1136 000a 446B     		ldr	r4, [r0, #52]
 1137 000c 6B1C     		adds	r3, r5, #1
 1138 000e 8046     		mov	r8, r0
 1139 0010 8B46     		mov	fp, r1
 1140 0012 1746     		mov	r7, r2
 1141 0014 05D0     		beq	.L208
 1142 0016 01A8     		add	r0, sp, #4
 1143 0018 2946     		mov	r1, r5
 1144 001a 3A4A     		ldr	r2, .L230
 1145 001c 4346     		mov	r3, r8
 1146 001e FFF7FEFF 		bl	chVTSetI
 1147              	.L208:
 1148 0022 FFF7FEFF 		bl	dbg_check_unlock
 1149 0026 0023     		movs	r3, #0
 1150              	@ 1042 "../../../ChibiOS/os/hal/platforms/STM32/I2Cv1/i2c_lld.c" 1
 1151 0028 83F31188 		msr     BASEPRI, r3
 1152              	@ 0 "" 2
 1153              		.thumb
 1154 002c D8F83020 		ldr	r2, [r8, #48]
 1155 0030 D8F82C30 		ldr	r3, [r8, #44]
 1156 0034 1268     		ldr	r2, [r2]
 1157 0036 1B68     		ldr	r3, [r3]
 1158 0038 D8F82400 		ldr	r0, [r8, #36]
 1159 003c 0021     		movs	r1, #0
 1160 003e C8F80810 		str	r1, [r8, #8]
 1161 0042 4FEA4B0B 		lsl	fp, fp, #1
 1162 0046 D8F82810 		ldr	r1, [r8, #40]
 1163 004a A8F820B0 		strh	fp, [r8, #32]	@ movhi
 1164 004e 1160     		str	r1, [r2]
 1165 0050 D760     		str	r7, [r2, #12]
 1166 0052 5660     		str	r6, [r2, #4]
 1167 0054 1860     		str	r0, [r3]
 1168 0056 0E9A     		ldr	r2, [sp, #56]
 1169 0058 0F98     		ldr	r0, [sp, #60]
 1170 005a DA60     		str	r2, [r3, #12]
 1171 005c 5860     		str	r0, [r3, #4]
 1172 005e 04E0     		b	.L209
 1173              	.L210:
 1174 0060 FFF7FEFF 		bl	dbg_check_unlock
 1175 0064 0023     		movs	r3, #0
 1176              	@ 1072 "../../../ChibiOS/os/hal/platforms/STM32/I2Cv1/i2c_lld.c" 1
 1177 0066 83F31188 		msr     BASEPRI, r3
 1178              	@ 0 "" 2
 1179              		.thumb
 1180              	.L209:
 1181 006a 228B     		ldrh	r2, [r4, #24]
 1182 006c 9107     		lsls	r1, r2, #30
 1183 006e 4FF02003 		mov	r3, #32
 1184 0072 02D4     		bmi	.L212
ARM GAS  /tmp/cc2zELnc.s 			page 22


 1185 0074 2288     		ldrh	r2, [r4]
 1186 0076 9205     		lsls	r2, r2, #22
 1187 0078 0DD5     		bpl	.L229
 1188              	.L212:
 1189              	@ 1069 "../../../ChibiOS/os/hal/platforms/STM32/I2Cv1/i2c_lld.c" 1
 1190 007a 83F31188 		msr     BASEPRI, r3
 1191              	@ 0 "" 2
 1192              		.thumb
 1193 007e FFF7FEFF 		bl	dbg_check_lock
 1194 0082 681C     		adds	r0, r5, #1
 1195 0084 ECD0     		beq	.L210
 1196 0086 049A     		ldr	r2, [sp, #16]
 1197 0088 002A     		cmp	r2, #0
 1198 008a E9D1     		bne	.L210
 1199              	.L214:
 1200 008c 4FF0FF30 		mov	r0, #-1
 1201 0090 07B0     		add	sp, sp, #28
 1202              		@ sp needed
 1203 0092 BDE8F089 		pop	{r4, r5, r6, r7, r8, fp, pc}
 1204              	.L229:
 1205              	@ 1076 "../../../ChibiOS/os/hal/platforms/STM32/I2Cv1/i2c_lld.c" 1
 1206 0096 83F31188 		msr     BASEPRI, r3
 1207              	@ 0 "" 2
 1208              		.thumb
 1209 009a FFF7FEFF 		bl	dbg_check_lock
 1210 009e 0135     		adds	r5, r5, #1
 1211 00a0 1DD0     		beq	.L213
 1212 00a2 049B     		ldr	r3, [sp, #16]
 1213 00a4 002B     		cmp	r3, #0
 1214 00a6 F1D0     		beq	.L214
 1215 00a8 A388     		ldrh	r3, [r4, #4]
 1216 00aa 174D     		ldr	r5, .L230+4
 1217 00ac 9BB2     		uxth	r3, r3
 1218 00ae 43F40073 		orr	r3, r3, #512
 1219 00b2 A380     		strh	r3, [r4, #4]	@ movhi
 1220 00b4 2288     		ldrh	r2, [r4]
 1221 00b6 AB69     		ldr	r3, [r5, #24]
 1222 00b8 92B2     		uxth	r2, r2
 1223 00ba 42F48072 		orr	r2, r2, #256
 1224 00be 2280     		strh	r2, [r4]	@ movhi
 1225 00c0 0220     		movs	r0, #2
 1226 00c2 C8F81C30 		str	r3, [r8, #28]
 1227 00c6 FFF7FEFF 		bl	chSchGoSleepS
 1228 00ca 049B     		ldr	r3, [sp, #16]
 1229 00cc 13B1     		cbz	r3, .L216
 1230 00ce 01A8     		add	r0, sp, #4
 1231 00d0 FFF7FEFF 		bl	chVTResetI
 1232              	.L216:
 1233 00d4 AB69     		ldr	r3, [r5, #24]
 1234 00d6 986A     		ldr	r0, [r3, #40]
 1235 00d8 07B0     		add	sp, sp, #28
 1236              		@ sp needed
 1237 00da BDE8F089 		pop	{r4, r5, r6, r7, r8, fp, pc}
 1238              	.L213:
 1239 00de A388     		ldrh	r3, [r4, #4]
 1240 00e0 094D     		ldr	r5, .L230+4
 1241 00e2 9BB2     		uxth	r3, r3
ARM GAS  /tmp/cc2zELnc.s 			page 23


 1242 00e4 43F40073 		orr	r3, r3, #512
 1243 00e8 A380     		strh	r3, [r4, #4]	@ movhi
 1244 00ea 2288     		ldrh	r2, [r4]
 1245 00ec AB69     		ldr	r3, [r5, #24]
 1246 00ee 92B2     		uxth	r2, r2
 1247 00f0 42F48072 		orr	r2, r2, #256
 1248 00f4 2280     		strh	r2, [r4]	@ movhi
 1249 00f6 0220     		movs	r0, #2
 1250 00f8 C8F81C30 		str	r3, [r8, #28]
 1251 00fc FFF7FEFF 		bl	chSchGoSleepS
 1252 0100 E8E7     		b	.L216
 1253              	.L231:
 1254 0102 00BF     		.align	2
 1255              	.L230:
 1256 0104 00000000 		.word	i2c_lld_safety_timeout
 1257 0108 00000000 		.word	rlist
 1258              		.size	i2c_lld_master_transmit_timeout, .-i2c_lld_master_transmit_timeout
 1259              		.global	I2CD2
 1260              		.global	I2CD1
 1261 010c AFF30080 		.section	.rodata.str1.4,"aMS",%progbits,1
 1262              		.align	2
 1263              	.LC0:
 1264 0000 6932635F 		.ascii	"i2c_lld_start(), #1\000"
 1264      6C6C645F 
 1264      73746172 
 1264      7428292C 
 1264      20233100 
 1265              	.LC1:
 1266 0014 6932635F 		.ascii	"i2c_lld_start(), #2\000"
 1266      6C6C645F 
 1266      73746172 
 1266      7428292C 
 1266      20233200 
 1267              	.LC2:
 1268 0028 6932635F 		.ascii	"i2c_lld_start(), #3\000"
 1268      6C6C645F 
 1268      73746172 
 1268      7428292C 
 1268      20233300 
 1269              	.LC3:
 1270 003c 6932635F 		.ascii	"i2c_lld_start(), #4\000"
 1270      6C6C645F 
 1270      73746172 
 1270      7428292C 
 1270      20233400 
 1271              	.LC4:
 1272 0050 22693263 		.ascii	"\"i2c_lld_set_clock\"()\000"
 1272      5F6C6C64 
 1272      5F736574 
 1272      5F636C6F 
 1272      636B2228 
 1273 0066 0000     		.space	2
 1274              	.LC5:
 1275 0068 6932635F 		.ascii	"i2c_lld_set_clock(), #1\000"
 1275      6C6C645F 
 1275      7365745F 
 1275      636C6F63 
ARM GAS  /tmp/cc2zELnc.s 			page 24


 1275      6B28292C 
 1276              	.LC6:
 1277 0080 6932635F 		.ascii	"i2c_lld_set_clock(), #2\000"
 1277      6C6C645F 
 1277      7365745F 
 1277      636C6F63 
 1277      6B28292C 
 1278              	.LC7:
 1279 0098 6932635F 		.ascii	"i2c_lld_set_clock(), #3\000"
 1279      6C6C645F 
 1279      7365745F 
 1279      636C6F63 
 1279      6B28292C 
 1280              	.LC8:
 1281 00b0 6932635F 		.ascii	"i2c_lld_set_clock(), #4\000"
 1281      6C6C645F 
 1281      7365745F 
 1281      636C6F63 
 1281      6B28292C 
 1282              	.LC9:
 1283 00c8 6932635F 		.ascii	"i2c_lld_set_clock(), #5\000"
 1283      6C6C645F 
 1283      7365745F 
 1283      636C6F63 
 1283      6B28292C 
 1284              	.LC10:
 1285 00e0 6932635F 		.ascii	"i2c_lld_set_clock(), #6\000"
 1285      6C6C645F 
 1285      7365745F 
 1285      636C6F63 
 1285      6B28292C 
 1286              	.LC11:
 1287 00f8 6932635F 		.ascii	"i2c_lld_set_clock(), #8\000"
 1287      6C6C645F 
 1287      7365745F 
 1287      636C6F63 
 1287      6B28292C 
 1288              		.section	.bss.I2CD1,"aw",%nobits
 1289              		.align	2
 1290              		.set	.LANCHOR0,. + 0
 1291              		.type	I2CD1, %object
 1292              		.size	I2CD1, 56
 1293              	I2CD1:
 1294 0000 00000000 		.space	56
 1294      00000000 
 1294      00000000 
 1294      00000000 
 1294      00000000 
 1295              		.section	.bss.I2CD2,"aw",%nobits
 1296              		.align	2
 1297              		.set	.LANCHOR1,. + 0
 1298              		.type	I2CD2, %object
 1299              		.size	I2CD2, 56
 1300              	I2CD2:
 1301 0000 00000000 		.space	56
 1301      00000000 
 1301      00000000 
ARM GAS  /tmp/cc2zELnc.s 			page 25


 1301      00000000 
 1301      00000000 
 1302              		.ident	"GCC: (GNU Tools for ARM Embedded Processors) 4.8.3 20140228 (release) [ARM/embedded-4_8-br
ARM GAS  /tmp/cc2zELnc.s 			page 26


DEFINED SYMBOLS
                            *ABS*:00000000 i2c_lld.c
     /tmp/cc2zELnc.s:18     .text.i2c_lld_abort_operation:00000000 $t
     /tmp/cc2zELnc.s:23     .text.i2c_lld_abort_operation:00000000 i2c_lld_abort_operation
     /tmp/cc2zELnc.s:67     .text.i2c_lld_serve_event_interrupt:00000000 $t
     /tmp/cc2zELnc.s:72     .text.i2c_lld_serve_event_interrupt:00000000 i2c_lld_serve_event_interrupt
     /tmp/cc2zELnc.s:209    .text.i2c_lld_serve_event_interrupt:00000110 $d
     /tmp/cc2zELnc.s:213    .text.i2c_lld_serve_error_interrupt:00000000 $t
     /tmp/cc2zELnc.s:218    .text.i2c_lld_serve_error_interrupt:00000000 i2c_lld_serve_error_interrupt
     /tmp/cc2zELnc.s:318    .text.i2c_lld_safety_timeout:00000000 $t
     /tmp/cc2zELnc.s:323    .text.i2c_lld_safety_timeout:00000000 i2c_lld_safety_timeout
     /tmp/cc2zELnc.s:354    .text.i2c_lld_serve_tx_end_irq:00000000 $t
     /tmp/cc2zELnc.s:359    .text.i2c_lld_serve_tx_end_irq:00000000 i2c_lld_serve_tx_end_irq
     /tmp/cc2zELnc.s:393    .text.i2c_lld_serve_rx_end_irq:00000000 $t
     /tmp/cc2zELnc.s:398    .text.i2c_lld_serve_rx_end_irq:00000000 i2c_lld_serve_rx_end_irq
     /tmp/cc2zELnc.s:462    .text.VectorBC:00000000 $t
     /tmp/cc2zELnc.s:468    .text.VectorBC:00000000 VectorBC
     /tmp/cc2zELnc.s:481    .text.VectorBC:00000018 $d
     /tmp/cc2zELnc.s:484    .text.VectorC0:00000000 $t
     /tmp/cc2zELnc.s:490    .text.VectorC0:00000000 VectorC0
     /tmp/cc2zELnc.s:513    .text.VectorC0:00000034 $d
     /tmp/cc2zELnc.s:516    .text.VectorC4:00000000 $t
     /tmp/cc2zELnc.s:522    .text.VectorC4:00000000 VectorC4
     /tmp/cc2zELnc.s:535    .text.VectorC4:00000018 $d
     /tmp/cc2zELnc.s:538    .text.VectorC8:00000000 $t
     /tmp/cc2zELnc.s:544    .text.VectorC8:00000000 VectorC8
     /tmp/cc2zELnc.s:567    .text.VectorC8:00000034 $d
     /tmp/cc2zELnc.s:570    .text.i2c_lld_init:00000000 $t
     /tmp/cc2zELnc.s:576    .text.i2c_lld_init:00000000 i2c_lld_init
     /tmp/cc2zELnc.s:605    .text.i2c_lld_init:00000038 $d
     /tmp/cc2zELnc.s:612    .text.i2c_lld_start:00000000 $t
     /tmp/cc2zELnc.s:618    .text.i2c_lld_start:00000000 i2c_lld_start
     /tmp/cc2zELnc.s:915    .text.i2c_lld_start:000002b4 $d
     /tmp/cc2zELnc.s:938    .text.i2c_lld_stop:00000000 $t
     /tmp/cc2zELnc.s:944    .text.i2c_lld_stop:00000000 i2c_lld_stop
     /tmp/cc2zELnc.s:988    .text.i2c_lld_stop:00000058 $d
     /tmp/cc2zELnc.s:993    .text.i2c_lld_master_receive_timeout:00000000 $t
     /tmp/cc2zELnc.s:999    .text.i2c_lld_master_receive_timeout:00000000 i2c_lld_master_receive_timeout
     /tmp/cc2zELnc.s:1119   .text.i2c_lld_master_receive_timeout:000000ec $d
     /tmp/cc2zELnc.s:1123   .text.i2c_lld_master_transmit_timeout:00000000 $t
     /tmp/cc2zELnc.s:1129   .text.i2c_lld_master_transmit_timeout:00000000 i2c_lld_master_transmit_timeout
     /tmp/cc2zELnc.s:1256   .text.i2c_lld_master_transmit_timeout:00000104 $d
     /tmp/cc2zELnc.s:1300   .bss.I2CD2:00000000 I2CD2
     /tmp/cc2zELnc.s:1293   .bss.I2CD1:00000000 I2CD1
     /tmp/cc2zELnc.s:1262   .rodata.str1.4:00000000 $d
     /tmp/cc2zELnc.s:1289   .bss.I2CD1:00000000 $d
     /tmp/cc2zELnc.s:1296   .bss.I2CD2:00000000 $d
     /tmp/cc2zELnc.s:212    .text.i2c_lld_serve_event_interrupt:00000118 $t
     /tmp/cc2zELnc.s:483    .text.VectorBC:0000001c $t
     /tmp/cc2zELnc.s:515    .text.VectorC0:00000038 $t
     /tmp/cc2zELnc.s:537    .text.VectorC4:0000001c $t
     /tmp/cc2zELnc.s:569    .text.VectorC8:00000038 $t
     /tmp/cc2zELnc.s:611    .text.i2c_lld_init:0000004c $t
     /tmp/cc2zELnc.s:937    .text.i2c_lld_start:00000308 $t
     /tmp/cc2zELnc.s:992    .text.i2c_lld_stop:00000064 $t
     /tmp/cc2zELnc.s:1122   .text.i2c_lld_master_receive_timeout:000000f4 $t
     /tmp/cc2zELnc.s:1261   .text.i2c_lld_master_transmit_timeout:0000010c $t
ARM GAS  /tmp/cc2zELnc.s 			page 27



UNDEFINED SYMBOLS
dbg_check_lock_from_isr
chSchReadyI
dbg_check_unlock_from_isr
haltErrorCode
port_halt
dbg_check_enter_isr
dbg_check_leave_isr
_port_irq_epilogue
i2cObjectInit
_stm32_dma_streams
chDbgPanic
dmaStreamAllocate
nvicEnableVector
dmaStreamRelease
nvicDisableVector
chVTSetI
dbg_check_unlock
dbg_check_lock
chSchGoSleepS
chVTResetI
rlist
