ARM GAS  /tmp/ccPvRmCo.s 			page 1


   1              		.syntax unified
   2              		.cpu cortex-m4
   3              		.eabi_attribute 27, 3
   4              		.eabi_attribute 28, 1
   5              		.fpu fpv4-sp-d16
   6              		.eabi_attribute 20, 1
   7              		.eabi_attribute 21, 1
   8              		.eabi_attribute 23, 3
   9              		.eabi_attribute 24, 1
  10              		.eabi_attribute 25, 1
  11              		.eabi_attribute 26, 1
  12              		.eabi_attribute 30, 2
  13              		.eabi_attribute 34, 1
  14              		.eabi_attribute 18, 4
  15              		.thumb
  16              		.file	"mpr121.cpp"
  17              		.section	.text._ZN5amiro6MPR121D2Ev,"ax",%progbits
  18              		.align	2
  19              		.p2align 4,,15
  20              		.global	_ZN5amiro6MPR121D2Ev
  21              		.thumb
  22              		.thumb_func
  23              		.type	_ZN5amiro6MPR121D2Ev, %function
  24              	_ZN5amiro6MPR121D2Ev:
  25              		@ args = 0, pretend = 0, frame = 0
  26              		@ frame_needed = 0, uses_anonymous_args = 0
  27              		@ link register save eliminated.
  28 0000 014B     		ldr	r3, .L2
  29 0002 0360     		str	r3, [r0]
  30 0004 7047     		bx	lr
  31              	.L3:
  32 0006 00BF     		.align	2
  33              	.L2:
  34 0008 08000000 		.word	.LANCHOR0+8
  35              		.size	_ZN5amiro6MPR121D2Ev, .-_ZN5amiro6MPR121D2Ev
  36              		.global	_ZN5amiro6MPR121D1Ev
  37              		.thumb_set _ZN5amiro6MPR121D1Ev,_ZN5amiro6MPR121D2Ev
  38 000c AFF30080 		.section	.text._ZN5amiro6MPR121D0Ev,"ax",%progbits
  39              		.align	2
  40              		.p2align 4,,15
  41              		.global	_ZN5amiro6MPR121D0Ev
  42              		.thumb
  43              		.thumb_func
  44              		.type	_ZN5amiro6MPR121D0Ev, %function
  45              	_ZN5amiro6MPR121D0Ev:
  46              		@ args = 0, pretend = 0, frame = 0
  47              		@ frame_needed = 0, uses_anonymous_args = 0
  48 0000 10B5     		push	{r4, lr}
  49 0002 034B     		ldr	r3, .L5
  50 0004 0360     		str	r3, [r0]
  51 0006 0446     		mov	r4, r0
  52 0008 FFF7FEFF 		bl	_ZdlPv
  53 000c 2046     		mov	r0, r4
  54 000e 10BD     		pop	{r4, pc}
  55              	.L6:
  56              		.align	2
  57              	.L5:
ARM GAS  /tmp/ccPvRmCo.s 			page 2


  58 0010 08000000 		.word	.LANCHOR0+8
  59              		.size	_ZN5amiro6MPR121D0Ev, .-_ZN5amiro6MPR121D0Ev
  60 0014 AFF30080 		.section	.text.startup._ZN5amiro6MPR1214mainEv,"ax",%progbits
  60      AFF30080 
  60      AFF30080 
  61              		.align	2
  62              		.p2align 4,,15
  63              		.global	_ZN5amiro6MPR1214mainEv
  64              		.thumb
  65              		.thumb_func
  66              		.type	_ZN5amiro6MPR1214mainEv, %function
  67              	_ZN5amiro6MPR1214mainEv:
  68              		@ args = 0, pretend = 0, frame = 48
  69              		@ frame_needed = 0, uses_anonymous_args = 0
  70 0000 2DE9F043 		push	{r4, r5, r6, r7, r8, r9, lr}
  71 0004 0446     		mov	r4, r0
  72 0006 8DB0     		sub	sp, sp, #52
  73 0008 3248     		ldr	r0, .L20
  74 000a D4F86052 		ldr	r5, [r4, #608]
  75 000e FFF7FEFF 		bl	_ZN10chibios_rt10BaseThread7setNameEPKc
  76 0012 FFF7FEFF 		bl	_ZN10chibios_rt10BaseThread15shouldTerminateEv
  77 0016 0DF10308 		add	r8, sp, #3
  78 001a 0127     		movs	r7, #1
  79 001c 01AE     		add	r6, sp, #4
  80 001e 8146     		mov	r9, r0
  81 0020 0028     		cmp	r0, #0
  82 0022 52D1     		bne	.L19
  83              	.L15:
  84 0024 2B68     		ldr	r3, [r5]
  85 0026 2846     		mov	r0, r5
  86 0028 DB69     		ldr	r3, [r3, #28]
  87 002a 9847     		blx	r3
  88 002c D4F86002 		ldr	r0, [r4, #608]
  89 0030 8DF80390 		strb	r9, [sp, #3]
  90 0034 0368     		ldr	r3, [r0]
  91 0036 C4F89C82 		str	r8, [r4, #668]
  92 003a 2B22     		movs	r2, #43
  93 003c C4F8A462 		str	r6, [r4, #676]
  94 0040 5B69     		ldr	r3, [r3, #20]
  95 0042 C4F8A072 		str	r7, [r4, #672]
  96 0046 C4F8A822 		str	r2, [r4, #680]
  97 004a 04F52671 		add	r1, r4, #664
  98 004e 4FF0FF32 		mov	r2, #-1
  99 0052 9847     		blx	r3
 100 0054 30BB     		cbnz	r0, .L10
 101 0056 9DF80520 		ldrb	r2, [sp, #5]	@ zero_extendqisi2
 102 005a 9DF80430 		ldrb	r3, [sp, #4]	@ zero_extendqisi2
 103 005e 43EA0223 		orr	r3, r3, r2, lsl #8
 104 0062 A4F86C32 		strh	r3, [r4, #620]	@ movhi
 105 0066 0DF1240E 		add	lr, sp, #36
 106 006a 0DF10A03 		add	r3, sp, #10
 107 006e 2246     		mov	r2, r4
 108              	.L12:
 109 0070 13F8010C 		ldrb	r0, [r3, #-1]	@ zero_extendqisi2
 110 0074 13F8021C 		ldrb	r1, [r3, #-2]	@ zero_extendqisi2
 111 0078 0233     		adds	r3, r3, #2
 112 007a 41EA0021 		orr	r1, r1, r0, lsl #8
ARM GAS  /tmp/ccPvRmCo.s 			page 3


 113 007e 7345     		cmp	r3, lr
 114 0080 A2F86E12 		strh	r1, [r2, #622]	@ movhi
 115 0084 02F10202 		add	r2, r2, #2
 116 0088 F2D1     		bne	.L12
 117 008a 2246     		mov	r2, r4
 118 008c 0DF12203 		add	r3, sp, #34
 119 0090 0DF12F00 		add	r0, sp, #47
 120              	.L14:
 121 0094 13F8011B 		ldrb	r1, [r3], #1	@ zero_extendqisi2
 122 0098 82F88812 		strb	r1, [r2, #648]
 123 009c 8342     		cmp	r3, r0
 124 009e 02F10102 		add	r2, r2, #1
 125 00a2 F7D1     		bne	.L14
 126              	.L10:
 127 00a4 2B68     		ldr	r3, [r5]
 128 00a6 2846     		mov	r0, r5
 129 00a8 1B6A     		ldr	r3, [r3, #32]
 130 00aa 9847     		blx	r3
 131 00ac 04F51A70 		add	r0, r4, #616
 132 00b0 0021     		movs	r1, #0
 133 00b2 FFF7FEFF 		bl	_ZN10chibios_rt9EvtSource14broadcastFlagsEm
 134 00b6 3F21     		movs	r1, #63
 135 00b8 4FF0FF30 		mov	r0, #-1
 136 00bc FFF7FEFF 		bl	_ZN10chibios_rt10BaseThread19waitAnyEventTimeoutEmm
 137 00c0 FFF7FEFF 		bl	_ZN10chibios_rt10BaseThread15shouldTerminateEv
 138 00c4 8146     		mov	r9, r0
 139 00c6 0028     		cmp	r0, #0
 140 00c8 ACD0     		beq	.L15
 141              	.L19:
 142 00ca 0020     		movs	r0, #0
 143 00cc 0DB0     		add	sp, sp, #52
 144              		@ sp needed
 145 00ce BDE8F083 		pop	{r4, r5, r6, r7, r8, r9, pc}
 146              	.L21:
 147 00d2 00BF     		.align	2
 148              	.L20:
 149 00d4 00000000 		.word	.LC0
 150              		.size	_ZN5amiro6MPR1214mainEv, .-_ZN5amiro6MPR1214mainEv
 151 00d8 AFF30080 		.section	.text._ZN10chibios_rt16BaseStaticThreadILi256EE5startEm,"axG",%progbits,_ZN10chibios_rt16
 151      AFF30080 
 152              		.align	2
 153              		.p2align 4,,15
 154              		.weak	_ZN10chibios_rt16BaseStaticThreadILi256EE5startEm
 155              		.thumb
 156              		.thumb_func
 157              		.type	_ZN10chibios_rt16BaseStaticThreadILi256EE5startEm, %function
 158              	_ZN10chibios_rt16BaseStaticThreadILi256EE5startEm:
 159              		@ args = 0, pretend = 0, frame = 0
 160              		@ frame_needed = 0, uses_anonymous_args = 0
 161 0000 30B5     		push	{r4, r5, lr}
 162 0002 83B0     		sub	sp, sp, #12
 163 0004 0D46     		mov	r5, r1
 164 0006 0446     		mov	r4, r0
 165 0008 0091     		str	r1, [sp]
 166 000a 05F10800 		add	r0, r5, #8
 167 000e 4FF41671 		mov	r1, #600
 168 0012 054B     		ldr	r3, .L23
ARM GAS  /tmp/ccPvRmCo.s 			page 4


 169 0014 FFF7FEFF 		bl	chThdCreateStatic
 170 0018 044A     		ldr	r2, .L23+4
 171 001a 6860     		str	r0, [r5, #4]
 172 001c 0346     		mov	r3, r0
 173 001e 2046     		mov	r0, r4
 174 0020 84E80C00 		stmia	r4, {r2, r3}
 175 0024 03B0     		add	sp, sp, #12
 176              		@ sp needed
 177 0026 30BD     		pop	{r4, r5, pc}
 178              	.L24:
 179              		.align	2
 180              	.L23:
 181 0028 00000000 		.word	_ZN10chibios_rt10_thd_startEPv
 182 002c 08000000 		.word	_ZTVN10chibios_rt15ThreadReferenceE+8
 183              		.size	_ZN10chibios_rt16BaseStaticThreadILi256EE5startEm, .-_ZN10chibios_rt16BaseStaticThreadILi256
 184              		.section	.text._ZN5amiro6MPR121C2EPNS_9I2CDriverEh,"ax",%progbits
 185              		.align	2
 186              		.p2align 4,,15
 187              		.global	_ZN5amiro6MPR121C2EPNS_9I2CDriverEh
 188              		.thumb
 189              		.thumb_func
 190              		.type	_ZN5amiro6MPR121C2EPNS_9I2CDriverEh, %function
 191              	_ZN5amiro6MPR121C2EPNS_9I2CDriverEh:
 192              		@ args = 0, pretend = 0, frame = 0
 193              		@ frame_needed = 0, uses_anonymous_args = 0
 194 0000 70B5     		push	{r4, r5, r6, lr}
 195 0002 0446     		mov	r4, r0
 196 0004 1546     		mov	r5, r2
 197 0006 0E46     		mov	r6, r1
 198 0008 FFF7FEFF 		bl	_ZN10chibios_rt10BaseThreadC2Ev
 199 000c 0C4B     		ldr	r3, .L27
 200 000e 2360     		str	r3, [r4]
 201 0010 C4F86062 		str	r6, [r4, #608]
 202 0014 84F86452 		strb	r5, [r4, #612]
 203 0018 04F51A70 		add	r0, r4, #616
 204 001c FFF7FEFF 		bl	_ZN10chibios_rt9EvtSourceC1Ev
 205 0020 0023     		movs	r3, #0
 206 0022 032D     		cmp	r5, #3
 207 0024 A4F86C32 		strh	r3, [r4, #620]	@ movhi
 208 0028 02D9     		bls	.L26
 209 002a 0648     		ldr	r0, .L27+4
 210 002c FFF7FEFF 		bl	chDbgPanic
 211              	.L26:
 212 0030 94F86432 		ldrb	r3, [r4, #612]	@ zero_extendqisi2
 213 0034 43F05A03 		orr	r3, r3, #90
 214 0038 A4F89832 		strh	r3, [r4, #664]	@ movhi
 215 003c 2046     		mov	r0, r4
 216 003e 70BD     		pop	{r4, r5, r6, pc}
 217              	.L28:
 218              		.align	2
 219              	.L27:
 220 0040 08000000 		.word	.LANCHOR0+8
 221 0044 08000000 		.word	.LC1
 222              		.size	_ZN5amiro6MPR121C2EPNS_9I2CDriverEh, .-_ZN5amiro6MPR121C2EPNS_9I2CDriverEh
 223              		.global	_ZN5amiro6MPR121C1EPNS_9I2CDriverEh
 224              		.thumb_set _ZN5amiro6MPR121C1EPNS_9I2CDriverEh,_ZN5amiro6MPR121C2EPNS_9I2CDriverEh
 225 0048 AFF30080 		.section	.text._ZN5amiro6MPR12115getButtonStatusEv,"ax",%progbits
ARM GAS  /tmp/ccPvRmCo.s 			page 5


 225      AFF30080 
 226              		.align	2
 227              		.p2align 4,,15
 228              		.global	_ZN5amiro6MPR12115getButtonStatusEv
 229              		.thumb
 230              		.thumb_func
 231              		.type	_ZN5amiro6MPR12115getButtonStatusEv, %function
 232              	_ZN5amiro6MPR12115getButtonStatusEv:
 233              		@ args = 0, pretend = 0, frame = 0
 234              		@ frame_needed = 0, uses_anonymous_args = 0
 235              		@ link register save eliminated.
 236 0000 B0F86C02 		ldrh	r0, [r0, #620]
 237 0004 7047     		bx	lr
 238              		.size	_ZN5amiro6MPR12115getButtonStatusEv, .-_ZN5amiro6MPR12115getButtonStatusEv
 239 0006 00BFAFF3 		.section	.text._ZN5amiro6MPR12115getButtonStatusEh,"ax",%progbits
 239      0080AFF3 
 239      0080
 240              		.align	2
 241              		.p2align 4,,15
 242              		.global	_ZN5amiro6MPR12115getButtonStatusEh
 243              		.thumb
 244              		.thumb_func
 245              		.type	_ZN5amiro6MPR12115getButtonStatusEh, %function
 246              	_ZN5amiro6MPR12115getButtonStatusEh:
 247              		@ args = 0, pretend = 0, frame = 0
 248              		@ frame_needed = 0, uses_anonymous_args = 0
 249              		@ link register save eliminated.
 250 0000 90F86C32 		ldrb	r3, [r0, #620]	@ zero_extendqisi2
 251 0004 0120     		movs	r0, #1
 252 0006 8840     		lsls	r0, r0, r1
 253 0008 1840     		ands	r0, r0, r3
 254 000a 7047     		bx	lr
 255              		.size	_ZN5amiro6MPR12115getButtonStatusEh, .-_ZN5amiro6MPR12115getButtonStatusEh
 256 000c AFF30080 		.section	.text._ZN5amiro6MPR12115getBaselineDataEh,"ax",%progbits
 257              		.align	2
 258              		.p2align 4,,15
 259              		.global	_ZN5amiro6MPR12115getBaselineDataEh
 260              		.thumb
 261              		.thumb_func
 262              		.type	_ZN5amiro6MPR12115getBaselineDataEh, %function
 263              	_ZN5amiro6MPR12115getBaselineDataEh:
 264              		@ args = 0, pretend = 0, frame = 0
 265              		@ frame_needed = 0, uses_anonymous_args = 0
 266              		@ link register save eliminated.
 267 0000 0144     		add	r1, r1, r0
 268 0002 91F88802 		ldrb	r0, [r1, #648]	@ zero_extendqisi2
 269 0006 7047     		bx	lr
 270              		.size	_ZN5amiro6MPR12115getBaselineDataEh, .-_ZN5amiro6MPR12115getBaselineDataEh
 271 0008 AFF30080 		.section	.text._ZN5amiro6MPR12116getElectrodeDataEh,"ax",%progbits
 271      AFF30080 
 272              		.align	2
 273              		.p2align 4,,15
 274              		.global	_ZN5amiro6MPR12116getElectrodeDataEh
 275              		.thumb
 276              		.thumb_func
 277              		.type	_ZN5amiro6MPR12116getElectrodeDataEh, %function
 278              	_ZN5amiro6MPR12116getElectrodeDataEh:
ARM GAS  /tmp/ccPvRmCo.s 			page 6


 279              		@ args = 0, pretend = 0, frame = 0
 280              		@ frame_needed = 0, uses_anonymous_args = 0
 281              		@ link register save eliminated.
 282 0000 00EB4101 		add	r1, r0, r1, lsl #1
 283 0004 B1F86E02 		ldrh	r0, [r1, #622]
 284 0008 7047     		bx	lr
 285              		.size	_ZN5amiro6MPR12116getElectrodeDataEh, .-_ZN5amiro6MPR12116getElectrodeDataEh
 286 000a 00BFAFF3 		.section	.text._ZN5amiro6MPR1219configureEPKNS0_12MPR121ConfigE,"ax",%progbits
 286      0080
 287              		.align	2
 288              		.p2align 4,,15
 289              		.global	_ZN5amiro6MPR1219configureEPKNS0_12MPR121ConfigE
 290              		.thumb
 291              		.thumb_func
 292              		.type	_ZN5amiro6MPR1219configureEPKNS0_12MPR121ConfigE, %function
 293              	_ZN5amiro6MPR1219configureEPKNS0_12MPR121ConfigE:
 294              		@ args = 0, pretend = 0, frame = 8
 295              		@ frame_needed = 0, uses_anonymous_args = 0
 296 0000 2DE9F041 		push	{r4, r5, r6, r7, r8, lr}
 297 0004 D0F86062 		ldr	r6, [r0, #608]
 298 0008 3368     		ldr	r3, [r6]
 299 000a 0446     		mov	r4, r0
 300 000c 82B0     		sub	sp, sp, #8
 301 000e 3046     		mov	r0, r6
 302 0010 DB69     		ldr	r3, [r3, #28]
 303 0012 8846     		mov	r8, r1
 304 0014 9847     		blx	r3
 305 0016 D4F86002 		ldr	r0, [r4, #608]
 306 001a 8022     		movs	r2, #128
 307 001c 6323     		movs	r3, #99
 308 001e 8DF80020 		strb	r2, [sp]
 309 0022 8DF80130 		strb	r3, [sp, #1]
 310 0026 0022     		movs	r2, #0
 311 0028 0368     		ldr	r3, [r0]
 312 002a C4F8A822 		str	r2, [r4, #680]
 313 002e 0DEB0205 		add	r5, sp, r2
 314 0032 C4F89C52 		str	r5, [r4, #668]
 315 0036 0221     		movs	r1, #2
 316 0038 04F52677 		add	r7, r4, #664
 317 003c C4F8A012 		str	r1, [r4, #672]
 318 0040 5B69     		ldr	r3, [r3, #20]
 319 0042 3946     		mov	r1, r7
 320 0044 4FF0FF32 		mov	r2, #-1
 321 0048 9847     		blx	r3
 322 004a 0546     		mov	r5, r0
 323 004c 38B1     		cbz	r0, .L37
 324              	.L35:
 325 004e 3368     		ldr	r3, [r6]
 326 0050 3046     		mov	r0, r6
 327 0052 1B6A     		ldr	r3, [r3, #32]
 328 0054 9847     		blx	r3
 329 0056 2846     		mov	r0, r5
 330 0058 02B0     		add	sp, sp, #8
 331              		@ sp needed
 332 005a BDE8F081 		pop	{r4, r5, r6, r7, r8, pc}
 333              	.L37:
 334 005e 5E23     		movs	r3, #94
ARM GAS  /tmp/ccPvRmCo.s 			page 7


 335 0060 D4F86002 		ldr	r0, [r4, #608]
 336 0064 8DF80150 		strb	r5, [sp, #1]
 337 0068 8DF80030 		strb	r3, [sp]
 338 006c 0368     		ldr	r3, [r0]
 339 006e 3946     		mov	r1, r7
 340 0070 5B69     		ldr	r3, [r3, #20]
 341 0072 4FF0FF32 		mov	r2, #-1
 342 0076 9847     		blx	r3
 343 0078 0546     		mov	r5, r0
 344 007a 0028     		cmp	r0, #0
 345 007c E7D1     		bne	.L35
 346 007e B8F80430 		ldrh	r3, [r8, #4]
 347 0082 98F80710 		ldrb	r1, [r8, #7]	@ zero_extendqisi2
 348 0086 98F80820 		ldrb	r2, [r8, #8]	@ zero_extendqisi2
 349 008a 98F806E0 		ldrb	lr, [r8, #6]	@ zero_extendqisi2
 350 008e 8DF80130 		strb	r3, [sp, #1]
 351 0092 D4F86002 		ldr	r0, [r4, #608]
 352 0096 8DF80410 		strb	r1, [sp, #4]
 353 009a 1B0A     		lsrs	r3, r3, #8
 354 009c 4FF07B0C 		mov	ip, #123
 355 00a0 8DF80520 		strb	r2, [sp, #5]
 356 00a4 8DF80230 		strb	r3, [sp, #2]
 357 00a8 8DF800C0 		strb	ip, [sp]
 358 00ac 8DF803E0 		strb	lr, [sp, #3]
 359 00b0 0368     		ldr	r3, [r0]
 360 00b2 C4F8A852 		str	r5, [r4, #680]
 361 00b6 00AA     		add	r2, sp, #0
 362 00b8 C4F89C22 		str	r2, [r4, #668]
 363 00bc 0622     		movs	r2, #6
 364 00be 5B69     		ldr	r3, [r3, #20]
 365 00c0 C4F8A022 		str	r2, [r4, #672]
 366 00c4 3946     		mov	r1, r7
 367 00c6 4FF0FF32 		mov	r2, #-1
 368 00ca 9847     		blx	r3
 369 00cc 0546     		mov	r5, r0
 370 00ce 0028     		cmp	r0, #0
 371 00d0 BDD1     		bne	.L35
 372 00d2 B8F80030 		ldrh	r3, [r8]
 373 00d6 98F80210 		ldrb	r1, [r8, #2]	@ zero_extendqisi2
 374 00da 8DF80130 		strb	r3, [sp, #1]
 375 00de D4F86002 		ldr	r0, [r4, #608]
 376 00e2 8DF80310 		strb	r1, [sp, #3]
 377 00e6 1B0A     		lsrs	r3, r3, #8
 378 00e8 5C22     		movs	r2, #92
 379 00ea 8DF80020 		strb	r2, [sp]
 380 00ee 8DF80230 		strb	r3, [sp, #2]
 381 00f2 0368     		ldr	r3, [r0]
 382 00f4 0422     		movs	r2, #4
 383 00f6 5B69     		ldr	r3, [r3, #20]
 384 00f8 C4F8A022 		str	r2, [r4, #672]
 385 00fc 3946     		mov	r1, r7
 386 00fe 4FF0FF32 		mov	r2, #-1
 387 0102 9847     		blx	r3
 388 0104 0546     		mov	r5, r0
 389 0106 A2E7     		b	.L35
 390              		.size	_ZN5amiro6MPR1219configureEPKNS0_12MPR121ConfigE, .-_ZN5amiro6MPR1219configureEPKNS0_12MPR12
 391 0108 AFF30080 		.section	.text.startup._GLOBAL__sub_I__ZN5amiro6MPR121C2EPNS_9I2CDriverEh,"ax",%progbits
ARM GAS  /tmp/ccPvRmCo.s 			page 8


 391      AFF30080 
 392              		.align	2
 393              		.p2align 4,,15
 394              		.thumb
 395              		.thumb_func
 396              		.type	_GLOBAL__sub_I__ZN5amiro6MPR121C2EPNS_9I2CDriverEh, %function
 397              	_GLOBAL__sub_I__ZN5amiro6MPR121C2EPNS_9I2CDriverEh:
 398              		@ args = 0, pretend = 0, frame = 0
 399              		@ frame_needed = 0, uses_anonymous_args = 0
 400              		@ link register save eliminated.
 401 0000 024B     		ldr	r3, .L39
 402 0002 034A     		ldr	r2, .L39+4
 403 0004 1A60     		str	r2, [r3]
 404 0006 5A60     		str	r2, [r3, #4]
 405 0008 7047     		bx	lr
 406              	.L40:
 407 000a 00BF     		.align	2
 408              	.L39:
 409 000c 00000000 		.word	.LANCHOR1
 410 0010 A0860100 		.word	100000
 411              		.size	_GLOBAL__sub_I__ZN5amiro6MPR121C2EPNS_9I2CDriverEh, .-_GLOBAL__sub_I__ZN5amiro6MPR121C2EPNS_
 412 0014 AFF30080 		.section	.init_array,"aw",%init_array
 412      AFF30080 
 412      AFF30080 
 413              		.align	2
 414 0000 00000000 		.word	_GLOBAL__sub_I__ZN5amiro6MPR121C2EPNS_9I2CDriverEh(target1)
 415              		.weak	_ZTVN10chibios_rt16BaseStaticThreadILi256EEE
 416              		.section	.rodata._ZTVN10chibios_rt16BaseStaticThreadILi256EEE,"aG",%progbits,_ZTVN10chibios_rt16Ba
 417              		.align	3
 418              		.type	_ZTVN10chibios_rt16BaseStaticThreadILi256EEE, %object
 419              		.size	_ZTVN10chibios_rt16BaseStaticThreadILi256EEE, 20
 420              	_ZTVN10chibios_rt16BaseStaticThreadILi256EEE:
 421 0000 00000000 		.word	0
 422 0004 00000000 		.word	0
 423 0008 00000000 		.word	_ZN10chibios_rt15ThreadReference4stopEv
 424 000c 00000000 		.word	_ZN10chibios_rt10BaseThread4mainEv
 425 0010 00000000 		.word	_ZN10chibios_rt16BaseStaticThreadILi256EE5startEm
 426              		.global	_ZTVN5amiro6MPR121E
 427 0014 00000000 		.section	.bss._ZN5amiro9constants12DiWheelDriveL10wheelErrorE,"aw",%nobits
 428              		.align	2
 429              		.set	.LANCHOR1,. + 0
 430              		.type	_ZN5amiro9constants12DiWheelDriveL10wheelErrorE, %object
 431              		.size	_ZN5amiro9constants12DiWheelDriveL10wheelErrorE, 8
 432              	_ZN5amiro9constants12DiWheelDriveL10wheelErrorE:
 433 0000 00000000 		.space	8
 433      00000000 
 434              		.section	.rodata.str1.4,"aMS",%progbits,1
 435              		.align	2
 436              	.LC0:
 437 0000 4D505231 		.ascii	"MPR121\000"
 437      323100
 438 0007 00       		.space	1
 439              	.LC1:
 440 0008 224D5052 		.ascii	"\"MPR121 ctor master_id\"()\000"
 440      31323120 
 440      63746F72 
 440      206D6173 
ARM GAS  /tmp/ccPvRmCo.s 			page 9


 440      7465725F 
 441 0022 0000     		.section	.rodata._ZTVN5amiro6MPR121E,"a",%progbits
 442              		.align	3
 443              		.set	.LANCHOR0,. + 0
 444              		.type	_ZTVN5amiro6MPR121E, %object
 445              		.size	_ZTVN5amiro6MPR121E, 28
 446              	_ZTVN5amiro6MPR121E:
 447 0000 00000000 		.word	0
 448 0004 00000000 		.word	0
 449 0008 00000000 		.word	_ZN10chibios_rt15ThreadReference4stopEv
 450 000c 00000000 		.word	_ZN5amiro6MPR1214mainEv
 451 0010 00000000 		.word	_ZN10chibios_rt16BaseStaticThreadILi256EE5startEm
 452 0014 00000000 		.word	_ZN5amiro6MPR121D1Ev
 453 0018 00000000 		.word	_ZN5amiro6MPR121D0Ev
 454 001c 00000000 		.ident	"GCC: (GNU Tools for ARM Embedded Processors) 4.8.3 20140228 (release) [ARM/embedded-4_8-br
ARM GAS  /tmp/ccPvRmCo.s 			page 10


DEFINED SYMBOLS
                            *ABS*:00000000 mpr121.cpp
     /tmp/ccPvRmCo.s:18     .text._ZN5amiro6MPR121D2Ev:00000000 $t
     /tmp/ccPvRmCo.s:24     .text._ZN5amiro6MPR121D2Ev:00000000 _ZN5amiro6MPR121D2Ev
     /tmp/ccPvRmCo.s:34     .text._ZN5amiro6MPR121D2Ev:00000008 $d
     /tmp/ccPvRmCo.s:24     .text._ZN5amiro6MPR121D2Ev:00000000 _ZN5amiro6MPR121D1Ev
     /tmp/ccPvRmCo.s:39     .text._ZN5amiro6MPR121D0Ev:00000000 $t
     /tmp/ccPvRmCo.s:45     .text._ZN5amiro6MPR121D0Ev:00000000 _ZN5amiro6MPR121D0Ev
     /tmp/ccPvRmCo.s:58     .text._ZN5amiro6MPR121D0Ev:00000010 $d
     /tmp/ccPvRmCo.s:61     .text.startup._ZN5amiro6MPR1214mainEv:00000000 $t
     /tmp/ccPvRmCo.s:67     .text.startup._ZN5amiro6MPR1214mainEv:00000000 _ZN5amiro6MPR1214mainEv
     /tmp/ccPvRmCo.s:149    .text.startup._ZN5amiro6MPR1214mainEv:000000d4 $d
     /tmp/ccPvRmCo.s:152    .text._ZN10chibios_rt16BaseStaticThreadILi256EE5startEm:00000000 $t
     /tmp/ccPvRmCo.s:158    .text._ZN10chibios_rt16BaseStaticThreadILi256EE5startEm:00000000 _ZN10chibios_rt16BaseStaticThreadILi256EE5startEm
     /tmp/ccPvRmCo.s:181    .text._ZN10chibios_rt16BaseStaticThreadILi256EE5startEm:00000028 $d
     /tmp/ccPvRmCo.s:185    .text._ZN5amiro6MPR121C2EPNS_9I2CDriverEh:00000000 $t
     /tmp/ccPvRmCo.s:191    .text._ZN5amiro6MPR121C2EPNS_9I2CDriverEh:00000000 _ZN5amiro6MPR121C2EPNS_9I2CDriverEh
     /tmp/ccPvRmCo.s:220    .text._ZN5amiro6MPR121C2EPNS_9I2CDriverEh:00000040 $d
     /tmp/ccPvRmCo.s:191    .text._ZN5amiro6MPR121C2EPNS_9I2CDriverEh:00000000 _ZN5amiro6MPR121C1EPNS_9I2CDriverEh
     /tmp/ccPvRmCo.s:226    .text._ZN5amiro6MPR12115getButtonStatusEv:00000000 $t
     /tmp/ccPvRmCo.s:232    .text._ZN5amiro6MPR12115getButtonStatusEv:00000000 _ZN5amiro6MPR12115getButtonStatusEv
     /tmp/ccPvRmCo.s:240    .text._ZN5amiro6MPR12115getButtonStatusEh:00000000 $t
     /tmp/ccPvRmCo.s:246    .text._ZN5amiro6MPR12115getButtonStatusEh:00000000 _ZN5amiro6MPR12115getButtonStatusEh
     /tmp/ccPvRmCo.s:257    .text._ZN5amiro6MPR12115getBaselineDataEh:00000000 $t
     /tmp/ccPvRmCo.s:263    .text._ZN5amiro6MPR12115getBaselineDataEh:00000000 _ZN5amiro6MPR12115getBaselineDataEh
     /tmp/ccPvRmCo.s:272    .text._ZN5amiro6MPR12116getElectrodeDataEh:00000000 $t
     /tmp/ccPvRmCo.s:278    .text._ZN5amiro6MPR12116getElectrodeDataEh:00000000 _ZN5amiro6MPR12116getElectrodeDataEh
     /tmp/ccPvRmCo.s:287    .text._ZN5amiro6MPR1219configureEPKNS0_12MPR121ConfigE:00000000 $t
     /tmp/ccPvRmCo.s:293    .text._ZN5amiro6MPR1219configureEPKNS0_12MPR121ConfigE:00000000 _ZN5amiro6MPR1219configureEPKNS0_12MPR121ConfigE
     /tmp/ccPvRmCo.s:392    .text.startup._GLOBAL__sub_I__ZN5amiro6MPR121C2EPNS_9I2CDriverEh:00000000 $t
     /tmp/ccPvRmCo.s:397    .text.startup._GLOBAL__sub_I__ZN5amiro6MPR121C2EPNS_9I2CDriverEh:00000000 _GLOBAL__sub_I__ZN5amiro6MPR121C2EPNS_9I2CDriverEh
     /tmp/ccPvRmCo.s:409    .text.startup._GLOBAL__sub_I__ZN5amiro6MPR121C2EPNS_9I2CDriverEh:0000000c $d
     /tmp/ccPvRmCo.s:413    .init_array:00000000 $d
     /tmp/ccPvRmCo.s:420    .rodata._ZTVN10chibios_rt16BaseStaticThreadILi256EEE:00000000 _ZTVN10chibios_rt16BaseStaticThreadILi256EEE
     /tmp/ccPvRmCo.s:417    .rodata._ZTVN10chibios_rt16BaseStaticThreadILi256EEE:00000000 $d
     /tmp/ccPvRmCo.s:446    .rodata._ZTVN5amiro6MPR121E:00000000 _ZTVN5amiro6MPR121E
     /tmp/ccPvRmCo.s:428    .bss._ZN5amiro9constants12DiWheelDriveL10wheelErrorE:00000000 $d
     /tmp/ccPvRmCo.s:432    .bss._ZN5amiro9constants12DiWheelDriveL10wheelErrorE:00000000 _ZN5amiro9constants12DiWheelDriveL10wheelErrorE
     /tmp/ccPvRmCo.s:435    .rodata.str1.4:00000000 $d
     /tmp/ccPvRmCo.s:442    .rodata._ZTVN5amiro6MPR121E:00000000 $d
     /tmp/ccPvRmCo.s:38     .text._ZN5amiro6MPR121D2Ev:0000000c $t
     /tmp/ccPvRmCo.s:60     .text._ZN5amiro6MPR121D0Ev:00000014 $t
     /tmp/ccPvRmCo.s:151    .text.startup._ZN5amiro6MPR1214mainEv:000000d8 $t
     /tmp/ccPvRmCo.s:225    .text._ZN5amiro6MPR121C2EPNS_9I2CDriverEh:00000048 $t
     /tmp/ccPvRmCo.s:412    .text.startup._GLOBAL__sub_I__ZN5amiro6MPR121C2EPNS_9I2CDriverEh:00000014 $t

UNDEFINED SYMBOLS
_ZdlPv
_ZN10chibios_rt10BaseThread7setNameEPKc
_ZN10chibios_rt10BaseThread15shouldTerminateEv
_ZN10chibios_rt9EvtSource14broadcastFlagsEm
_ZN10chibios_rt10BaseThread19waitAnyEventTimeoutEmm
chThdCreateStatic
_ZN10chibios_rt10_thd_startEPv
_ZTVN10chibios_rt15ThreadReferenceE
_ZN10chibios_rt10BaseThreadC2Ev
_ZN10chibios_rt9EvtSourceC1Ev
ARM GAS  /tmp/ccPvRmCo.s 			page 11


chDbgPanic
_ZN10chibios_rt15ThreadReference4stopEv
_ZN10chibios_rt10BaseThread4mainEv
