ARM GAS  /tmp/cc6NFQ5b.s 			page 1


   1              		.syntax unified
   2              		.cpu cortex-m4
   3              		.eabi_attribute 27, 3
   4              		.eabi_attribute 28, 1
   5              		.fpu fpv4-sp-d16
   6              		.eabi_attribute 20, 1
   7              		.eabi_attribute 21, 1
   8              		.eabi_attribute 23, 3
   9              		.eabi_attribute 24, 1
  10              		.eabi_attribute 25, 1
  11              		.eabi_attribute 26, 1
  12              		.eabi_attribute 30, 2
  13              		.eabi_attribute 34, 1
  14              		.eabi_attribute 18, 4
  15              		.thumb
  16              		.file	"uart_lld.c"
  17              		.section	.text.usart_stop,"ax",%progbits
  18              		.align	2
  19              		.p2align 4,,15
  20              		.thumb
  21              		.thumb_func
  22              		.type	usart_stop, %function
  23              	usart_stop:
  24              		@ args = 0, pretend = 0, frame = 0
  25              		@ frame_needed = 0, uses_anonymous_args = 0
  26              		@ link register save eliminated.
  27 0000 30B4     		push	{r4, r5}
  28 0002 0469     		ldr	r4, [r0, #16]
  29 0004 2268     		ldr	r2, [r4]
  30 0006 1368     		ldr	r3, [r2]
  31 0008 23F01F03 		bic	r3, r3, #31
  32 000c 1360     		str	r3, [r2]
  33              	.L3:
  34 000e 1368     		ldr	r3, [r2]
  35 0010 DB07     		lsls	r3, r3, #31
  36 0012 FCD4     		bmi	.L3
  37 0014 257A     		ldrb	r5, [r4, #8]	@ zero_extendqisi2
  38 0016 4169     		ldr	r1, [r0, #20]
  39 0018 6368     		ldr	r3, [r4, #4]
  40 001a 0A68     		ldr	r2, [r1]
  41 001c 3D24     		movs	r4, #61
  42 001e AC40     		lsls	r4, r4, r5
  43 0020 1C60     		str	r4, [r3]
  44 0022 1368     		ldr	r3, [r2]
  45 0024 23F01F03 		bic	r3, r3, #31
  46 0028 1360     		str	r3, [r2]
  47              	.L5:
  48 002a 1368     		ldr	r3, [r2]
  49 002c 13F00103 		ands	r3, r3, #1
  50 0030 FBD1     		bne	.L5
  51 0032 0C7A     		ldrb	r4, [r1, #8]	@ zero_extendqisi2
  52 0034 8268     		ldr	r2, [r0, #8]
  53 0036 4968     		ldr	r1, [r1, #4]
  54 0038 3D20     		movs	r0, #61
  55 003a A040     		lsls	r0, r0, r4
  56 003c 0860     		str	r0, [r1]
  57 003e 30BC     		pop	{r4, r5}
ARM GAS  /tmp/cc6NFQ5b.s 			page 2


  58 0040 9381     		strh	r3, [r2, #12]	@ movhi
  59 0042 1382     		strh	r3, [r2, #16]	@ movhi
  60 0044 9382     		strh	r3, [r2, #20]	@ movhi
  61 0046 7047     		bx	lr
  62              		.size	usart_stop, .-usart_stop
  63 0048 AFF30080 		.section	.text.serve_usart_irq,"ax",%progbits
  63      AFF30080 
  64              		.align	2
  65              		.p2align 4,,15
  66              		.thumb
  67              		.thumb_func
  68              		.type	serve_usart_irq, %function
  69              	serve_usart_irq:
  70              		@ args = 0, pretend = 0, frame = 0
  71              		@ frame_needed = 0, uses_anonymous_args = 0
  72 0000 F8B5     		push	{r3, r4, r5, r6, r7, lr}
  73 0002 8468     		ldr	r4, [r0, #8]
  74 0004 A289     		ldrh	r2, [r4, #12]
  75 0006 2588     		ldrh	r5, [r4]
  76 0008 A188     		ldrh	r1, [r4, #4]
  77 000a 40F20F13 		movw	r3, #271
  78 000e ADB2     		uxth	r5, r5
  79 0010 2B40     		ands	r3, r3, r5
  80 0012 0646     		mov	r6, r0
  81 0014 97B2     		uxth	r7, r2
  82 0016 E3B1     		cbz	r3, .L9
  83 0018 4368     		ldr	r3, [r0, #4]
  84 001a 1B69     		ldr	r3, [r3, #16]
  85 001c 4FF6FF62 		movw	r2, #65279
  86 0020 2280     		strh	r2, [r4]	@ movhi
  87 0022 B3B1     		cbz	r3, .L9
  88 0024 15F0080F 		tst	r5, #8
  89 0028 14BF     		ite	ne
  90 002a 1021     		movne	r1, #16
  91 002c 0021     		moveq	r1, #0
  92 002e EA07     		lsls	r2, r5, #31
  93 0030 48BF     		it	mi
  94 0032 41F00401 		orrmi	r1, r1, #4
  95 0036 A807     		lsls	r0, r5, #30
  96 0038 48BF     		it	mi
  97 003a 41F00801 		orrmi	r1, r1, #8
  98 003e 6A07     		lsls	r2, r5, #29
  99 0040 48BF     		it	mi
 100 0042 41F02001 		orrmi	r1, r1, #32
 101 0046 E805     		lsls	r0, r5, #23
 102 0048 48BF     		it	mi
 103 004a 41F04001 		orrmi	r1, r1, #64
 104 004e 3046     		mov	r0, r6
 105 0050 9847     		blx	r3
 106              	.L9:
 107 0052 6A06     		lsls	r2, r5, #25
 108 0054 0DD5     		bpl	.L7
 109 0056 7B06     		lsls	r3, r7, #25
 110 0058 0BD5     		bpl	.L7
 111 005a 7368     		ldr	r3, [r6, #4]
 112 005c 27F04007 		bic	r7, r7, #64
 113 0060 5B68     		ldr	r3, [r3, #4]
ARM GAS  /tmp/cc6NFQ5b.s 			page 3


 114 0062 BFB2     		uxth	r7, r7
 115 0064 4FF6BF72 		movw	r2, #65471
 116 0068 2280     		strh	r2, [r4]	@ movhi
 117 006a A781     		strh	r7, [r4, #12]	@ movhi
 118 006c 0BB1     		cbz	r3, .L7
 119 006e 3046     		mov	r0, r6
 120 0070 9847     		blx	r3
 121              	.L7:
 122 0072 F8BD     		pop	{r3, r4, r5, r6, r7, pc}
 123              		.size	serve_usart_irq, .-serve_usart_irq
 124 0074 AFF30080 		.section	.text.uart_lld_serve_tx_end_irq,"ax",%progbits
 124      AFF30080 
 124      AFF30080 
 125              		.align	2
 126              		.p2align 4,,15
 127              		.thumb
 128              		.thumb_func
 129              		.type	uart_lld_serve_tx_end_irq, %function
 130              	uart_lld_serve_tx_end_irq:
 131              		@ args = 0, pretend = 0, frame = 0
 132              		@ frame_needed = 0, uses_anonymous_args = 0
 133 0000 11F00C0F 		tst	r1, #12
 134 0004 38B5     		push	{r3, r4, r5, lr}
 135 0006 0446     		mov	r4, r0
 136 0008 24D1     		bne	.L58
 137              	.L42:
 138 000a 6169     		ldr	r1, [r4, #20]
 139 000c 0A68     		ldr	r2, [r1]
 140 000e 1368     		ldr	r3, [r2]
 141 0010 23F01F03 		bic	r3, r3, #31
 142 0014 1360     		str	r3, [r2]
 143              	.L44:
 144 0016 1368     		ldr	r3, [r2]
 145 0018 DB07     		lsls	r3, r3, #31
 146 001a FCD4     		bmi	.L44
 147 001c 6368     		ldr	r3, [r4, #4]
 148 001e 087A     		ldrb	r0, [r1, #8]	@ zero_extendqisi2
 149 0020 5A68     		ldr	r2, [r3, #4]
 150 0022 4968     		ldr	r1, [r1, #4]
 151 0024 3D25     		movs	r5, #61
 152 0026 05FA00F0 		lsl	r0, r5, r0
 153 002a 0860     		str	r0, [r1]
 154 002c 2AB1     		cbz	r2, .L45
 155 002e A268     		ldr	r2, [r4, #8]
 156 0030 9189     		ldrh	r1, [r2, #12]
 157 0032 89B2     		uxth	r1, r1
 158 0034 41F04001 		orr	r1, r1, #64
 159 0038 9181     		strh	r1, [r2, #12]	@ movhi
 160              	.L45:
 161 003a 1B68     		ldr	r3, [r3]
 162 003c 0222     		movs	r2, #2
 163 003e 6270     		strb	r2, [r4, #1]
 164 0040 2BB1     		cbz	r3, .L48
 165 0042 2046     		mov	r0, r4
 166 0044 9847     		blx	r3
 167 0046 6378     		ldrb	r3, [r4, #1]	@ zero_extendqisi2
 168 0048 022B     		cmp	r3, #2
ARM GAS  /tmp/cc6NFQ5b.s 			page 4


 169 004a 00D0     		beq	.L48
 170 004c 38BD     		pop	{r3, r4, r5, pc}
 171              	.L48:
 172 004e 0023     		movs	r3, #0
 173 0050 6370     		strb	r3, [r4, #1]
 174 0052 38BD     		pop	{r3, r4, r5, pc}
 175              	.L58:
 176 0054 FFF7FEFF 		bl	haltErrorCode
 177 0058 FFF7FEFF 		bl	port_halt
 178 005c D5E7     		b	.L42
 179              		.size	uart_lld_serve_tx_end_irq, .-uart_lld_serve_tx_end_irq
 180 005e 00BF     		.section	.text.uart_lld_serve_rx_end_irq,"ax",%progbits
 181              		.align	2
 182              		.p2align 4,,15
 183              		.thumb
 184              		.thumb_func
 185              		.type	uart_lld_serve_rx_end_irq, %function
 186              	uart_lld_serve_rx_end_irq:
 187              		@ args = 0, pretend = 0, frame = 0
 188              		@ frame_needed = 0, uses_anonymous_args = 0
 189 0000 11F00C0F 		tst	r1, #12
 190 0004 70B5     		push	{r4, r5, r6, lr}
 191 0006 0446     		mov	r4, r0
 192 0008 3BD1     		bne	.L74
 193              	.L60:
 194 000a A378     		ldrb	r3, [r4, #2]	@ zero_extendqisi2
 195 000c 43B9     		cbnz	r3, .L61
 196 000e 6368     		ldr	r3, [r4, #4]
 197 0010 DB68     		ldr	r3, [r3, #12]
 198 0012 002B     		cmp	r3, #0
 199 0014 34D0     		beq	.L59
 200 0016 218B     		ldrh	r1, [r4, #24]
 201 0018 2046     		mov	r0, r4
 202 001a 89B2     		uxth	r1, r1
 203 001c 9847     		blx	r3
 204 001e 70BD     		pop	{r4, r5, r6, pc}
 205              	.L61:
 206 0020 2169     		ldr	r1, [r4, #16]
 207 0022 0A68     		ldr	r2, [r1]
 208 0024 1368     		ldr	r3, [r2]
 209 0026 23F01F03 		bic	r3, r3, #31
 210 002a 1360     		str	r3, [r2]
 211              	.L65:
 212 002c 1368     		ldr	r3, [r2]
 213 002e DB07     		lsls	r3, r3, #31
 214 0030 FCD4     		bmi	.L65
 215 0032 6068     		ldr	r0, [r4, #4]
 216 0034 0E7A     		ldrb	r6, [r1, #8]	@ zero_extendqisi2
 217 0036 4D68     		ldr	r5, [r1, #4]
 218 0038 8368     		ldr	r3, [r0, #8]
 219 003a 3D21     		movs	r1, #61
 220 003c 01FA06F6 		lsl	r6, r1, r6
 221 0040 0221     		movs	r1, #2
 222 0042 2E60     		str	r6, [r5]
 223 0044 A170     		strb	r1, [r4, #2]
 224 0046 3BB1     		cbz	r3, .L66
 225 0048 2046     		mov	r0, r4
ARM GAS  /tmp/cc6NFQ5b.s 			page 5


 226 004a 9847     		blx	r3
 227 004c A378     		ldrb	r3, [r4, #2]	@ zero_extendqisi2
 228 004e 022B     		cmp	r3, #2
 229 0050 16D1     		bne	.L59
 230 0052 2369     		ldr	r3, [r4, #16]
 231 0054 6068     		ldr	r0, [r4, #4]
 232 0056 1A68     		ldr	r2, [r3]
 233              	.L66:
 234 0058 C168     		ldr	r1, [r0, #12]
 235 005a E368     		ldr	r3, [r4, #12]
 236 005c 0029     		cmp	r1, #0
 237 005e 14BF     		ite	ne
 238 0060 4FF48871 		movne	r1, #272
 239 0064 4FF48071 		moveq	r1, #256
 240 0068 0B43     		orrs	r3, r3, r1
 241 006a 0025     		movs	r5, #0
 242 006c 0121     		movs	r1, #1
 243 006e 04F11800 		add	r0, r4, #24
 244 0072 A570     		strb	r5, [r4, #2]
 245 0074 D060     		str	r0, [r2, #12]
 246 0076 5160     		str	r1, [r2, #4]
 247 0078 1360     		str	r3, [r2]
 248 007a 1368     		ldr	r3, [r2]
 249 007c 0B43     		orrs	r3, r3, r1
 250 007e 1360     		str	r3, [r2]
 251              	.L59:
 252 0080 70BD     		pop	{r4, r5, r6, pc}
 253              	.L74:
 254 0082 FFF7FEFF 		bl	haltErrorCode
 255 0086 FFF7FEFF 		bl	port_halt
 256 008a BEE7     		b	.L60
 257              		.size	uart_lld_serve_rx_end_irq, .-uart_lld_serve_rx_end_irq
 258 008c AFF30080 		.section	.text.VectorD8,"ax",%progbits
 259              		.align	2
 260              		.p2align 4,,15
 261              		.global	VectorD8
 262              		.thumb
 263              		.thumb_func
 264              		.type	VectorD8, %function
 265              	VectorD8:
 266              		@ args = 0, pretend = 0, frame = 0
 267              		@ frame_needed = 0, uses_anonymous_args = 0
 268 0000 08B5     		push	{r3, lr}
 269 0002 FFF7FEFF 		bl	dbg_check_enter_isr
 270 0006 0448     		ldr	r0, .L76
 271 0008 FFF7FEFF 		bl	serve_usart_irq
 272 000c FFF7FEFF 		bl	dbg_check_leave_isr
 273 0010 BDE80840 		pop	{r3, lr}
 274 0014 FFF7FEBF 		b	_port_irq_epilogue
 275              	.L77:
 276              		.align	2
 277              	.L76:
 278 0018 00000000 		.word	.LANCHOR0
 279              		.size	VectorD8, .-VectorD8
 280 001c AFF30080 		.section	.text.VectorDC,"ax",%progbits
 281              		.align	2
 282              		.p2align 4,,15
ARM GAS  /tmp/cc6NFQ5b.s 			page 6


 283              		.global	VectorDC
 284              		.thumb
 285              		.thumb_func
 286              		.type	VectorDC, %function
 287              	VectorDC:
 288              		@ args = 0, pretend = 0, frame = 0
 289              		@ frame_needed = 0, uses_anonymous_args = 0
 290 0000 08B5     		push	{r3, lr}
 291 0002 FFF7FEFF 		bl	dbg_check_enter_isr
 292 0006 0448     		ldr	r0, .L79
 293 0008 FFF7FEFF 		bl	serve_usart_irq
 294 000c FFF7FEFF 		bl	dbg_check_leave_isr
 295 0010 BDE80840 		pop	{r3, lr}
 296 0014 FFF7FEBF 		b	_port_irq_epilogue
 297              	.L80:
 298              		.align	2
 299              	.L79:
 300 0018 00000000 		.word	.LANCHOR1
 301              		.size	VectorDC, .-VectorDC
 302 001c AFF30080 		.section	.text.uart_lld_init,"ax",%progbits
 303              		.align	2
 304              		.p2align 4,,15
 305              		.global	uart_lld_init
 306              		.thumb
 307              		.thumb_func
 308              		.type	uart_lld_init, %function
 309              	uart_lld_init:
 310              		@ args = 0, pretend = 0, frame = 0
 311              		@ frame_needed = 0, uses_anonymous_args = 0
 312 0000 F8B5     		push	{r3, r4, r5, r6, r7, lr}
 313 0002 0D4D     		ldr	r5, .L82
 314 0004 0D4C     		ldr	r4, .L82+4
 315 0006 0E4E     		ldr	r6, .L82+8
 316 0008 2846     		mov	r0, r5
 317 000a FFF7FEFF 		bl	uartObjectInit
 318 000e 0D4B     		ldr	r3, .L82+12
 319 0010 AB60     		str	r3, [r5, #8]
 320 0012 0627     		movs	r7, #6
 321 0014 06F10C03 		add	r3, r6, #12
 322 0018 2046     		mov	r0, r4
 323 001a 2E61     		str	r6, [r5, #16]
 324 001c 6B61     		str	r3, [r5, #20]
 325 001e EF60     		str	r7, [r5, #12]
 326 0020 FFF7FEFF 		bl	uartObjectInit
 327 0024 A6F13003 		sub	r3, r6, #48
 328 0028 074A     		ldr	r2, .L82+16
 329 002a E760     		str	r7, [r4, #12]
 330 002c 183E     		subs	r6, r6, #24
 331 002e A260     		str	r2, [r4, #8]
 332 0030 2361     		str	r3, [r4, #16]
 333 0032 6661     		str	r6, [r4, #20]
 334 0034 F8BD     		pop	{r3, r4, r5, r6, r7, pc}
 335              	.L83:
 336 0036 00BF     		.align	2
 337              	.L82:
 338 0038 00000000 		.word	.LANCHOR0
 339 003c 00000000 		.word	.LANCHOR1
ARM GAS  /tmp/cc6NFQ5b.s 			page 7


 340 0040 3C000000 		.word	_stm32_dma_streams+60
 341 0044 00440040 		.word	1073759232
 342 0048 00480040 		.word	1073760256
 343              		.size	uart_lld_init, .-uart_lld_init
 344 004c AFF30080 		.section	.text.uart_lld_start,"ax",%progbits
 345              		.align	2
 346              		.p2align 4,,15
 347              		.global	uart_lld_start
 348              		.thumb
 349              		.thumb_func
 350              		.type	uart_lld_start, %function
 351              	uart_lld_start:
 352              		@ args = 0, pretend = 0, frame = 0
 353              		@ frame_needed = 0, uses_anonymous_args = 0
 354 0000 F8B5     		push	{r3, r4, r5, r6, r7, lr}
 355 0002 0378     		ldrb	r3, [r0]	@ zero_extendqisi2
 356 0004 012B     		cmp	r3, #1
 357 0006 0446     		mov	r4, r0
 358 0008 42D0     		beq	.L85
 359 000a 8568     		ldr	r5, [r0, #8]
 360              	.L86:
 361 000c 0023     		movs	r3, #0
 362 000e A370     		strb	r3, [r4, #2]
 363 0010 6370     		strb	r3, [r4, #1]
 364 0012 2046     		mov	r0, r4
 365 0014 FFF7FEFF 		bl	usart_stop
 366 0018 A368     		ldr	r3, [r4, #8]
 367 001a 504A     		ldr	r2, .L119
 368 001c 9342     		cmp	r3, r2
 369 001e 4FD0     		beq	.L94
 370 0020 02F58062 		add	r2, r2, #1024
 371 0024 9342     		cmp	r3, r2
 372 0026 4BD0     		beq	.L94
 373 0028 6368     		ldr	r3, [r4, #4]
 374 002a 4D49     		ldr	r1, .L119+4
 375 002c 5A69     		ldr	r2, [r3, #20]
 376 002e B1FBF2F2 		udiv	r2, r1, r2
 377 0032 92B2     		uxth	r2, r2
 378 0034 2A81     		strh	r2, [r5, #8]	@ movhi
 379              	.L96:
 380 0036 D868     		ldr	r0, [r3, #12]
 381 0038 1A8B     		ldrh	r2, [r3, #24]
 382 003a 5F8B     		ldrh	r7, [r3, #26]
 383 003c 9E8B     		ldrh	r6, [r3, #28]
 384 003e 2369     		ldr	r3, [r4, #16]
 385 0040 E168     		ldr	r1, [r4, #12]
 386 0042 1B68     		ldr	r3, [r3]
 387 0044 B5F800C0 		ldrh	ip, [r5]
 388 0048 B5F804C0 		ldrh	ip, [r5, #4]
 389 004c 42F40452 		orr	r2, r2, #8448
 390 0050 0028     		cmp	r0, #0
 391 0052 14BF     		ite	ne
 392 0054 4FF48870 		movne	r0, #272
 393 0058 4FF48070 		moveq	r0, #256
 394 005c 47F04007 		orr	r7, r7, #64
 395 0060 42F00C02 		orr	r2, r2, #12
 396 0064 46F0C106 		orr	r6, r6, #193
ARM GAS  /tmp/cc6NFQ5b.s 			page 8


 397 0068 92B2     		uxth	r2, r2
 398 006a 0143     		orrs	r1, r1, r0
 399 006c BFB2     		uxth	r7, r7
 400 006e 0120     		movs	r0, #1
 401 0070 4FF0000C 		mov	ip, #0
 402 0074 B6B2     		uxth	r6, r6
 403 0076 1834     		adds	r4, r4, #24
 404 0078 A5F800C0 		strh	ip, [r5]	@ movhi
 405 007c 2F82     		strh	r7, [r5, #16]	@ movhi
 406 007e AE82     		strh	r6, [r5, #20]	@ movhi
 407 0080 AA81     		strh	r2, [r5, #12]	@ movhi
 408 0082 DC60     		str	r4, [r3, #12]
 409 0084 5860     		str	r0, [r3, #4]
 410 0086 1960     		str	r1, [r3]
 411 0088 1A68     		ldr	r2, [r3]
 412 008a 0243     		orrs	r2, r2, r0
 413 008c 1A60     		str	r2, [r3]
 414 008e F8BD     		pop	{r3, r4, r5, r6, r7, pc}
 415              	.L85:
 416 0090 344D     		ldr	r5, .L119+8
 417 0092 A842     		cmp	r0, r5
 418 0094 3DD0     		beq	.L112
 419 0096 344D     		ldr	r5, .L119+12
 420 0098 A842     		cmp	r0, r5
 421 009a 1ED0     		beq	.L113
 422              	.L90:
 423 009c 6368     		ldr	r3, [r4, #4]
 424 009e 1B8B     		ldrh	r3, [r3, #24]
 425 00a0 03F4A053 		and	r3, r3, #5120
 426 00a4 B3F5805F 		cmp	r3, #4096
 427 00a8 12D0     		beq	.L114
 428              	.L93:
 429 00aa 2269     		ldr	r2, [r4, #16]
 430 00ac 6369     		ldr	r3, [r4, #20]
 431 00ae A568     		ldr	r5, [r4, #8]
 432 00b0 1068     		ldr	r0, [r2]
 433 00b2 1968     		ldr	r1, [r3]
 434 00b4 0022     		movs	r2, #0
 435 00b6 2B1D     		adds	r3, r5, #4
 436 00b8 8360     		str	r3, [r0, #8]
 437 00ba 8B60     		str	r3, [r1, #8]
 438 00bc 2283     		strh	r2, [r4, #24]	@ movhi
 439 00be A5E7     		b	.L86
 440              	.L94:
 441 00c0 6368     		ldr	r3, [r4, #4]
 442 00c2 2A49     		ldr	r1, .L119+16
 443 00c4 5A69     		ldr	r2, [r3, #20]
 444 00c6 B1FBF2F2 		udiv	r2, r1, r2
 445 00ca 92B2     		uxth	r2, r2
 446 00cc 2A81     		strh	r2, [r5, #8]	@ movhi
 447 00ce B2E7     		b	.L96
 448              	.L114:
 449 00d0 E368     		ldr	r3, [r4, #12]
 450 00d2 43F42053 		orr	r3, r3, #10240
 451 00d6 E360     		str	r3, [r4, #12]
 452 00d8 E7E7     		b	.L93
 453              	.L113:
ARM GAS  /tmp/cc6NFQ5b.s 			page 9


 454 00da 0069     		ldr	r0, [r0, #16]
 455 00dc 244A     		ldr	r2, .L119+20
 456 00de 0C21     		movs	r1, #12
 457 00e0 2346     		mov	r3, r4
 458 00e2 FFF7FEFF 		bl	dmaStreamAllocate
 459 00e6 68BB     		cbnz	r0, .L115
 460              	.L91:
 461 00e8 6869     		ldr	r0, [r5, #20]
 462 00ea 224A     		ldr	r2, .L119+24
 463 00ec 1E4B     		ldr	r3, .L119+12
 464 00ee 0C21     		movs	r1, #12
 465 00f0 FFF7FEFF 		bl	dmaStreamAllocate
 466 00f4 10BB     		cbnz	r0, .L116
 467              	.L92:
 468 00f6 204B     		ldr	r3, .L119+28
 469 00f8 1A6C     		ldr	r2, [r3, #64]
 470 00fa 42F48022 		orr	r2, r2, #262144
 471 00fe 1A64     		str	r2, [r3, #64]
 472 0100 2720     		movs	r0, #39
 473              	.L111:
 474 0102 C021     		movs	r1, #192
 475 0104 FFF7FEFF 		bl	nvicEnableVector
 476 0108 EB68     		ldr	r3, [r5, #12]
 477 010a 43F00063 		orr	r3, r3, #134217728
 478 010e EB60     		str	r3, [r5, #12]
 479 0110 C4E7     		b	.L90
 480              	.L112:
 481 0112 0069     		ldr	r0, [r0, #16]
 482 0114 164A     		ldr	r2, .L119+20
 483 0116 0C21     		movs	r1, #12
 484 0118 2346     		mov	r3, r4
 485 011a FFF7FEFF 		bl	dmaStreamAllocate
 486 011e C8B9     		cbnz	r0, .L117
 487              	.L88:
 488 0120 6869     		ldr	r0, [r5, #20]
 489 0122 144A     		ldr	r2, .L119+24
 490 0124 0F4B     		ldr	r3, .L119+8
 491 0126 0C21     		movs	r1, #12
 492 0128 FFF7FEFF 		bl	dmaStreamAllocate
 493 012c 70B9     		cbnz	r0, .L118
 494              	.L89:
 495 012e 124B     		ldr	r3, .L119+28
 496 0130 1A6C     		ldr	r2, [r3, #64]
 497 0132 42F40032 		orr	r2, r2, #131072
 498 0136 1A64     		str	r2, [r3, #64]
 499 0138 2620     		movs	r0, #38
 500 013a E2E7     		b	.L111
 501              	.L116:
 502 013c 0F48     		ldr	r0, .L119+32
 503 013e FFF7FEFF 		bl	chDbgPanic
 504 0142 D8E7     		b	.L92
 505              	.L115:
 506 0144 0E48     		ldr	r0, .L119+36
 507 0146 FFF7FEFF 		bl	chDbgPanic
 508 014a CDE7     		b	.L91
 509              	.L118:
 510 014c 0D48     		ldr	r0, .L119+40
ARM GAS  /tmp/cc6NFQ5b.s 			page 10


 511 014e FFF7FEFF 		bl	chDbgPanic
 512 0152 ECE7     		b	.L89
 513              	.L117:
 514 0154 0C48     		ldr	r0, .L119+44
 515 0156 FFF7FEFF 		bl	chDbgPanic
 516 015a E1E7     		b	.L88
 517              	.L120:
 518              		.align	2
 519              	.L119:
 520 015c 00100140 		.word	1073811456
 521 0160 80DE8002 		.word	42000000
 522 0164 00000000 		.word	.LANCHOR0
 523 0168 00000000 		.word	.LANCHOR1
 524 016c 00BD0105 		.word	84000000
 525 0170 00000000 		.word	uart_lld_serve_rx_end_irq
 526 0174 00000000 		.word	uart_lld_serve_tx_end_irq
 527 0178 00380240 		.word	1073887232
 528 017c 48000000 		.word	.LC3
 529 0180 30000000 		.word	.LC2
 530 0184 18000000 		.word	.LC1
 531 0188 00000000 		.word	.LC0
 532              		.size	uart_lld_start, .-uart_lld_start
 533 018c AFF30080 		.section	.text.uart_lld_stop,"ax",%progbits
 534              		.align	2
 535              		.p2align 4,,15
 536              		.global	uart_lld_stop
 537              		.thumb
 538              		.thumb_func
 539              		.type	uart_lld_stop, %function
 540              	uart_lld_stop:
 541              		@ args = 0, pretend = 0, frame = 0
 542              		@ frame_needed = 0, uses_anonymous_args = 0
 543 0000 0378     		ldrb	r3, [r0]	@ zero_extendqisi2
 544 0002 022B     		cmp	r3, #2
 545 0004 10B5     		push	{r4, lr}
 546 0006 0446     		mov	r4, r0
 547 0008 00D0     		beq	.L126
 548              	.L121:
 549 000a 10BD     		pop	{r4, pc}
 550              	.L126:
 551 000c FFF7FEFF 		bl	usart_stop
 552 0010 2069     		ldr	r0, [r4, #16]
 553 0012 FFF7FEFF 		bl	dmaStreamRelease
 554 0016 6069     		ldr	r0, [r4, #20]
 555 0018 FFF7FEFF 		bl	dmaStreamRelease
 556 001c 0B4B     		ldr	r3, .L128
 557 001e 9C42     		cmp	r4, r3
 558 0020 0BD0     		beq	.L127
 559 0022 0B4B     		ldr	r3, .L128+4
 560 0024 9C42     		cmp	r4, r3
 561 0026 F0D1     		bne	.L121
 562 0028 2720     		movs	r0, #39
 563 002a FFF7FEFF 		bl	nvicDisableVector
 564 002e 094B     		ldr	r3, .L128+8
 565 0030 1A6C     		ldr	r2, [r3, #64]
 566 0032 22F48022 		bic	r2, r2, #262144
 567 0036 1A64     		str	r2, [r3, #64]
ARM GAS  /tmp/cc6NFQ5b.s 			page 11


 568 0038 E7E7     		b	.L121
 569              	.L127:
 570 003a 2620     		movs	r0, #38
 571 003c FFF7FEFF 		bl	nvicDisableVector
 572 0040 044B     		ldr	r3, .L128+8
 573 0042 1A6C     		ldr	r2, [r3, #64]
 574 0044 22F40032 		bic	r2, r2, #131072
 575 0048 1A64     		str	r2, [r3, #64]
 576 004a 10BD     		pop	{r4, pc}
 577              	.L129:
 578              		.align	2
 579              	.L128:
 580 004c 00000000 		.word	.LANCHOR0
 581 0050 00000000 		.word	.LANCHOR1
 582 0054 00380240 		.word	1073887232
 583              		.size	uart_lld_stop, .-uart_lld_stop
 584 0058 AFF30080 		.section	.text.uart_lld_start_send,"ax",%progbits
 584      AFF30080 
 585              		.align	2
 586              		.p2align 4,,15
 587              		.global	uart_lld_start_send
 588              		.thumb
 589              		.thumb_func
 590              		.type	uart_lld_start_send, %function
 591              	uart_lld_start_send:
 592              		@ args = 0, pretend = 0, frame = 0
 593              		@ frame_needed = 0, uses_anonymous_args = 0
 594              		@ link register save eliminated.
 595 0000 4369     		ldr	r3, [r0, #20]
 596 0002 C068     		ldr	r0, [r0, #12]
 597 0004 1B68     		ldr	r3, [r3]
 598 0006 40F48A60 		orr	r0, r0, #1104
 599 000a DA60     		str	r2, [r3, #12]
 600 000c 5960     		str	r1, [r3, #4]
 601 000e 1860     		str	r0, [r3]
 602 0010 1A68     		ldr	r2, [r3]
 603 0012 42F00102 		orr	r2, r2, #1
 604 0016 1A60     		str	r2, [r3]
 605 0018 7047     		bx	lr
 606              		.size	uart_lld_start_send, .-uart_lld_start_send
 607              		.section	.text.uart_lld_stop_send,"ax",%progbits
 608              		.align	2
 609              		.p2align 4,,15
 610              		.global	uart_lld_stop_send
 611              		.thumb
 612              		.thumb_func
 613              		.type	uart_lld_stop_send, %function
 614              	uart_lld_stop_send:
 615              		@ args = 0, pretend = 0, frame = 0
 616              		@ frame_needed = 0, uses_anonymous_args = 0
 617              		@ link register save eliminated.
 618 0000 4169     		ldr	r1, [r0, #20]
 619 0002 0A68     		ldr	r2, [r1]
 620 0004 1368     		ldr	r3, [r2]
 621 0006 23F01F03 		bic	r3, r3, #31
 622 000a 1360     		str	r3, [r2]
 623              	.L133:
ARM GAS  /tmp/cc6NFQ5b.s 			page 12


 624 000c 1368     		ldr	r3, [r2]
 625 000e DB07     		lsls	r3, r3, #31
 626 0010 FCD4     		bmi	.L133
 627 0012 087A     		ldrb	r0, [r1, #8]	@ zero_extendqisi2
 628 0014 4B68     		ldr	r3, [r1, #4]
 629 0016 3D21     		movs	r1, #61
 630 0018 8140     		lsls	r1, r1, r0
 631 001a 1960     		str	r1, [r3]
 632 001c 5068     		ldr	r0, [r2, #4]
 633 001e 7047     		bx	lr
 634              		.size	uart_lld_stop_send, .-uart_lld_stop_send
 635              		.section	.text.uart_lld_start_receive,"ax",%progbits
 636              		.align	2
 637              		.p2align 4,,15
 638              		.global	uart_lld_start_receive
 639              		.thumb
 640              		.thumb_func
 641              		.type	uart_lld_start_receive, %function
 642              	uart_lld_start_receive:
 643              		@ args = 0, pretend = 0, frame = 0
 644              		@ frame_needed = 0, uses_anonymous_args = 0
 645              		@ link register save eliminated.
 646 0000 70B4     		push	{r4, r5, r6}
 647 0002 0569     		ldr	r5, [r0, #16]
 648 0004 2C68     		ldr	r4, [r5]
 649 0006 2368     		ldr	r3, [r4]
 650 0008 23F01F03 		bic	r3, r3, #31
 651 000c 2360     		str	r3, [r4]
 652              	.L136:
 653 000e 2368     		ldr	r3, [r4]
 654 0010 DB07     		lsls	r3, r3, #31
 655 0012 FCD4     		bmi	.L136
 656 0014 2E7A     		ldrb	r6, [r5, #8]	@ zero_extendqisi2
 657 0016 6B68     		ldr	r3, [r5, #4]
 658 0018 3D25     		movs	r5, #61
 659 001a B540     		lsls	r5, r5, r6
 660 001c 1D60     		str	r5, [r3]
 661 001e C368     		ldr	r3, [r0, #12]
 662 0020 E260     		str	r2, [r4, #12]
 663 0022 43F48263 		orr	r3, r3, #1040
 664 0026 6160     		str	r1, [r4, #4]
 665 0028 2360     		str	r3, [r4]
 666 002a 2368     		ldr	r3, [r4]
 667 002c 43F00103 		orr	r3, r3, #1
 668 0030 2360     		str	r3, [r4]
 669 0032 70BC     		pop	{r4, r5, r6}
 670 0034 7047     		bx	lr
 671              		.size	uart_lld_start_receive, .-uart_lld_start_receive
 672 0036 00BFAFF3 		.section	.text.uart_lld_stop_receive,"ax",%progbits
 672      0080AFF3 
 672      0080
 673              		.align	2
 674              		.p2align 4,,15
 675              		.global	uart_lld_stop_receive
 676              		.thumb
 677              		.thumb_func
 678              		.type	uart_lld_stop_receive, %function
ARM GAS  /tmp/cc6NFQ5b.s 			page 13


 679              	uart_lld_stop_receive:
 680              		@ args = 0, pretend = 0, frame = 0
 681              		@ frame_needed = 0, uses_anonymous_args = 0
 682              		@ link register save eliminated.
 683 0000 0146     		mov	r1, r0
 684 0002 0069     		ldr	r0, [r0, #16]
 685 0004 0268     		ldr	r2, [r0]
 686 0006 1368     		ldr	r3, [r2]
 687 0008 23F01F03 		bic	r3, r3, #31
 688 000c 30B4     		push	{r4, r5}
 689 000e 1360     		str	r3, [r2]
 690              	.L139:
 691 0010 1368     		ldr	r3, [r2]
 692 0012 DB07     		lsls	r3, r3, #31
 693 0014 FCD4     		bmi	.L139
 694 0016 4B68     		ldr	r3, [r1, #4]
 695 0018 057A     		ldrb	r5, [r0, #8]	@ zero_extendqisi2
 696 001a DC68     		ldr	r4, [r3, #12]
 697 001c 4068     		ldr	r0, [r0, #4]
 698 001e 3D23     		movs	r3, #61
 699 0020 AB40     		lsls	r3, r3, r5
 700 0022 0360     		str	r3, [r0]
 701 0024 CB68     		ldr	r3, [r1, #12]
 702 0026 5068     		ldr	r0, [r2, #4]
 703 0028 002C     		cmp	r4, #0
 704 002a 14BF     		ite	ne
 705 002c 4FF48874 		movne	r4, #272
 706 0030 4FF48074 		moveq	r4, #256
 707 0034 2343     		orrs	r3, r3, r4
 708 0036 1831     		adds	r1, r1, #24
 709 0038 0124     		movs	r4, #1
 710 003a D160     		str	r1, [r2, #12]
 711 003c 5460     		str	r4, [r2, #4]
 712 003e 1360     		str	r3, [r2]
 713 0040 1368     		ldr	r3, [r2]
 714 0042 2343     		orrs	r3, r3, r4
 715 0044 1360     		str	r3, [r2]
 716 0046 30BC     		pop	{r4, r5}
 717 0048 7047     		bx	lr
 718              		.size	uart_lld_stop_receive, .-uart_lld_stop_receive
 719              		.global	UARTD3
 720              		.global	UARTD2
 721 004a 00BFAFF3 		.section	.bss.UARTD2,"aw",%nobits
 721      0080
 722              		.align	2
 723              		.set	.LANCHOR0,. + 0
 724              		.type	UARTD2, %object
 725              		.size	UARTD2, 28
 726              	UARTD2:
 727 0000 00000000 		.space	28
 727      00000000 
 727      00000000 
 727      00000000 
 727      00000000 
 728              		.section	.bss.UARTD3,"aw",%nobits
 729              		.align	2
 730              		.set	.LANCHOR1,. + 0
ARM GAS  /tmp/cc6NFQ5b.s 			page 14


 731              		.type	UARTD3, %object
 732              		.size	UARTD3, 28
 733              	UARTD3:
 734 0000 00000000 		.space	28
 734      00000000 
 734      00000000 
 734      00000000 
 734      00000000 
 735              		.section	.rodata.str1.4,"aMS",%progbits,1
 736              		.align	2
 737              	.LC0:
 738 0000 75617274 		.ascii	"uart_lld_start(), #3\000"
 738      5F6C6C64 
 738      5F737461 
 738      72742829 
 738      2C202333 
 739 0015 000000   		.space	3
 740              	.LC1:
 741 0018 75617274 		.ascii	"uart_lld_start(), #4\000"
 741      5F6C6C64 
 741      5F737461 
 741      72742829 
 741      2C202334 
 742 002d 000000   		.space	3
 743              	.LC2:
 744 0030 75617274 		.ascii	"uart_lld_start(), #5\000"
 744      5F6C6C64 
 744      5F737461 
 744      72742829 
 744      2C202335 
 745 0045 000000   		.space	3
 746              	.LC3:
 747 0048 75617274 		.ascii	"uart_lld_start(), #6\000"
 747      5F6C6C64 
 747      5F737461 
 747      72742829 
 747      2C202336 
 748 005d 000000   		.ident	"GCC: (GNU Tools for ARM Embedded Processors) 4.8.3 20140228 (release) [ARM/embedded-4_8-br
ARM GAS  /tmp/cc6NFQ5b.s 			page 15


DEFINED SYMBOLS
                            *ABS*:00000000 uart_lld.c
     /tmp/cc6NFQ5b.s:18     .text.usart_stop:00000000 $t
     /tmp/cc6NFQ5b.s:23     .text.usart_stop:00000000 usart_stop
     /tmp/cc6NFQ5b.s:64     .text.serve_usart_irq:00000000 $t
     /tmp/cc6NFQ5b.s:69     .text.serve_usart_irq:00000000 serve_usart_irq
     /tmp/cc6NFQ5b.s:125    .text.uart_lld_serve_tx_end_irq:00000000 $t
     /tmp/cc6NFQ5b.s:130    .text.uart_lld_serve_tx_end_irq:00000000 uart_lld_serve_tx_end_irq
     /tmp/cc6NFQ5b.s:181    .text.uart_lld_serve_rx_end_irq:00000000 $t
     /tmp/cc6NFQ5b.s:186    .text.uart_lld_serve_rx_end_irq:00000000 uart_lld_serve_rx_end_irq
     /tmp/cc6NFQ5b.s:259    .text.VectorD8:00000000 $t
     /tmp/cc6NFQ5b.s:265    .text.VectorD8:00000000 VectorD8
     /tmp/cc6NFQ5b.s:278    .text.VectorD8:00000018 $d
     /tmp/cc6NFQ5b.s:281    .text.VectorDC:00000000 $t
     /tmp/cc6NFQ5b.s:287    .text.VectorDC:00000000 VectorDC
     /tmp/cc6NFQ5b.s:300    .text.VectorDC:00000018 $d
     /tmp/cc6NFQ5b.s:303    .text.uart_lld_init:00000000 $t
     /tmp/cc6NFQ5b.s:309    .text.uart_lld_init:00000000 uart_lld_init
     /tmp/cc6NFQ5b.s:338    .text.uart_lld_init:00000038 $d
     /tmp/cc6NFQ5b.s:345    .text.uart_lld_start:00000000 $t
     /tmp/cc6NFQ5b.s:351    .text.uart_lld_start:00000000 uart_lld_start
     /tmp/cc6NFQ5b.s:520    .text.uart_lld_start:0000015c $d
     /tmp/cc6NFQ5b.s:534    .text.uart_lld_stop:00000000 $t
     /tmp/cc6NFQ5b.s:540    .text.uart_lld_stop:00000000 uart_lld_stop
     /tmp/cc6NFQ5b.s:580    .text.uart_lld_stop:0000004c $d
     /tmp/cc6NFQ5b.s:585    .text.uart_lld_start_send:00000000 $t
     /tmp/cc6NFQ5b.s:591    .text.uart_lld_start_send:00000000 uart_lld_start_send
     /tmp/cc6NFQ5b.s:608    .text.uart_lld_stop_send:00000000 $t
     /tmp/cc6NFQ5b.s:614    .text.uart_lld_stop_send:00000000 uart_lld_stop_send
     /tmp/cc6NFQ5b.s:636    .text.uart_lld_start_receive:00000000 $t
     /tmp/cc6NFQ5b.s:642    .text.uart_lld_start_receive:00000000 uart_lld_start_receive
     /tmp/cc6NFQ5b.s:673    .text.uart_lld_stop_receive:00000000 $t
     /tmp/cc6NFQ5b.s:679    .text.uart_lld_stop_receive:00000000 uart_lld_stop_receive
     /tmp/cc6NFQ5b.s:733    .bss.UARTD3:00000000 UARTD3
     /tmp/cc6NFQ5b.s:726    .bss.UARTD2:00000000 UARTD2
     /tmp/cc6NFQ5b.s:722    .bss.UARTD2:00000000 $d
     /tmp/cc6NFQ5b.s:729    .bss.UARTD3:00000000 $d
     /tmp/cc6NFQ5b.s:736    .rodata.str1.4:00000000 $d
     /tmp/cc6NFQ5b.s:280    .text.VectorD8:0000001c $t
     /tmp/cc6NFQ5b.s:302    .text.VectorDC:0000001c $t
     /tmp/cc6NFQ5b.s:344    .text.uart_lld_init:0000004c $t
     /tmp/cc6NFQ5b.s:533    .text.uart_lld_start:0000018c $t
     /tmp/cc6NFQ5b.s:584    .text.uart_lld_stop:00000058 $t

UNDEFINED SYMBOLS
haltErrorCode
port_halt
dbg_check_enter_isr
dbg_check_leave_isr
_port_irq_epilogue
uartObjectInit
_stm32_dma_streams
dmaStreamAllocate
nvicEnableVector
chDbgPanic
dmaStreamRelease
nvicDisableVector
ARM GAS  /tmp/cc6NFQ5b.s 			page 16


