ARM GAS  /tmp/cceeY0Mh.s 			page 1


   1              		.syntax unified
   2              		.cpu cortex-m4
   3              		.eabi_attribute 27, 3
   4              		.eabi_attribute 28, 1
   5              		.fpu fpv4-sp-d16
   6              		.eabi_attribute 20, 1
   7              		.eabi_attribute 21, 1
   8              		.eabi_attribute 23, 3
   9              		.eabi_attribute 24, 1
  10              		.eabi_attribute 25, 1
  11              		.eabi_attribute 26, 1
  12              		.eabi_attribute 30, 2
  13              		.eabi_attribute 34, 1
  14              		.eabi_attribute 18, 4
  15              		.thumb
  16              		.file	"vectors.c"
  17              		.section	.text._unhandled_exception,"ax",%progbits
  18              		.align	2
  19              		.p2align 4,,15
  20              		.global	_unhandled_exception
  21              		.thumb
  22              		.thumb_func
  23              		.type	_unhandled_exception, %function
  24              	_unhandled_exception:
  25              		@ Naked Function: prologue and epilogue provided by programmer.
  26              		@ Volatile: function does not return.
  27              		@ args = 0, pretend = 0, frame = 0
  28              		@ frame_needed = 0, uses_anonymous_args = 0
  29              	.L2:
  30 0000 FEE7     		b	.L2
  31              		.size	_unhandled_exception, .-_unhandled_exception
  32              		.weak	NMIVector
  33              		.thumb_set NMIVector,_unhandled_exception
  34              		.weak	HardFaultVector
  35              		.thumb_set HardFaultVector,_unhandled_exception
  36              		.weak	MemManageVector
  37              		.thumb_set MemManageVector,_unhandled_exception
  38              		.weak	BusFaultVector
  39              		.thumb_set BusFaultVector,_unhandled_exception
  40              		.weak	UsageFaultVector
  41              		.thumb_set UsageFaultVector,_unhandled_exception
  42              		.weak	Vector1C
  43              		.thumb_set Vector1C,_unhandled_exception
  44              		.weak	Vector20
  45              		.thumb_set Vector20,_unhandled_exception
  46              		.weak	Vector24
  47              		.thumb_set Vector24,_unhandled_exception
  48              		.weak	Vector28
  49              		.thumb_set Vector28,_unhandled_exception
  50              		.weak	SVCallVector
  51              		.thumb_set SVCallVector,_unhandled_exception
  52              		.weak	DebugMonitorVector
  53              		.thumb_set DebugMonitorVector,_unhandled_exception
  54              		.weak	Vector34
  55              		.thumb_set Vector34,_unhandled_exception
  56              		.weak	PendSVVector
  57              		.thumb_set PendSVVector,_unhandled_exception
ARM GAS  /tmp/cceeY0Mh.s 			page 2


  58              		.weak	SysTickVector
  59              		.thumb_set SysTickVector,_unhandled_exception
  60              		.weak	Vector40
  61              		.thumb_set Vector40,_unhandled_exception
  62              		.weak	Vector44
  63              		.thumb_set Vector44,_unhandled_exception
  64              		.weak	Vector48
  65              		.thumb_set Vector48,_unhandled_exception
  66              		.weak	Vector4C
  67              		.thumb_set Vector4C,_unhandled_exception
  68              		.weak	Vector50
  69              		.thumb_set Vector50,_unhandled_exception
  70              		.weak	Vector54
  71              		.thumb_set Vector54,_unhandled_exception
  72              		.weak	Vector58
  73              		.thumb_set Vector58,_unhandled_exception
  74              		.weak	Vector5C
  75              		.thumb_set Vector5C,_unhandled_exception
  76              		.weak	Vector60
  77              		.thumb_set Vector60,_unhandled_exception
  78              		.weak	Vector64
  79              		.thumb_set Vector64,_unhandled_exception
  80              		.weak	Vector68
  81              		.thumb_set Vector68,_unhandled_exception
  82              		.weak	Vector6C
  83              		.thumb_set Vector6C,_unhandled_exception
  84              		.weak	Vector70
  85              		.thumb_set Vector70,_unhandled_exception
  86              		.weak	Vector74
  87              		.thumb_set Vector74,_unhandled_exception
  88              		.weak	Vector78
  89              		.thumb_set Vector78,_unhandled_exception
  90              		.weak	Vector7C
  91              		.thumb_set Vector7C,_unhandled_exception
  92              		.weak	Vector80
  93              		.thumb_set Vector80,_unhandled_exception
  94              		.weak	Vector84
  95              		.thumb_set Vector84,_unhandled_exception
  96              		.weak	Vector88
  97              		.thumb_set Vector88,_unhandled_exception
  98              		.weak	Vector8C
  99              		.thumb_set Vector8C,_unhandled_exception
 100              		.weak	Vector90
 101              		.thumb_set Vector90,_unhandled_exception
 102              		.weak	Vector94
 103              		.thumb_set Vector94,_unhandled_exception
 104              		.weak	Vector98
 105              		.thumb_set Vector98,_unhandled_exception
 106              		.weak	Vector9C
 107              		.thumb_set Vector9C,_unhandled_exception
 108              		.weak	VectorA0
 109              		.thumb_set VectorA0,_unhandled_exception
 110              		.weak	VectorA4
 111              		.thumb_set VectorA4,_unhandled_exception
 112              		.weak	VectorA8
 113              		.thumb_set VectorA8,_unhandled_exception
 114              		.weak	VectorAC
ARM GAS  /tmp/cceeY0Mh.s 			page 3


 115              		.thumb_set VectorAC,_unhandled_exception
 116              		.weak	VectorB0
 117              		.thumb_set VectorB0,_unhandled_exception
 118              		.weak	VectorB4
 119              		.thumb_set VectorB4,_unhandled_exception
 120              		.weak	VectorB8
 121              		.thumb_set VectorB8,_unhandled_exception
 122              		.weak	VectorBC
 123              		.thumb_set VectorBC,_unhandled_exception
 124              		.weak	VectorC0
 125              		.thumb_set VectorC0,_unhandled_exception
 126              		.weak	VectorC4
 127              		.thumb_set VectorC4,_unhandled_exception
 128              		.weak	VectorC8
 129              		.thumb_set VectorC8,_unhandled_exception
 130              		.weak	VectorCC
 131              		.thumb_set VectorCC,_unhandled_exception
 132              		.weak	VectorD0
 133              		.thumb_set VectorD0,_unhandled_exception
 134              		.weak	VectorD4
 135              		.thumb_set VectorD4,_unhandled_exception
 136              		.weak	VectorD8
 137              		.thumb_set VectorD8,_unhandled_exception
 138              		.weak	VectorDC
 139              		.thumb_set VectorDC,_unhandled_exception
 140              		.weak	VectorE0
 141              		.thumb_set VectorE0,_unhandled_exception
 142              		.weak	VectorE4
 143              		.thumb_set VectorE4,_unhandled_exception
 144              		.weak	VectorE8
 145              		.thumb_set VectorE8,_unhandled_exception
 146              		.weak	VectorEC
 147              		.thumb_set VectorEC,_unhandled_exception
 148              		.weak	VectorF0
 149              		.thumb_set VectorF0,_unhandled_exception
 150              		.weak	VectorF4
 151              		.thumb_set VectorF4,_unhandled_exception
 152              		.weak	VectorF8
 153              		.thumb_set VectorF8,_unhandled_exception
 154              		.weak	VectorFC
 155              		.thumb_set VectorFC,_unhandled_exception
 156              		.weak	Vector100
 157              		.thumb_set Vector100,_unhandled_exception
 158              		.weak	Vector104
 159              		.thumb_set Vector104,_unhandled_exception
 160              		.weak	Vector108
 161              		.thumb_set Vector108,_unhandled_exception
 162              		.weak	Vector10C
 163              		.thumb_set Vector10C,_unhandled_exception
 164              		.weak	Vector110
 165              		.thumb_set Vector110,_unhandled_exception
 166              		.weak	Vector114
 167              		.thumb_set Vector114,_unhandled_exception
 168              		.weak	Vector118
 169              		.thumb_set Vector118,_unhandled_exception
 170              		.weak	Vector11C
 171              		.thumb_set Vector11C,_unhandled_exception
ARM GAS  /tmp/cceeY0Mh.s 			page 4


 172              		.weak	Vector120
 173              		.thumb_set Vector120,_unhandled_exception
 174              		.weak	Vector124
 175              		.thumb_set Vector124,_unhandled_exception
 176              		.weak	Vector128
 177              		.thumb_set Vector128,_unhandled_exception
 178              		.weak	Vector12C
 179              		.thumb_set Vector12C,_unhandled_exception
 180              		.weak	Vector130
 181              		.thumb_set Vector130,_unhandled_exception
 182              		.weak	Vector134
 183              		.thumb_set Vector134,_unhandled_exception
 184              		.weak	Vector138
 185              		.thumb_set Vector138,_unhandled_exception
 186              		.weak	Vector13C
 187              		.thumb_set Vector13C,_unhandled_exception
 188              		.weak	Vector140
 189              		.thumb_set Vector140,_unhandled_exception
 190              		.weak	Vector144
 191              		.thumb_set Vector144,_unhandled_exception
 192              		.weak	Vector148
 193              		.thumb_set Vector148,_unhandled_exception
 194              		.weak	Vector14C
 195              		.thumb_set Vector14C,_unhandled_exception
 196              		.weak	Vector150
 197              		.thumb_set Vector150,_unhandled_exception
 198              		.weak	Vector154
 199              		.thumb_set Vector154,_unhandled_exception
 200              		.weak	Vector158
 201              		.thumb_set Vector158,_unhandled_exception
 202              		.weak	Vector15C
 203              		.thumb_set Vector15C,_unhandled_exception
 204              		.weak	Vector160
 205              		.thumb_set Vector160,_unhandled_exception
 206              		.weak	Vector164
 207              		.thumb_set Vector164,_unhandled_exception
 208              		.weak	Vector168
 209              		.thumb_set Vector168,_unhandled_exception
 210              		.weak	Vector16C
 211              		.thumb_set Vector16C,_unhandled_exception
 212              		.weak	Vector170
 213              		.thumb_set Vector170,_unhandled_exception
 214              		.weak	Vector174
 215              		.thumb_set Vector174,_unhandled_exception
 216              		.weak	Vector178
 217              		.thumb_set Vector178,_unhandled_exception
 218              		.weak	Vector17C
 219              		.thumb_set Vector17C,_unhandled_exception
 220              		.weak	Vector180
 221              		.thumb_set Vector180,_unhandled_exception
 222              		.weak	Vector184
 223              		.thumb_set Vector184,_unhandled_exception
 224              		.weak	Vector188
 225              		.thumb_set Vector188,_unhandled_exception
 226              		.weak	Vector18C
 227              		.thumb_set Vector18C,_unhandled_exception
 228              		.weak	Vector190
ARM GAS  /tmp/cceeY0Mh.s 			page 5


 229              		.thumb_set Vector190,_unhandled_exception
 230              		.weak	Vector194
 231              		.thumb_set Vector194,_unhandled_exception
 232              		.weak	Vector198
 233              		.thumb_set Vector198,_unhandled_exception
 234              		.weak	Vector19C
 235              		.thumb_set Vector19C,_unhandled_exception
 236              		.weak	Vector1A0
 237              		.thumb_set Vector1A0,_unhandled_exception
 238              		.weak	Vector1A4
 239              		.thumb_set Vector1A4,_unhandled_exception
 240              		.weak	Vector1A8
 241              		.thumb_set Vector1A8,_unhandled_exception
 242              		.global	_vectors
 243 0002 00BFAFF3 		.section	vectors,"aw",%progbits
 243      0080AFF3 
 243      0080AFF3 
 243      0080
 244              		.align	2
 245              		.type	_vectors, %object
 246              		.size	_vectors, 428
 247              	_vectors:
 248 0000 00000000 		.word	__main_stack_end__
 249 0004 00000000 		.word	ResetHandler
 250 0008 00000000 		.word	NMIVector
 251 000c 00000000 		.word	HardFaultVector
 252 0010 00000000 		.word	MemManageVector
 253 0014 00000000 		.word	BusFaultVector
 254 0018 00000000 		.word	UsageFaultVector
 255 001c 00000000 		.word	Vector1C
 256 0020 00000000 		.word	Vector20
 257 0024 00000000 		.word	Vector24
 258 0028 00000000 		.word	Vector28
 259 002c 00000000 		.word	SVCallVector
 260 0030 00000000 		.word	DebugMonitorVector
 261 0034 00000000 		.word	Vector34
 262 0038 00000000 		.word	PendSVVector
 263 003c 00000000 		.word	SysTickVector
 264 0040 00000000 		.word	Vector40
 265 0044 00000000 		.word	Vector44
 266 0048 00000000 		.word	Vector48
 267 004c 00000000 		.word	Vector4C
 268 0050 00000000 		.word	Vector50
 269 0054 00000000 		.word	Vector54
 270 0058 00000000 		.word	Vector58
 271 005c 00000000 		.word	Vector5C
 272 0060 00000000 		.word	Vector60
 273 0064 00000000 		.word	Vector64
 274 0068 00000000 		.word	Vector68
 275 006c 00000000 		.word	Vector6C
 276 0070 00000000 		.word	Vector70
 277 0074 00000000 		.word	Vector74
 278 0078 00000000 		.word	Vector78
 279 007c 00000000 		.word	Vector7C
 280 0080 00000000 		.word	Vector80
 281 0084 00000000 		.word	Vector84
 282 0088 00000000 		.word	Vector88
ARM GAS  /tmp/cceeY0Mh.s 			page 6


 283 008c 00000000 		.word	Vector8C
 284 0090 00000000 		.word	Vector90
 285 0094 00000000 		.word	Vector94
 286 0098 00000000 		.word	Vector98
 287 009c 00000000 		.word	Vector9C
 288 00a0 00000000 		.word	VectorA0
 289 00a4 00000000 		.word	VectorA4
 290 00a8 00000000 		.word	VectorA8
 291 00ac 00000000 		.word	VectorAC
 292 00b0 00000000 		.word	VectorB0
 293 00b4 00000000 		.word	VectorB4
 294 00b8 00000000 		.word	VectorB8
 295 00bc 00000000 		.word	VectorBC
 296 00c0 00000000 		.word	VectorC0
 297 00c4 00000000 		.word	VectorC4
 298 00c8 00000000 		.word	VectorC8
 299 00cc 00000000 		.word	VectorCC
 300 00d0 00000000 		.word	VectorD0
 301 00d4 00000000 		.word	VectorD4
 302 00d8 00000000 		.word	VectorD8
 303 00dc 00000000 		.word	VectorDC
 304 00e0 00000000 		.word	VectorE0
 305 00e4 00000000 		.word	VectorE4
 306 00e8 00000000 		.word	VectorE8
 307 00ec 00000000 		.word	VectorEC
 308 00f0 00000000 		.word	VectorF0
 309 00f4 00000000 		.word	VectorF4
 310 00f8 00000000 		.word	VectorF8
 311 00fc 00000000 		.word	VectorFC
 312 0100 00000000 		.word	Vector100
 313 0104 00000000 		.word	Vector104
 314 0108 00000000 		.word	Vector108
 315 010c 00000000 		.word	Vector10C
 316 0110 00000000 		.word	Vector110
 317 0114 00000000 		.word	Vector114
 318 0118 00000000 		.word	Vector118
 319 011c 00000000 		.word	Vector11C
 320 0120 00000000 		.word	Vector120
 321 0124 00000000 		.word	Vector124
 322 0128 00000000 		.word	Vector128
 323 012c 00000000 		.word	Vector12C
 324 0130 00000000 		.word	Vector130
 325 0134 00000000 		.word	Vector134
 326 0138 00000000 		.word	Vector138
 327 013c 00000000 		.word	Vector13C
 328 0140 00000000 		.word	Vector140
 329 0144 00000000 		.word	Vector144
 330 0148 00000000 		.word	Vector148
 331 014c 00000000 		.word	Vector14C
 332 0150 00000000 		.word	Vector150
 333 0154 00000000 		.word	Vector154
 334 0158 00000000 		.word	Vector158
 335 015c 00000000 		.word	Vector15C
 336 0160 00000000 		.word	Vector160
 337 0164 00000000 		.word	Vector164
 338 0168 00000000 		.word	Vector168
 339 016c 00000000 		.word	Vector16C
ARM GAS  /tmp/cceeY0Mh.s 			page 7


 340 0170 00000000 		.word	Vector170
 341 0174 00000000 		.word	Vector174
 342 0178 00000000 		.word	Vector178
 343 017c 00000000 		.word	Vector17C
 344 0180 00000000 		.word	Vector180
 345 0184 00000000 		.word	Vector184
 346 0188 00000000 		.word	Vector188
 347 018c 00000000 		.word	Vector18C
 348 0190 00000000 		.word	Vector190
 349 0194 00000000 		.word	Vector194
 350 0198 00000000 		.word	Vector198
 351 019c 00000000 		.word	Vector19C
 352 01a0 00000000 		.word	Vector1A0
 353 01a4 00000000 		.word	Vector1A4
 354 01a8 00000000 		.word	Vector1A8
 355              		.ident	"GCC: (GNU Tools for ARM Embedded Processors) 4.8.3 20140228 (release) [ARM/embedded-4_8-br
ARM GAS  /tmp/cceeY0Mh.s 			page 8


DEFINED SYMBOLS
                            *ABS*:00000000 vectors.c
     /tmp/cceeY0Mh.s:18     .text._unhandled_exception:00000000 $t
     /tmp/cceeY0Mh.s:24     .text._unhandled_exception:00000000 _unhandled_exception
     /tmp/cceeY0Mh.s:24     .text._unhandled_exception:00000000 NMIVector
     /tmp/cceeY0Mh.s:24     .text._unhandled_exception:00000000 HardFaultVector
     /tmp/cceeY0Mh.s:24     .text._unhandled_exception:00000000 MemManageVector
     /tmp/cceeY0Mh.s:24     .text._unhandled_exception:00000000 BusFaultVector
     /tmp/cceeY0Mh.s:24     .text._unhandled_exception:00000000 UsageFaultVector
     /tmp/cceeY0Mh.s:24     .text._unhandled_exception:00000000 Vector1C
     /tmp/cceeY0Mh.s:24     .text._unhandled_exception:00000000 Vector20
     /tmp/cceeY0Mh.s:24     .text._unhandled_exception:00000000 Vector24
     /tmp/cceeY0Mh.s:24     .text._unhandled_exception:00000000 Vector28
     /tmp/cceeY0Mh.s:24     .text._unhandled_exception:00000000 SVCallVector
     /tmp/cceeY0Mh.s:24     .text._unhandled_exception:00000000 DebugMonitorVector
     /tmp/cceeY0Mh.s:24     .text._unhandled_exception:00000000 Vector34
     /tmp/cceeY0Mh.s:24     .text._unhandled_exception:00000000 PendSVVector
     /tmp/cceeY0Mh.s:24     .text._unhandled_exception:00000000 SysTickVector
     /tmp/cceeY0Mh.s:24     .text._unhandled_exception:00000000 Vector40
     /tmp/cceeY0Mh.s:24     .text._unhandled_exception:00000000 Vector44
     /tmp/cceeY0Mh.s:24     .text._unhandled_exception:00000000 Vector48
     /tmp/cceeY0Mh.s:24     .text._unhandled_exception:00000000 Vector4C
     /tmp/cceeY0Mh.s:24     .text._unhandled_exception:00000000 Vector50
     /tmp/cceeY0Mh.s:24     .text._unhandled_exception:00000000 Vector54
     /tmp/cceeY0Mh.s:24     .text._unhandled_exception:00000000 Vector58
     /tmp/cceeY0Mh.s:24     .text._unhandled_exception:00000000 Vector5C
     /tmp/cceeY0Mh.s:24     .text._unhandled_exception:00000000 Vector60
     /tmp/cceeY0Mh.s:24     .text._unhandled_exception:00000000 Vector64
     /tmp/cceeY0Mh.s:24     .text._unhandled_exception:00000000 Vector68
     /tmp/cceeY0Mh.s:24     .text._unhandled_exception:00000000 Vector6C
     /tmp/cceeY0Mh.s:24     .text._unhandled_exception:00000000 Vector70
     /tmp/cceeY0Mh.s:24     .text._unhandled_exception:00000000 Vector74
     /tmp/cceeY0Mh.s:24     .text._unhandled_exception:00000000 Vector78
     /tmp/cceeY0Mh.s:24     .text._unhandled_exception:00000000 Vector7C
     /tmp/cceeY0Mh.s:24     .text._unhandled_exception:00000000 Vector80
     /tmp/cceeY0Mh.s:24     .text._unhandled_exception:00000000 Vector84
     /tmp/cceeY0Mh.s:24     .text._unhandled_exception:00000000 Vector88
     /tmp/cceeY0Mh.s:24     .text._unhandled_exception:00000000 Vector8C
     /tmp/cceeY0Mh.s:24     .text._unhandled_exception:00000000 Vector90
     /tmp/cceeY0Mh.s:24     .text._unhandled_exception:00000000 Vector94
     /tmp/cceeY0Mh.s:24     .text._unhandled_exception:00000000 Vector98
     /tmp/cceeY0Mh.s:24     .text._unhandled_exception:00000000 Vector9C
     /tmp/cceeY0Mh.s:24     .text._unhandled_exception:00000000 VectorA0
     /tmp/cceeY0Mh.s:24     .text._unhandled_exception:00000000 VectorA4
     /tmp/cceeY0Mh.s:24     .text._unhandled_exception:00000000 VectorA8
     /tmp/cceeY0Mh.s:24     .text._unhandled_exception:00000000 VectorAC
     /tmp/cceeY0Mh.s:24     .text._unhandled_exception:00000000 VectorB0
     /tmp/cceeY0Mh.s:24     .text._unhandled_exception:00000000 VectorB4
     /tmp/cceeY0Mh.s:24     .text._unhandled_exception:00000000 VectorB8
     /tmp/cceeY0Mh.s:24     .text._unhandled_exception:00000000 VectorBC
     /tmp/cceeY0Mh.s:24     .text._unhandled_exception:00000000 VectorC0
     /tmp/cceeY0Mh.s:24     .text._unhandled_exception:00000000 VectorC4
     /tmp/cceeY0Mh.s:24     .text._unhandled_exception:00000000 VectorC8
     /tmp/cceeY0Mh.s:24     .text._unhandled_exception:00000000 VectorCC
     /tmp/cceeY0Mh.s:24     .text._unhandled_exception:00000000 VectorD0
     /tmp/cceeY0Mh.s:24     .text._unhandled_exception:00000000 VectorD4
     /tmp/cceeY0Mh.s:24     .text._unhandled_exception:00000000 VectorD8
ARM GAS  /tmp/cceeY0Mh.s 			page 9


     /tmp/cceeY0Mh.s:24     .text._unhandled_exception:00000000 VectorDC
     /tmp/cceeY0Mh.s:24     .text._unhandled_exception:00000000 VectorE0
     /tmp/cceeY0Mh.s:24     .text._unhandled_exception:00000000 VectorE4
     /tmp/cceeY0Mh.s:24     .text._unhandled_exception:00000000 VectorE8
     /tmp/cceeY0Mh.s:24     .text._unhandled_exception:00000000 VectorEC
     /tmp/cceeY0Mh.s:24     .text._unhandled_exception:00000000 VectorF0
     /tmp/cceeY0Mh.s:24     .text._unhandled_exception:00000000 VectorF4
     /tmp/cceeY0Mh.s:24     .text._unhandled_exception:00000000 VectorF8
     /tmp/cceeY0Mh.s:24     .text._unhandled_exception:00000000 VectorFC
     /tmp/cceeY0Mh.s:24     .text._unhandled_exception:00000000 Vector100
     /tmp/cceeY0Mh.s:24     .text._unhandled_exception:00000000 Vector104
     /tmp/cceeY0Mh.s:24     .text._unhandled_exception:00000000 Vector108
     /tmp/cceeY0Mh.s:24     .text._unhandled_exception:00000000 Vector10C
     /tmp/cceeY0Mh.s:24     .text._unhandled_exception:00000000 Vector110
     /tmp/cceeY0Mh.s:24     .text._unhandled_exception:00000000 Vector114
     /tmp/cceeY0Mh.s:24     .text._unhandled_exception:00000000 Vector118
     /tmp/cceeY0Mh.s:24     .text._unhandled_exception:00000000 Vector11C
     /tmp/cceeY0Mh.s:24     .text._unhandled_exception:00000000 Vector120
     /tmp/cceeY0Mh.s:24     .text._unhandled_exception:00000000 Vector124
     /tmp/cceeY0Mh.s:24     .text._unhandled_exception:00000000 Vector128
     /tmp/cceeY0Mh.s:24     .text._unhandled_exception:00000000 Vector12C
     /tmp/cceeY0Mh.s:24     .text._unhandled_exception:00000000 Vector130
     /tmp/cceeY0Mh.s:24     .text._unhandled_exception:00000000 Vector134
     /tmp/cceeY0Mh.s:24     .text._unhandled_exception:00000000 Vector138
     /tmp/cceeY0Mh.s:24     .text._unhandled_exception:00000000 Vector13C
     /tmp/cceeY0Mh.s:24     .text._unhandled_exception:00000000 Vector140
     /tmp/cceeY0Mh.s:24     .text._unhandled_exception:00000000 Vector144
     /tmp/cceeY0Mh.s:24     .text._unhandled_exception:00000000 Vector148
     /tmp/cceeY0Mh.s:24     .text._unhandled_exception:00000000 Vector14C
     /tmp/cceeY0Mh.s:24     .text._unhandled_exception:00000000 Vector150
     /tmp/cceeY0Mh.s:24     .text._unhandled_exception:00000000 Vector154
     /tmp/cceeY0Mh.s:24     .text._unhandled_exception:00000000 Vector158
     /tmp/cceeY0Mh.s:24     .text._unhandled_exception:00000000 Vector15C
     /tmp/cceeY0Mh.s:24     .text._unhandled_exception:00000000 Vector160
     /tmp/cceeY0Mh.s:24     .text._unhandled_exception:00000000 Vector164
     /tmp/cceeY0Mh.s:24     .text._unhandled_exception:00000000 Vector168
     /tmp/cceeY0Mh.s:24     .text._unhandled_exception:00000000 Vector16C
     /tmp/cceeY0Mh.s:24     .text._unhandled_exception:00000000 Vector170
     /tmp/cceeY0Mh.s:24     .text._unhandled_exception:00000000 Vector174
     /tmp/cceeY0Mh.s:24     .text._unhandled_exception:00000000 Vector178
     /tmp/cceeY0Mh.s:24     .text._unhandled_exception:00000000 Vector17C
     /tmp/cceeY0Mh.s:24     .text._unhandled_exception:00000000 Vector180
     /tmp/cceeY0Mh.s:24     .text._unhandled_exception:00000000 Vector184
     /tmp/cceeY0Mh.s:24     .text._unhandled_exception:00000000 Vector188
     /tmp/cceeY0Mh.s:24     .text._unhandled_exception:00000000 Vector18C
     /tmp/cceeY0Mh.s:24     .text._unhandled_exception:00000000 Vector190
     /tmp/cceeY0Mh.s:24     .text._unhandled_exception:00000000 Vector194
     /tmp/cceeY0Mh.s:24     .text._unhandled_exception:00000000 Vector198
     /tmp/cceeY0Mh.s:24     .text._unhandled_exception:00000000 Vector19C
     /tmp/cceeY0Mh.s:24     .text._unhandled_exception:00000000 Vector1A0
     /tmp/cceeY0Mh.s:24     .text._unhandled_exception:00000000 Vector1A4
     /tmp/cceeY0Mh.s:24     .text._unhandled_exception:00000000 Vector1A8
     /tmp/cceeY0Mh.s:247    vectors:00000000 _vectors
     /tmp/cceeY0Mh.s:244    vectors:00000000 $d

UNDEFINED SYMBOLS
__main_stack_end__
ARM GAS  /tmp/cceeY0Mh.s 			page 10


ResetHandler
