ARM GAS  /tmp/ccsJ52E7.s 			page 1


   1              		.syntax unified
   2              		.cpu cortex-m4
   3              		.eabi_attribute 27, 3
   4              		.eabi_attribute 28, 1
   5              		.fpu fpv4-sp-d16
   6              		.eabi_attribute 20, 1
   7              		.eabi_attribute 21, 1
   8              		.eabi_attribute 23, 3
   9              		.eabi_attribute 24, 1
  10              		.eabi_attribute 25, 1
  11              		.eabi_attribute 26, 1
  12              		.eabi_attribute 30, 2
  13              		.eabi_attribute 34, 1
  14              		.eabi_attribute 18, 4
  15              		.thumb
  16              		.file	"wakeup.c"
  17              		.section	.text.standby_wakeup_source,"ax",%progbits
  18              		.align	2
  19              		.p2align 4,,15
  20              		.global	standby_wakeup_source
  21              		.thumb
  22              		.thumb_func
  23              		.type	standby_wakeup_source, %function
  24              	standby_wakeup_source:
  25              		@ args = 0, pretend = 0, frame = 0
  26              		@ frame_needed = 0, uses_anonymous_args = 0
  27              		@ link register save eliminated.
  28 0000 134B     		ldr	r3, .L10
  29 0002 144A     		ldr	r2, .L10+4
  30 0004 1448     		ldr	r0, .L10+8
  31 0006 1549     		ldr	r1, .L10+12
  32 0008 70B4     		push	{r4, r5, r6}
  33 000a 5D68     		ldr	r5, [r3, #4]
  34 000c 1669     		ldr	r6, [r2, #16]
  35 000e 1C68     		ldr	r4, [r3]
  36 0010 0022     		movs	r2, #0
  37 0012 0270     		strb	r2, [r0]
  38 0014 0A70     		strb	r2, [r1]
  39 0016 05F00302 		and	r2, r5, #3
  40 001a 44F00804 		orr	r4, r4, #8
  41 001e 032A     		cmp	r2, #3
  42 0020 1C60     		str	r4, [r3]
  43 0022 01D0     		beq	.L9
  44 0024 70BC     		pop	{r4, r5, r6}
  45 0026 7047     		bx	lr
  46              	.L9:
  47 0028 0223     		movs	r3, #2
  48 002a 0370     		strb	r3, [r0]
  49 002c F005     		lsls	r0, r6, #23
  50 002e 58BF     		it	pl
  51 0030 0122     		movpl	r2, #1
  52 0032 B306     		lsls	r3, r6, #26
  53 0034 0A70     		strb	r2, [r1]
  54 0036 04D4     		bmi	.L6
  55 0038 42F00802 		orr	r2, r2, #8
  56 003c 0A70     		strb	r2, [r1]
  57 003e 70BC     		pop	{r4, r5, r6}
ARM GAS  /tmp/ccsJ52E7.s 			page 2


  58 0040 7047     		bx	lr
  59              	.L6:
  60 0042 012A     		cmp	r2, #1
  61 0044 04BF     		itt	eq
  62 0046 1123     		moveq	r3, #17
  63 0048 0B70     		strbeq	r3, [r1]
  64 004a 70BC     		pop	{r4, r5, r6}
  65 004c 7047     		bx	lr
  66              	.L11:
  67 004e 00BF     		.align	2
  68              	.L10:
  69 0050 00700040 		.word	1073770496
  70 0054 00080240 		.word	1073874944
  71 0058 00000000 		.word	.LANCHOR0
  72 005c 00000000 		.word	.LANCHOR1
  73              		.size	standby_wakeup_source, .-standby_wakeup_source
  74              		.section	.text.stop_wakeup_source,"ax",%progbits
  75              		.align	2
  76              		.p2align 4,,15
  77              		.global	stop_wakeup_source
  78              		.thumb
  79              		.thumb_func
  80              		.type	stop_wakeup_source, %function
  81              	stop_wakeup_source:
  82              		@ args = 0, pretend = 0, frame = 0
  83              		@ frame_needed = 0, uses_anonymous_args = 0
  84              		@ link register save eliminated.
  85 0000 0349     		ldr	r1, .L13
  86 0002 044B     		ldr	r3, .L13+4
  87 0004 0120     		movs	r0, #1
  88 0006 0022     		movs	r2, #0
  89 0008 0870     		strb	r0, [r1]
  90 000a 1A70     		strb	r2, [r3]
  91 000c 7047     		bx	lr
  92              	.L14:
  93 000e 00BF     		.align	2
  94              	.L13:
  95 0010 00000000 		.word	.LANCHOR0
  96 0014 00000000 		.word	.LANCHOR1
  97              		.size	stop_wakeup_source, .-stop_wakeup_source
  98              		.global	wakeup_source
  99              		.global	wakeup_mode
 100 0018 AFF30080 		.section	.bss.wakeup_mode,"aw",%nobits
 100      AFF30080 
 101              		.set	.LANCHOR0,. + 0
 102              		.type	wakeup_mode, %object
 103              		.size	wakeup_mode, 1
 104              	wakeup_mode:
 105 0000 00       		.space	1
 106              		.section	.bss.wakeup_source,"aw",%nobits
 107              		.set	.LANCHOR1,. + 0
 108              		.type	wakeup_source, %object
 109              		.size	wakeup_source, 1
 110              	wakeup_source:
 111 0000 00       		.space	1
 112              		.ident	"GCC: (GNU Tools for ARM Embedded Processors) 4.8.3 20140228 (release) [ARM/embedded-4_8-br
ARM GAS  /tmp/ccsJ52E7.s 			page 3


DEFINED SYMBOLS
                            *ABS*:00000000 wakeup.c
     /tmp/ccsJ52E7.s:18     .text.standby_wakeup_source:00000000 $t
     /tmp/ccsJ52E7.s:24     .text.standby_wakeup_source:00000000 standby_wakeup_source
     /tmp/ccsJ52E7.s:69     .text.standby_wakeup_source:00000050 $d
     /tmp/ccsJ52E7.s:75     .text.stop_wakeup_source:00000000 $t
     /tmp/ccsJ52E7.s:81     .text.stop_wakeup_source:00000000 stop_wakeup_source
     /tmp/ccsJ52E7.s:95     .text.stop_wakeup_source:00000010 $d
     /tmp/ccsJ52E7.s:110    .bss.wakeup_source:00000000 wakeup_source
     /tmp/ccsJ52E7.s:104    .bss.wakeup_mode:00000000 wakeup_mode
     /tmp/ccsJ52E7.s:105    .bss.wakeup_mode:00000000 $d
     /tmp/ccsJ52E7.s:111    .bss.wakeup_source:00000000 $d
     /tmp/ccsJ52E7.s:100    .text.stop_wakeup_source:00000018 $t

NO UNDEFINED SYMBOLS
